[0.994s] Invoking command in '/home/martin/ros2_workspaces/ros2_ws_dev/src/py_srvcli': PYTHONPATH=/home/martin/ros2_workspaces/ros2_ws_dev/install/py_srvcli/lib/python3.10/site-packages:${PYTHONPATH} /usr/bin/python3 setup.py egg_info --egg-base ../../build/py_srvcli build --build-base /home/martin/ros2_workspaces/ros2_ws_dev/build/py_srvcli/build install --prefix /home/martin/ros2_workspaces/ros2_ws_dev/install/py_srvcli --record /home/martin/ros2_workspaces/ros2_ws_dev/build/py_srvcli/install.log --single-version-externally-managed
[1.339s] running egg_info
[1.345s] writing ../../build/py_srvcli/py_srvcli.egg-info/PKG-INFO
[1.347s] writing dependency_links to ../../build/py_srvcli/py_srvcli.egg-info/dependency_links.txt
[1.348s] writing entry points to ../../build/py_srvcli/py_srvcli.egg-info/entry_points.txt
[1.349s] writing requirements to ../../build/py_srvcli/py_srvcli.egg-info/requires.txt
[1.350s] writing top-level names to ../../build/py_srvcli/py_srvcli.egg-info/top_level.txt
[1.355s] reading manifest file '../../build/py_srvcli/py_srvcli.egg-info/SOURCES.txt'
[1.357s] writing manifest file '../../build/py_srvcli/py_srvcli.egg-info/SOURCES.txt'
[1.360s] running build
[1.360s] running build_py
[1.360s] copying py_srvcli/client_member_function.py -> /home/martin/ros2_workspaces/ros2_ws_dev/build/py_srvcli/build/lib/py_srvcli
[1.361s] running install
[1.364s] /usr/lib/python3/dist-packages/setuptools/command/install.py:34: SetuptoolsDeprecationWarning: setup.py install is deprecated. Use build and pip and other standards-based tools.
[1.364s]   warnings.warn(
[1.368s] running install_lib
[1.371s] copying /home/martin/ros2_workspaces/ros2_ws_dev/build/py_srvcli/build/lib/py_srvcli/client_member_function.py -> /home/martin/ros2_workspaces/ros2_ws_dev/install/py_srvcli/lib/python3.10/site-packages/py_srvcli
[1.375s] byte-compiling /home/martin/ros2_workspaces/ros2_ws_dev/install/py_srvcli/lib/python3.10/site-packages/py_srvcli/client_member_function.py to client_member_function.cpython-310.pyc
[1.380s] running install_data
[1.382s] running install_egg_info
[1.385s] removing '/home/martin/ros2_workspaces/ros2_ws_dev/install/py_srvcli/lib/python3.10/site-packages/py_srvcli-0.0.0-py3.10.egg-info' (and everything under it)
[1.388s] Copying ../../build/py_srvcli/py_srvcli.egg-info to /home/martin/ros2_workspaces/ros2_ws_dev/install/py_srvcli/lib/python3.10/site-packages/py_srvcli-0.0.0-py3.10.egg-info
[1.389s] running install_scripts
[1.425s] Installing client script to /home/martin/ros2_workspaces/ros2_ws_dev/install/py_srvcli/lib/py_srvcli
[1.425s] Installing service script to /home/martin/ros2_workspaces/ros2_ws_dev/install/py_srvcli/lib/py_srvcli
[1.426s] writing list of installed files to '/home/martin/ros2_workspaces/ros2_ws_dev/build/py_srvcli/install.log'
[1.468s] Invoked command in '/home/martin/ros2_workspaces/ros2_ws_dev/src/py_srvcli' returned '0': PYTHONPATH=/home/martin/ros2_workspaces/ros2_ws_dev/install/py_srvcli/lib/python3.10/site-packages:${PYTHONPATH} /usr/bin/python3 setup.py egg_info --egg-base ../../build/py_srvcli build --build-base /home/martin/ros2_workspaces/ros2_ws_dev/build/py_srvcli/build install --prefix /home/martin/ros2_workspaces/ros2_ws_dev/install/py_srvcli --record /home/martin/ros2_workspaces/ros2_ws_dev/build/py_srvcli/install.log --single-version-externally-managed
