[1.109s] Invoking command in '/home/martin/ros2_workspaces/ros2_ws_dev/src/my_package': PYTHONPATH=/home/martin/ros2_workspaces/ros2_ws_dev/install/my_package/lib/python3.10/site-packages:${PYTHONPATH} /usr/bin/python3 setup.py egg_info --egg-base ../../build/my_package build --build-base /home/martin/ros2_workspaces/ros2_ws_dev/build/my_package/build install --prefix /home/martin/ros2_workspaces/ros2_ws_dev/install/my_package --record /home/martin/ros2_workspaces/ros2_ws_dev/build/my_package/install.log --single-version-externally-managed
[1.543s] running egg_info
[1.544s] writing ../../build/my_package/my_package.egg-info/PKG-INFO
[1.549s] writing dependency_links to ../../build/my_package/my_package.egg-info/dependency_links.txt
[1.549s] writing entry points to ../../build/my_package/my_package.egg-info/entry_points.txt
[1.549s] writing requirements to ../../build/my_package/my_package.egg-info/requires.txt
[1.549s] writing top-level names to ../../build/my_package/my_package.egg-info/top_level.txt
[1.554s] reading manifest file '../../build/my_package/my_package.egg-info/SOURCES.txt'
[1.556s] writing manifest file '../../build/my_package/my_package.egg-info/SOURCES.txt'
[1.557s] running build
[1.558s] running build_py
[1.558s] /usr/lib/python3/dist-packages/setuptools/command/install.py:34: SetuptoolsDeprecationWarning: setup.py install is deprecated. Use build and pip and other standards-based tools.
[1.558s]   warnings.warn(
[1.558s] running install
[1.559s] running install_lib
[1.560s] running install_data
[1.562s] running install_egg_info
[1.564s] removing '/home/martin/ros2_workspaces/ros2_ws_dev/install/my_package/lib/python3.10/site-packages/my_package-0.0.0-py3.10.egg-info' (and everything under it)
[1.565s] Copying ../../build/my_package/my_package.egg-info to /home/martin/ros2_workspaces/ros2_ws_dev/install/my_package/lib/python3.10/site-packages/my_package-0.0.0-py3.10.egg-info
[1.567s] running install_scripts
[1.604s] Installing my_node script to /home/martin/ros2_workspaces/ros2_ws_dev/install/my_package/lib/my_package
[1.607s] writing list of installed files to '/home/martin/ros2_workspaces/ros2_ws_dev/build/my_package/install.log'
[1.661s] Invoked command in '/home/martin/ros2_workspaces/ros2_ws_dev/src/my_package' returned '0': PYTHONPATH=/home/martin/ros2_workspaces/ros2_ws_dev/install/my_package/lib/python3.10/site-packages:${PYTHONPATH} /usr/bin/python3 setup.py egg_info --egg-base ../../build/my_package build --build-base /home/martin/ros2_workspaces/ros2_ws_dev/build/my_package/build install --prefix /home/martin/ros2_workspaces/ros2_ws_dev/install/my_package --record /home/martin/ros2_workspaces/ros2_ws_dev/build/my_package/install.log --single-version-externally-managed
