[0.035s] Invoking command in '/home/martin/ros2_workspaces/ros2_ws_dev/build/polygon_base': CMAKE_PREFIX_PATH=/opt/ros/humble /usr/bin/cmake /home/martin/ros2_workspaces/ros2_ws_dev/src/polygon_base -DCMAKE_INSTALL_PREFIX=/home/martin/ros2_workspaces/ros2_ws_dev/install/polygon_base
[0.169s] -- The C compiler identification is GNU 11.3.0
[0.284s] -- The CXX compiler identification is GNU 11.3.0
[0.298s] -- Detecting C compiler ABI info
[0.411s] -- Detecting C compiler ABI info - done
[0.421s] -- Check for working C compiler: /usr/bin/cc - skipped
[0.422s] -- Detecting C compile features
[0.423s] -- Detecting C compile features - done
[0.428s] -- Detecting CXX compiler ABI info
[0.625s] -- Detecting CXX compiler ABI info - done
[0.638s] -- Check for working CXX compiler: /usr/bin/c++ - skipped
[0.639s] -- Detecting CXX compile features
[0.640s] -- Detecting CXX compile features - done
[0.644s] -- Found ament_cmake: 1.3.2 (/opt/ros/humble/share/ament_cmake/cmake)
[0.877s] -- Found Python3: /usr/bin/python3.10 (found version "3.10.6") found components: Interpreter 
[1.001s] -- Found pluginlib: 5.1.0 (/opt/ros/humble/share/pluginlib/cmake)
[1.244s] -- Configuring done
[1.250s] -- Generating done
[1.252s] -- Build files have been written to: /home/martin/ros2_workspaces/ros2_ws_dev/build/polygon_base
[1.262s] Invoked command in '/home/martin/ros2_workspaces/ros2_ws_dev/build/polygon_base' returned '0': CMAKE_PREFIX_PATH=/opt/ros/humble /usr/bin/cmake /home/martin/ros2_workspaces/ros2_ws_dev/src/polygon_base -DCMAKE_INSTALL_PREFIX=/home/martin/ros2_workspaces/ros2_ws_dev/install/polygon_base
[1.263s] Invoking command in '/home/martin/ros2_workspaces/ros2_ws_dev/build/polygon_base': CMAKE_PREFIX_PATH=/opt/ros/humble /usr/bin/cmake --build /home/martin/ros2_workspaces/ros2_ws_dev/build/polygon_base -- -j2 -l2
[1.349s] [ 50%] [32mBuilding CXX object CMakeFiles/area_node.dir/src/area_node.cpp.o[0m
[6.510s] [100%] [32m[1mLinking CXX executable area_node[0m
[6.852s] [100%] Built target area_node
[6.870s] Invoked command in '/home/martin/ros2_workspaces/ros2_ws_dev/build/polygon_base' returned '0': CMAKE_PREFIX_PATH=/opt/ros/humble /usr/bin/cmake --build /home/martin/ros2_workspaces/ros2_ws_dev/build/polygon_base -- -j2 -l2
[6.963s] Invoking command in '/home/martin/ros2_workspaces/ros2_ws_dev/build/polygon_base': CMAKE_PREFIX_PATH=/opt/ros/humble /usr/bin/cmake --install /home/martin/ros2_workspaces/ros2_ws_dev/build/polygon_base
[6.977s] -- Install configuration: ""
[6.977s] -- Installing: /home/martin/ros2_workspaces/ros2_ws_dev/install/polygon_base/lib/polygon_base/area_node
[6.980s] -- Set runtime path of "/home/martin/ros2_workspaces/ros2_ws_dev/install/polygon_base/lib/polygon_base/area_node" to ""
[6.980s] -- Installing: /home/martin/ros2_workspaces/ros2_ws_dev/install/polygon_base/include
[6.981s] -- Installing: /home/martin/ros2_workspaces/ros2_ws_dev/install/polygon_base/include/polygon_base
[6.981s] -- Installing: /home/martin/ros2_workspaces/ros2_ws_dev/install/polygon_base/include/polygon_base/regular_polygon.hpp
[6.982s] -- Installing: /home/martin/ros2_workspaces/ros2_ws_dev/install/polygon_base/share/ament_index/resource_index/package_run_dependencies/polygon_base
[6.982s] -- Installing: /home/martin/ros2_workspaces/ros2_ws_dev/install/polygon_base/share/ament_index/resource_index/parent_prefix_path/polygon_base
[6.983s] -- Installing: /home/martin/ros2_workspaces/ros2_ws_dev/install/polygon_base/share/polygon_base/environment/ament_prefix_path.sh
[6.984s] -- Installing: /home/martin/ros2_workspaces/ros2_ws_dev/install/polygon_base/share/polygon_base/environment/ament_prefix_path.dsv
[6.984s] -- Installing: /home/martin/ros2_workspaces/ros2_ws_dev/install/polygon_base/share/polygon_base/environment/path.sh
[6.984s] -- Installing: /home/martin/ros2_workspaces/ros2_ws_dev/install/polygon_base/share/polygon_base/environment/path.dsv
[6.985s] -- Installing: /home/martin/ros2_workspaces/ros2_ws_dev/install/polygon_base/share/polygon_base/local_setup.bash
[6.985s] -- Installing: /home/martin/ros2_workspaces/ros2_ws_dev/install/polygon_base/share/polygon_base/local_setup.sh
[6.985s] -- Installing: /home/martin/ros2_workspaces/ros2_ws_dev/install/polygon_base/share/polygon_base/local_setup.zsh
[6.985s] -- Installing: /home/martin/ros2_workspaces/ros2_ws_dev/install/polygon_base/share/polygon_base/local_setup.dsv
[6.986s] -- Installing: /home/martin/ros2_workspaces/ros2_ws_dev/install/polygon_base/share/polygon_base/package.dsv
[6.986s] -- Installing: /home/martin/ros2_workspaces/ros2_ws_dev/install/polygon_base/share/ament_index/resource_index/packages/polygon_base
[6.986s] -- Installing: /home/martin/ros2_workspaces/ros2_ws_dev/install/polygon_base/share/polygon_base/cmake/ament_cmake_export_include_directories-extras.cmake
[6.987s] -- Installing: /home/martin/ros2_workspaces/ros2_ws_dev/install/polygon_base/share/polygon_base/cmake/polygon_baseConfig.cmake
[6.988s] -- Installing: /home/martin/ros2_workspaces/ros2_ws_dev/install/polygon_base/share/polygon_base/cmake/polygon_baseConfig-version.cmake
[6.988s] -- Installing: /home/martin/ros2_workspaces/ros2_ws_dev/install/polygon_base/share/polygon_base/package.xml
[6.996s] Invoked command in '/home/martin/ros2_workspaces/ros2_ws_dev/build/polygon_base' returned '0': CMAKE_PREFIX_PATH=/opt/ros/humble /usr/bin/cmake --install /home/martin/ros2_workspaces/ros2_ws_dev/build/polygon_base
