[0.441s] Invoking command in '/home/martin/ros2_workspaces/ros2_ws_dev/build/mbit_interfaces': CMAKE_PREFIX_PATH=/opt/ros/humble /usr/bin/cmake --build /home/martin/ros2_workspaces/ros2_ws_dev/build/mbit_interfaces -- -j2 -l2
[0.545s] [35m[1mConsolidate compiler generated dependencies of target mbit_interfaces__rosidl_generator_c[0m
[0.573s] [  3%] Built target mbit_interfaces__cpp
[0.627s] [  3%] Built target ament_cmake_python_copy_mbit_interfaces
[0.651s] [ 12%] Built target mbit_interfaces__rosidl_generator_c
[0.662s] [35m[1mConsolidate compiler generated dependencies of target mbit_interfaces__rosidl_typesupport_fastrtps_cpp[0m
[0.687s] [ 22%] Built target mbit_interfaces__rosidl_typesupport_fastrtps_cpp
[0.707s] [35m[1mConsolidate compiler generated dependencies of target mbit_interfaces__rosidl_typesupport_cpp[0m
[0.731s] [ 32%] Built target mbit_interfaces__rosidl_typesupport_cpp
[0.759s] [35m[1mConsolidate compiler generated dependencies of target mbit_interfaces__rosidl_typesupport_introspection_cpp[0m
[0.787s] [ 41%] Built target mbit_interfaces__rosidl_typesupport_introspection_cpp
[0.808s] [35m[1mConsolidate compiler generated dependencies of target mbit_interfaces__rosidl_typesupport_introspection_c[0m
[0.830s] [ 51%] Built target mbit_interfaces__rosidl_typesupport_introspection_c
[0.859s] [35m[1mConsolidate compiler generated dependencies of target mbit_interfaces__rosidl_typesupport_fastrtps_c[0m
[0.919s] [ 61%] Built target mbit_interfaces__rosidl_typesupport_fastrtps_c
[0.987s] [35m[1mConsolidate compiler generated dependencies of target mbit_interfaces__rosidl_typesupport_c[0m
[1.067s] [ 70%] Built target mbit_interfaces__rosidl_typesupport_c
[1.202s] [ 70%] Built target mbit_interfaces
[1.389s] running egg_info
[1.404s] writing mbit_interfaces.egg-info/PKG-INFO
[1.410s] writing dependency_links to mbit_interfaces.egg-info/dependency_links.txt
[1.411s] writing top-level names to mbit_interfaces.egg-info/top_level.txt
[1.430s] reading manifest file 'mbit_interfaces.egg-info/SOURCES.txt'
[1.431s] writing manifest file 'mbit_interfaces.egg-info/SOURCES.txt'
[1.462s] [ 74%] Built target mbit_interfaces__py
[1.482s] [ 74%] Built target ament_cmake_python_build_mbit_interfaces_egg
[1.502s] [35m[1mConsolidate compiler generated dependencies of target mbit_interfaces__rosidl_generator_py[0m
[1.534s] [ 80%] Built target mbit_interfaces__rosidl_generator_py
[1.559s] [35m[1mConsolidate compiler generated dependencies of target mbit_interfaces__rosidl_typesupport_fastrtps_c__pyext[0m
[1.589s] [35m[1mConsolidate compiler generated dependencies of target mbit_interfaces__rosidl_typesupport_introspection_c__pyext[0m
[1.613s] [ 87%] Built target mbit_interfaces__rosidl_typesupport_fastrtps_c__pyext
[1.636s] [ 93%] Built target mbit_interfaces__rosidl_typesupport_introspection_c__pyext
[1.657s] [35m[1mConsolidate compiler generated dependencies of target mbit_interfaces__rosidl_typesupport_c__pyext[0m
[1.693s] [100%] Built target mbit_interfaces__rosidl_typesupport_c__pyext
[1.715s] Invoked command in '/home/martin/ros2_workspaces/ros2_ws_dev/build/mbit_interfaces' returned '0': CMAKE_PREFIX_PATH=/opt/ros/humble /usr/bin/cmake --build /home/martin/ros2_workspaces/ros2_ws_dev/build/mbit_interfaces -- -j2 -l2
[1.968s] Invoking command in '/home/martin/ros2_workspaces/ros2_ws_dev/build/mbit_interfaces': CMAKE_PREFIX_PATH=/opt/ros/humble /usr/bin/cmake --install /home/martin/ros2_workspaces/ros2_ws_dev/build/mbit_interfaces
[1.990s] -- Install configuration: ""
[1.990s] -- Up-to-date: /home/martin/ros2_workspaces/ros2_ws_dev/install/mbit_interfaces/share/ament_index/resource_index/rosidl_interfaces/mbit_interfaces
[1.991s] -- Up-to-date: /home/martin/ros2_workspaces/ros2_ws_dev/install/mbit_interfaces/include/mbit_interfaces/mbit_interfaces
[1.991s] -- Up-to-date: /home/martin/ros2_workspaces/ros2_ws_dev/install/mbit_interfaces/include/mbit_interfaces/mbit_interfaces/srv
[1.991s] -- Up-to-date: /home/martin/ros2_workspaces/ros2_ws_dev/install/mbit_interfaces/include/mbit_interfaces/mbit_interfaces/srv/detail
[1.991s] -- Up-to-date: /home/martin/ros2_workspaces/ros2_ws_dev/install/mbit_interfaces/include/mbit_interfaces/mbit_interfaces/srv/detail/head_state__functions.c
[1.991s] -- Up-to-date: /home/martin/ros2_workspaces/ros2_ws_dev/install/mbit_interfaces/include/mbit_interfaces/mbit_interfaces/srv/detail/head_state__type_support.h
[1.992s] -- Up-to-date: /home/martin/ros2_workspaces/ros2_ws_dev/install/mbit_interfaces/include/mbit_interfaces/mbit_interfaces/srv/detail/head_state__struct.h
[1.992s] -- Up-to-date: /home/martin/ros2_workspaces/ros2_ws_dev/install/mbit_interfaces/include/mbit_interfaces/mbit_interfaces/srv/detail/head_state__functions.h
[1.992s] -- Up-to-date: /home/martin/ros2_workspaces/ros2_ws_dev/install/mbit_interfaces/include/mbit_interfaces/mbit_interfaces/srv/head_state.h
[1.992s] -- Up-to-date: /home/martin/ros2_workspaces/ros2_ws_dev/install/mbit_interfaces/include/mbit_interfaces/mbit_interfaces/msg
[1.992s] -- Up-to-date: /home/martin/ros2_workspaces/ros2_ws_dev/install/mbit_interfaces/include/mbit_interfaces/mbit_interfaces/msg/rosidl_generator_c__visibility_control.h
[1.992s] -- Up-to-date: /home/martin/ros2_workspaces/ros2_ws_dev/install/mbit_interfaces/share/mbit_interfaces/environment/library_path.sh
[1.992s] -- Up-to-date: /home/martin/ros2_workspaces/ros2_ws_dev/install/mbit_interfaces/share/mbit_interfaces/environment/library_path.dsv
[1.992s] -- Up-to-date: /home/martin/ros2_workspaces/ros2_ws_dev/install/mbit_interfaces/lib/libmbit_interfaces__rosidl_generator_c.so
[1.993s] -- Up-to-date: /home/martin/ros2_workspaces/ros2_ws_dev/install/mbit_interfaces/include/mbit_interfaces/mbit_interfaces
[1.994s] -- Up-to-date: /home/martin/ros2_workspaces/ros2_ws_dev/install/mbit_interfaces/include/mbit_interfaces/mbit_interfaces/srv
[1.994s] -- Up-to-date: /home/martin/ros2_workspaces/ros2_ws_dev/install/mbit_interfaces/include/mbit_interfaces/mbit_interfaces/srv/detail
[1.994s] -- Up-to-date: /home/martin/ros2_workspaces/ros2_ws_dev/install/mbit_interfaces/include/mbit_interfaces/mbit_interfaces/srv/detail/head_state__rosidl_typesupport_fastrtps_c.h
[1.994s] -- Up-to-date: /home/martin/ros2_workspaces/ros2_ws_dev/install/mbit_interfaces/include/mbit_interfaces/mbit_interfaces/msg
[1.995s] -- Up-to-date: /home/martin/ros2_workspaces/ros2_ws_dev/install/mbit_interfaces/include/mbit_interfaces/mbit_interfaces/msg/rosidl_typesupport_fastrtps_c__visibility_control.h
[1.995s] -- Up-to-date: /home/martin/ros2_workspaces/ros2_ws_dev/install/mbit_interfaces/lib/libmbit_interfaces__rosidl_typesupport_fastrtps_c.so
[1.996s] -- Up-to-date: /home/martin/ros2_workspaces/ros2_ws_dev/install/mbit_interfaces/include/mbit_interfaces/mbit_interfaces
[1.996s] -- Up-to-date: /home/martin/ros2_workspaces/ros2_ws_dev/install/mbit_interfaces/include/mbit_interfaces/mbit_interfaces/srv
[1.996s] -- Up-to-date: /home/martin/ros2_workspaces/ros2_ws_dev/install/mbit_interfaces/include/mbit_interfaces/mbit_interfaces/srv/detail
[1.997s] -- Up-to-date: /home/martin/ros2_workspaces/ros2_ws_dev/install/mbit_interfaces/include/mbit_interfaces/mbit_interfaces/srv/detail/head_state__rosidl_typesupport_introspection_c.h
[1.997s] -- Up-to-date: /home/martin/ros2_workspaces/ros2_ws_dev/install/mbit_interfaces/include/mbit_interfaces/mbit_interfaces/srv/detail/head_state__type_support.c
[1.998s] -- Up-to-date: /home/martin/ros2_workspaces/ros2_ws_dev/install/mbit_interfaces/include/mbit_interfaces/mbit_interfaces/msg
[1.998s] -- Up-to-date: /home/martin/ros2_workspaces/ros2_ws_dev/install/mbit_interfaces/include/mbit_interfaces/mbit_interfaces/msg/rosidl_typesupport_introspection_c__visibility_control.h
[1.998s] -- Up-to-date: /home/martin/ros2_workspaces/ros2_ws_dev/install/mbit_interfaces/lib/libmbit_interfaces__rosidl_typesupport_introspection_c.so
[1.999s] -- Up-to-date: /home/martin/ros2_workspaces/ros2_ws_dev/install/mbit_interfaces/lib/libmbit_interfaces__rosidl_typesupport_c.so
[1.999s] -- Up-to-date: /home/martin/ros2_workspaces/ros2_ws_dev/install/mbit_interfaces/include/mbit_interfaces/mbit_interfaces
[1.999s] -- Up-to-date: /home/martin/ros2_workspaces/ros2_ws_dev/install/mbit_interfaces/include/mbit_interfaces/mbit_interfaces/srv
[1.999s] -- Up-to-date: /home/martin/ros2_workspaces/ros2_ws_dev/install/mbit_interfaces/include/mbit_interfaces/mbit_interfaces/srv/head_state.hpp
[2.000s] -- Up-to-date: /home/martin/ros2_workspaces/ros2_ws_dev/install/mbit_interfaces/include/mbit_interfaces/mbit_interfaces/srv/detail
[2.000s] -- Up-to-date: /home/martin/ros2_workspaces/ros2_ws_dev/install/mbit_interfaces/include/mbit_interfaces/mbit_interfaces/srv/detail/head_state__traits.hpp
[2.001s] -- Up-to-date: /home/martin/ros2_workspaces/ros2_ws_dev/install/mbit_interfaces/include/mbit_interfaces/mbit_interfaces/srv/detail/head_state__builder.hpp
[2.001s] -- Up-to-date: /home/martin/ros2_workspaces/ros2_ws_dev/install/mbit_interfaces/include/mbit_interfaces/mbit_interfaces/srv/detail/head_state__struct.hpp
[2.002s] -- Up-to-date: /home/martin/ros2_workspaces/ros2_ws_dev/install/mbit_interfaces/include/mbit_interfaces/mbit_interfaces
[2.002s] -- Up-to-date: /home/martin/ros2_workspaces/ros2_ws_dev/install/mbit_interfaces/include/mbit_interfaces/mbit_interfaces/srv
[2.003s] -- Up-to-date: /home/martin/ros2_workspaces/ros2_ws_dev/install/mbit_interfaces/include/mbit_interfaces/mbit_interfaces/srv/detail
[2.003s] -- Up-to-date: /home/martin/ros2_workspaces/ros2_ws_dev/install/mbit_interfaces/include/mbit_interfaces/mbit_interfaces/srv/detail/dds_fastrtps
[2.003s] -- Up-to-date: /home/martin/ros2_workspaces/ros2_ws_dev/install/mbit_interfaces/include/mbit_interfaces/mbit_interfaces/srv/detail/head_state__rosidl_typesupport_fastrtps_cpp.hpp
[2.004s] -- Up-to-date: /home/martin/ros2_workspaces/ros2_ws_dev/install/mbit_interfaces/include/mbit_interfaces/mbit_interfaces/msg
[2.004s] -- Up-to-date: /home/martin/ros2_workspaces/ros2_ws_dev/install/mbit_interfaces/include/mbit_interfaces/mbit_interfaces/msg/rosidl_typesupport_fastrtps_cpp__visibility_control.h
[2.004s] -- Up-to-date: /home/martin/ros2_workspaces/ros2_ws_dev/install/mbit_interfaces/lib/libmbit_interfaces__rosidl_typesupport_fastrtps_cpp.so
[2.004s] -- Up-to-date: /home/martin/ros2_workspaces/ros2_ws_dev/install/mbit_interfaces/include/mbit_interfaces/mbit_interfaces
[2.004s] -- Up-to-date: /home/martin/ros2_workspaces/ros2_ws_dev/install/mbit_interfaces/include/mbit_interfaces/mbit_interfaces/srv
[2.004s] -- Up-to-date: /home/martin/ros2_workspaces/ros2_ws_dev/install/mbit_interfaces/include/mbit_interfaces/mbit_interfaces/srv/detail
[2.004s] -- Up-to-date: /home/martin/ros2_workspaces/ros2_ws_dev/install/mbit_interfaces/include/mbit_interfaces/mbit_interfaces/srv/detail/head_state__rosidl_typesupport_introspection_cpp.hpp
[2.004s] -- Up-to-date: /home/martin/ros2_workspaces/ros2_ws_dev/install/mbit_interfaces/include/mbit_interfaces/mbit_interfaces/srv/detail/head_state__type_support.cpp
[2.004s] -- Up-to-date: /home/martin/ros2_workspaces/ros2_ws_dev/install/mbit_interfaces/lib/libmbit_interfaces__rosidl_typesupport_introspection_cpp.so
[2.004s] -- Up-to-date: /home/martin/ros2_workspaces/ros2_ws_dev/install/mbit_interfaces/lib/libmbit_interfaces__rosidl_typesupport_cpp.so
[2.005s] -- Up-to-date: /home/martin/ros2_workspaces/ros2_ws_dev/install/mbit_interfaces/share/mbit_interfaces/environment/pythonpath.sh
[2.005s] -- Up-to-date: /home/martin/ros2_workspaces/ros2_ws_dev/install/mbit_interfaces/share/mbit_interfaces/environment/pythonpath.dsv
[2.005s] -- Up-to-date: /home/martin/ros2_workspaces/ros2_ws_dev/install/mbit_interfaces/local/lib/python3.10/dist-packages/mbit_interfaces-0.0.0-py3.10.egg-info
[2.005s] -- Installing: /home/martin/ros2_workspaces/ros2_ws_dev/install/mbit_interfaces/local/lib/python3.10/dist-packages/mbit_interfaces-0.0.0-py3.10.egg-info/dependency_links.txt
[2.005s] -- Installing: /home/martin/ros2_workspaces/ros2_ws_dev/install/mbit_interfaces/local/lib/python3.10/dist-packages/mbit_interfaces-0.0.0-py3.10.egg-info/SOURCES.txt
[2.005s] -- Installing: /home/martin/ros2_workspaces/ros2_ws_dev/install/mbit_interfaces/local/lib/python3.10/dist-packages/mbit_interfaces-0.0.0-py3.10.egg-info/PKG-INFO
[2.005s] -- Installing: /home/martin/ros2_workspaces/ros2_ws_dev/install/mbit_interfaces/local/lib/python3.10/dist-packages/mbit_interfaces-0.0.0-py3.10.egg-info/top_level.txt
[2.005s] -- Up-to-date: /home/martin/ros2_workspaces/ros2_ws_dev/install/mbit_interfaces/local/lib/python3.10/dist-packages/mbit_interfaces
[2.005s] -- Up-to-date: /home/martin/ros2_workspaces/ros2_ws_dev/install/mbit_interfaces/local/lib/python3.10/dist-packages/mbit_interfaces/srv
[2.006s] -- Up-to-date: /home/martin/ros2_workspaces/ros2_ws_dev/install/mbit_interfaces/local/lib/python3.10/dist-packages/mbit_interfaces/srv/_head_state.py
[2.006s] -- Up-to-date: /home/martin/ros2_workspaces/ros2_ws_dev/install/mbit_interfaces/local/lib/python3.10/dist-packages/mbit_interfaces/srv/_head_state_s.c
[2.006s] -- Up-to-date: /home/martin/ros2_workspaces/ros2_ws_dev/install/mbit_interfaces/local/lib/python3.10/dist-packages/mbit_interfaces/srv/__init__.py
[2.006s] -- Up-to-date: /home/martin/ros2_workspaces/ros2_ws_dev/install/mbit_interfaces/local/lib/python3.10/dist-packages/mbit_interfaces/mbit_interfaces_s__rosidl_typesupport_introspection_c.cpython-310-x86_64-linux-gnu.so
[2.006s] -- Up-to-date: /home/martin/ros2_workspaces/ros2_ws_dev/install/mbit_interfaces/local/lib/python3.10/dist-packages/mbit_interfaces/mbit_interfaces_s__rosidl_typesupport_fastrtps_c.cpython-310-x86_64-linux-gnu.so
[2.006s] -- Up-to-date: /home/martin/ros2_workspaces/ros2_ws_dev/install/mbit_interfaces/local/lib/python3.10/dist-packages/mbit_interfaces/libmbit_interfaces__rosidl_generator_py.so
[2.006s] -- Up-to-date: /home/martin/ros2_workspaces/ros2_ws_dev/install/mbit_interfaces/local/lib/python3.10/dist-packages/mbit_interfaces/mbit_interfaces_s__rosidl_typesupport_c.cpython-310-x86_64-linux-gnu.so
[2.006s] -- Up-to-date: /home/martin/ros2_workspaces/ros2_ws_dev/install/mbit_interfaces/local/lib/python3.10/dist-packages/mbit_interfaces/_mbit_interfaces_s.ep.rosidl_typesupport_fastrtps_c.c
[2.006s] -- Up-to-date: /home/martin/ros2_workspaces/ros2_ws_dev/install/mbit_interfaces/local/lib/python3.10/dist-packages/mbit_interfaces/_mbit_interfaces_s.ep.rosidl_typesupport_c.c
[2.007s] -- Up-to-date: /home/martin/ros2_workspaces/ros2_ws_dev/install/mbit_interfaces/local/lib/python3.10/dist-packages/mbit_interfaces/_mbit_interfaces_s.ep.rosidl_typesupport_introspection_c.c
[2.007s] -- Up-to-date: /home/martin/ros2_workspaces/ros2_ws_dev/install/mbit_interfaces/local/lib/python3.10/dist-packages/mbit_interfaces/__init__.py
[2.061s] Listing '/home/martin/ros2_workspaces/ros2_ws_dev/install/mbit_interfaces/local/lib/python3.10/dist-packages/mbit_interfaces'...
[2.061s] Listing '/home/martin/ros2_workspaces/ros2_ws_dev/install/mbit_interfaces/local/lib/python3.10/dist-packages/mbit_interfaces/srv'...
[2.070s] -- Up-to-date: /home/martin/ros2_workspaces/ros2_ws_dev/install/mbit_interfaces/local/lib/python3.10/dist-packages/mbit_interfaces/mbit_interfaces_s__rosidl_typesupport_fastrtps_c.cpython-310-x86_64-linux-gnu.so
[2.071s] -- Up-to-date: /home/martin/ros2_workspaces/ros2_ws_dev/install/mbit_interfaces/local/lib/python3.10/dist-packages/mbit_interfaces/mbit_interfaces_s__rosidl_typesupport_introspection_c.cpython-310-x86_64-linux-gnu.so
[2.071s] -- Up-to-date: /home/martin/ros2_workspaces/ros2_ws_dev/install/mbit_interfaces/local/lib/python3.10/dist-packages/mbit_interfaces/mbit_interfaces_s__rosidl_typesupport_c.cpython-310-x86_64-linux-gnu.so
[2.072s] -- Up-to-date: /home/martin/ros2_workspaces/ros2_ws_dev/install/mbit_interfaces/lib/libmbit_interfaces__rosidl_generator_py.so
[2.073s] -- Up-to-date: /home/martin/ros2_workspaces/ros2_ws_dev/install/mbit_interfaces/share/mbit_interfaces/srv/HeadState.idl
[2.073s] -- Up-to-date: /home/martin/ros2_workspaces/ros2_ws_dev/install/mbit_interfaces/share/mbit_interfaces/srv/HeadState.srv
[2.074s] -- Up-to-date: /home/martin/ros2_workspaces/ros2_ws_dev/install/mbit_interfaces/share/mbit_interfaces/srv/HeadState_Request.msg
[2.074s] -- Up-to-date: /home/martin/ros2_workspaces/ros2_ws_dev/install/mbit_interfaces/share/mbit_interfaces/srv/HeadState_Response.msg
[2.075s] -- Up-to-date: /home/martin/ros2_workspaces/ros2_ws_dev/install/mbit_interfaces/share/ament_index/resource_index/package_run_dependencies/mbit_interfaces
[2.075s] -- Up-to-date: /home/martin/ros2_workspaces/ros2_ws_dev/install/mbit_interfaces/share/ament_index/resource_index/parent_prefix_path/mbit_interfaces
[2.076s] -- Up-to-date: /home/martin/ros2_workspaces/ros2_ws_dev/install/mbit_interfaces/share/mbit_interfaces/environment/ament_prefix_path.sh
[2.076s] -- Up-to-date: /home/martin/ros2_workspaces/ros2_ws_dev/install/mbit_interfaces/share/mbit_interfaces/environment/ament_prefix_path.dsv
[2.076s] -- Up-to-date: /home/martin/ros2_workspaces/ros2_ws_dev/install/mbit_interfaces/share/mbit_interfaces/environment/path.sh
[2.077s] -- Up-to-date: /home/martin/ros2_workspaces/ros2_ws_dev/install/mbit_interfaces/share/mbit_interfaces/environment/path.dsv
[2.077s] -- Up-to-date: /home/martin/ros2_workspaces/ros2_ws_dev/install/mbit_interfaces/share/mbit_interfaces/local_setup.bash
[2.077s] -- Up-to-date: /home/martin/ros2_workspaces/ros2_ws_dev/install/mbit_interfaces/share/mbit_interfaces/local_setup.sh
[2.078s] -- Up-to-date: /home/martin/ros2_workspaces/ros2_ws_dev/install/mbit_interfaces/share/mbit_interfaces/local_setup.zsh
[2.079s] -- Up-to-date: /home/martin/ros2_workspaces/ros2_ws_dev/install/mbit_interfaces/share/mbit_interfaces/local_setup.dsv
[2.079s] -- Installing: /home/martin/ros2_workspaces/ros2_ws_dev/install/mbit_interfaces/share/mbit_interfaces/package.dsv
[2.079s] -- Up-to-date: /home/martin/ros2_workspaces/ros2_ws_dev/install/mbit_interfaces/share/ament_index/resource_index/packages/mbit_interfaces
[2.079s] -- Up-to-date: /home/martin/ros2_workspaces/ros2_ws_dev/install/mbit_interfaces/share/mbit_interfaces/cmake/export_mbit_interfaces__rosidl_generator_cExport.cmake
[2.080s] -- Up-to-date: /home/martin/ros2_workspaces/ros2_ws_dev/install/mbit_interfaces/share/mbit_interfaces/cmake/export_mbit_interfaces__rosidl_generator_cExport-noconfig.cmake
[2.080s] -- Up-to-date: /home/martin/ros2_workspaces/ros2_ws_dev/install/mbit_interfaces/share/mbit_interfaces/cmake/export_mbit_interfaces__rosidl_typesupport_fastrtps_cExport.cmake
[2.080s] -- Up-to-date: /home/martin/ros2_workspaces/ros2_ws_dev/install/mbit_interfaces/share/mbit_interfaces/cmake/export_mbit_interfaces__rosidl_typesupport_fastrtps_cExport-noconfig.cmake
[2.080s] -- Up-to-date: /home/martin/ros2_workspaces/ros2_ws_dev/install/mbit_interfaces/share/mbit_interfaces/cmake/mbit_interfaces__rosidl_typesupport_introspection_cExport.cmake
[2.080s] -- Up-to-date: /home/martin/ros2_workspaces/ros2_ws_dev/install/mbit_interfaces/share/mbit_interfaces/cmake/mbit_interfaces__rosidl_typesupport_introspection_cExport-noconfig.cmake
[2.080s] -- Up-to-date: /home/martin/ros2_workspaces/ros2_ws_dev/install/mbit_interfaces/share/mbit_interfaces/cmake/mbit_interfaces__rosidl_typesupport_cExport.cmake
[2.080s] -- Up-to-date: /home/martin/ros2_workspaces/ros2_ws_dev/install/mbit_interfaces/share/mbit_interfaces/cmake/mbit_interfaces__rosidl_typesupport_cExport-noconfig.cmake
[2.080s] -- Up-to-date: /home/martin/ros2_workspaces/ros2_ws_dev/install/mbit_interfaces/share/mbit_interfaces/cmake/export_mbit_interfaces__rosidl_generator_cppExport.cmake
[2.080s] -- Up-to-date: /home/martin/ros2_workspaces/ros2_ws_dev/install/mbit_interfaces/share/mbit_interfaces/cmake/export_mbit_interfaces__rosidl_typesupport_fastrtps_cppExport.cmake
[2.081s] -- Up-to-date: /home/martin/ros2_workspaces/ros2_ws_dev/install/mbit_interfaces/share/mbit_interfaces/cmake/export_mbit_interfaces__rosidl_typesupport_fastrtps_cppExport-noconfig.cmake
[2.081s] -- Up-to-date: /home/martin/ros2_workspaces/ros2_ws_dev/install/mbit_interfaces/share/mbit_interfaces/cmake/mbit_interfaces__rosidl_typesupport_introspection_cppExport.cmake
[2.081s] -- Up-to-date: /home/martin/ros2_workspaces/ros2_ws_dev/install/mbit_interfaces/share/mbit_interfaces/cmake/mbit_interfaces__rosidl_typesupport_introspection_cppExport-noconfig.cmake
[2.081s] -- Up-to-date: /home/martin/ros2_workspaces/ros2_ws_dev/install/mbit_interfaces/share/mbit_interfaces/cmake/mbit_interfaces__rosidl_typesupport_cppExport.cmake
[2.081s] -- Up-to-date: /home/martin/ros2_workspaces/ros2_ws_dev/install/mbit_interfaces/share/mbit_interfaces/cmake/mbit_interfaces__rosidl_typesupport_cppExport-noconfig.cmake
[2.081s] -- Up-to-date: /home/martin/ros2_workspaces/ros2_ws_dev/install/mbit_interfaces/share/mbit_interfaces/cmake/export_mbit_interfaces__rosidl_generator_pyExport.cmake
[2.081s] -- Up-to-date: /home/martin/ros2_workspaces/ros2_ws_dev/install/mbit_interfaces/share/mbit_interfaces/cmake/export_mbit_interfaces__rosidl_generator_pyExport-noconfig.cmake
[2.081s] -- Up-to-date: /home/martin/ros2_workspaces/ros2_ws_dev/install/mbit_interfaces/share/mbit_interfaces/cmake/rosidl_cmake-extras.cmake
[2.082s] -- Up-to-date: /home/martin/ros2_workspaces/ros2_ws_dev/install/mbit_interfaces/share/mbit_interfaces/cmake/ament_cmake_export_include_directories-extras.cmake
[2.082s] -- Up-to-date: /home/martin/ros2_workspaces/ros2_ws_dev/install/mbit_interfaces/share/mbit_interfaces/cmake/ament_cmake_export_libraries-extras.cmake
[2.082s] -- Up-to-date: /home/martin/ros2_workspaces/ros2_ws_dev/install/mbit_interfaces/share/mbit_interfaces/cmake/ament_cmake_export_targets-extras.cmake
[2.082s] -- Up-to-date: /home/martin/ros2_workspaces/ros2_ws_dev/install/mbit_interfaces/share/mbit_interfaces/cmake/rosidl_cmake_export_typesupport_targets-extras.cmake
[2.082s] -- Up-to-date: /home/martin/ros2_workspaces/ros2_ws_dev/install/mbit_interfaces/share/mbit_interfaces/cmake/ament_cmake_export_dependencies-extras.cmake
[2.082s] -- Up-to-date: /home/martin/ros2_workspaces/ros2_ws_dev/install/mbit_interfaces/share/mbit_interfaces/cmake/rosidl_cmake_export_typesupport_libraries-extras.cmake
[2.082s] -- Up-to-date: /home/martin/ros2_workspaces/ros2_ws_dev/install/mbit_interfaces/share/mbit_interfaces/cmake/mbit_interfacesConfig.cmake
[2.083s] -- Up-to-date: /home/martin/ros2_workspaces/ros2_ws_dev/install/mbit_interfaces/share/mbit_interfaces/cmake/mbit_interfacesConfig-version.cmake
[2.083s] -- Up-to-date: /home/martin/ros2_workspaces/ros2_ws_dev/install/mbit_interfaces/share/mbit_interfaces/package.xml
[2.100s] Invoked command in '/home/martin/ros2_workspaces/ros2_ws_dev/build/mbit_interfaces' returned '0': CMAKE_PREFIX_PATH=/opt/ros/humble /usr/bin/cmake --install /home/martin/ros2_workspaces/ros2_ws_dev/build/mbit_interfaces
