[0.910s] DEBUG:colcon:Command line arguments: ['/usr/bin/colcon', 'build', '--packages-select', 'py_srvcli']
[0.910s] DEBUG:colcon:Parsed command line arguments: Namespace(log_base=None, log_level=None, verb_name='build', build_base='build', install_base='install', merge_install=False, symlink_install=False, test_result_base=None, continue_on_error=False, executor='parallel', parallel_workers=2, event_handlers=None, ignore_user_meta=False, metas=['./colcon.meta'], base_paths=['.'], packages_ignore=None, packages_ignore_regex=None, paths=None, packages_up_to=None, packages_up_to_regex=None, packages_above=None, packages_above_and_dependencies=None, packages_above_depth=None, packages_select_by_dep=None, packages_skip_by_dep=None, packages_skip_up_to=None, packages_select_build_failed=False, packages_skip_build_finished=False, packages_select_test_failures=False, packages_skip_test_passed=False, packages_select=['py_srvcli'], packages_skip=None, packages_select_regex=None, packages_skip_regex=None, packages_start=None, packages_end=None, allow_overriding=[], cmake_args=None, cmake_target=None, cmake_target_skip_unavailable=False, cmake_clean_cache=False, cmake_clean_first=False, cmake_force_configure=False, ament_cmake_args=None, catkin_cmake_args=None, catkin_skip_building_tests=False, verb_parser=<colcon_defaults.argument_parser.defaults.DefaultArgumentsDecorator object at 0x7fc040d40850>, verb_extension=<colcon_core.verb.build.BuildVerb object at 0x7fc041681f90>, main=<bound method BuildVerb.main of <colcon_core.verb.build.BuildVerb object at 0x7fc041681f90>>)
[0.981s] Level 1:colcon.colcon_core.package_discovery:discover_packages(colcon_meta) check parameters
[0.981s] Level 1:colcon.colcon_core.package_discovery:discover_packages(recursive) check parameters
[0.981s] Level 1:colcon.colcon_core.package_discovery:discover_packages(ignore) check parameters
[0.981s] Level 1:colcon.colcon_core.package_discovery:discover_packages(path) check parameters
[0.981s] Level 1:colcon.colcon_core.package_discovery:discover_packages(colcon_meta) discover
[0.981s] Level 1:colcon.colcon_core.package_discovery:discover_packages(recursive) discover
[0.982s] INFO:colcon.colcon_core.package_discovery:Crawling recursively for packages in '/home/martin/ros2_workspaces/ros2_ws_dev'
[0.982s] Level 1:colcon.colcon_core.package_identification:_identify(.) by extensions ['ignore', 'ignore_ament_install']
[0.982s] Level 1:colcon.colcon_core.package_identification:_identify(.) by extension 'ignore'
[0.982s] Level 1:colcon.colcon_core.package_identification:_identify(.) by extension 'ignore_ament_install'
[0.982s] Level 1:colcon.colcon_core.package_identification:_identify(.) by extensions ['colcon_pkg']
[0.982s] Level 1:colcon.colcon_core.package_identification:_identify(.) by extension 'colcon_pkg'
[0.982s] Level 1:colcon.colcon_core.package_identification:_identify(.) by extensions ['colcon_meta']
[0.983s] Level 1:colcon.colcon_core.package_identification:_identify(.) by extension 'colcon_meta'
[0.983s] Level 1:colcon.colcon_core.package_identification:_identify(.) by extensions ['ros']
[0.983s] Level 1:colcon.colcon_core.package_identification:_identify(.) by extension 'ros'
[1.045s] Level 1:colcon.colcon_core.package_identification:_identify(.) by extensions ['cmake', 'python']
[1.045s] Level 1:colcon.colcon_core.package_identification:_identify(.) by extension 'cmake'
[1.046s] Level 1:colcon.colcon_core.package_identification:_identify(.) by extension 'python'
[1.046s] Level 1:colcon.colcon_core.package_identification:_identify(.) by extensions ['python_setup_py']
[1.046s] Level 1:colcon.colcon_core.package_identification:_identify(.) by extension 'python_setup_py'
[1.046s] Level 1:colcon.colcon_core.package_identification:_identify(build) by extensions ['ignore', 'ignore_ament_install']
[1.046s] Level 1:colcon.colcon_core.package_identification:_identify(build) by extension 'ignore'
[1.047s] Level 1:colcon.colcon_core.package_identification:_identify(build) ignored
[1.048s] Level 1:colcon.colcon_core.package_identification:_identify(install) by extensions ['ignore', 'ignore_ament_install']
[1.049s] Level 1:colcon.colcon_core.package_identification:_identify(install) by extension 'ignore'
[1.049s] Level 1:colcon.colcon_core.package_identification:_identify(install) ignored
[1.049s] Level 1:colcon.colcon_core.package_identification:_identify(log) by extensions ['ignore', 'ignore_ament_install']
[1.050s] Level 1:colcon.colcon_core.package_identification:_identify(log) by extension 'ignore'
[1.050s] Level 1:colcon.colcon_core.package_identification:_identify(log) ignored
[1.050s] Level 1:colcon.colcon_core.package_identification:_identify(src) by extensions ['ignore', 'ignore_ament_install']
[1.050s] Level 1:colcon.colcon_core.package_identification:_identify(src) by extension 'ignore'
[1.050s] Level 1:colcon.colcon_core.package_identification:_identify(src) by extension 'ignore_ament_install'
[1.051s] Level 1:colcon.colcon_core.package_identification:_identify(src) by extensions ['colcon_pkg']
[1.051s] Level 1:colcon.colcon_core.package_identification:_identify(src) by extension 'colcon_pkg'
[1.051s] Level 1:colcon.colcon_core.package_identification:_identify(src) by extensions ['colcon_meta']
[1.051s] Level 1:colcon.colcon_core.package_identification:_identify(src) by extension 'colcon_meta'
[1.051s] Level 1:colcon.colcon_core.package_identification:_identify(src) by extensions ['ros']
[1.051s] Level 1:colcon.colcon_core.package_identification:_identify(src) by extension 'ros'
[1.051s] Level 1:colcon.colcon_core.package_identification:_identify(src) by extensions ['cmake', 'python']
[1.051s] Level 1:colcon.colcon_core.package_identification:_identify(src) by extension 'cmake'
[1.051s] Level 1:colcon.colcon_core.package_identification:_identify(src) by extension 'python'
[1.051s] Level 1:colcon.colcon_core.package_identification:_identify(src) by extensions ['python_setup_py']
[1.051s] Level 1:colcon.colcon_core.package_identification:_identify(src) by extension 'python_setup_py'
[1.052s] Level 1:colcon.colcon_core.package_identification:_identify(src/cpp_pubsub) by extensions ['ignore', 'ignore_ament_install']
[1.052s] Level 1:colcon.colcon_core.package_identification:_identify(src/cpp_pubsub) by extension 'ignore'
[1.052s] Level 1:colcon.colcon_core.package_identification:_identify(src/cpp_pubsub) by extension 'ignore_ament_install'
[1.052s] Level 1:colcon.colcon_core.package_identification:_identify(src/cpp_pubsub) by extensions ['colcon_pkg']
[1.052s] Level 1:colcon.colcon_core.package_identification:_identify(src/cpp_pubsub) by extension 'colcon_pkg'
[1.052s] Level 1:colcon.colcon_core.package_identification:_identify(src/cpp_pubsub) by extensions ['colcon_meta']
[1.052s] Level 1:colcon.colcon_core.package_identification:_identify(src/cpp_pubsub) by extension 'colcon_meta'
[1.052s] Level 1:colcon.colcon_core.package_identification:_identify(src/cpp_pubsub) by extensions ['ros']
[1.052s] Level 1:colcon.colcon_core.package_identification:_identify(src/cpp_pubsub) by extension 'ros'
[1.060s] DEBUG:colcon.colcon_core.package_identification:Package 'src/cpp_pubsub' with type 'ros.ament_cmake' and name 'cpp_pubsub'
[1.061s] Level 1:colcon.colcon_core.package_identification:_identify(src/cpp_srvcli) by extensions ['ignore', 'ignore_ament_install']
[1.061s] Level 1:colcon.colcon_core.package_identification:_identify(src/cpp_srvcli) by extension 'ignore'
[1.061s] Level 1:colcon.colcon_core.package_identification:_identify(src/cpp_srvcli) by extension 'ignore_ament_install'
[1.061s] Level 1:colcon.colcon_core.package_identification:_identify(src/cpp_srvcli) by extensions ['colcon_pkg']
[1.061s] Level 1:colcon.colcon_core.package_identification:_identify(src/cpp_srvcli) by extension 'colcon_pkg'
[1.062s] Level 1:colcon.colcon_core.package_identification:_identify(src/cpp_srvcli) by extensions ['colcon_meta']
[1.062s] Level 1:colcon.colcon_core.package_identification:_identify(src/cpp_srvcli) by extension 'colcon_meta'
[1.062s] Level 1:colcon.colcon_core.package_identification:_identify(src/cpp_srvcli) by extensions ['ros']
[1.062s] Level 1:colcon.colcon_core.package_identification:_identify(src/cpp_srvcli) by extension 'ros'
[1.063s] DEBUG:colcon.colcon_core.package_identification:Package 'src/cpp_srvcli' with type 'ros.ament_cmake' and name 'cpp_srvcli'
[1.064s] Level 1:colcon.colcon_core.package_identification:_identify(src/my_package) by extensions ['ignore', 'ignore_ament_install']
[1.064s] Level 1:colcon.colcon_core.package_identification:_identify(src/my_package) by extension 'ignore'
[1.064s] Level 1:colcon.colcon_core.package_identification:_identify(src/my_package) by extension 'ignore_ament_install'
[1.064s] Level 1:colcon.colcon_core.package_identification:_identify(src/my_package) by extensions ['colcon_pkg']
[1.064s] Level 1:colcon.colcon_core.package_identification:_identify(src/my_package) by extension 'colcon_pkg'
[1.064s] Level 1:colcon.colcon_core.package_identification:_identify(src/my_package) by extensions ['colcon_meta']
[1.064s] Level 1:colcon.colcon_core.package_identification:_identify(src/my_package) by extension 'colcon_meta'
[1.064s] Level 1:colcon.colcon_core.package_identification:_identify(src/my_package) by extensions ['ros']
[1.064s] Level 1:colcon.colcon_core.package_identification:_identify(src/my_package) by extension 'ros'
[1.065s] DEBUG:colcon.colcon_core.package_identification:Package 'src/my_package' with type 'ros.ament_python' and name 'my_package'
[1.066s] Level 1:colcon.colcon_core.package_identification:_identify(src/py_pubsub) by extensions ['ignore', 'ignore_ament_install']
[1.066s] Level 1:colcon.colcon_core.package_identification:_identify(src/py_pubsub) by extension 'ignore'
[1.066s] Level 1:colcon.colcon_core.package_identification:_identify(src/py_pubsub) by extension 'ignore_ament_install'
[1.066s] Level 1:colcon.colcon_core.package_identification:_identify(src/py_pubsub) by extensions ['colcon_pkg']
[1.066s] Level 1:colcon.colcon_core.package_identification:_identify(src/py_pubsub) by extension 'colcon_pkg'
[1.066s] Level 1:colcon.colcon_core.package_identification:_identify(src/py_pubsub) by extensions ['colcon_meta']
[1.066s] Level 1:colcon.colcon_core.package_identification:_identify(src/py_pubsub) by extension 'colcon_meta'
[1.067s] Level 1:colcon.colcon_core.package_identification:_identify(src/py_pubsub) by extensions ['ros']
[1.067s] Level 1:colcon.colcon_core.package_identification:_identify(src/py_pubsub) by extension 'ros'
[1.067s] DEBUG:colcon.colcon_core.package_identification:Package 'src/py_pubsub' with type 'ros.ament_python' and name 'py_pubsub'
[1.068s] Level 1:colcon.colcon_core.package_identification:_identify(src/py_srvcli) by extensions ['ignore', 'ignore_ament_install']
[1.068s] Level 1:colcon.colcon_core.package_identification:_identify(src/py_srvcli) by extension 'ignore'
[1.068s] Level 1:colcon.colcon_core.package_identification:_identify(src/py_srvcli) by extension 'ignore_ament_install'
[1.068s] Level 1:colcon.colcon_core.package_identification:_identify(src/py_srvcli) by extensions ['colcon_pkg']
[1.068s] Level 1:colcon.colcon_core.package_identification:_identify(src/py_srvcli) by extension 'colcon_pkg'
[1.068s] Level 1:colcon.colcon_core.package_identification:_identify(src/py_srvcli) by extensions ['colcon_meta']
[1.068s] Level 1:colcon.colcon_core.package_identification:_identify(src/py_srvcli) by extension 'colcon_meta'
[1.068s] Level 1:colcon.colcon_core.package_identification:_identify(src/py_srvcli) by extensions ['ros']
[1.068s] Level 1:colcon.colcon_core.package_identification:_identify(src/py_srvcli) by extension 'ros'
[1.069s] DEBUG:colcon.colcon_core.package_identification:Package 'src/py_srvcli' with type 'ros.ament_python' and name 'py_srvcli'
[1.069s] Level 1:colcon.colcon_core.package_discovery:discover_packages(recursive) using defaults
[1.070s] Level 1:colcon.colcon_core.package_discovery:discover_packages(ignore) discover
[1.070s] Level 1:colcon.colcon_core.package_discovery:discover_packages(ignore) using defaults
[1.070s] Level 1:colcon.colcon_core.package_discovery:discover_packages(path) discover
[1.070s] Level 1:colcon.colcon_core.package_discovery:discover_packages(path) using defaults
[1.135s] INFO:colcon.colcon_core.package_selection:Skipping not selected package 'cpp_pubsub' in 'src/cpp_pubsub'
[1.135s] INFO:colcon.colcon_core.package_selection:Skipping not selected package 'cpp_srvcli' in 'src/cpp_srvcli'
[1.135s] INFO:colcon.colcon_core.package_selection:Skipping not selected package 'my_package' in 'src/my_package'
[1.136s] INFO:colcon.colcon_core.package_selection:Skipping not selected package 'py_pubsub' in 'src/py_pubsub'
[1.137s] Level 1:colcon.colcon_core.package_discovery:discover_packages(prefix_path) check parameters
[1.137s] Level 1:colcon.colcon_core.package_discovery:discover_packages(prefix_path) discover
[1.142s] DEBUG:colcon.colcon_installed_package_information.package_discovery:Found 5 installed packages in /home/martin/ros2_workspaces/ros2_ws_dev/install
[1.145s] DEBUG:colcon.colcon_installed_package_information.package_discovery:Found 283 installed packages in /opt/ros/humble
[1.148s] Level 1:colcon.colcon_core.package_discovery:discover_packages(prefix_path) using defaults
[1.366s] Level 5:colcon.colcon_core.verb:set package 'py_srvcli' build argument 'cmake_args' from command line to 'None'
[1.366s] Level 5:colcon.colcon_core.verb:set package 'py_srvcli' build argument 'cmake_target' from command line to 'None'
[1.366s] Level 5:colcon.colcon_core.verb:set package 'py_srvcli' build argument 'cmake_target_skip_unavailable' from command line to 'False'
[1.366s] Level 5:colcon.colcon_core.verb:set package 'py_srvcli' build argument 'cmake_clean_cache' from command line to 'False'
[1.366s] Level 5:colcon.colcon_core.verb:set package 'py_srvcli' build argument 'cmake_clean_first' from command line to 'False'
[1.366s] Level 5:colcon.colcon_core.verb:set package 'py_srvcli' build argument 'cmake_force_configure' from command line to 'False'
[1.366s] Level 5:colcon.colcon_core.verb:set package 'py_srvcli' build argument 'ament_cmake_args' from command line to 'None'
[1.366s] Level 5:colcon.colcon_core.verb:set package 'py_srvcli' build argument 'catkin_cmake_args' from command line to 'None'
[1.366s] Level 5:colcon.colcon_core.verb:set package 'py_srvcli' build argument 'catkin_skip_building_tests' from command line to 'False'
[1.366s] DEBUG:colcon.colcon_core.verb:Building package 'py_srvcli' with the following arguments: {'ament_cmake_args': None, 'build_base': '/home/martin/ros2_workspaces/ros2_ws_dev/build/py_srvcli', 'catkin_cmake_args': None, 'catkin_skip_building_tests': False, 'cmake_args': None, 'cmake_clean_cache': False, 'cmake_clean_first': False, 'cmake_force_configure': False, 'cmake_target': None, 'cmake_target_skip_unavailable': False, 'install_base': '/home/martin/ros2_workspaces/ros2_ws_dev/install/py_srvcli', 'merge_install': False, 'path': '/home/martin/ros2_workspaces/ros2_ws_dev/src/py_srvcli', 'symlink_install': False, 'test_result_base': None}
[1.368s] INFO:colcon.colcon_core.executor:Executing jobs using 'parallel' executor
[1.376s] DEBUG:colcon.colcon_parallel_executor.executor.parallel:run_until_complete
[1.377s] INFO:colcon.colcon_ros.task.ament_python.build:Building ROS package in '/home/martin/ros2_workspaces/ros2_ws_dev/src/py_srvcli' with build type 'ament_python'
[1.377s] Level 1:colcon.colcon_core.shell:create_environment_hook('py_srvcli', 'ament_prefix_path')
[1.391s] INFO:colcon.colcon_core.plugin_system:Skipping extension 'colcon_core.shell.bat': Not used on non-Windows systems
[1.392s] INFO:colcon.colcon_core.shell:Creating environment hook '/home/martin/ros2_workspaces/ros2_ws_dev/install/py_srvcli/share/py_srvcli/hook/ament_prefix_path.ps1'
[1.395s] INFO:colcon.colcon_core.shell:Creating environment descriptor '/home/martin/ros2_workspaces/ros2_ws_dev/install/py_srvcli/share/py_srvcli/hook/ament_prefix_path.dsv'
[1.397s] INFO:colcon.colcon_core.shell:Creating environment hook '/home/martin/ros2_workspaces/ros2_ws_dev/install/py_srvcli/share/py_srvcli/hook/ament_prefix_path.sh'
[1.406s] INFO:colcon.colcon_core.shell:Skip shell extension 'powershell' for command environment: Not usable outside of PowerShell
[1.407s] DEBUG:colcon.colcon_core.shell:Skip shell extension 'dsv' for command environment
[2.212s] INFO:colcon.colcon_core.task.python.build:Building Python package in '/home/martin/ros2_workspaces/ros2_ws_dev/src/py_srvcli'
[2.215s] INFO:colcon.colcon_core.shell:Skip shell extension 'powershell' for command environment: Not usable outside of PowerShell
[2.215s] DEBUG:colcon.colcon_core.shell:Skip shell extension 'dsv' for command environment
[3.311s] DEBUG:colcon.colcon_core.event_handler.log_command:Invoking command in '/home/martin/ros2_workspaces/ros2_ws_dev/src/py_srvcli': PYTHONPATH=/home/martin/ros2_workspaces/ros2_ws_dev/install/py_srvcli/lib/python3.10/site-packages:${PYTHONPATH} /usr/bin/python3 setup.py egg_info --egg-base ../../build/py_srvcli build --build-base /home/martin/ros2_workspaces/ros2_ws_dev/build/py_srvcli/build install --prefix /home/martin/ros2_workspaces/ros2_ws_dev/install/py_srvcli --record /home/martin/ros2_workspaces/ros2_ws_dev/build/py_srvcli/install.log --single-version-externally-managed
[4.165s] DEBUG:colcon.colcon_core.event_handler.log_command:Invoked command in '/home/martin/ros2_workspaces/ros2_ws_dev/src/py_srvcli' returned '0': PYTHONPATH=/home/martin/ros2_workspaces/ros2_ws_dev/install/py_srvcli/lib/python3.10/site-packages:${PYTHONPATH} /usr/bin/python3 setup.py egg_info --egg-base ../../build/py_srvcli build --build-base /home/martin/ros2_workspaces/ros2_ws_dev/build/py_srvcli/build install --prefix /home/martin/ros2_workspaces/ros2_ws_dev/install/py_srvcli --record /home/martin/ros2_workspaces/ros2_ws_dev/build/py_srvcli/install.log --single-version-externally-managed
[4.169s] Level 1:colcon.colcon_core.environment:checking '/home/martin/ros2_workspaces/ros2_ws_dev/install/py_srvcli' for CMake module files
[4.171s] Level 1:colcon.colcon_core.environment:checking '/home/martin/ros2_workspaces/ros2_ws_dev/install/py_srvcli' for CMake config files
[4.173s] Level 1:colcon.colcon_core.environment:checking '/home/martin/ros2_workspaces/ros2_ws_dev/install/py_srvcli/lib'
[4.176s] Level 1:colcon.colcon_core.environment:checking '/home/martin/ros2_workspaces/ros2_ws_dev/install/py_srvcli/bin'
[4.177s] Level 1:colcon.colcon_core.environment:checking '/home/martin/ros2_workspaces/ros2_ws_dev/install/py_srvcli/lib/pkgconfig/py_srvcli.pc'
[4.178s] Level 1:colcon.colcon_core.environment:checking '/home/martin/ros2_workspaces/ros2_ws_dev/install/py_srvcli/lib/python3.10/site-packages'
[4.179s] Level 1:colcon.colcon_core.shell:create_environment_hook('py_srvcli', 'pythonpath')
[4.187s] INFO:colcon.colcon_core.shell:Creating environment hook '/home/martin/ros2_workspaces/ros2_ws_dev/install/py_srvcli/share/py_srvcli/hook/pythonpath.ps1'
[4.191s] INFO:colcon.colcon_core.shell:Creating environment descriptor '/home/martin/ros2_workspaces/ros2_ws_dev/install/py_srvcli/share/py_srvcli/hook/pythonpath.dsv'
[4.193s] INFO:colcon.colcon_core.shell:Creating environment hook '/home/martin/ros2_workspaces/ros2_ws_dev/install/py_srvcli/share/py_srvcli/hook/pythonpath.sh'
[4.196s] Level 1:colcon.colcon_core.environment:checking '/home/martin/ros2_workspaces/ros2_ws_dev/install/py_srvcli/bin'
[4.197s] Level 1:colcon.colcon_core.environment:create_environment_scripts_only(py_srvcli)
[4.204s] INFO:colcon.colcon_core.shell:Creating package script '/home/martin/ros2_workspaces/ros2_ws_dev/install/py_srvcli/share/py_srvcli/package.ps1'
[4.210s] INFO:colcon.colcon_core.shell:Creating package descriptor '/home/martin/ros2_workspaces/ros2_ws_dev/install/py_srvcli/share/py_srvcli/package.dsv'
[4.213s] INFO:colcon.colcon_core.shell:Creating package script '/home/martin/ros2_workspaces/ros2_ws_dev/install/py_srvcli/share/py_srvcli/package.sh'
[4.219s] INFO:colcon.colcon_core.shell:Creating package script '/home/martin/ros2_workspaces/ros2_ws_dev/install/py_srvcli/share/py_srvcli/package.bash'
[4.222s] INFO:colcon.colcon_core.shell:Creating package script '/home/martin/ros2_workspaces/ros2_ws_dev/install/py_srvcli/share/py_srvcli/package.zsh'
[4.225s] Level 1:colcon.colcon_core.environment:create_file_with_runtime_dependencies(/home/martin/ros2_workspaces/ros2_ws_dev/install/py_srvcli/share/colcon-core/packages/py_srvcli)
[4.228s] DEBUG:colcon.colcon_parallel_executor.executor.parallel:closing loop
[4.229s] DEBUG:colcon.colcon_parallel_executor.executor.parallel:loop closed
[4.230s] DEBUG:colcon.colcon_parallel_executor.executor.parallel:run_until_complete finished with '0'
[4.230s] DEBUG:colcon.colcon_core.event_reactor:joining thread
[4.257s] INFO:colcon.colcon_core.plugin_system:Skipping extension 'colcon_notification.desktop_notification.terminal_notifier': Not used on non-Darwin systems
[4.257s] INFO:colcon.colcon_core.plugin_system:Skipping extension 'colcon_notification.desktop_notification.win32': Not used on non-Windows systems
[4.257s] INFO:colcon.colcon_notification.desktop_notification:Sending desktop notification using 'notify2'
[4.297s] DEBUG:colcon.colcon_core.event_reactor:joined thread
[4.310s] INFO:colcon.colcon_core.shell:Creating prefix script '/home/martin/ros2_workspaces/ros2_ws_dev/install/local_setup.ps1'
[4.313s] INFO:colcon.colcon_core.shell:Creating prefix util module '/home/martin/ros2_workspaces/ros2_ws_dev/install/_local_setup_util_ps1.py'
[4.319s] INFO:colcon.colcon_core.shell:Creating prefix chain script '/home/martin/ros2_workspaces/ros2_ws_dev/install/setup.ps1'
[4.324s] INFO:colcon.colcon_core.shell:Creating prefix script '/home/martin/ros2_workspaces/ros2_ws_dev/install/local_setup.sh'
[4.326s] INFO:colcon.colcon_core.shell:Creating prefix util module '/home/martin/ros2_workspaces/ros2_ws_dev/install/_local_setup_util_sh.py'
[4.330s] INFO:colcon.colcon_core.shell:Creating prefix chain script '/home/martin/ros2_workspaces/ros2_ws_dev/install/setup.sh'
[4.336s] INFO:colcon.colcon_core.shell:Creating prefix script '/home/martin/ros2_workspaces/ros2_ws_dev/install/local_setup.bash'
[4.339s] INFO:colcon.colcon_core.shell:Creating prefix chain script '/home/martin/ros2_workspaces/ros2_ws_dev/install/setup.bash'
[4.344s] INFO:colcon.colcon_core.shell:Creating prefix script '/home/martin/ros2_workspaces/ros2_ws_dev/install/local_setup.zsh'
[4.347s] INFO:colcon.colcon_core.shell:Creating prefix chain script '/home/martin/ros2_workspaces/ros2_ws_dev/install/setup.zsh'
