[0.032s] Invoking command in '/home/martin/ros2_workspaces/ros2_ws_dev/build/more_interfaces': CMAKE_PREFIX_PATH=/opt/ros/humble /usr/bin/cmake --build /home/martin/ros2_workspaces/ros2_ws_dev/build/more_interfaces -- -j2 -l2
[0.120s] [35m[1mConsolidate compiler generated dependencies of target more_interfaces__rosidl_generator_c[0m
[0.150s] [  3%] Built target more_interfaces__cpp
[0.154s] [ 12%] Built target more_interfaces__rosidl_generator_c
[0.193s] [35m[1mConsolidate compiler generated dependencies of target more_interfaces__rosidl_typesupport_introspection_c[0m
[0.216s] [ 12%] Built target ament_cmake_python_copy_more_interfaces
[0.224s] [ 21%] Built target more_interfaces__rosidl_typesupport_introspection_c
[0.251s] [35m[1mConsolidate compiler generated dependencies of target more_interfaces__rosidl_typesupport_c[0m
[0.259s] [35m[1mConsolidate compiler generated dependencies of target more_interfaces__rosidl_typesupport_introspection_cpp[0m
[0.282s] [ 30%] Built target more_interfaces__rosidl_typesupport_c
[0.291s] [ 39%] Built target more_interfaces__rosidl_typesupport_introspection_cpp
[0.307s] [35m[1mConsolidate compiler generated dependencies of target more_interfaces__rosidl_typesupport_cpp[0m
[0.316s] [35m[1mConsolidate compiler generated dependencies of target more_interfaces__rosidl_typesupport_fastrtps_c[0m
[0.344s] [ 48%] Built target more_interfaces__rosidl_typesupport_cpp
[0.360s] [ 57%] Built target more_interfaces__rosidl_typesupport_fastrtps_c
[0.378s] [35m[1mConsolidate compiler generated dependencies of target more_interfaces__rosidl_typesupport_fastrtps_cpp[0m
[0.410s] [ 66%] Built target more_interfaces__rosidl_typesupport_fastrtps_cpp
[0.436s] [35m[1mConsolidate compiler generated dependencies of target publish_address_book[0m
[0.482s] [ 72%] Built target publish_address_book
[0.524s] [ 72%] Built target more_interfaces
[0.571s] [ 75%] Built target more_interfaces__py
[0.592s] [35m[1mConsolidate compiler generated dependencies of target more_interfaces__rosidl_generator_py[0m
[0.619s] [ 81%] Built target more_interfaces__rosidl_generator_py
[0.640s] [35m[1mConsolidate compiler generated dependencies of target more_interfaces__rosidl_typesupport_fastrtps_c__pyext[0m
[0.666s] [ 87%] Built target more_interfaces__rosidl_typesupport_fastrtps_c__pyext
[0.687s] [35m[1mConsolidate compiler generated dependencies of target more_interfaces__rosidl_typesupport_introspection_c__pyext[0m
[0.715s] [ 93%] Built target more_interfaces__rosidl_typesupport_introspection_c__pyext
[0.740s] [35m[1mConsolidate compiler generated dependencies of target more_interfaces__rosidl_typesupport_c__pyext[0m
[0.766s] [100%] Built target more_interfaces__rosidl_typesupport_c__pyext
[0.799s] running egg_info
[0.800s] writing more_interfaces.egg-info/PKG-INFO
[0.803s] writing dependency_links to more_interfaces.egg-info/dependency_links.txt
[0.806s] writing top-level names to more_interfaces.egg-info/top_level.txt
[0.811s] reading manifest file 'more_interfaces.egg-info/SOURCES.txt'
[0.812s] writing manifest file 'more_interfaces.egg-info/SOURCES.txt'
[0.860s] [100%] Built target ament_cmake_python_build_more_interfaces_egg
[0.883s] Invoked command in '/home/martin/ros2_workspaces/ros2_ws_dev/build/more_interfaces' returned '0': CMAKE_PREFIX_PATH=/opt/ros/humble /usr/bin/cmake --build /home/martin/ros2_workspaces/ros2_ws_dev/build/more_interfaces -- -j2 -l2
[1.163s] Invoking command in '/home/martin/ros2_workspaces/ros2_ws_dev/build/more_interfaces': CMAKE_PREFIX_PATH=/opt/ros/humble /usr/bin/cmake --install /home/martin/ros2_workspaces/ros2_ws_dev/build/more_interfaces
[1.181s] -- Install configuration: ""
[1.181s] -- Up-to-date: /home/martin/ros2_workspaces/ros2_ws_dev/install/more_interfaces/share/ament_index/resource_index/rosidl_interfaces/more_interfaces
[1.182s] -- Up-to-date: /home/martin/ros2_workspaces/ros2_ws_dev/install/more_interfaces/include/more_interfaces/more_interfaces
[1.182s] -- Up-to-date: /home/martin/ros2_workspaces/ros2_ws_dev/install/more_interfaces/include/more_interfaces/more_interfaces/msg
[1.182s] -- Up-to-date: /home/martin/ros2_workspaces/ros2_ws_dev/install/more_interfaces/include/more_interfaces/more_interfaces/msg/rosidl_generator_c__visibility_control.h
[1.183s] -- Up-to-date: /home/martin/ros2_workspaces/ros2_ws_dev/install/more_interfaces/include/more_interfaces/more_interfaces/msg/address_book.h
[1.183s] -- Up-to-date: /home/martin/ros2_workspaces/ros2_ws_dev/install/more_interfaces/include/more_interfaces/more_interfaces/msg/detail
[1.183s] -- Up-to-date: /home/martin/ros2_workspaces/ros2_ws_dev/install/more_interfaces/include/more_interfaces/more_interfaces/msg/detail/address_book__functions.h
[1.184s] -- Up-to-date: /home/martin/ros2_workspaces/ros2_ws_dev/install/more_interfaces/include/more_interfaces/more_interfaces/msg/detail/address_book__type_support.h
[1.184s] -- Up-to-date: /home/martin/ros2_workspaces/ros2_ws_dev/install/more_interfaces/include/more_interfaces/more_interfaces/msg/detail/address_book__struct.h
[1.185s] -- Up-to-date: /home/martin/ros2_workspaces/ros2_ws_dev/install/more_interfaces/include/more_interfaces/more_interfaces/msg/detail/address_book__functions.c
[1.185s] -- Up-to-date: /home/martin/ros2_workspaces/ros2_ws_dev/install/more_interfaces/share/more_interfaces/environment/library_path.sh
[1.186s] -- Up-to-date: /home/martin/ros2_workspaces/ros2_ws_dev/install/more_interfaces/share/more_interfaces/environment/library_path.dsv
[1.186s] -- Up-to-date: /home/martin/ros2_workspaces/ros2_ws_dev/install/more_interfaces/lib/libmore_interfaces__rosidl_generator_c.so
[1.186s] -- Up-to-date: /home/martin/ros2_workspaces/ros2_ws_dev/install/more_interfaces/include/more_interfaces/more_interfaces
[1.187s] -- Up-to-date: /home/martin/ros2_workspaces/ros2_ws_dev/install/more_interfaces/include/more_interfaces/more_interfaces/msg
[1.188s] -- Up-to-date: /home/martin/ros2_workspaces/ros2_ws_dev/install/more_interfaces/include/more_interfaces/more_interfaces/msg/rosidl_typesupport_fastrtps_c__visibility_control.h
[1.188s] -- Up-to-date: /home/martin/ros2_workspaces/ros2_ws_dev/install/more_interfaces/include/more_interfaces/more_interfaces/msg/detail
[1.188s] -- Up-to-date: /home/martin/ros2_workspaces/ros2_ws_dev/install/more_interfaces/include/more_interfaces/more_interfaces/msg/detail/address_book__rosidl_typesupport_fastrtps_c.h
[1.188s] -- Up-to-date: /home/martin/ros2_workspaces/ros2_ws_dev/install/more_interfaces/lib/libmore_interfaces__rosidl_typesupport_fastrtps_c.so
[1.189s] -- Up-to-date: /home/martin/ros2_workspaces/ros2_ws_dev/install/more_interfaces/include/more_interfaces/more_interfaces
[1.190s] -- Up-to-date: /home/martin/ros2_workspaces/ros2_ws_dev/install/more_interfaces/include/more_interfaces/more_interfaces/msg
[1.191s] -- Up-to-date: /home/martin/ros2_workspaces/ros2_ws_dev/install/more_interfaces/include/more_interfaces/more_interfaces/msg/detail
[1.192s] -- Up-to-date: /home/martin/ros2_workspaces/ros2_ws_dev/install/more_interfaces/include/more_interfaces/more_interfaces/msg/detail/address_book__builder.hpp
[1.192s] -- Up-to-date: /home/martin/ros2_workspaces/ros2_ws_dev/install/more_interfaces/include/more_interfaces/more_interfaces/msg/detail/address_book__traits.hpp
[1.192s] -- Up-to-date: /home/martin/ros2_workspaces/ros2_ws_dev/install/more_interfaces/include/more_interfaces/more_interfaces/msg/detail/address_book__struct.hpp
[1.193s] -- Up-to-date: /home/martin/ros2_workspaces/ros2_ws_dev/install/more_interfaces/include/more_interfaces/more_interfaces/msg/address_book.hpp
[1.193s] -- Up-to-date: /home/martin/ros2_workspaces/ros2_ws_dev/install/more_interfaces/include/more_interfaces/more_interfaces
[1.193s] -- Up-to-date: /home/martin/ros2_workspaces/ros2_ws_dev/install/more_interfaces/include/more_interfaces/more_interfaces/msg
[1.193s] -- Up-to-date: /home/martin/ros2_workspaces/ros2_ws_dev/install/more_interfaces/include/more_interfaces/more_interfaces/msg/detail
[1.193s] -- Up-to-date: /home/martin/ros2_workspaces/ros2_ws_dev/install/more_interfaces/include/more_interfaces/more_interfaces/msg/detail/dds_fastrtps
[1.193s] -- Up-to-date: /home/martin/ros2_workspaces/ros2_ws_dev/install/more_interfaces/include/more_interfaces/more_interfaces/msg/detail/address_book__rosidl_typesupport_fastrtps_cpp.hpp
[1.193s] -- Up-to-date: /home/martin/ros2_workspaces/ros2_ws_dev/install/more_interfaces/include/more_interfaces/more_interfaces/msg/rosidl_typesupport_fastrtps_cpp__visibility_control.h
[1.193s] -- Up-to-date: /home/martin/ros2_workspaces/ros2_ws_dev/install/more_interfaces/lib/libmore_interfaces__rosidl_typesupport_fastrtps_cpp.so
[1.193s] -- Up-to-date: /home/martin/ros2_workspaces/ros2_ws_dev/install/more_interfaces/include/more_interfaces/more_interfaces
[1.193s] -- Up-to-date: /home/martin/ros2_workspaces/ros2_ws_dev/install/more_interfaces/include/more_interfaces/more_interfaces/msg
[1.194s] -- Up-to-date: /home/martin/ros2_workspaces/ros2_ws_dev/install/more_interfaces/include/more_interfaces/more_interfaces/msg/rosidl_typesupport_introspection_c__visibility_control.h
[1.194s] -- Up-to-date: /home/martin/ros2_workspaces/ros2_ws_dev/install/more_interfaces/include/more_interfaces/more_interfaces/msg/detail
[1.194s] -- Up-to-date: /home/martin/ros2_workspaces/ros2_ws_dev/install/more_interfaces/include/more_interfaces/more_interfaces/msg/detail/address_book__rosidl_typesupport_introspection_c.h
[1.194s] -- Up-to-date: /home/martin/ros2_workspaces/ros2_ws_dev/install/more_interfaces/include/more_interfaces/more_interfaces/msg/detail/address_book__type_support.c
[1.194s] -- Up-to-date: /home/martin/ros2_workspaces/ros2_ws_dev/install/more_interfaces/lib/libmore_interfaces__rosidl_typesupport_introspection_c.so
[1.194s] -- Up-to-date: /home/martin/ros2_workspaces/ros2_ws_dev/install/more_interfaces/lib/libmore_interfaces__rosidl_typesupport_c.so
[1.194s] -- Up-to-date: /home/martin/ros2_workspaces/ros2_ws_dev/install/more_interfaces/include/more_interfaces/more_interfaces
[1.194s] -- Up-to-date: /home/martin/ros2_workspaces/ros2_ws_dev/install/more_interfaces/include/more_interfaces/more_interfaces/msg
[1.194s] -- Up-to-date: /home/martin/ros2_workspaces/ros2_ws_dev/install/more_interfaces/include/more_interfaces/more_interfaces/msg/detail
[1.194s] -- Up-to-date: /home/martin/ros2_workspaces/ros2_ws_dev/install/more_interfaces/include/more_interfaces/more_interfaces/msg/detail/address_book__type_support.cpp
[1.195s] -- Up-to-date: /home/martin/ros2_workspaces/ros2_ws_dev/install/more_interfaces/include/more_interfaces/more_interfaces/msg/detail/address_book__rosidl_typesupport_introspection_cpp.hpp
[1.195s] -- Up-to-date: /home/martin/ros2_workspaces/ros2_ws_dev/install/more_interfaces/lib/libmore_interfaces__rosidl_typesupport_introspection_cpp.so
[1.195s] -- Up-to-date: /home/martin/ros2_workspaces/ros2_ws_dev/install/more_interfaces/lib/libmore_interfaces__rosidl_typesupport_cpp.so
[1.195s] -- Up-to-date: /home/martin/ros2_workspaces/ros2_ws_dev/install/more_interfaces/share/more_interfaces/environment/pythonpath.sh
[1.195s] -- Up-to-date: /home/martin/ros2_workspaces/ros2_ws_dev/install/more_interfaces/share/more_interfaces/environment/pythonpath.dsv
[1.195s] -- Up-to-date: /home/martin/ros2_workspaces/ros2_ws_dev/install/more_interfaces/local/lib/python3.10/dist-packages/more_interfaces-0.0.0-py3.10.egg-info
[1.195s] -- Installing: /home/martin/ros2_workspaces/ros2_ws_dev/install/more_interfaces/local/lib/python3.10/dist-packages/more_interfaces-0.0.0-py3.10.egg-info/dependency_links.txt
[1.195s] -- Installing: /home/martin/ros2_workspaces/ros2_ws_dev/install/more_interfaces/local/lib/python3.10/dist-packages/more_interfaces-0.0.0-py3.10.egg-info/SOURCES.txt
[1.195s] -- Installing: /home/martin/ros2_workspaces/ros2_ws_dev/install/more_interfaces/local/lib/python3.10/dist-packages/more_interfaces-0.0.0-py3.10.egg-info/PKG-INFO
[1.195s] -- Installing: /home/martin/ros2_workspaces/ros2_ws_dev/install/more_interfaces/local/lib/python3.10/dist-packages/more_interfaces-0.0.0-py3.10.egg-info/top_level.txt
[1.196s] -- Up-to-date: /home/martin/ros2_workspaces/ros2_ws_dev/install/more_interfaces/local/lib/python3.10/dist-packages/more_interfaces
[1.196s] -- Up-to-date: /home/martin/ros2_workspaces/ros2_ws_dev/install/more_interfaces/local/lib/python3.10/dist-packages/more_interfaces/msg
[1.196s] -- Up-to-date: /home/martin/ros2_workspaces/ros2_ws_dev/install/more_interfaces/local/lib/python3.10/dist-packages/more_interfaces/msg/_address_book.py
[1.196s] -- Up-to-date: /home/martin/ros2_workspaces/ros2_ws_dev/install/more_interfaces/local/lib/python3.10/dist-packages/more_interfaces/msg/_address_book_s.c
[1.196s] -- Up-to-date: /home/martin/ros2_workspaces/ros2_ws_dev/install/more_interfaces/local/lib/python3.10/dist-packages/more_interfaces/msg/__init__.py
[1.196s] -- Up-to-date: /home/martin/ros2_workspaces/ros2_ws_dev/install/more_interfaces/local/lib/python3.10/dist-packages/more_interfaces/more_interfaces_s__rosidl_typesupport_c.cpython-310-x86_64-linux-gnu.so
[1.196s] -- Up-to-date: /home/martin/ros2_workspaces/ros2_ws_dev/install/more_interfaces/local/lib/python3.10/dist-packages/more_interfaces/more_interfaces_s__rosidl_typesupport_introspection_c.cpython-310-x86_64-linux-gnu.so
[1.196s] -- Up-to-date: /home/martin/ros2_workspaces/ros2_ws_dev/install/more_interfaces/local/lib/python3.10/dist-packages/more_interfaces/libmore_interfaces__rosidl_generator_py.so
[1.197s] -- Up-to-date: /home/martin/ros2_workspaces/ros2_ws_dev/install/more_interfaces/local/lib/python3.10/dist-packages/more_interfaces/more_interfaces_s__rosidl_typesupport_fastrtps_c.cpython-310-x86_64-linux-gnu.so
[1.197s] -- Up-to-date: /home/martin/ros2_workspaces/ros2_ws_dev/install/more_interfaces/local/lib/python3.10/dist-packages/more_interfaces/_more_interfaces_s.ep.rosidl_typesupport_fastrtps_c.c
[1.197s] -- Up-to-date: /home/martin/ros2_workspaces/ros2_ws_dev/install/more_interfaces/local/lib/python3.10/dist-packages/more_interfaces/_more_interfaces_s.ep.rosidl_typesupport_introspection_c.c
[1.197s] -- Up-to-date: /home/martin/ros2_workspaces/ros2_ws_dev/install/more_interfaces/local/lib/python3.10/dist-packages/more_interfaces/_more_interfaces_s.ep.rosidl_typesupport_c.c
[1.197s] -- Up-to-date: /home/martin/ros2_workspaces/ros2_ws_dev/install/more_interfaces/local/lib/python3.10/dist-packages/more_interfaces/__init__.py
[1.255s] Listing '/home/martin/ros2_workspaces/ros2_ws_dev/install/more_interfaces/local/lib/python3.10/dist-packages/more_interfaces'...
[1.256s] Listing '/home/martin/ros2_workspaces/ros2_ws_dev/install/more_interfaces/local/lib/python3.10/dist-packages/more_interfaces/msg'...
[1.264s] -- Up-to-date: /home/martin/ros2_workspaces/ros2_ws_dev/install/more_interfaces/local/lib/python3.10/dist-packages/more_interfaces/more_interfaces_s__rosidl_typesupport_fastrtps_c.cpython-310-x86_64-linux-gnu.so
[1.264s] -- Up-to-date: /home/martin/ros2_workspaces/ros2_ws_dev/install/more_interfaces/local/lib/python3.10/dist-packages/more_interfaces/more_interfaces_s__rosidl_typesupport_introspection_c.cpython-310-x86_64-linux-gnu.so
[1.265s] -- Up-to-date: /home/martin/ros2_workspaces/ros2_ws_dev/install/more_interfaces/local/lib/python3.10/dist-packages/more_interfaces/more_interfaces_s__rosidl_typesupport_c.cpython-310-x86_64-linux-gnu.so
[1.266s] -- Up-to-date: /home/martin/ros2_workspaces/ros2_ws_dev/install/more_interfaces/lib/libmore_interfaces__rosidl_generator_py.so
[1.266s] -- Up-to-date: /home/martin/ros2_workspaces/ros2_ws_dev/install/more_interfaces/share/more_interfaces/msg/AddressBook.idl
[1.267s] -- Up-to-date: /home/martin/ros2_workspaces/ros2_ws_dev/install/more_interfaces/share/more_interfaces/msg/AddressBook.msg
[1.267s] -- Up-to-date: /home/martin/ros2_workspaces/ros2_ws_dev/install/more_interfaces/lib/more_interfaces/publish_address_book
[1.269s] -- Up-to-date: /home/martin/ros2_workspaces/ros2_ws_dev/install/more_interfaces/share/ament_index/resource_index/package_run_dependencies/more_interfaces
[1.269s] -- Up-to-date: /home/martin/ros2_workspaces/ros2_ws_dev/install/more_interfaces/share/ament_index/resource_index/parent_prefix_path/more_interfaces
[1.270s] -- Up-to-date: /home/martin/ros2_workspaces/ros2_ws_dev/install/more_interfaces/share/more_interfaces/environment/ament_prefix_path.sh
[1.271s] -- Up-to-date: /home/martin/ros2_workspaces/ros2_ws_dev/install/more_interfaces/share/more_interfaces/environment/ament_prefix_path.dsv
[1.271s] -- Up-to-date: /home/martin/ros2_workspaces/ros2_ws_dev/install/more_interfaces/share/more_interfaces/environment/path.sh
[1.272s] -- Up-to-date: /home/martin/ros2_workspaces/ros2_ws_dev/install/more_interfaces/share/more_interfaces/environment/path.dsv
[1.273s] -- Up-to-date: /home/martin/ros2_workspaces/ros2_ws_dev/install/more_interfaces/share/more_interfaces/local_setup.bash
[1.273s] -- Up-to-date: /home/martin/ros2_workspaces/ros2_ws_dev/install/more_interfaces/share/more_interfaces/local_setup.sh
[1.274s] -- Up-to-date: /home/martin/ros2_workspaces/ros2_ws_dev/install/more_interfaces/share/more_interfaces/local_setup.zsh
[1.274s] -- Up-to-date: /home/martin/ros2_workspaces/ros2_ws_dev/install/more_interfaces/share/more_interfaces/local_setup.dsv
[1.274s] -- Installing: /home/martin/ros2_workspaces/ros2_ws_dev/install/more_interfaces/share/more_interfaces/package.dsv
[1.274s] -- Up-to-date: /home/martin/ros2_workspaces/ros2_ws_dev/install/more_interfaces/share/ament_index/resource_index/packages/more_interfaces
[1.274s] -- Up-to-date: /home/martin/ros2_workspaces/ros2_ws_dev/install/more_interfaces/share/more_interfaces/cmake/export_more_interfaces__rosidl_generator_cExport.cmake
[1.274s] -- Up-to-date: /home/martin/ros2_workspaces/ros2_ws_dev/install/more_interfaces/share/more_interfaces/cmake/export_more_interfaces__rosidl_generator_cExport-noconfig.cmake
[1.274s] -- Up-to-date: /home/martin/ros2_workspaces/ros2_ws_dev/install/more_interfaces/share/more_interfaces/cmake/export_more_interfaces__rosidl_typesupport_fastrtps_cExport.cmake
[1.274s] -- Up-to-date: /home/martin/ros2_workspaces/ros2_ws_dev/install/more_interfaces/share/more_interfaces/cmake/export_more_interfaces__rosidl_typesupport_fastrtps_cExport-noconfig.cmake
[1.275s] -- Up-to-date: /home/martin/ros2_workspaces/ros2_ws_dev/install/more_interfaces/share/more_interfaces/cmake/export_more_interfaces__rosidl_generator_cppExport.cmake
[1.275s] -- Up-to-date: /home/martin/ros2_workspaces/ros2_ws_dev/install/more_interfaces/share/more_interfaces/cmake/export_more_interfaces__rosidl_typesupport_fastrtps_cppExport.cmake
[1.275s] -- Up-to-date: /home/martin/ros2_workspaces/ros2_ws_dev/install/more_interfaces/share/more_interfaces/cmake/export_more_interfaces__rosidl_typesupport_fastrtps_cppExport-noconfig.cmake
[1.275s] -- Up-to-date: /home/martin/ros2_workspaces/ros2_ws_dev/install/more_interfaces/share/more_interfaces/cmake/more_interfaces__rosidl_typesupport_introspection_cExport.cmake
[1.276s] -- Up-to-date: /home/martin/ros2_workspaces/ros2_ws_dev/install/more_interfaces/share/more_interfaces/cmake/more_interfaces__rosidl_typesupport_introspection_cExport-noconfig.cmake
[1.276s] -- Up-to-date: /home/martin/ros2_workspaces/ros2_ws_dev/install/more_interfaces/share/more_interfaces/cmake/more_interfaces__rosidl_typesupport_cExport.cmake
[1.276s] -- Up-to-date: /home/martin/ros2_workspaces/ros2_ws_dev/install/more_interfaces/share/more_interfaces/cmake/more_interfaces__rosidl_typesupport_cExport-noconfig.cmake
[1.276s] -- Up-to-date: /home/martin/ros2_workspaces/ros2_ws_dev/install/more_interfaces/share/more_interfaces/cmake/more_interfaces__rosidl_typesupport_introspection_cppExport.cmake
[1.276s] -- Up-to-date: /home/martin/ros2_workspaces/ros2_ws_dev/install/more_interfaces/share/more_interfaces/cmake/more_interfaces__rosidl_typesupport_introspection_cppExport-noconfig.cmake
[1.276s] -- Up-to-date: /home/martin/ros2_workspaces/ros2_ws_dev/install/more_interfaces/share/more_interfaces/cmake/more_interfaces__rosidl_typesupport_cppExport.cmake
[1.276s] -- Up-to-date: /home/martin/ros2_workspaces/ros2_ws_dev/install/more_interfaces/share/more_interfaces/cmake/more_interfaces__rosidl_typesupport_cppExport-noconfig.cmake
[1.286s] -- Up-to-date: /home/martin/ros2_workspaces/ros2_ws_dev/install/more_interfaces/share/more_interfaces/cmake/export_more_interfaces__rosidl_generator_pyExport.cmake
[1.286s] -- Up-to-date: /home/martin/ros2_workspaces/ros2_ws_dev/install/more_interfaces/share/more_interfaces/cmake/export_more_interfaces__rosidl_generator_pyExport-noconfig.cmake
[1.286s] -- Up-to-date: /home/martin/ros2_workspaces/ros2_ws_dev/install/more_interfaces/share/more_interfaces/cmake/rosidl_cmake-extras.cmake
[1.286s] -- Up-to-date: /home/martin/ros2_workspaces/ros2_ws_dev/install/more_interfaces/share/more_interfaces/cmake/ament_cmake_export_include_directories-extras.cmake
[1.286s] -- Up-to-date: /home/martin/ros2_workspaces/ros2_ws_dev/install/more_interfaces/share/more_interfaces/cmake/ament_cmake_export_libraries-extras.cmake
[1.287s] -- Up-to-date: /home/martin/ros2_workspaces/ros2_ws_dev/install/more_interfaces/share/more_interfaces/cmake/ament_cmake_export_targets-extras.cmake
[1.287s] -- Up-to-date: /home/martin/ros2_workspaces/ros2_ws_dev/install/more_interfaces/share/more_interfaces/cmake/rosidl_cmake_export_typesupport_targets-extras.cmake
[1.287s] -- Up-to-date: /home/martin/ros2_workspaces/ros2_ws_dev/install/more_interfaces/share/more_interfaces/cmake/ament_cmake_export_dependencies-extras.cmake
[1.287s] -- Up-to-date: /home/martin/ros2_workspaces/ros2_ws_dev/install/more_interfaces/share/more_interfaces/cmake/rosidl_cmake_export_typesupport_libraries-extras.cmake
[1.287s] -- Up-to-date: /home/martin/ros2_workspaces/ros2_ws_dev/install/more_interfaces/share/more_interfaces/cmake/more_interfacesConfig.cmake
[1.287s] -- Up-to-date: /home/martin/ros2_workspaces/ros2_ws_dev/install/more_interfaces/share/more_interfaces/cmake/more_interfacesConfig-version.cmake
[1.287s] -- Up-to-date: /home/martin/ros2_workspaces/ros2_ws_dev/install/more_interfaces/share/more_interfaces/package.xml
[1.287s] Invoked command in '/home/martin/ros2_workspaces/ros2_ws_dev/build/more_interfaces' returned '0': CMAKE_PREFIX_PATH=/opt/ros/humble /usr/bin/cmake --install /home/martin/ros2_workspaces/ros2_ws_dev/build/more_interfaces
