[0.019s] Invoking command in '/home/martin/ros2_workspaces/ros2_ws_dev/build/polygon_base': CMAKE_PREFIX_PATH=${CMAKE_PREFIX_PATH}:/home/martin/ros2_workspaces/ros2_ws_dev/install/py_srvcli:/home/martin/ros2_workspaces/ros2_ws_dev/install/py_pubsub:/home/martin/ros2_workspaces/ros2_ws_dev/install/python_parameters:/home/martin/ros2_workspaces/ros2_ws_dev/install/my_package:/home/martin/ros2_workspaces/ros2_ws_dev/install/head:/opt/ros/humble PS1=(venv) \[\e]0;\u@\h: \w\a\]${debian_chroot:+($debian_chroot)}\[\033[01;32m\]\u@\h\[\033[00m\]:\[\033[01;34m\]\w\[\033[00m\]\$ VIRTUAL_ENV_PROMPT=(venv) /usr/bin/cmake --build /home/martin/ros2_workspaces/ros2_ws_dev/build/polygon_base -- -j2 -l2
[0.104s] [100%] Built target area_node
[0.124s] Invoked command in '/home/martin/ros2_workspaces/ros2_ws_dev/build/polygon_base' returned '0': CMAKE_PREFIX_PATH=${CMAKE_PREFIX_PATH}:/home/martin/ros2_workspaces/ros2_ws_dev/install/py_srvcli:/home/martin/ros2_workspaces/ros2_ws_dev/install/py_pubsub:/home/martin/ros2_workspaces/ros2_ws_dev/install/python_parameters:/home/martin/ros2_workspaces/ros2_ws_dev/install/my_package:/home/martin/ros2_workspaces/ros2_ws_dev/install/head:/opt/ros/humble PS1=(venv) \[\e]0;\u@\h: \w\a\]${debian_chroot:+($debian_chroot)}\[\033[01;32m\]\u@\h\[\033[00m\]:\[\033[01;34m\]\w\[\033[00m\]\$ VIRTUAL_ENV_PROMPT=(venv) /usr/bin/cmake --build /home/martin/ros2_workspaces/ros2_ws_dev/build/polygon_base -- -j2 -l2
[0.188s] Invoking command in '/home/martin/ros2_workspaces/ros2_ws_dev/build/polygon_base': CMAKE_PREFIX_PATH=${CMAKE_PREFIX_PATH}:/home/martin/ros2_workspaces/ros2_ws_dev/install/py_srvcli:/home/martin/ros2_workspaces/ros2_ws_dev/install/py_pubsub:/home/martin/ros2_workspaces/ros2_ws_dev/install/python_parameters:/home/martin/ros2_workspaces/ros2_ws_dev/install/my_package:/home/martin/ros2_workspaces/ros2_ws_dev/install/head:/opt/ros/humble PS1=(venv) \[\e]0;\u@\h: \w\a\]${debian_chroot:+($debian_chroot)}\[\033[01;32m\]\u@\h\[\033[00m\]:\[\033[01;34m\]\w\[\033[00m\]\$ VIRTUAL_ENV_PROMPT=(venv) /usr/bin/cmake --install /home/martin/ros2_workspaces/ros2_ws_dev/build/polygon_base
[0.202s] -- Install configuration: ""
[0.203s] -- Up-to-date: /home/martin/ros2_workspaces/ros2_ws_dev/install/polygon_base/lib/polygon_base/area_node
[0.204s] -- Up-to-date: /home/martin/ros2_workspaces/ros2_ws_dev/install/polygon_base/include
[0.205s] -- Up-to-date: /home/martin/ros2_workspaces/ros2_ws_dev/install/polygon_base/include/polygon_base
[0.208s] -- Up-to-date: /home/martin/ros2_workspaces/ros2_ws_dev/install/polygon_base/include/polygon_base/regular_polygon.hpp
[0.208s] -- Up-to-date: /home/martin/ros2_workspaces/ros2_ws_dev/install/polygon_base/share/ament_index/resource_index/package_run_dependencies/polygon_base
[0.216s] -- Up-to-date: /home/martin/ros2_workspaces/ros2_ws_dev/install/polygon_base/share/ament_index/resource_index/parent_prefix_path/polygon_base
[0.216s] -- Up-to-date: /home/martin/ros2_workspaces/ros2_ws_dev/install/polygon_base/share/polygon_base/environment/ament_prefix_path.sh
[0.216s] -- Up-to-date: /home/martin/ros2_workspaces/ros2_ws_dev/install/polygon_base/share/polygon_base/environment/ament_prefix_path.dsv
[0.216s] -- Up-to-date: /home/martin/ros2_workspaces/ros2_ws_dev/install/polygon_base/share/polygon_base/environment/path.sh
[0.216s] -- Up-to-date: /home/martin/ros2_workspaces/ros2_ws_dev/install/polygon_base/share/polygon_base/environment/path.dsv
[0.217s] -- Up-to-date: /home/martin/ros2_workspaces/ros2_ws_dev/install/polygon_base/share/polygon_base/local_setup.bash
[0.217s] -- Up-to-date: /home/martin/ros2_workspaces/ros2_ws_dev/install/polygon_base/share/polygon_base/local_setup.sh
[0.217s] -- Up-to-date: /home/martin/ros2_workspaces/ros2_ws_dev/install/polygon_base/share/polygon_base/local_setup.zsh
[0.218s] -- Up-to-date: /home/martin/ros2_workspaces/ros2_ws_dev/install/polygon_base/share/polygon_base/local_setup.dsv
[0.218s] -- Installing: /home/martin/ros2_workspaces/ros2_ws_dev/install/polygon_base/share/polygon_base/package.dsv
[0.218s] -- Up-to-date: /home/martin/ros2_workspaces/ros2_ws_dev/install/polygon_base/share/ament_index/resource_index/packages/polygon_base
[0.218s] -- Up-to-date: /home/martin/ros2_workspaces/ros2_ws_dev/install/polygon_base/share/polygon_base/cmake/ament_cmake_export_include_directories-extras.cmake
[0.218s] -- Up-to-date: /home/martin/ros2_workspaces/ros2_ws_dev/install/polygon_base/share/polygon_base/cmake/polygon_baseConfig.cmake
[0.219s] -- Up-to-date: /home/martin/ros2_workspaces/ros2_ws_dev/install/polygon_base/share/polygon_base/cmake/polygon_baseConfig-version.cmake
[0.219s] -- Up-to-date: /home/martin/ros2_workspaces/ros2_ws_dev/install/polygon_base/share/polygon_base/package.xml
[0.271s] Invoked command in '/home/martin/ros2_workspaces/ros2_ws_dev/build/polygon_base' returned '0': CMAKE_PREFIX_PATH=${CMAKE_PREFIX_PATH}:/home/martin/ros2_workspaces/ros2_ws_dev/install/py_srvcli:/home/martin/ros2_workspaces/ros2_ws_dev/install/py_pubsub:/home/martin/ros2_workspaces/ros2_ws_dev/install/python_parameters:/home/martin/ros2_workspaces/ros2_ws_dev/install/my_package:/home/martin/ros2_workspaces/ros2_ws_dev/install/head:/opt/ros/humble PS1=(venv) \[\e]0;\u@\h: \w\a\]${debian_chroot:+($debian_chroot)}\[\033[01;32m\]\u@\h\[\033[00m\]:\[\033[01;34m\]\w\[\033[00m\]\$ VIRTUAL_ENV_PROMPT=(venv) /usr/bin/cmake --install /home/martin/ros2_workspaces/ros2_ws_dev/build/polygon_base
