[0.780s] Invoking command in '/home/martin/ros2_workspaces/ros2_ws_dev/src/py_srvcli': PS1=(venv) \[\e]0;\u@\h: \w\a\]${debian_chroot:+($debian_chroot)}\[\033[01;32m\]\u@\h\[\033[00m\]:\[\033[01;34m\]\w\[\033[00m\]\$ PYTHONPATH=/home/martin/ros2_workspaces/ros2_ws_dev/install/py_srvcli/lib/python3.10/site-packages:${PYTHONPATH} VIRTUAL_ENV_PROMPT=(venv) /usr/bin/python3 setup.py egg_info --egg-base ../../build/py_srvcli build --build-base /home/martin/ros2_workspaces/ros2_ws_dev/build/py_srvcli/build install --prefix /home/martin/ros2_workspaces/ros2_ws_dev/install/py_srvcli --record /home/martin/ros2_workspaces/ros2_ws_dev/build/py_srvcli/install.log --single-version-externally-managed
[1.043s] running egg_info
[1.044s] writing ../../build/py_srvcli/py_srvcli.egg-info/PKG-INFO
[1.045s] writing dependency_links to ../../build/py_srvcli/py_srvcli.egg-info/dependency_links.txt
[1.049s] writing entry points to ../../build/py_srvcli/py_srvcli.egg-info/entry_points.txt
[1.049s] writing requirements to ../../build/py_srvcli/py_srvcli.egg-info/requires.txt
[1.049s] writing top-level names to ../../build/py_srvcli/py_srvcli.egg-info/top_level.txt
[1.051s] reading manifest file '../../build/py_srvcli/py_srvcli.egg-info/SOURCES.txt'
[1.052s] writing manifest file '../../build/py_srvcli/py_srvcli.egg-info/SOURCES.txt'
[1.053s] running build
[1.053s] running build_py
[1.054s] running install
[1.054s] /usr/lib/python3/dist-packages/setuptools/command/install.py:34: SetuptoolsDeprecationWarning: setup.py install is deprecated. Use build and pip and other standards-based tools.
[1.054s]   warnings.warn(
[1.055s] running install_lib
[1.056s] running install_data
[1.057s] running install_egg_info
[1.059s] removing '/home/martin/ros2_workspaces/ros2_ws_dev/install/py_srvcli/lib/python3.10/site-packages/py_srvcli-0.0.0-py3.10.egg-info' (and everything under it)
[1.059s] Copying ../../build/py_srvcli/py_srvcli.egg-info to /home/martin/ros2_workspaces/ros2_ws_dev/install/py_srvcli/lib/python3.10/site-packages/py_srvcli-0.0.0-py3.10.egg-info
[1.060s] running install_scripts
[1.085s] Installing client script to /home/martin/ros2_workspaces/ros2_ws_dev/install/py_srvcli/lib/py_srvcli
[1.086s] Installing service script to /home/martin/ros2_workspaces/ros2_ws_dev/install/py_srvcli/lib/py_srvcli
[1.087s] writing list of installed files to '/home/martin/ros2_workspaces/ros2_ws_dev/build/py_srvcli/install.log'
[1.118s] Invoked command in '/home/martin/ros2_workspaces/ros2_ws_dev/src/py_srvcli' returned '0': PS1=(venv) \[\e]0;\u@\h: \w\a\]${debian_chroot:+($debian_chroot)}\[\033[01;32m\]\u@\h\[\033[00m\]:\[\033[01;34m\]\w\[\033[00m\]\$ PYTHONPATH=/home/martin/ros2_workspaces/ros2_ws_dev/install/py_srvcli/lib/python3.10/site-packages:${PYTHONPATH} VIRTUAL_ENV_PROMPT=(venv) /usr/bin/python3 setup.py egg_info --egg-base ../../build/py_srvcli build --build-base /home/martin/ros2_workspaces/ros2_ws_dev/build/py_srvcli/build install --prefix /home/martin/ros2_workspaces/ros2_ws_dev/install/py_srvcli --record /home/martin/ros2_workspaces/ros2_ws_dev/build/py_srvcli/install.log --single-version-externally-managed
