[1.237s] Invoking command in '/home/martin/ros2_workspaces/ros2_ws_dev/src/py_pubsub': AMENT_PREFIX_PATH=/home/martin/ros2_workspaces/ros2_ws_dev/install/tutorial_interfaces:${AMENT_PREFIX_PATH} CMAKE_PREFIX_PATH=/home/martin/ros2_workspaces/ros2_ws_dev/install/tutorial_interfaces LD_LIBRARY_PATH=/home/martin/ros2_workspaces/ros2_ws_dev/install/tutorial_interfaces/lib:${LD_LIBRARY_PATH} PYTHONPATH=/home/martin/ros2_workspaces/ros2_ws_dev/install/py_pubsub/lib/python3.10/site-packages:/home/martin/ros2_workspaces/ros2_ws_dev/install/tutorial_interfaces/local/lib/python3.10/dist-packages:${PYTHONPATH} /usr/bin/python3 setup.py egg_info --egg-base ../../build/py_pubsub build --build-base /home/martin/ros2_workspaces/ros2_ws_dev/build/py_pubsub/build install --prefix /home/martin/ros2_workspaces/ros2_ws_dev/install/py_pubsub --record /home/martin/ros2_workspaces/ros2_ws_dev/build/py_pubsub/install.log --single-version-externally-managed
[1.643s] running egg_info
[1.649s] writing ../../build/py_pubsub/py_pubsub.egg-info/PKG-INFO
[1.651s] writing dependency_links to ../../build/py_pubsub/py_pubsub.egg-info/dependency_links.txt
[1.653s] writing entry points to ../../build/py_pubsub/py_pubsub.egg-info/entry_points.txt
[1.654s] writing requirements to ../../build/py_pubsub/py_pubsub.egg-info/requires.txt
[1.656s] writing top-level names to ../../build/py_pubsub/py_pubsub.egg-info/top_level.txt
[1.666s] reading manifest file '../../build/py_pubsub/py_pubsub.egg-info/SOURCES.txt'
[1.669s] writing manifest file '../../build/py_pubsub/py_pubsub.egg-info/SOURCES.txt'
[1.671s] running build
[1.671s] running build_py
[1.676s] running install
[1.677s] /usr/lib/python3/dist-packages/setuptools/command/install.py:34: SetuptoolsDeprecationWarning: setup.py install is deprecated. Use build and pip and other standards-based tools.
[1.677s]   warnings.warn(
[1.678s] running install_lib
[1.683s] running install_data
[1.688s] running install_egg_info
[1.692s] removing '/home/martin/ros2_workspaces/ros2_ws_dev/install/py_pubsub/lib/python3.10/site-packages/py_pubsub-0.0.0-py3.10.egg-info' (and everything under it)
[1.693s] Copying ../../build/py_pubsub/py_pubsub.egg-info to /home/martin/ros2_workspaces/ros2_ws_dev/install/py_pubsub/lib/python3.10/site-packages/py_pubsub-0.0.0-py3.10.egg-info
[1.697s] running install_scripts
[1.758s] Installing listener script to /home/martin/ros2_workspaces/ros2_ws_dev/install/py_pubsub/lib/py_pubsub
[1.758s] Installing talker script to /home/martin/ros2_workspaces/ros2_ws_dev/install/py_pubsub/lib/py_pubsub
[1.758s] writing list of installed files to '/home/martin/ros2_workspaces/ros2_ws_dev/build/py_pubsub/install.log'
[1.805s] Invoked command in '/home/martin/ros2_workspaces/ros2_ws_dev/src/py_pubsub' returned '0': AMENT_PREFIX_PATH=/home/martin/ros2_workspaces/ros2_ws_dev/install/tutorial_interfaces:${AMENT_PREFIX_PATH} CMAKE_PREFIX_PATH=/home/martin/ros2_workspaces/ros2_ws_dev/install/tutorial_interfaces LD_LIBRARY_PATH=/home/martin/ros2_workspaces/ros2_ws_dev/install/tutorial_interfaces/lib:${LD_LIBRARY_PATH} PYTHONPATH=/home/martin/ros2_workspaces/ros2_ws_dev/install/py_pubsub/lib/python3.10/site-packages:/home/martin/ros2_workspaces/ros2_ws_dev/install/tutorial_interfaces/local/lib/python3.10/dist-packages:${PYTHONPATH} /usr/bin/python3 setup.py egg_info --egg-base ../../build/py_pubsub build --build-base /home/martin/ros2_workspaces/ros2_ws_dev/build/py_pubsub/build install --prefix /home/martin/ros2_workspaces/ros2_ws_dev/install/py_pubsub --record /home/martin/ros2_workspaces/ros2_ws_dev/build/py_pubsub/install.log --single-version-externally-managed
