[1.557s] Invoking command in '/home/martin/ros2_workspaces/ros2_ws_dev/src/my_package': PYTHONPATH=/home/martin/ros2_workspaces/ros2_ws_dev/install/my_package/lib/python3.10/site-packages:${PYTHONPATH} /usr/bin/python3 setup.py egg_info --egg-base ../../build/my_package build --build-base /home/martin/ros2_workspaces/ros2_ws_dev/build/my_package/build install --prefix /home/martin/ros2_workspaces/ros2_ws_dev/install/my_package --record /home/martin/ros2_workspaces/ros2_ws_dev/build/my_package/install.log --single-version-externally-managed
[1.920s] running egg_info
[1.922s] writing ../../build/my_package/my_package.egg-info/PKG-INFO
[1.924s] writing dependency_links to ../../build/my_package/my_package.egg-info/dependency_links.txt
[1.928s] writing entry points to ../../build/my_package/my_package.egg-info/entry_points.txt
[1.936s] writing requirements to ../../build/my_package/my_package.egg-info/requires.txt
[1.938s] writing top-level names to ../../build/my_package/my_package.egg-info/top_level.txt
[1.948s] reading manifest file '../../build/my_package/my_package.egg-info/SOURCES.txt'
[1.950s] writing manifest file '../../build/my_package/my_package.egg-info/SOURCES.txt'
[1.951s] running build
[1.952s] running build_py
[1.953s] running install
[1.954s] /usr/lib/python3/dist-packages/setuptools/command/install.py:34: SetuptoolsDeprecationWarning: setup.py install is deprecated. Use build and pip and other standards-based tools.
[1.954s]   warnings.warn(
[1.954s] running install_lib
[1.957s] running install_data
[1.958s] running install_egg_info
[1.961s] removing '/home/martin/ros2_workspaces/ros2_ws_dev/install/my_package/lib/python3.10/site-packages/my_package-0.0.0-py3.10.egg-info' (and everything under it)
[1.962s] Copying ../../build/my_package/my_package.egg-info to /home/martin/ros2_workspaces/ros2_ws_dev/install/my_package/lib/python3.10/site-packages/my_package-0.0.0-py3.10.egg-info
[1.963s] running install_scripts
[1.997s] Installing my_node script to /home/martin/ros2_workspaces/ros2_ws_dev/install/my_package/lib/my_package
[1.998s] writing list of installed files to '/home/martin/ros2_workspaces/ros2_ws_dev/build/my_package/install.log'
[2.046s] Invoked command in '/home/martin/ros2_workspaces/ros2_ws_dev/src/my_package' returned '0': PYTHONPATH=/home/martin/ros2_workspaces/ros2_ws_dev/install/my_package/lib/python3.10/site-packages:${PYTHONPATH} /usr/bin/python3 setup.py egg_info --egg-base ../../build/my_package build --build-base /home/martin/ros2_workspaces/ros2_ws_dev/build/my_package/build install --prefix /home/martin/ros2_workspaces/ros2_ws_dev/install/my_package --record /home/martin/ros2_workspaces/ros2_ws_dev/build/my_package/install.log --single-version-externally-managed
