[1.100s] Invoking command in '/home/martin/ros2_workspaces/ros2_ws_dev/src/py_srvcli': PYTHONPATH=/home/martin/ros2_workspaces/ros2_ws_dev/install/py_srvcli/lib/python3.10/site-packages:${PYTHONPATH} /usr/bin/python3 setup.py egg_info --egg-base ../../build/py_srvcli build --build-base /home/martin/ros2_workspaces/ros2_ws_dev/build/py_srvcli/build install --prefix /home/martin/ros2_workspaces/ros2_ws_dev/install/py_srvcli --record /home/martin/ros2_workspaces/ros2_ws_dev/build/py_srvcli/install.log --single-version-externally-managed
[1.472s] running egg_info
[1.473s] writing ../../build/py_srvcli/py_srvcli.egg-info/PKG-INFO
[1.476s] writing dependency_links to ../../build/py_srvcli/py_srvcli.egg-info/dependency_links.txt
[1.477s] writing entry points to ../../build/py_srvcli/py_srvcli.egg-info/entry_points.txt
[1.477s] writing requirements to ../../build/py_srvcli/py_srvcli.egg-info/requires.txt
[1.477s] writing top-level names to ../../build/py_srvcli/py_srvcli.egg-info/top_level.txt
[1.483s] reading manifest file '../../build/py_srvcli/py_srvcli.egg-info/SOURCES.txt'
[1.491s] writing manifest file '../../build/py_srvcli/py_srvcli.egg-info/SOURCES.txt'
[1.491s] running build
[1.491s] running build_py
[1.491s] copying py_srvcli/client_member_function.py -> /home/martin/ros2_workspaces/ros2_ws_dev/build/py_srvcli/build/lib/py_srvcli
[1.492s] running install
[1.492s] /usr/lib/python3/dist-packages/setuptools/command/install.py:34: SetuptoolsDeprecationWarning: setup.py install is deprecated. Use build and pip and other standards-based tools.
[1.492s]   warnings.warn(
[1.492s] running install_lib
[1.493s] copying /home/martin/ros2_workspaces/ros2_ws_dev/build/py_srvcli/build/lib/py_srvcli/client_member_function.py -> /home/martin/ros2_workspaces/ros2_ws_dev/install/py_srvcli/lib/python3.10/site-packages/py_srvcli
[1.494s] byte-compiling /home/martin/ros2_workspaces/ros2_ws_dev/install/py_srvcli/lib/python3.10/site-packages/py_srvcli/client_member_function.py to client_member_function.cpython-310.pyc
[1.496s] running install_data
[1.497s] running install_egg_info
[1.500s] removing '/home/martin/ros2_workspaces/ros2_ws_dev/install/py_srvcli/lib/python3.10/site-packages/py_srvcli-0.0.0-py3.10.egg-info' (and everything under it)
[1.500s] Copying ../../build/py_srvcli/py_srvcli.egg-info to /home/martin/ros2_workspaces/ros2_ws_dev/install/py_srvcli/lib/python3.10/site-packages/py_srvcli-0.0.0-py3.10.egg-info
[1.502s] running install_scripts
[1.547s] Installing client script to /home/martin/ros2_workspaces/ros2_ws_dev/install/py_srvcli/lib/py_srvcli
[1.553s] Installing service script to /home/martin/ros2_workspaces/ros2_ws_dev/install/py_srvcli/lib/py_srvcli
[1.553s] writing list of installed files to '/home/martin/ros2_workspaces/ros2_ws_dev/build/py_srvcli/install.log'
[1.597s] Invoked command in '/home/martin/ros2_workspaces/ros2_ws_dev/src/py_srvcli' returned '0': PYTHONPATH=/home/martin/ros2_workspaces/ros2_ws_dev/install/py_srvcli/lib/python3.10/site-packages:${PYTHONPATH} /usr/bin/python3 setup.py egg_info --egg-base ../../build/py_srvcli build --build-base /home/martin/ros2_workspaces/ros2_ws_dev/build/py_srvcli/build install --prefix /home/martin/ros2_workspaces/ros2_ws_dev/install/py_srvcli --record /home/martin/ros2_workspaces/ros2_ws_dev/build/py_srvcli/install.log --single-version-externally-managed
