running egg_info
writing ../../build/head/head.egg-info/PKG-INFO
writing dependency_links to ../../build/head/head.egg-info/dependency_links.txt
writing entry points to ../../build/head/head.egg-info/entry_points.txt
writing requirements to ../../build/head/head.egg-info/requires.txt
writing top-level names to ../../build/head/head.egg-info/top_level.txt
reading manifest file '../../build/head/head.egg-info/SOURCES.txt'
writing manifest file '../../build/head/head.egg-info/SOURCES.txt'
running build
running build_py
running install
/usr/lib/python3/dist-packages/setuptools/command/install.py:34: SetuptoolsDeprecationWarning: setup.py install is deprecated. Use build and pip and other standards-based tools.
  warnings.warn(
running install_lib
running install_data
running install_egg_info
removing '/home/martin/ros2_workspaces/ros2_ws_dev/install/head/lib/python3.10/site-packages/head-0.0.0-py3.10.egg-info' (and everything under it)
Copying ../../build/head/head.egg-info to /home/martin/ros2_workspaces/ros2_ws_dev/install/head/lib/python3.10/site-packages/head-0.0.0-py3.10.egg-info
running install_scripts
Installing head_move_sub script to /home/martin/ros2_workspaces/ros2_ws_dev/install/head/lib/head
Installing head_state_service script to /home/martin/ros2_workspaces/ros2_ws_dev/install/head/lib/head
Installing head_tf_move_sub script to /home/martin/ros2_workspaces/ros2_ws_dev/install/head/lib/head
writing list of installed files to '/home/martin/ros2_workspaces/ros2_ws_dev/build/head/install.log'
