[0.955s] Invoking command in '/home/martin/ros2_workspaces/ros2_ws_dev/src/head': PYTHONPATH=/home/martin/ros2_workspaces/ros2_ws_dev/install/head/lib/python3.10/site-packages:${PYTHONPATH} /usr/bin/python3 setup.py egg_info --egg-base ../../build/head build --build-base /home/martin/ros2_workspaces/ros2_ws_dev/build/head/build install --prefix /home/martin/ros2_workspaces/ros2_ws_dev/install/head --record /home/martin/ros2_workspaces/ros2_ws_dev/build/head/install.log --single-version-externally-managed
[1.375s] running egg_info
[1.377s] writing ../../build/head/head.egg-info/PKG-INFO
[1.395s] writing dependency_links to ../../build/head/head.egg-info/dependency_links.txt
[1.396s] writing entry points to ../../build/head/head.egg-info/entry_points.txt
[1.398s] writing requirements to ../../build/head/head.egg-info/requires.txt
[1.399s] writing top-level names to ../../build/head/head.egg-info/top_level.txt
[1.404s] reading manifest file '../../build/head/head.egg-info/SOURCES.txt'
[1.406s] writing manifest file '../../build/head/head.egg-info/SOURCES.txt'
[1.407s] running build
[1.408s] running build_py
[1.409s] running install
[1.409s] /usr/lib/python3/dist-packages/setuptools/command/install.py:34: SetuptoolsDeprecationWarning: setup.py install is deprecated. Use build and pip and other standards-based tools.
[1.410s]   warnings.warn(
[1.410s] running install_lib
[1.413s] running install_data
[1.414s] running install_egg_info
[1.417s] removing '/home/martin/ros2_workspaces/ros2_ws_dev/install/head/lib/python3.10/site-packages/head-0.0.0-py3.10.egg-info' (and everything under it)
[1.418s] Copying ../../build/head/head.egg-info to /home/martin/ros2_workspaces/ros2_ws_dev/install/head/lib/python3.10/site-packages/head-0.0.0-py3.10.egg-info
[1.420s] running install_scripts
[1.453s] Installing head_move_sub script to /home/martin/ros2_workspaces/ros2_ws_dev/install/head/lib/head
[1.455s] Installing head_state_service script to /home/martin/ros2_workspaces/ros2_ws_dev/install/head/lib/head
[1.458s] Installing head_tf_move_sub script to /home/martin/ros2_workspaces/ros2_ws_dev/install/head/lib/head
[1.459s] writing list of installed files to '/home/martin/ros2_workspaces/ros2_ws_dev/build/head/install.log'
[1.510s] Invoked command in '/home/martin/ros2_workspaces/ros2_ws_dev/src/head' returned '0': PYTHONPATH=/home/martin/ros2_workspaces/ros2_ws_dev/install/head/lib/python3.10/site-packages:${PYTHONPATH} /usr/bin/python3 setup.py egg_info --egg-base ../../build/head build --build-base /home/martin/ros2_workspaces/ros2_ws_dev/build/head/build install --prefix /home/martin/ros2_workspaces/ros2_ws_dev/install/head --record /home/martin/ros2_workspaces/ros2_ws_dev/build/head/install.log --single-version-externally-managed
