[1.508s] Invoking command in '/home/martin/ros2_workspaces/ros2_ws_dev/src/my_package': PYTHONPATH=/home/martin/ros2_workspaces/ros2_ws_dev/install/my_package/lib/python3.10/site-packages:${PYTHONPATH} /usr/bin/python3 setup.py egg_info --egg-base ../../build/my_package build --build-base /home/martin/ros2_workspaces/ros2_ws_dev/build/my_package/build install --prefix /home/martin/ros2_workspaces/ros2_ws_dev/install/my_package --record /home/martin/ros2_workspaces/ros2_ws_dev/build/my_package/install.log --single-version-externally-managed
[1.936s] running egg_info
[1.937s] creating ../../build/my_package/my_package.egg-info
[1.938s] writing ../../build/my_package/my_package.egg-info/PKG-INFO
[1.939s] writing dependency_links to ../../build/my_package/my_package.egg-info/dependency_links.txt
[1.940s] writing entry points to ../../build/my_package/my_package.egg-info/entry_points.txt
[1.940s] writing requirements to ../../build/my_package/my_package.egg-info/requires.txt
[1.941s] writing top-level names to ../../build/my_package/my_package.egg-info/top_level.txt
[1.942s] writing manifest file '../../build/my_package/my_package.egg-info/SOURCES.txt'
[1.945s] reading manifest file '../../build/my_package/my_package.egg-info/SOURCES.txt'
[1.948s] writing manifest file '../../build/my_package/my_package.egg-info/SOURCES.txt'
[1.949s] running build
[1.949s] running build_py
[1.950s] creating /home/martin/ros2_workspaces/ros2_ws_dev/build/my_package/build
[1.950s] creating /home/martin/ros2_workspaces/ros2_ws_dev/build/my_package/build/lib
[1.950s] creating /home/martin/ros2_workspaces/ros2_ws_dev/build/my_package/build/lib/my_package
[1.951s] copying my_package/my_node.py -> /home/martin/ros2_workspaces/ros2_ws_dev/build/my_package/build/lib/my_package
[1.951s] copying my_package/__init__.py -> /home/martin/ros2_workspaces/ros2_ws_dev/build/my_package/build/lib/my_package
[1.953s] running install
[1.959s] /usr/lib/python3/dist-packages/setuptools/command/install.py:34: SetuptoolsDeprecationWarning: setup.py install is deprecated. Use build and pip and other standards-based tools.
[1.959s]   warnings.warn(
[1.960s] running install_lib
[1.962s] creating /home/martin/ros2_workspaces/ros2_ws_dev/install/my_package/lib/python3.10/site-packages/my_package
[1.963s] copying /home/martin/ros2_workspaces/ros2_ws_dev/build/my_package/build/lib/my_package/my_node.py -> /home/martin/ros2_workspaces/ros2_ws_dev/install/my_package/lib/python3.10/site-packages/my_package
[1.964s] copying /home/martin/ros2_workspaces/ros2_ws_dev/build/my_package/build/lib/my_package/__init__.py -> /home/martin/ros2_workspaces/ros2_ws_dev/install/my_package/lib/python3.10/site-packages/my_package
[1.966s] byte-compiling /home/martin/ros2_workspaces/ros2_ws_dev/install/my_package/lib/python3.10/site-packages/my_package/my_node.py to my_node.cpython-310.pyc
[1.967s] byte-compiling /home/martin/ros2_workspaces/ros2_ws_dev/install/my_package/lib/python3.10/site-packages/my_package/__init__.py to __init__.cpython-310.pyc
[1.968s] running install_data
[1.969s] creating /home/martin/ros2_workspaces/ros2_ws_dev/install/my_package/share/ament_index
[1.970s] creating /home/martin/ros2_workspaces/ros2_ws_dev/install/my_package/share/ament_index/resource_index
[1.970s] creating /home/martin/ros2_workspaces/ros2_ws_dev/install/my_package/share/ament_index/resource_index/packages
[1.970s] copying resource/my_package -> /home/martin/ros2_workspaces/ros2_ws_dev/install/my_package/share/ament_index/resource_index/packages
[1.970s] copying package.xml -> /home/martin/ros2_workspaces/ros2_ws_dev/install/my_package/share/my_package
[1.970s] running install_egg_info
[1.974s] Copying ../../build/my_package/my_package.egg-info to /home/martin/ros2_workspaces/ros2_ws_dev/install/my_package/lib/python3.10/site-packages/my_package-0.0.0-py3.10.egg-info
[1.977s] running install_scripts
[2.037s] Installing my_node script to /home/martin/ros2_workspaces/ros2_ws_dev/install/my_package/lib/my_package
[2.041s] writing list of installed files to '/home/martin/ros2_workspaces/ros2_ws_dev/build/my_package/install.log'
[2.088s] Invoked command in '/home/martin/ros2_workspaces/ros2_ws_dev/src/my_package' returned '0': PYTHONPATH=/home/martin/ros2_workspaces/ros2_ws_dev/install/my_package/lib/python3.10/site-packages:${PYTHONPATH} /usr/bin/python3 setup.py egg_info --egg-base ../../build/my_package build --build-base /home/martin/ros2_workspaces/ros2_ws_dev/build/my_package/build install --prefix /home/martin/ros2_workspaces/ros2_ws_dev/install/my_package --record /home/martin/ros2_workspaces/ros2_ws_dev/build/my_package/install.log --single-version-externally-managed
