[1.409s] Invoking command in '/home/martin/ros2_workspaces/ros2_ws_dev/src/python_parameters': PYTHONPATH=/home/martin/ros2_workspaces/ros2_ws_dev/install/python_parameters/lib/python3.10/site-packages:${PYTHONPATH} /usr/bin/python3 setup.py egg_info --egg-base ../../build/python_parameters build --build-base /home/martin/ros2_workspaces/ros2_ws_dev/build/python_parameters/build install --prefix /home/martin/ros2_workspaces/ros2_ws_dev/install/python_parameters --record /home/martin/ros2_workspaces/ros2_ws_dev/build/python_parameters/install.log --single-version-externally-managed
[1.839s] running egg_info
[1.841s] writing ../../build/python_parameters/python_parameters.egg-info/PKG-INFO
[1.848s] writing dependency_links to ../../build/python_parameters/python_parameters.egg-info/dependency_links.txt
[1.848s] writing entry points to ../../build/python_parameters/python_parameters.egg-info/entry_points.txt
[1.848s] writing requirements to ../../build/python_parameters/python_parameters.egg-info/requires.txt
[1.848s] writing top-level names to ../../build/python_parameters/python_parameters.egg-info/top_level.txt
[1.854s] reading manifest file '../../build/python_parameters/python_parameters.egg-info/SOURCES.txt'
[1.860s] writing manifest file '../../build/python_parameters/python_parameters.egg-info/SOURCES.txt'
[1.860s] running build
[1.860s] running build_py
[1.863s] running install
[1.864s] /usr/lib/python3/dist-packages/setuptools/command/install.py:34: SetuptoolsDeprecationWarning: setup.py install is deprecated. Use build and pip and other standards-based tools.
[1.864s]   warnings.warn(
[1.864s] running install_lib
[1.884s] running install_data
[1.888s] running install_egg_info
[1.891s] removing '/home/martin/ros2_workspaces/ros2_ws_dev/install/python_parameters/lib/python3.10/site-packages/python_parameters-0.0.0-py3.10.egg-info' (and everything under it)
[1.892s] Copying ../../build/python_parameters/python_parameters.egg-info to /home/martin/ros2_workspaces/ros2_ws_dev/install/python_parameters/lib/python3.10/site-packages/python_parameters-0.0.0-py3.10.egg-info
[1.895s] running install_scripts
[1.936s] Installing minimal_param_node script to /home/martin/ros2_workspaces/ros2_ws_dev/install/python_parameters/lib/python_parameters
[1.937s] writing list of installed files to '/home/martin/ros2_workspaces/ros2_ws_dev/build/python_parameters/install.log'
[1.985s] Invoked command in '/home/martin/ros2_workspaces/ros2_ws_dev/src/python_parameters' returned '0': PYTHONPATH=/home/martin/ros2_workspaces/ros2_ws_dev/install/python_parameters/lib/python3.10/site-packages:${PYTHONPATH} /usr/bin/python3 setup.py egg_info --egg-base ../../build/python_parameters build --build-base /home/martin/ros2_workspaces/ros2_ws_dev/build/python_parameters/build install --prefix /home/martin/ros2_workspaces/ros2_ws_dev/install/python_parameters --record /home/martin/ros2_workspaces/ros2_ws_dev/build/python_parameters/install.log --single-version-externally-managed
