[0.534s] Invoking command in '/home/martin/ros2_workspaces/ros2_ws_dev/build/mbit_interfaces': CMAKE_PREFIX_PATH=/opt/ros/humble /usr/bin/cmake --build /home/martin/ros2_workspaces/ros2_ws_dev/build/mbit_interfaces -- -j2 -l2
[0.674s] [  9%] Built target mbit_interfaces__rosidl_generator_c
[0.678s] [ 12%] Built target mbit_interfaces__cpp
[0.769s] [ 12%] Built target ament_cmake_python_copy_mbit_interfaces
[0.786s] [ 22%] Built target mbit_interfaces__rosidl_typesupport_c
[0.854s] [ 32%] Built target mbit_interfaces__rosidl_typesupport_fastrtps_cpp
[0.876s] [ 41%] Built target mbit_interfaces__rosidl_typesupport_introspection_cpp
[0.935s] [ 51%] Built target mbit_interfaces__rosidl_typesupport_fastrtps_c
[0.982s] [ 61%] Built target mbit_interfaces__rosidl_typesupport_cpp
[0.993s] [ 70%] Built target mbit_interfaces__rosidl_typesupport_introspection_c
[1.047s] [ 70%] Built target mbit_interfaces
[1.449s] running egg_info
[1.450s] [ 74%] Built target mbit_interfaces__py
[1.464s] writing mbit_interfaces.egg-info/PKG-INFO
[1.466s] writing dependency_links to mbit_interfaces.egg-info/dependency_links.txt
[1.472s] writing top-level names to mbit_interfaces.egg-info/top_level.txt
[1.476s] reading manifest file 'mbit_interfaces.egg-info/SOURCES.txt'
[1.478s] writing manifest file 'mbit_interfaces.egg-info/SOURCES.txt'
[1.555s] [ 74%] Built target ament_cmake_python_build_mbit_interfaces_egg
[1.573s] [ 80%] Built target mbit_interfaces__rosidl_generator_py
[1.655s] [ 87%] Built target mbit_interfaces__rosidl_typesupport_fastrtps_c__pyext
[1.679s] [ 93%] Built target mbit_interfaces__rosidl_typesupport_introspection_c__pyext
[1.723s] [100%] Built target mbit_interfaces__rosidl_typesupport_c__pyext
[1.753s] Invoked command in '/home/martin/ros2_workspaces/ros2_ws_dev/build/mbit_interfaces' returned '0': CMAKE_PREFIX_PATH=/opt/ros/humble /usr/bin/cmake --build /home/martin/ros2_workspaces/ros2_ws_dev/build/mbit_interfaces -- -j2 -l2
[2.021s] Invoking command in '/home/martin/ros2_workspaces/ros2_ws_dev/build/mbit_interfaces': CMAKE_PREFIX_PATH=/opt/ros/humble /usr/bin/cmake --install /home/martin/ros2_workspaces/ros2_ws_dev/build/mbit_interfaces
[2.053s] -- Install configuration: ""
[2.056s] -- Up-to-date: /home/martin/ros2_workspaces/ros2_ws_dev/install/mbit_interfaces/share/ament_index/resource_index/rosidl_interfaces/mbit_interfaces
[2.056s] -- Up-to-date: /home/martin/ros2_workspaces/ros2_ws_dev/install/mbit_interfaces/include/mbit_interfaces/mbit_interfaces
[2.056s] -- Up-to-date: /home/martin/ros2_workspaces/ros2_ws_dev/install/mbit_interfaces/include/mbit_interfaces/mbit_interfaces/srv
[2.056s] -- Up-to-date: /home/martin/ros2_workspaces/ros2_ws_dev/install/mbit_interfaces/include/mbit_interfaces/mbit_interfaces/srv/detail
[2.057s] -- Up-to-date: /home/martin/ros2_workspaces/ros2_ws_dev/install/mbit_interfaces/include/mbit_interfaces/mbit_interfaces/srv/detail/head_state__functions.c
[2.057s] -- Up-to-date: /home/martin/ros2_workspaces/ros2_ws_dev/install/mbit_interfaces/include/mbit_interfaces/mbit_interfaces/srv/detail/head_state__type_support.h
[2.059s] -- Up-to-date: /home/martin/ros2_workspaces/ros2_ws_dev/install/mbit_interfaces/include/mbit_interfaces/mbit_interfaces/srv/detail/head_state__struct.h
[2.059s] -- Up-to-date: /home/martin/ros2_workspaces/ros2_ws_dev/install/mbit_interfaces/include/mbit_interfaces/mbit_interfaces/srv/detail/head_state__functions.h
[2.059s] -- Up-to-date: /home/martin/ros2_workspaces/ros2_ws_dev/install/mbit_interfaces/include/mbit_interfaces/mbit_interfaces/srv/head_state.h
[2.060s] -- Up-to-date: /home/martin/ros2_workspaces/ros2_ws_dev/install/mbit_interfaces/include/mbit_interfaces/mbit_interfaces/msg
[2.060s] -- Up-to-date: /home/martin/ros2_workspaces/ros2_ws_dev/install/mbit_interfaces/include/mbit_interfaces/mbit_interfaces/msg/rosidl_generator_c__visibility_control.h
[2.060s] -- Up-to-date: /home/martin/ros2_workspaces/ros2_ws_dev/install/mbit_interfaces/share/mbit_interfaces/environment/library_path.sh
[2.060s] -- Up-to-date: /home/martin/ros2_workspaces/ros2_ws_dev/install/mbit_interfaces/share/mbit_interfaces/environment/library_path.dsv
[2.060s] -- Up-to-date: /home/martin/ros2_workspaces/ros2_ws_dev/install/mbit_interfaces/lib/libmbit_interfaces__rosidl_generator_c.so
[2.061s] -- Up-to-date: /home/martin/ros2_workspaces/ros2_ws_dev/install/mbit_interfaces/include/mbit_interfaces/mbit_interfaces
[2.061s] -- Up-to-date: /home/martin/ros2_workspaces/ros2_ws_dev/install/mbit_interfaces/include/mbit_interfaces/mbit_interfaces/srv
[2.061s] -- Up-to-date: /home/martin/ros2_workspaces/ros2_ws_dev/install/mbit_interfaces/include/mbit_interfaces/mbit_interfaces/srv/detail
[2.061s] -- Up-to-date: /home/martin/ros2_workspaces/ros2_ws_dev/install/mbit_interfaces/include/mbit_interfaces/mbit_interfaces/srv/detail/head_state__rosidl_typesupport_fastrtps_c.h
[2.061s] -- Up-to-date: /home/martin/ros2_workspaces/ros2_ws_dev/install/mbit_interfaces/include/mbit_interfaces/mbit_interfaces/msg
[2.061s] -- Up-to-date: /home/martin/ros2_workspaces/ros2_ws_dev/install/mbit_interfaces/include/mbit_interfaces/mbit_interfaces/msg/rosidl_typesupport_fastrtps_c__visibility_control.h
[2.061s] -- Up-to-date: /home/martin/ros2_workspaces/ros2_ws_dev/install/mbit_interfaces/lib/libmbit_interfaces__rosidl_typesupport_fastrtps_c.so
[2.064s] -- Up-to-date: /home/martin/ros2_workspaces/ros2_ws_dev/install/mbit_interfaces/include/mbit_interfaces/mbit_interfaces
[2.064s] -- Up-to-date: /home/martin/ros2_workspaces/ros2_ws_dev/install/mbit_interfaces/include/mbit_interfaces/mbit_interfaces/srv
[2.064s] -- Up-to-date: /home/martin/ros2_workspaces/ros2_ws_dev/install/mbit_interfaces/include/mbit_interfaces/mbit_interfaces/srv/detail
[2.065s] -- Up-to-date: /home/martin/ros2_workspaces/ros2_ws_dev/install/mbit_interfaces/include/mbit_interfaces/mbit_interfaces/srv/detail/head_state__rosidl_typesupport_introspection_c.h
[2.066s] -- Up-to-date: /home/martin/ros2_workspaces/ros2_ws_dev/install/mbit_interfaces/include/mbit_interfaces/mbit_interfaces/srv/detail/head_state__type_support.c
[2.068s] -- Up-to-date: /home/martin/ros2_workspaces/ros2_ws_dev/install/mbit_interfaces/include/mbit_interfaces/mbit_interfaces/msg
[2.069s] -- Up-to-date: /home/martin/ros2_workspaces/ros2_ws_dev/install/mbit_interfaces/include/mbit_interfaces/mbit_interfaces/msg/rosidl_typesupport_introspection_c__visibility_control.h
[2.070s] -- Up-to-date: /home/martin/ros2_workspaces/ros2_ws_dev/install/mbit_interfaces/lib/libmbit_interfaces__rosidl_typesupport_introspection_c.so
[2.071s] -- Up-to-date: /home/martin/ros2_workspaces/ros2_ws_dev/install/mbit_interfaces/lib/libmbit_interfaces__rosidl_typesupport_c.so
[2.071s] -- Up-to-date: /home/martin/ros2_workspaces/ros2_ws_dev/install/mbit_interfaces/include/mbit_interfaces/mbit_interfaces
[2.071s] -- Up-to-date: /home/martin/ros2_workspaces/ros2_ws_dev/install/mbit_interfaces/include/mbit_interfaces/mbit_interfaces/srv
[2.072s] -- Up-to-date: /home/martin/ros2_workspaces/ros2_ws_dev/install/mbit_interfaces/include/mbit_interfaces/mbit_interfaces/srv/head_state.hpp
[2.073s] -- Up-to-date: /home/martin/ros2_workspaces/ros2_ws_dev/install/mbit_interfaces/include/mbit_interfaces/mbit_interfaces/srv/detail
[2.074s] -- Up-to-date: /home/martin/ros2_workspaces/ros2_ws_dev/install/mbit_interfaces/include/mbit_interfaces/mbit_interfaces/srv/detail/head_state__traits.hpp
[2.075s] -- Up-to-date: /home/martin/ros2_workspaces/ros2_ws_dev/install/mbit_interfaces/include/mbit_interfaces/mbit_interfaces/srv/detail/head_state__builder.hpp
[2.075s] -- Up-to-date: /home/martin/ros2_workspaces/ros2_ws_dev/install/mbit_interfaces/include/mbit_interfaces/mbit_interfaces/srv/detail/head_state__struct.hpp
[2.077s] -- Up-to-date: /home/martin/ros2_workspaces/ros2_ws_dev/install/mbit_interfaces/include/mbit_interfaces/mbit_interfaces
[2.078s] -- Up-to-date: /home/martin/ros2_workspaces/ros2_ws_dev/install/mbit_interfaces/include/mbit_interfaces/mbit_interfaces/srv
[2.078s] -- Up-to-date: /home/martin/ros2_workspaces/ros2_ws_dev/install/mbit_interfaces/include/mbit_interfaces/mbit_interfaces/srv/detail
[2.078s] -- Up-to-date: /home/martin/ros2_workspaces/ros2_ws_dev/install/mbit_interfaces/include/mbit_interfaces/mbit_interfaces/srv/detail/dds_fastrtps
[2.078s] -- Up-to-date: /home/martin/ros2_workspaces/ros2_ws_dev/install/mbit_interfaces/include/mbit_interfaces/mbit_interfaces/srv/detail/head_state__rosidl_typesupport_fastrtps_cpp.hpp
[2.078s] -- Up-to-date: /home/martin/ros2_workspaces/ros2_ws_dev/install/mbit_interfaces/include/mbit_interfaces/mbit_interfaces/msg
[2.078s] -- Up-to-date: /home/martin/ros2_workspaces/ros2_ws_dev/install/mbit_interfaces/include/mbit_interfaces/mbit_interfaces/msg/rosidl_typesupport_fastrtps_cpp__visibility_control.h
[2.079s] -- Up-to-date: /home/martin/ros2_workspaces/ros2_ws_dev/install/mbit_interfaces/lib/libmbit_interfaces__rosidl_typesupport_fastrtps_cpp.so
[2.079s] -- Up-to-date: /home/martin/ros2_workspaces/ros2_ws_dev/install/mbit_interfaces/include/mbit_interfaces/mbit_interfaces
[2.079s] -- Up-to-date: /home/martin/ros2_workspaces/ros2_ws_dev/install/mbit_interfaces/include/mbit_interfaces/mbit_interfaces/srv
[2.079s] -- Up-to-date: /home/martin/ros2_workspaces/ros2_ws_dev/install/mbit_interfaces/include/mbit_interfaces/mbit_interfaces/srv/detail
[2.079s] -- Up-to-date: /home/martin/ros2_workspaces/ros2_ws_dev/install/mbit_interfaces/include/mbit_interfaces/mbit_interfaces/srv/detail/head_state__rosidl_typesupport_introspection_cpp.hpp
[2.079s] -- Up-to-date: /home/martin/ros2_workspaces/ros2_ws_dev/install/mbit_interfaces/include/mbit_interfaces/mbit_interfaces/srv/detail/head_state__type_support.cpp
[2.080s] -- Up-to-date: /home/martin/ros2_workspaces/ros2_ws_dev/install/mbit_interfaces/lib/libmbit_interfaces__rosidl_typesupport_introspection_cpp.so
[2.080s] -- Up-to-date: /home/martin/ros2_workspaces/ros2_ws_dev/install/mbit_interfaces/lib/libmbit_interfaces__rosidl_typesupport_cpp.so
[2.080s] -- Up-to-date: /home/martin/ros2_workspaces/ros2_ws_dev/install/mbit_interfaces/share/mbit_interfaces/environment/pythonpath.sh
[2.080s] -- Up-to-date: /home/martin/ros2_workspaces/ros2_ws_dev/install/mbit_interfaces/share/mbit_interfaces/environment/pythonpath.dsv
[2.080s] -- Up-to-date: /home/martin/ros2_workspaces/ros2_ws_dev/install/mbit_interfaces/local/lib/python3.10/dist-packages/mbit_interfaces-0.0.0-py3.10.egg-info
[2.080s] -- Installing: /home/martin/ros2_workspaces/ros2_ws_dev/install/mbit_interfaces/local/lib/python3.10/dist-packages/mbit_interfaces-0.0.0-py3.10.egg-info/dependency_links.txt
[2.080s] -- Installing: /home/martin/ros2_workspaces/ros2_ws_dev/install/mbit_interfaces/local/lib/python3.10/dist-packages/mbit_interfaces-0.0.0-py3.10.egg-info/SOURCES.txt
[2.081s] -- Installing: /home/martin/ros2_workspaces/ros2_ws_dev/install/mbit_interfaces/local/lib/python3.10/dist-packages/mbit_interfaces-0.0.0-py3.10.egg-info/PKG-INFO
[2.081s] -- Installing: /home/martin/ros2_workspaces/ros2_ws_dev/install/mbit_interfaces/local/lib/python3.10/dist-packages/mbit_interfaces-0.0.0-py3.10.egg-info/top_level.txt
[2.081s] -- Up-to-date: /home/martin/ros2_workspaces/ros2_ws_dev/install/mbit_interfaces/local/lib/python3.10/dist-packages/mbit_interfaces
[2.081s] -- Up-to-date: /home/martin/ros2_workspaces/ros2_ws_dev/install/mbit_interfaces/local/lib/python3.10/dist-packages/mbit_interfaces/srv
[2.081s] -- Up-to-date: /home/martin/ros2_workspaces/ros2_ws_dev/install/mbit_interfaces/local/lib/python3.10/dist-packages/mbit_interfaces/srv/_head_state.py
[2.081s] -- Up-to-date: /home/martin/ros2_workspaces/ros2_ws_dev/install/mbit_interfaces/local/lib/python3.10/dist-packages/mbit_interfaces/srv/_head_state_s.c
[2.082s] -- Up-to-date: /home/martin/ros2_workspaces/ros2_ws_dev/install/mbit_interfaces/local/lib/python3.10/dist-packages/mbit_interfaces/srv/__init__.py
[2.082s] -- Up-to-date: /home/martin/ros2_workspaces/ros2_ws_dev/install/mbit_interfaces/local/lib/python3.10/dist-packages/mbit_interfaces/mbit_interfaces_s__rosidl_typesupport_introspection_c.cpython-310-x86_64-linux-gnu.so
[2.082s] -- Up-to-date: /home/martin/ros2_workspaces/ros2_ws_dev/install/mbit_interfaces/local/lib/python3.10/dist-packages/mbit_interfaces/mbit_interfaces_s__rosidl_typesupport_fastrtps_c.cpython-310-x86_64-linux-gnu.so
[2.082s] -- Up-to-date: /home/martin/ros2_workspaces/ros2_ws_dev/install/mbit_interfaces/local/lib/python3.10/dist-packages/mbit_interfaces/libmbit_interfaces__rosidl_generator_py.so
[2.082s] -- Up-to-date: /home/martin/ros2_workspaces/ros2_ws_dev/install/mbit_interfaces/local/lib/python3.10/dist-packages/mbit_interfaces/mbit_interfaces_s__rosidl_typesupport_c.cpython-310-x86_64-linux-gnu.so
[2.082s] -- Up-to-date: /home/martin/ros2_workspaces/ros2_ws_dev/install/mbit_interfaces/local/lib/python3.10/dist-packages/mbit_interfaces/_mbit_interfaces_s.ep.rosidl_typesupport_fastrtps_c.c
[2.082s] -- Up-to-date: /home/martin/ros2_workspaces/ros2_ws_dev/install/mbit_interfaces/local/lib/python3.10/dist-packages/mbit_interfaces/_mbit_interfaces_s.ep.rosidl_typesupport_c.c
[2.083s] -- Up-to-date: /home/martin/ros2_workspaces/ros2_ws_dev/install/mbit_interfaces/local/lib/python3.10/dist-packages/mbit_interfaces/_mbit_interfaces_s.ep.rosidl_typesupport_introspection_c.c
[2.083s] -- Up-to-date: /home/martin/ros2_workspaces/ros2_ws_dev/install/mbit_interfaces/local/lib/python3.10/dist-packages/mbit_interfaces/__init__.py
[2.141s] Listing '/home/martin/ros2_workspaces/ros2_ws_dev/install/mbit_interfaces/local/lib/python3.10/dist-packages/mbit_interfaces'...
[2.141s] Listing '/home/martin/ros2_workspaces/ros2_ws_dev/install/mbit_interfaces/local/lib/python3.10/dist-packages/mbit_interfaces/srv'...
[2.149s] -- Up-to-date: /home/martin/ros2_workspaces/ros2_ws_dev/install/mbit_interfaces/local/lib/python3.10/dist-packages/mbit_interfaces/mbit_interfaces_s__rosidl_typesupport_fastrtps_c.cpython-310-x86_64-linux-gnu.so
[2.149s] -- Up-to-date: /home/martin/ros2_workspaces/ros2_ws_dev/install/mbit_interfaces/local/lib/python3.10/dist-packages/mbit_interfaces/mbit_interfaces_s__rosidl_typesupport_introspection_c.cpython-310-x86_64-linux-gnu.so
[2.150s] -- Up-to-date: /home/martin/ros2_workspaces/ros2_ws_dev/install/mbit_interfaces/local/lib/python3.10/dist-packages/mbit_interfaces/mbit_interfaces_s__rosidl_typesupport_c.cpython-310-x86_64-linux-gnu.so
[2.151s] -- Up-to-date: /home/martin/ros2_workspaces/ros2_ws_dev/install/mbit_interfaces/lib/libmbit_interfaces__rosidl_generator_py.so
[2.152s] -- Up-to-date: /home/martin/ros2_workspaces/ros2_ws_dev/install/mbit_interfaces/share/mbit_interfaces/srv/HeadState.idl
[2.154s] -- Up-to-date: /home/martin/ros2_workspaces/ros2_ws_dev/install/mbit_interfaces/share/mbit_interfaces/srv/HeadState.srv
[2.156s] -- Up-to-date: /home/martin/ros2_workspaces/ros2_ws_dev/install/mbit_interfaces/share/mbit_interfaces/srv/HeadState_Request.msg
[2.156s] -- Up-to-date: /home/martin/ros2_workspaces/ros2_ws_dev/install/mbit_interfaces/share/mbit_interfaces/srv/HeadState_Response.msg
[2.156s] -- Up-to-date: /home/martin/ros2_workspaces/ros2_ws_dev/install/mbit_interfaces/share/ament_index/resource_index/package_run_dependencies/mbit_interfaces
[2.156s] -- Up-to-date: /home/martin/ros2_workspaces/ros2_ws_dev/install/mbit_interfaces/share/ament_index/resource_index/parent_prefix_path/mbit_interfaces
[2.156s] -- Up-to-date: /home/martin/ros2_workspaces/ros2_ws_dev/install/mbit_interfaces/share/mbit_interfaces/environment/ament_prefix_path.sh
[2.156s] -- Up-to-date: /home/martin/ros2_workspaces/ros2_ws_dev/install/mbit_interfaces/share/mbit_interfaces/environment/ament_prefix_path.dsv
[2.156s] -- Up-to-date: /home/martin/ros2_workspaces/ros2_ws_dev/install/mbit_interfaces/share/mbit_interfaces/environment/path.sh
[2.157s] -- Up-to-date: /home/martin/ros2_workspaces/ros2_ws_dev/install/mbit_interfaces/share/mbit_interfaces/environment/path.dsv
[2.159s] -- Up-to-date: /home/martin/ros2_workspaces/ros2_ws_dev/install/mbit_interfaces/share/mbit_interfaces/local_setup.bash
[2.159s] -- Up-to-date: /home/martin/ros2_workspaces/ros2_ws_dev/install/mbit_interfaces/share/mbit_interfaces/local_setup.sh
[2.159s] -- Up-to-date: /home/martin/ros2_workspaces/ros2_ws_dev/install/mbit_interfaces/share/mbit_interfaces/local_setup.zsh
[2.159s] -- Up-to-date: /home/martin/ros2_workspaces/ros2_ws_dev/install/mbit_interfaces/share/mbit_interfaces/local_setup.dsv
[2.159s] -- Installing: /home/martin/ros2_workspaces/ros2_ws_dev/install/mbit_interfaces/share/mbit_interfaces/package.dsv
[2.159s] -- Up-to-date: /home/martin/ros2_workspaces/ros2_ws_dev/install/mbit_interfaces/share/ament_index/resource_index/packages/mbit_interfaces
[2.159s] -- Up-to-date: /home/martin/ros2_workspaces/ros2_ws_dev/install/mbit_interfaces/share/mbit_interfaces/cmake/export_mbit_interfaces__rosidl_generator_cExport.cmake
[2.159s] -- Up-to-date: /home/martin/ros2_workspaces/ros2_ws_dev/install/mbit_interfaces/share/mbit_interfaces/cmake/export_mbit_interfaces__rosidl_generator_cExport-noconfig.cmake
[2.159s] -- Up-to-date: /home/martin/ros2_workspaces/ros2_ws_dev/install/mbit_interfaces/share/mbit_interfaces/cmake/export_mbit_interfaces__rosidl_typesupport_fastrtps_cExport.cmake
[2.160s] -- Up-to-date: /home/martin/ros2_workspaces/ros2_ws_dev/install/mbit_interfaces/share/mbit_interfaces/cmake/export_mbit_interfaces__rosidl_typesupport_fastrtps_cExport-noconfig.cmake
[2.160s] -- Up-to-date: /home/martin/ros2_workspaces/ros2_ws_dev/install/mbit_interfaces/share/mbit_interfaces/cmake/mbit_interfaces__rosidl_typesupport_introspection_cExport.cmake
[2.160s] -- Up-to-date: /home/martin/ros2_workspaces/ros2_ws_dev/install/mbit_interfaces/share/mbit_interfaces/cmake/mbit_interfaces__rosidl_typesupport_introspection_cExport-noconfig.cmake
[2.160s] -- Up-to-date: /home/martin/ros2_workspaces/ros2_ws_dev/install/mbit_interfaces/share/mbit_interfaces/cmake/mbit_interfaces__rosidl_typesupport_cExport.cmake
[2.160s] -- Up-to-date: /home/martin/ros2_workspaces/ros2_ws_dev/install/mbit_interfaces/share/mbit_interfaces/cmake/mbit_interfaces__rosidl_typesupport_cExport-noconfig.cmake
[2.160s] -- Up-to-date: /home/martin/ros2_workspaces/ros2_ws_dev/install/mbit_interfaces/share/mbit_interfaces/cmake/export_mbit_interfaces__rosidl_generator_cppExport.cmake
[2.160s] -- Up-to-date: /home/martin/ros2_workspaces/ros2_ws_dev/install/mbit_interfaces/share/mbit_interfaces/cmake/export_mbit_interfaces__rosidl_typesupport_fastrtps_cppExport.cmake
[2.160s] -- Up-to-date: /home/martin/ros2_workspaces/ros2_ws_dev/install/mbit_interfaces/share/mbit_interfaces/cmake/export_mbit_interfaces__rosidl_typesupport_fastrtps_cppExport-noconfig.cmake
[2.161s] -- Up-to-date: /home/martin/ros2_workspaces/ros2_ws_dev/install/mbit_interfaces/share/mbit_interfaces/cmake/mbit_interfaces__rosidl_typesupport_introspection_cppExport.cmake
[2.161s] -- Up-to-date: /home/martin/ros2_workspaces/ros2_ws_dev/install/mbit_interfaces/share/mbit_interfaces/cmake/mbit_interfaces__rosidl_typesupport_introspection_cppExport-noconfig.cmake
[2.161s] -- Up-to-date: /home/martin/ros2_workspaces/ros2_ws_dev/install/mbit_interfaces/share/mbit_interfaces/cmake/mbit_interfaces__rosidl_typesupport_cppExport.cmake
[2.161s] -- Up-to-date: /home/martin/ros2_workspaces/ros2_ws_dev/install/mbit_interfaces/share/mbit_interfaces/cmake/mbit_interfaces__rosidl_typesupport_cppExport-noconfig.cmake
[2.161s] -- Up-to-date: /home/martin/ros2_workspaces/ros2_ws_dev/install/mbit_interfaces/share/mbit_interfaces/cmake/export_mbit_interfaces__rosidl_generator_pyExport.cmake
[2.161s] -- Up-to-date: /home/martin/ros2_workspaces/ros2_ws_dev/install/mbit_interfaces/share/mbit_interfaces/cmake/export_mbit_interfaces__rosidl_generator_pyExport-noconfig.cmake
[2.161s] -- Up-to-date: /home/martin/ros2_workspaces/ros2_ws_dev/install/mbit_interfaces/share/mbit_interfaces/cmake/rosidl_cmake-extras.cmake
[2.161s] -- Up-to-date: /home/martin/ros2_workspaces/ros2_ws_dev/install/mbit_interfaces/share/mbit_interfaces/cmake/ament_cmake_export_include_directories-extras.cmake
[2.171s] -- Up-to-date: /home/martin/ros2_workspaces/ros2_ws_dev/install/mbit_interfaces/share/mbit_interfaces/cmake/ament_cmake_export_libraries-extras.cmake
[2.171s] -- Up-to-date: /home/martin/ros2_workspaces/ros2_ws_dev/install/mbit_interfaces/share/mbit_interfaces/cmake/ament_cmake_export_targets-extras.cmake
[2.171s] -- Up-to-date: /home/martin/ros2_workspaces/ros2_ws_dev/install/mbit_interfaces/share/mbit_interfaces/cmake/rosidl_cmake_export_typesupport_targets-extras.cmake
[2.171s] -- Up-to-date: /home/martin/ros2_workspaces/ros2_ws_dev/install/mbit_interfaces/share/mbit_interfaces/cmake/ament_cmake_export_dependencies-extras.cmake
[2.171s] -- Up-to-date: /home/martin/ros2_workspaces/ros2_ws_dev/install/mbit_interfaces/share/mbit_interfaces/cmake/rosidl_cmake_export_typesupport_libraries-extras.cmake
[2.171s] -- Up-to-date: /home/martin/ros2_workspaces/ros2_ws_dev/install/mbit_interfaces/share/mbit_interfaces/cmake/mbit_interfacesConfig.cmake
[2.171s] -- Up-to-date: /home/martin/ros2_workspaces/ros2_ws_dev/install/mbit_interfaces/share/mbit_interfaces/cmake/mbit_interfacesConfig-version.cmake
[2.172s] -- Up-to-date: /home/martin/ros2_workspaces/ros2_ws_dev/install/mbit_interfaces/share/mbit_interfaces/package.xml
[2.172s] Invoked command in '/home/martin/ros2_workspaces/ros2_ws_dev/build/mbit_interfaces' returned '0': CMAKE_PREFIX_PATH=/opt/ros/humble /usr/bin/cmake --install /home/martin/ros2_workspaces/ros2_ws_dev/build/mbit_interfaces
