[0.031s] Invoking command in '/home/martin/ros2_workspaces/ros2_ws_dev/build/cpp_srvcli': CMAKE_PREFIX_PATH=/opt/ros/humble /usr/bin/cmake --build /home/martin/ros2_workspaces/ros2_ws_dev/build/cpp_srvcli -- -j2 -l2
[0.225s] [ 50%] Built target server
[0.230s] [100%] Built target client
[0.255s] Invoked command in '/home/martin/ros2_workspaces/ros2_ws_dev/build/cpp_srvcli' returned '0': CMAKE_PREFIX_PATH=/opt/ros/humble /usr/bin/cmake --build /home/martin/ros2_workspaces/ros2_ws_dev/build/cpp_srvcli -- -j2 -l2
[0.349s] Invoking command in '/home/martin/ros2_workspaces/ros2_ws_dev/build/cpp_srvcli': CMAKE_PREFIX_PATH=/opt/ros/humble /usr/bin/cmake --install /home/martin/ros2_workspaces/ros2_ws_dev/build/cpp_srvcli
[0.370s] -- Install configuration: ""
[0.380s] -- Up-to-date: /home/martin/ros2_workspaces/ros2_ws_dev/install/cpp_srvcli/lib/cpp_srvcli/server
[0.386s] -- Up-to-date: /home/martin/ros2_workspaces/ros2_ws_dev/install/cpp_srvcli/lib/cpp_srvcli/client
[0.392s] -- Up-to-date: /home/martin/ros2_workspaces/ros2_ws_dev/install/cpp_srvcli/share/ament_index/resource_index/package_run_dependencies/cpp_srvcli
[0.393s] -- Up-to-date: /home/martin/ros2_workspaces/ros2_ws_dev/install/cpp_srvcli/share/ament_index/resource_index/parent_prefix_path/cpp_srvcli
[0.396s] -- Up-to-date: /home/martin/ros2_workspaces/ros2_ws_dev/install/cpp_srvcli/share/cpp_srvcli/environment/ament_prefix_path.sh
[0.397s] -- Up-to-date: /home/martin/ros2_workspaces/ros2_ws_dev/install/cpp_srvcli/share/cpp_srvcli/environment/ament_prefix_path.dsv
[0.397s] -- Up-to-date: /home/martin/ros2_workspaces/ros2_ws_dev/install/cpp_srvcli/share/cpp_srvcli/environment/path.sh
[0.397s] -- Up-to-date: /home/martin/ros2_workspaces/ros2_ws_dev/install/cpp_srvcli/share/cpp_srvcli/environment/path.dsv
[0.397s] -- Up-to-date: /home/martin/ros2_workspaces/ros2_ws_dev/install/cpp_srvcli/share/cpp_srvcli/local_setup.bash
[0.398s] -- Up-to-date: /home/martin/ros2_workspaces/ros2_ws_dev/install/cpp_srvcli/share/cpp_srvcli/local_setup.sh
[0.398s] -- Up-to-date: /home/martin/ros2_workspaces/ros2_ws_dev/install/cpp_srvcli/share/cpp_srvcli/local_setup.zsh
[0.398s] -- Up-to-date: /home/martin/ros2_workspaces/ros2_ws_dev/install/cpp_srvcli/share/cpp_srvcli/local_setup.dsv
[0.398s] -- Installing: /home/martin/ros2_workspaces/ros2_ws_dev/install/cpp_srvcli/share/cpp_srvcli/package.dsv
[0.400s] -- Up-to-date: /home/martin/ros2_workspaces/ros2_ws_dev/install/cpp_srvcli/share/ament_index/resource_index/packages/cpp_srvcli
[0.401s] -- Up-to-date: /home/martin/ros2_workspaces/ros2_ws_dev/install/cpp_srvcli/share/cpp_srvcli/cmake/cpp_srvcliConfig.cmake
[0.401s] -- Up-to-date: /home/martin/ros2_workspaces/ros2_ws_dev/install/cpp_srvcli/share/cpp_srvcli/cmake/cpp_srvcliConfig-version.cmake
[0.402s] -- Up-to-date: /home/martin/ros2_workspaces/ros2_ws_dev/install/cpp_srvcli/share/cpp_srvcli/package.xml
[0.412s] Invoked command in '/home/martin/ros2_workspaces/ros2_ws_dev/build/cpp_srvcli' returned '0': CMAKE_PREFIX_PATH=/opt/ros/humble /usr/bin/cmake --install /home/martin/ros2_workspaces/ros2_ws_dev/build/cpp_srvcli
