[0.063s] Invoking command in '/home/martin/ros2_workspaces/ros2_ws_dev/build/more_interfaces': CMAKE_PREFIX_PATH=/opt/ros/humble /usr/bin/cmake --build /home/martin/ros2_workspaces/ros2_ws_dev/build/more_interfaces -- -j2 -l2
[0.554s] [  2%] Built target more_interfaces__cpp
[0.712s] [ 11%] Built target more_interfaces__rosidl_generator_c
[0.848s] [ 11%] Built target ament_cmake_python_copy_more_interfaces
[0.993s] [ 20%] Built target more_interfaces__rosidl_typesupport_cpp
[1.123s] [ 28%] Built target more_interfaces__rosidl_typesupport_fastrtps_c
[1.230s] [ 37%] Built target more_interfaces__rosidl_typesupport_fastrtps_cpp
[1.330s] [ 45%] Built target more_interfaces__rosidl_typesupport_introspection_c
[1.431s] [ 54%] Built target more_interfaces__rosidl_typesupport_c
[1.546s] [ 62%] Built target more_interfaces__rosidl_typesupport_introspection_cpp
[2.019s] running egg_info
[2.021s] writing more_interfaces.egg-info/PKG-INFO
[2.023s] writing dependency_links to more_interfaces.egg-info/dependency_links.txt
[2.023s] writing top-level names to more_interfaces.egg-info/top_level.txt
[2.031s] reading manifest file 'more_interfaces.egg-info/SOURCES.txt'
[2.033s] writing manifest file 'more_interfaces.egg-info/SOURCES.txt'
[2.082s] [ 62%] Built target ament_cmake_python_build_more_interfaces_egg
[2.243s] [ 68%] Built target publish_address_book
[2.292s] [35m[1mConsolidate compiler generated dependencies of target subscribe_address_book[0m
[2.340s] [ 71%] [32mBuilding CXX object CMakeFiles/subscribe_address_book.dir/src/subscribe_address_book.cpp.o[0m
[12.734s] [01m[K/home/martin/ros2_workspaces/ros2_ws_dev/src/more_interfaces/src/subscribe_address_book.cpp:[m[K In constructor ‘[01m[KAddressBookSubscriber::AddressBookSubscriber()[m[K’:
[12.734s] [01m[K/home/martin/ros2_workspaces/ros2_ws_dev/src/more_interfaces/src/subscribe_address_book.cpp:16:116:[m[K [01;31m[Kerror: [m[K‘[01m[K_1[m[K’ was not declared in this scope; did you mean ‘[01m[Kstd::placeholders::_1[m[K’?
[12.734s]    16 |                                 "address_book", 10, std::bind(&AddressBookSubscriber::address_book_callback, this, [01;31m[K_1[m[K));
[12.734s]       |                                                                                                                    [01;31m[K^~[m[K
[12.734s]       |                                                                                                                    [32m[Kstd::placeholders::_1[m[K
[12.736s] In file included from [01m[K/home/martin/ros2_workspaces/ros2_ws_dev/src/more_interfaces/src/subscribe_address_book.cpp:1[m[K:
[12.736s] [01m[K/usr/include/c++/11/functional:225:34:[m[K [01;36m[Knote: [m[K‘[01m[Kstd::placeholders::_1[m[K’ declared here
[12.736s]   225 |     extern const _Placeholder<1> [01;36m[K_1[m[K;
[12.736s]       |                                  [01;36m[K^~[m[K
[12.741s] In file included from [01m[K/opt/ros/humble/include/rclcpp/rclcpp/logging.hpp:24[m[K,
[12.741s]                  from [01m[K/opt/ros/humble/include/rclcpp/rclcpp/client.hpp:40[m[K,
[12.742s]                  from [01m[K/opt/ros/humble/include/rclcpp/rclcpp/callback_group.hpp:23[m[K,
[12.742s]                  from [01m[K/opt/ros/humble/include/rclcpp/rclcpp/any_executable.hpp:20[m[K,
[12.742s]                  from [01m[K/opt/ros/humble/include/rclcpp/rclcpp/memory_strategy.hpp:25[m[K,
[12.742s]                  from [01m[K/opt/ros/humble/include/rclcpp/rclcpp/memory_strategies.hpp:18[m[K,
[12.742s]                  from [01m[K/opt/ros/humble/include/rclcpp/rclcpp/executor_options.hpp:20[m[K,
[12.742s]                  from [01m[K/opt/ros/humble/include/rclcpp/rclcpp/executor.hpp:37[m[K,
[12.742s]                  from [01m[K/opt/ros/humble/include/rclcpp/rclcpp/executors/multi_threaded_executor.hpp:25[m[K,
[12.743s]                  from [01m[K/opt/ros/humble/include/rclcpp/rclcpp/executors.hpp:21[m[K,
[12.743s]                  from [01m[K/opt/ros/humble/include/rclcpp/rclcpp/rclcpp.hpp:155[m[K,
[12.743s]                  from [01m[K/home/martin/ros2_workspaces/ros2_ws_dev/src/more_interfaces/src/subscribe_address_book.cpp:4[m[K:
[12.743s] [01m[K/home/martin/ros2_workspaces/ros2_ws_dev/src/more_interfaces/src/subscribe_address_book.cpp:[m[K In member function ‘[01m[Kvoid AddressBookSubscriber::address_book_callback(const AddressBook&) const[m[K’:
[12.744s] [01m[K/home/martin/ros2_workspaces/ros2_ws_dev/src/more_interfaces/src/subscribe_address_book.cpp:22:78:[m[K [01;31m[Kerror: [m[Kno match for ‘[01m[Koperator<<[m[K’ (operand types are ‘[01m[Kconst char [11][m[K’ and ‘[01m[Kconst _first_name_type[m[K’ {aka ‘[01m[Kconst std::__cxx11::basic_string<char>[m[K’})
[12.744s]    22 |                                 RCLCPP_INFO(this->get_logger(), [32m[K"I heard: '"[m[K [01;31m[K<<[m[K [34m[Kmsg.first_name[m[K << " " << msg.last_name << "'");
[12.744s]       |                                                                 [32m[K~~~~~~~~~~~~[m[K [01;31m[K^~[m[K [34m[K~~~~~~~~~~~~~~[m[K
[12.744s]       |                                                                 [32m[K|[m[K                   [34m[K|[m[K
[12.744s]       |                                                                 [32m[Kconst char [11][m[K     [34m[Kconst _first_name_type {aka const std::__cxx11::basic_string<char>}[m[K
[12.749s] In file included from [01m[K/usr/include/c++/11/memory:77[m[K,
[12.749s]                  from [01m[K/home/martin/ros2_workspaces/ros2_ws_dev/src/more_interfaces/src/subscribe_address_book.cpp:2[m[K:
[12.750s] [01m[K/usr/include/c++/11/bits/shared_ptr.h:70:5:[m[K [01;36m[Knote: [m[Kcandidate: ‘[01m[Ktemplate<class _Ch, class _Tr, class _Tp, __gnu_cxx::_Lock_policy _Lp> std::basic_ostream<_Ch, _Tr>& std::operator<<(std::basic_ostream<_Ch, _Tr>&, const std::__shared_ptr<_Tp, _Lp>&)[m[K’
[12.750s]    70 |     [01;36m[Koperator[m[K<<(std::basic_ostream<_Ch, _Tr>& __os,
[12.750s]       |     [01;36m[K^~~~~~~~[m[K
[12.750s] [01m[K/usr/include/c++/11/bits/shared_ptr.h:70:5:[m[K [01;36m[Knote: [m[K  template argument deduction/substitution failed:
[12.750s] In file included from [01m[K/opt/ros/humble/include/rclcpp/rclcpp/logging.hpp:24[m[K,
[12.750s]                  from [01m[K/opt/ros/humble/include/rclcpp/rclcpp/client.hpp:40[m[K,
[12.750s]                  from [01m[K/opt/ros/humble/include/rclcpp/rclcpp/callback_group.hpp:23[m[K,
[12.750s]                  from [01m[K/opt/ros/humble/include/rclcpp/rclcpp/any_executable.hpp:20[m[K,
[12.750s]                  from [01m[K/opt/ros/humble/include/rclcpp/rclcpp/memory_strategy.hpp:25[m[K,
[12.751s]                  from [01m[K/opt/ros/humble/include/rclcpp/rclcpp/memory_strategies.hpp:18[m[K,
[12.751s]                  from [01m[K/opt/ros/humble/include/rclcpp/rclcpp/executor_options.hpp:20[m[K,
[12.751s]                  from [01m[K/opt/ros/humble/include/rclcpp/rclcpp/executor.hpp:37[m[K,
[12.751s]                  from [01m[K/opt/ros/humble/include/rclcpp/rclcpp/executors/multi_threaded_executor.hpp:25[m[K,
[12.751s]                  from [01m[K/opt/ros/humble/include/rclcpp/rclcpp/executors.hpp:21[m[K,
[12.751s]                  from [01m[K/opt/ros/humble/include/rclcpp/rclcpp/rclcpp.hpp:155[m[K,
[12.751s]                  from [01m[K/home/martin/ros2_workspaces/ros2_ws_dev/src/more_interfaces/src/subscribe_address_book.cpp:4[m[K:
[12.751s] [01m[K/home/martin/ros2_workspaces/ros2_ws_dev/src/more_interfaces/src/subscribe_address_book.cpp:22:85:[m[K [01;36m[Knote: [m[K  mismatched types ‘[01m[Kstd::basic_ostream<_Ch, _Tr>[m[K’ and ‘[01m[Kconst char [11][m[K’
[12.751s]    22 |                                 RCLCPP_INFO(this->get_logger(), "I heard: '" << msg.[01;36m[Kfirst_name[m[K << " " << msg.last_name << "'");
[12.751s]       |                                                                                     [01;36m[K^~~~~~~~~~[m[K
[12.752s] In file included from [01m[K/usr/include/c++/11/bits/basic_string.h:48[m[K,
[12.752s]                  from [01m[K/usr/include/c++/11/string:55[m[K,
[12.752s]                  from [01m[K/usr/include/c++/11/stdexcept:39[m[K,
[12.752s]                  from [01m[K/usr/include/c++/11/system_error:41[m[K,
[12.752s]                  from [01m[K/usr/include/c++/11/mutex:42[m[K,
[12.752s]                  from [01m[K/usr/include/c++/11/future:38[m[K,
[12.752s]                  from [01m[K/opt/ros/humble/include/rclcpp/rclcpp/executors.hpp:18[m[K,
[12.752s]                  from [01m[K/opt/ros/humble/include/rclcpp/rclcpp/rclcpp.hpp:155[m[K,
[12.752s]                  from [01m[K/home/martin/ros2_workspaces/ros2_ws_dev/src/more_interfaces/src/subscribe_address_book.cpp:4[m[K:
[12.753s] [01m[K/usr/include/c++/11/string_view:667:5:[m[K [01;36m[Knote: [m[Kcandidate: ‘[01m[Ktemplate<class _CharT, class _Traits> std::basic_ostream<_Ch, _Tr>& std::operator<<(std::basic_ostream<_Ch, _Tr>&, std::basic_string_view<_CharT, _Traits>)[m[K’
[12.753s]   667 |     [01;36m[Koperator[m[K<<(basic_ostream<_CharT, _Traits>& __os,
[12.753s]       |     [01;36m[K^~~~~~~~[m[K
[12.753s] [01m[K/usr/include/c++/11/string_view:667:5:[m[K [01;36m[Knote: [m[K  template argument deduction/substitution failed:
[12.753s] In file included from [01m[K/opt/ros/humble/include/rclcpp/rclcpp/logging.hpp:24[m[K,
[12.753s]                  from [01m[K/opt/ros/humble/include/rclcpp/rclcpp/client.hpp:40[m[K,
[12.753s]                  from [01m[K/opt/ros/humble/include/rclcpp/rclcpp/callback_group.hpp:23[m[K,
[12.753s]                  from [01m[K/opt/ros/humble/include/rclcpp/rclcpp/any_executable.hpp:20[m[K,
[12.753s]                  from [01m[K/opt/ros/humble/include/rclcpp/rclcpp/memory_strategy.hpp:25[m[K,
[12.753s]                  from [01m[K/opt/ros/humble/include/rclcpp/rclcpp/memory_strategies.hpp:18[m[K,
[12.754s]                  from [01m[K/opt/ros/humble/include/rclcpp/rclcpp/executor_options.hpp:20[m[K,
[12.754s]                  from [01m[K/opt/ros/humble/include/rclcpp/rclcpp/executor.hpp:37[m[K,
[12.754s]                  from [01m[K/opt/ros/humble/include/rclcpp/rclcpp/executors/multi_threaded_executor.hpp:25[m[K,
[12.754s]                  from [01m[K/opt/ros/humble/include/rclcpp/rclcpp/executors.hpp:21[m[K,
[12.754s]                  from [01m[K/opt/ros/humble/include/rclcpp/rclcpp/rclcpp.hpp:155[m[K,
[12.754s]                  from [01m[K/home/martin/ros2_workspaces/ros2_ws_dev/src/more_interfaces/src/subscribe_address_book.cpp:4[m[K:
[12.754s] [01m[K/home/martin/ros2_workspaces/ros2_ws_dev/src/more_interfaces/src/subscribe_address_book.cpp:22:85:[m[K [01;36m[Knote: [m[K  mismatched types ‘[01m[Kstd::basic_ostream<_Ch, _Tr>[m[K’ and ‘[01m[Kconst char [11][m[K’
[12.754s]    22 |                                 RCLCPP_INFO(this->get_logger(), "I heard: '" << msg.[01;36m[Kfirst_name[m[K << " " << msg.last_name << "'");
[12.754s]       |                                                                                     [01;36m[K^~~~~~~~~~[m[K
[12.764s] In file included from [01m[K/usr/include/c++/11/string:55[m[K,
[12.765s]                  from [01m[K/usr/include/c++/11/stdexcept:39[m[K,
[12.765s]                  from [01m[K/usr/include/c++/11/system_error:41[m[K,
[12.765s]                  from [01m[K/usr/include/c++/11/mutex:42[m[K,
[12.765s]                  from [01m[K/usr/include/c++/11/future:38[m[K,
[12.765s]                  from [01m[K/opt/ros/humble/include/rclcpp/rclcpp/executors.hpp:18[m[K,
[12.765s]                  from [01m[K/opt/ros/humble/include/rclcpp/rclcpp/rclcpp.hpp:155[m[K,
[12.765s]                  from [01m[K/home/martin/ros2_workspaces/ros2_ws_dev/src/more_interfaces/src/subscribe_address_book.cpp:4[m[K:
[12.765s] [01m[K/usr/include/c++/11/bits/basic_string.h:6531:5:[m[K [01;36m[Knote: [m[Kcandidate: ‘[01m[Ktemplate<class _CharT, class _Traits, class _Alloc> std::basic_ostream<_Ch, _Tr>& std::operator<<(std::basic_ostream<_Ch, _Tr>&, const std::__cxx11::basic_string<_CharT, _Traits, _Allocator>&)[m[K’
[12.766s]  6531 |     [01;36m[Koperator[m[K<<(basic_ostream<_CharT, _Traits>& __os,
[12.766s]       |     [01;36m[K^~~~~~~~[m[K
[12.766s] [01m[K/usr/include/c++/11/bits/basic_string.h:6531:5:[m[K [01;36m[Knote: [m[K  template argument deduction/substitution failed:
[12.766s] In file included from [01m[K/opt/ros/humble/include/rclcpp/rclcpp/logging.hpp:24[m[K,
[12.766s]                  from [01m[K/opt/ros/humble/include/rclcpp/rclcpp/client.hpp:40[m[K,
[12.766s]                  from [01m[K/opt/ros/humble/include/rclcpp/rclcpp/callback_group.hpp:23[m[K,
[12.766s]                  from [01m[K/opt/ros/humble/include/rclcpp/rclcpp/any_executable.hpp:20[m[K,
[12.766s]                  from [01m[K/opt/ros/humble/include/rclcpp/rclcpp/memory_strategy.hpp:25[m[K,
[12.766s]                  from [01m[K/opt/ros/humble/include/rclcpp/rclcpp/memory_strategies.hpp:18[m[K,
[12.766s]                  from [01m[K/opt/ros/humble/include/rclcpp/rclcpp/executor_options.hpp:20[m[K,
[12.766s]                  from [01m[K/opt/ros/humble/include/rclcpp/rclcpp/executor.hpp:37[m[K,
[12.767s]                  from [01m[K/opt/ros/humble/include/rclcpp/rclcpp/executors/multi_threaded_executor.hpp:25[m[K,
[12.767s]                  from [01m[K/opt/ros/humble/include/rclcpp/rclcpp/executors.hpp:21[m[K,
[12.767s]                  from [01m[K/opt/ros/humble/include/rclcpp/rclcpp/rclcpp.hpp:155[m[K,
[12.767s]                  from [01m[K/home/martin/ros2_workspaces/ros2_ws_dev/src/more_interfaces/src/subscribe_address_book.cpp:4[m[K:
[12.767s] [01m[K/home/martin/ros2_workspaces/ros2_ws_dev/src/more_interfaces/src/subscribe_address_book.cpp:22:85:[m[K [01;36m[Knote: [m[K  mismatched types ‘[01m[Kstd::basic_ostream<_Ch, _Tr>[m[K’ and ‘[01m[Kconst char [11][m[K’
[12.767s]    22 |                                 RCLCPP_INFO(this->get_logger(), "I heard: '" << msg.[01;36m[Kfirst_name[m[K << " " << msg.last_name << "'");
[12.767s]       |                                                                                     [01;36m[K^~~~~~~~~~[m[K
[12.767s] In file included from [01m[K/usr/include/c++/11/mutex:42[m[K,
[12.767s]                  from [01m[K/usr/include/c++/11/future:38[m[K,
[12.768s]                  from [01m[K/opt/ros/humble/include/rclcpp/rclcpp/executors.hpp:18[m[K,
[12.768s]                  from [01m[K/opt/ros/humble/include/rclcpp/rclcpp/rclcpp.hpp:155[m[K,
[12.768s]                  from [01m[K/home/martin/ros2_workspaces/ros2_ws_dev/src/more_interfaces/src/subscribe_address_book.cpp:4[m[K:
[12.768s] [01m[K/usr/include/c++/11/system_error:279:5:[m[K [01;36m[Knote: [m[Kcandidate: ‘[01m[Ktemplate<class _CharT, class _Traits> std::basic_ostream<_Ch, _Tr>& std::operator<<(std::basic_ostream<_Ch, _Tr>&, const std::error_code&)[m[K’
[12.768s]   279 |     [01;36m[Koperator[m[K<<(basic_ostream<_CharT, _Traits>& __os, const error_code& __e)
[12.768s]       |     [01;36m[K^~~~~~~~[m[K
[12.768s] [01m[K/usr/include/c++/11/system_error:279:5:[m[K [01;36m[Knote: [m[K  template argument deduction/substitution failed:
[12.768s] In file included from [01m[K/opt/ros/humble/include/rclcpp/rclcpp/logging.hpp:24[m[K,
[12.768s]                  from [01m[K/opt/ros/humble/include/rclcpp/rclcpp/client.hpp:40[m[K,
[12.769s]                  from [01m[K/opt/ros/humble/include/rclcpp/rclcpp/callback_group.hpp:23[m[K,
[12.769s]                  from [01m[K/opt/ros/humble/include/rclcpp/rclcpp/any_executable.hpp:20[m[K,
[12.769s]                  from [01m[K/opt/ros/humble/include/rclcpp/rclcpp/memory_strategy.hpp:25[m[K,
[12.769s]                  from [01m[K/opt/ros/humble/include/rclcpp/rclcpp/memory_strategies.hpp:18[m[K,
[12.769s]                  from [01m[K/opt/ros/humble/include/rclcpp/rclcpp/executor_options.hpp:20[m[K,
[12.769s]                  from [01m[K/opt/ros/humble/include/rclcpp/rclcpp/executor.hpp:37[m[K,
[12.769s]                  from [01m[K/opt/ros/humble/include/rclcpp/rclcpp/executors/multi_threaded_executor.hpp:25[m[K,
[12.769s]                  from [01m[K/opt/ros/humble/include/rclcpp/rclcpp/executors.hpp:21[m[K,
[12.769s]                  from [01m[K/opt/ros/humble/include/rclcpp/rclcpp/rclcpp.hpp:155[m[K,
[12.769s]                  from [01m[K/home/martin/ros2_workspaces/ros2_ws_dev/src/more_interfaces/src/subscribe_address_book.cpp:4[m[K:
[12.770s] [01m[K/home/martin/ros2_workspaces/ros2_ws_dev/src/more_interfaces/src/subscribe_address_book.cpp:22:85:[m[K [01;36m[Knote: [m[K  mismatched types ‘[01m[Kstd::basic_ostream<_Ch, _Tr>[m[K’ and ‘[01m[Kconst char [11][m[K’
[12.770s]    22 |                                 RCLCPP_INFO(this->get_logger(), "I heard: '" << msg.[01;36m[Kfirst_name[m[K << " " << msg.last_name << "'");
[12.770s]       |                                                                                     [01;36m[K^~~~~~~~~~[m[K
[12.770s] In file included from [01m[K/opt/ros/humble/include/rclcpp/rclcpp/executors/multi_threaded_executor.hpp:22[m[K,
[12.770s]                  from [01m[K/opt/ros/humble/include/rclcpp/rclcpp/executors.hpp:21[m[K,
[12.770s]                  from [01m[K/opt/ros/humble/include/rclcpp/rclcpp/rclcpp.hpp:155[m[K,
[12.770s]                  from [01m[K/home/martin/ros2_workspaces/ros2_ws_dev/src/more_interfaces/src/subscribe_address_book.cpp:4[m[K:
[12.770s] [01m[K/usr/include/c++/11/thread:92:5:[m[K [01;36m[Knote: [m[Kcandidate: ‘[01m[Ktemplate<class _CharT, class _Traits> std::basic_ostream<_Ch, _Tr>& std::operator<<(std::basic_ostream<_Ch, _Tr>&, std::thread::id)[m[K’
[12.770s]    92 |     [01;36m[Koperator[m[K<<(basic_ostream<_CharT, _Traits>& __out, thread::id __id)
[12.771s]       |     [01;36m[K^~~~~~~~[m[K
[12.771s] [01m[K/usr/include/c++/11/thread:92:5:[m[K [01;36m[Knote: [m[K  template argument deduction/substitution failed:
[12.771s] In file included from [01m[K/opt/ros/humble/include/rclcpp/rclcpp/logging.hpp:24[m[K,
[12.771s]                  from [01m[K/opt/ros/humble/include/rclcpp/rclcpp/client.hpp:40[m[K,
[12.771s]                  from [01m[K/opt/ros/humble/include/rclcpp/rclcpp/callback_group.hpp:23[m[K,
[12.771s]                  from [01m[K/opt/ros/humble/include/rclcpp/rclcpp/any_executable.hpp:20[m[K,
[12.771s]                  from [01m[K/opt/ros/humble/include/rclcpp/rclcpp/memory_strategy.hpp:25[m[K,
[12.771s]                  from [01m[K/opt/ros/humble/include/rclcpp/rclcpp/memory_strategies.hpp:18[m[K,
[12.775s]                  from [01m[K/opt/ros/humble/include/rclcpp/rclcpp/executor_options.hpp:20[m[K,
[12.775s]                  from [01m[K/opt/ros/humble/include/rclcpp/rclcpp/executor.hpp:37[m[K,
[12.775s]                  from [01m[K/opt/ros/humble/include/rclcpp/rclcpp/executors/multi_threaded_executor.hpp:25[m[K,
[12.776s]                  from [01m[K/opt/ros/humble/include/rclcpp/rclcpp/executors.hpp:21[m[K,
[12.776s]                  from [01m[K/opt/ros/humble/include/rclcpp/rclcpp/rclcpp.hpp:155[m[K,
[12.776s]                  from [01m[K/home/martin/ros2_workspaces/ros2_ws_dev/src/more_interfaces/src/subscribe_address_book.cpp:4[m[K:
[12.777s] [01m[K/home/martin/ros2_workspaces/ros2_ws_dev/src/more_interfaces/src/subscribe_address_book.cpp:22:85:[m[K [01;36m[Knote: [m[K  mismatched types ‘[01m[Kstd::basic_ostream<_Ch, _Tr>[m[K’ and ‘[01m[Kconst char [11][m[K’
[12.779s]    22 |                                 RCLCPP_INFO(this->get_logger(), "I heard: '" << msg.[01;36m[Kfirst_name[m[K << " " << msg.last_name << "'");
[12.779s]       |                                                                                     [01;36m[K^~~~~~~~~~[m[K
[12.779s] In file included from [01m[K/usr/include/c++/11/iostream:39[m[K,
[12.779s]                  from [01m[K/opt/ros/humble/include/rclcpp/rclcpp/executor.hpp:22[m[K,
[12.779s]                  from [01m[K/opt/ros/humble/include/rclcpp/rclcpp/executors/multi_threaded_executor.hpp:25[m[K,
[12.779s]                  from [01m[K/opt/ros/humble/include/rclcpp/rclcpp/executors.hpp:21[m[K,
[12.779s]                  from [01m[K/opt/ros/humble/include/rclcpp/rclcpp/rclcpp.hpp:155[m[K,
[12.779s]                  from [01m[K/home/martin/ros2_workspaces/ros2_ws_dev/src/more_interfaces/src/subscribe_address_book.cpp:4[m[K:
[12.780s] [01m[K/usr/include/c++/11/ostream:513:5:[m[K [01;36m[Knote: [m[Kcandidate: ‘[01m[Ktemplate<class _CharT, class _Traits> std::basic_ostream<_Ch, _Tr>& std::operator<<(std::basic_ostream<_Ch, _Tr>&, _CharT)[m[K’
[12.780s]   513 |     [01;36m[Koperator[m[K<<(basic_ostream<_CharT, _Traits>& __out, _CharT __c)
[12.780s]       |     [01;36m[K^~~~~~~~[m[K
[12.780s] [01m[K/usr/include/c++/11/ostream:513:5:[m[K [01;36m[Knote: [m[K  template argument deduction/substitution failed:
[12.780s] In file included from [01m[K/opt/ros/humble/include/rclcpp/rclcpp/logging.hpp:24[m[K,
[12.780s]                  from [01m[K/opt/ros/humble/include/rclcpp/rclcpp/client.hpp:40[m[K,
[12.780s]                  from [01m[K/opt/ros/humble/include/rclcpp/rclcpp/callback_group.hpp:23[m[K,
[12.780s]                  from [01m[K/opt/ros/humble/include/rclcpp/rclcpp/any_executable.hpp:20[m[K,
[12.780s]                  from [01m[K/opt/ros/humble/include/rclcpp/rclcpp/memory_strategy.hpp:25[m[K,
[12.781s]                  from [01m[K/opt/ros/humble/include/rclcpp/rclcpp/memory_strategies.hpp:18[m[K,
[12.781s]                  from [01m[K/opt/ros/humble/include/rclcpp/rclcpp/executor_options.hpp:20[m[K,
[12.781s]                  from [01m[K/opt/ros/humble/include/rclcpp/rclcpp/executor.hpp:37[m[K,
[12.781s]                  from [01m[K/opt/ros/humble/include/rclcpp/rclcpp/executors/multi_threaded_executor.hpp:25[m[K,
[12.781s]                  from [01m[K/opt/ros/humble/include/rclcpp/rclcpp/executors.hpp:21[m[K,
[12.781s]                  from [01m[K/opt/ros/humble/include/rclcpp/rclcpp/rclcpp.hpp:155[m[K,
[12.781s]                  from [01m[K/home/martin/ros2_workspaces/ros2_ws_dev/src/more_interfaces/src/subscribe_address_book.cpp:4[m[K:
[12.781s] [01m[K/home/martin/ros2_workspaces/ros2_ws_dev/src/more_interfaces/src/subscribe_address_book.cpp:22:85:[m[K [01;36m[Knote: [m[K  mismatched types ‘[01m[Kstd::basic_ostream<_Ch, _Tr>[m[K’ and ‘[01m[Kconst char [11][m[K’
[12.782s]    22 |                                 RCLCPP_INFO(this->get_logger(), "I heard: '" << msg.[01;36m[Kfirst_name[m[K << " " << msg.last_name << "'");
[12.782s]       |                                                                                     [01;36m[K^~~~~~~~~~[m[K
[12.782s] In file included from [01m[K/usr/include/c++/11/iostream:39[m[K,
[12.782s]                  from [01m[K/opt/ros/humble/include/rclcpp/rclcpp/executor.hpp:22[m[K,
[12.782s]                  from [01m[K/opt/ros/humble/include/rclcpp/rclcpp/executors/multi_threaded_executor.hpp:25[m[K,
[12.782s]                  from [01m[K/opt/ros/humble/include/rclcpp/rclcpp/executors.hpp:21[m[K,
[12.782s]                  from [01m[K/opt/ros/humble/include/rclcpp/rclcpp/rclcpp.hpp:155[m[K,
[12.782s]                  from [01m[K/home/martin/ros2_workspaces/ros2_ws_dev/src/more_interfaces/src/subscribe_address_book.cpp:4[m[K:
[12.782s] [01m[K/usr/include/c++/11/ostream:518:5:[m[K [01;36m[Knote: [m[Kcandidate: ‘[01m[Ktemplate<class _CharT, class _Traits> std::basic_ostream<_Ch, _Tr>& std::operator<<(std::basic_ostream<_Ch, _Tr>&, char)[m[K’
[12.783s]   518 |     [01;36m[Koperator[m[K<<(basic_ostream<_CharT, _Traits>& __out, char __c)
[12.783s]       |     [01;36m[K^~~~~~~~[m[K
[12.783s] [01m[K/usr/include/c++/11/ostream:518:5:[m[K [01;36m[Knote: [m[K  template argument deduction/substitution failed:
[12.783s] In file included from [01m[K/opt/ros/humble/include/rclcpp/rclcpp/logging.hpp:24[m[K,
[12.783s]                  from [01m[K/opt/ros/humble/include/rclcpp/rclcpp/client.hpp:40[m[K,
[12.783s]                  from [01m[K/opt/ros/humble/include/rclcpp/rclcpp/callback_group.hpp:23[m[K,
[12.783s]                  from [01m[K/opt/ros/humble/include/rclcpp/rclcpp/any_executable.hpp:20[m[K,
[12.783s]                  from [01m[K/opt/ros/humble/include/rclcpp/rclcpp/memory_strategy.hpp:25[m[K,
[12.784s]                  from [01m[K/opt/ros/humble/include/rclcpp/rclcpp/memory_strategies.hpp:18[m[K,
[12.784s]                  from [01m[K/opt/ros/humble/include/rclcpp/rclcpp/executor_options.hpp:20[m[K,
[12.784s]                  from [01m[K/opt/ros/humble/include/rclcpp/rclcpp/executor.hpp:37[m[K,
[12.784s]                  from [01m[K/opt/ros/humble/include/rclcpp/rclcpp/executors/multi_threaded_executor.hpp:25[m[K,
[12.784s]                  from [01m[K/opt/ros/humble/include/rclcpp/rclcpp/executors.hpp:21[m[K,
[12.784s]                  from [01m[K/opt/ros/humble/include/rclcpp/rclcpp/rclcpp.hpp:155[m[K,
[12.784s]                  from [01m[K/home/martin/ros2_workspaces/ros2_ws_dev/src/more_interfaces/src/subscribe_address_book.cpp:4[m[K:
[12.784s] [01m[K/home/martin/ros2_workspaces/ros2_ws_dev/src/more_interfaces/src/subscribe_address_book.cpp:22:85:[m[K [01;36m[Knote: [m[K  mismatched types ‘[01m[Kstd::basic_ostream<_Ch, _Tr>[m[K’ and ‘[01m[Kconst char [11][m[K’
[12.784s]    22 |                                 RCLCPP_INFO(this->get_logger(), "I heard: '" << msg.[01;36m[Kfirst_name[m[K << " " << msg.last_name << "'");
[12.784s]       |                                                                                     [01;36m[K^~~~~~~~~~[m[K
[12.784s] In file included from [01m[K/usr/include/c++/11/iostream:39[m[K,
[12.785s]                  from [01m[K/opt/ros/humble/include/rclcpp/rclcpp/executor.hpp:22[m[K,
[12.785s]                  from [01m[K/opt/ros/humble/include/rclcpp/rclcpp/executors/multi_threaded_executor.hpp:25[m[K,
[12.785s]                  from [01m[K/opt/ros/humble/include/rclcpp/rclcpp/executors.hpp:21[m[K,
[12.785s]                  from [01m[K/opt/ros/humble/include/rclcpp/rclcpp/rclcpp.hpp:155[m[K,
[12.805s]                  from [01m[K/home/martin/ros2_workspaces/ros2_ws_dev/src/more_interfaces/src/subscribe_address_book.cpp:4[m[K:
[12.806s] [01m[K/usr/include/c++/11/ostream:524:5:[m[K [01;36m[Knote: [m[Kcandidate: ‘[01m[Ktemplate<class _Traits> std::basic_ostream<char, _Traits>& std::operator<<(std::basic_ostream<char, _Traits>&, char)[m[K’
[12.807s]   524 |     [01;36m[Koperator[m[K<<(basic_ostream<char, _Traits>& __out, char __c)
[12.807s]       |     [01;36m[K^~~~~~~~[m[K
[12.809s] [01m[K/usr/include/c++/11/ostream:524:5:[m[K [01;36m[Knote: [m[K  template argument deduction/substitution failed:
[12.809s] In file included from [01m[K/opt/ros/humble/include/rclcpp/rclcpp/logging.hpp:24[m[K,
[12.809s]                  from [01m[K/opt/ros/humble/include/rclcpp/rclcpp/client.hpp:40[m[K,
[12.809s]                  from [01m[K/opt/ros/humble/include/rclcpp/rclcpp/callback_group.hpp:23[m[K,
[12.809s]                  from [01m[K/opt/ros/humble/include/rclcpp/rclcpp/any_executable.hpp:20[m[K,
[12.809s]                  from [01m[K/opt/ros/humble/include/rclcpp/rclcpp/memory_strategy.hpp:25[m[K,
[12.809s]                  from [01m[K/opt/ros/humble/include/rclcpp/rclcpp/memory_strategies.hpp:18[m[K,
[12.809s]                  from [01m[K/opt/ros/humble/include/rclcpp/rclcpp/executor_options.hpp:20[m[K,
[12.809s]                  from [01m[K/opt/ros/humble/include/rclcpp/rclcpp/executor.hpp:37[m[K,
[12.809s]                  from [01m[K/opt/ros/humble/include/rclcpp/rclcpp/executors/multi_threaded_executor.hpp:25[m[K,
[12.810s]                  from [01m[K/opt/ros/humble/include/rclcpp/rclcpp/executors.hpp:21[m[K,
[12.810s]                  from [01m[K/opt/ros/humble/include/rclcpp/rclcpp/rclcpp.hpp:155[m[K,
[12.810s]                  from [01m[K/home/martin/ros2_workspaces/ros2_ws_dev/src/more_interfaces/src/subscribe_address_book.cpp:4[m[K:
[12.810s] [01m[K/home/martin/ros2_workspaces/ros2_ws_dev/src/more_interfaces/src/subscribe_address_book.cpp:22:85:[m[K [01;36m[Knote: [m[K  mismatched types ‘[01m[Kstd::basic_ostream<char, _Traits>[m[K’ and ‘[01m[Kconst char [11][m[K’
[12.810s]    22 |                                 RCLCPP_INFO(this->get_logger(), "I heard: '" << msg.[01;36m[Kfirst_name[m[K << " " << msg.last_name << "'");
[12.810s]       |                                                                                     [01;36m[K^~~~~~~~~~[m[K
[12.810s] In file included from [01m[K/usr/include/c++/11/iostream:39[m[K,
[12.810s]                  from [01m[K/opt/ros/humble/include/rclcpp/rclcpp/executor.hpp:22[m[K,
[12.810s]                  from [01m[K/opt/ros/humble/include/rclcpp/rclcpp/executors/multi_threaded_executor.hpp:25[m[K,
[12.811s]                  from [01m[K/opt/ros/humble/include/rclcpp/rclcpp/executors.hpp:21[m[K,
[12.811s]                  from [01m[K/opt/ros/humble/include/rclcpp/rclcpp/rclcpp.hpp:155[m[K,
[12.811s]                  from [01m[K/home/martin/ros2_workspaces/ros2_ws_dev/src/more_interfaces/src/subscribe_address_book.cpp:4[m[K:
[12.811s] [01m[K/usr/include/c++/11/ostream:530:5:[m[K [01;36m[Knote: [m[Kcandidate: ‘[01m[Ktemplate<class _Traits> std::basic_ostream<char, _Traits>& std::operator<<(std::basic_ostream<char, _Traits>&, signed char)[m[K’
[12.811s]   530 |     [01;36m[Koperator[m[K<<(basic_ostream<char, _Traits>& __out, signed char __c)
[12.811s]       |     [01;36m[K^~~~~~~~[m[K
[12.811s] [01m[K/usr/include/c++/11/ostream:530:5:[m[K [01;36m[Knote: [m[K  template argument deduction/substitution failed:
[12.811s] In file included from [01m[K/opt/ros/humble/include/rclcpp/rclcpp/logging.hpp:24[m[K,
[12.811s]                  from [01m[K/opt/ros/humble/include/rclcpp/rclcpp/client.hpp:40[m[K,
[12.812s]                  from [01m[K/opt/ros/humble/include/rclcpp/rclcpp/callback_group.hpp:23[m[K,
[12.812s]                  from [01m[K/opt/ros/humble/include/rclcpp/rclcpp/any_executable.hpp:20[m[K,
[12.812s]                  from [01m[K/opt/ros/humble/include/rclcpp/rclcpp/memory_strategy.hpp:25[m[K,
[12.812s]                  from [01m[K/opt/ros/humble/include/rclcpp/rclcpp/memory_strategies.hpp:18[m[K,
[12.812s]                  from [01m[K/opt/ros/humble/include/rclcpp/rclcpp/executor_options.hpp:20[m[K,
[12.812s]                  from [01m[K/opt/ros/humble/include/rclcpp/rclcpp/executor.hpp:37[m[K,
[12.812s]                  from [01m[K/opt/ros/humble/include/rclcpp/rclcpp/executors/multi_threaded_executor.hpp:25[m[K,
[12.812s]                  from [01m[K/opt/ros/humble/include/rclcpp/rclcpp/executors.hpp:21[m[K,
[12.813s]                  from [01m[K/opt/ros/humble/include/rclcpp/rclcpp/rclcpp.hpp:155[m[K,
[12.813s]                  from [01m[K/home/martin/ros2_workspaces/ros2_ws_dev/src/more_interfaces/src/subscribe_address_book.cpp:4[m[K:
[12.813s] [01m[K/home/martin/ros2_workspaces/ros2_ws_dev/src/more_interfaces/src/subscribe_address_book.cpp:22:85:[m[K [01;36m[Knote: [m[K  mismatched types ‘[01m[Kstd::basic_ostream<char, _Traits>[m[K’ and ‘[01m[Kconst char [11][m[K’
[12.813s]    22 |                                 RCLCPP_INFO(this->get_logger(), "I heard: '" << msg.[01;36m[Kfirst_name[m[K << " " << msg.last_name << "'");
[12.813s]       |                                                                                     [01;36m[K^~~~~~~~~~[m[K
[12.813s] In file included from [01m[K/usr/include/c++/11/iostream:39[m[K,
[12.813s]                  from [01m[K/opt/ros/humble/include/rclcpp/rclcpp/executor.hpp:22[m[K,
[12.813s]                  from [01m[K/opt/ros/humble/include/rclcpp/rclcpp/executors/multi_threaded_executor.hpp:25[m[K,
[12.813s]                  from [01m[K/opt/ros/humble/include/rclcpp/rclcpp/executors.hpp:21[m[K,
[12.814s]                  from [01m[K/opt/ros/humble/include/rclcpp/rclcpp/rclcpp.hpp:155[m[K,
[12.814s]                  from [01m[K/home/martin/ros2_workspaces/ros2_ws_dev/src/more_interfaces/src/subscribe_address_book.cpp:4[m[K:
[12.814s] [01m[K/usr/include/c++/11/ostream:535:5:[m[K [01;36m[Knote: [m[Kcandidate: ‘[01m[Ktemplate<class _Traits> std::basic_ostream<char, _Traits>& std::operator<<(std::basic_ostream<char, _Traits>&, unsigned char)[m[K’
[12.814s]   535 |     [01;36m[Koperator[m[K<<(basic_ostream<char, _Traits>& __out, unsigned char __c)
[12.814s]       |     [01;36m[K^~~~~~~~[m[K
[12.814s] [01m[K/usr/include/c++/11/ostream:535:5:[m[K [01;36m[Knote: [m[K  template argument deduction/substitution failed:
[12.814s] In file included from [01m[K/opt/ros/humble/include/rclcpp/rclcpp/logging.hpp:24[m[K,
[12.814s]                  from [01m[K/opt/ros/humble/include/rclcpp/rclcpp/client.hpp:40[m[K,
[12.814s]                  from [01m[K/opt/ros/humble/include/rclcpp/rclcpp/callback_group.hpp:23[m[K,
[12.814s]                  from [01m[K/opt/ros/humble/include/rclcpp/rclcpp/any_executable.hpp:20[m[K,
[12.815s]                  from [01m[K/opt/ros/humble/include/rclcpp/rclcpp/memory_strategy.hpp:25[m[K,
[12.815s]                  from [01m[K/opt/ros/humble/include/rclcpp/rclcpp/memory_strategies.hpp:18[m[K,
[12.815s]                  from [01m[K/opt/ros/humble/include/rclcpp/rclcpp/executor_options.hpp:20[m[K,
[12.815s]                  from [01m[K/opt/ros/humble/include/rclcpp/rclcpp/executor.hpp:37[m[K,
[12.815s]                  from [01m[K/opt/ros/humble/include/rclcpp/rclcpp/executors/multi_threaded_executor.hpp:25[m[K,
[12.815s]                  from [01m[K/opt/ros/humble/include/rclcpp/rclcpp/executors.hpp:21[m[K,
[12.815s]                  from [01m[K/opt/ros/humble/include/rclcpp/rclcpp/rclcpp.hpp:155[m[K,
[12.815s]                  from [01m[K/home/martin/ros2_workspaces/ros2_ws_dev/src/more_interfaces/src/subscribe_address_book.cpp:4[m[K:
[12.815s] [01m[K/home/martin/ros2_workspaces/ros2_ws_dev/src/more_interfaces/src/subscribe_address_book.cpp:22:85:[m[K [01;36m[Knote: [m[K  mismatched types ‘[01m[Kstd::basic_ostream<char, _Traits>[m[K’ and ‘[01m[Kconst char [11][m[K’
[12.816s]    22 |                                 RCLCPP_INFO(this->get_logger(), "I heard: '" << msg.[01;36m[Kfirst_name[m[K << " " << msg.last_name << "'");
[12.816s]       |                                                                                     [01;36m[K^~~~~~~~~~[m[K
[12.816s] In file included from [01m[K/usr/include/c++/11/iostream:39[m[K,
[12.816s]                  from [01m[K/opt/ros/humble/include/rclcpp/rclcpp/executor.hpp:22[m[K,
[12.816s]                  from [01m[K/opt/ros/humble/include/rclcpp/rclcpp/executors/multi_threaded_executor.hpp:25[m[K,
[12.816s]                  from [01m[K/opt/ros/humble/include/rclcpp/rclcpp/executors.hpp:21[m[K,
[12.816s]                  from [01m[K/opt/ros/humble/include/rclcpp/rclcpp/rclcpp.hpp:155[m[K,
[12.816s]                  from [01m[K/home/martin/ros2_workspaces/ros2_ws_dev/src/more_interfaces/src/subscribe_address_book.cpp:4[m[K:
[12.816s] [01m[K/usr/include/c++/11/ostream:594:5:[m[K [01;36m[Knote: [m[Kcandidate: ‘[01m[Ktemplate<class _CharT, class _Traits> std::basic_ostream<_Ch, _Tr>& std::operator<<(std::basic_ostream<_Ch, _Tr>&, const _CharT*)[m[K’
[12.816s]   594 |     [01;36m[Koperator[m[K<<(basic_ostream<_CharT, _Traits>& __out, const _CharT* __s)
[12.817s]       |     [01;36m[K^~~~~~~~[m[K
[12.817s] [01m[K/usr/include/c++/11/ostream:594:5:[m[K [01;36m[Knote: [m[K  template argument deduction/substitution failed:
[12.817s] In file included from [01m[K/opt/ros/humble/include/rclcpp/rclcpp/logging.hpp:24[m[K,
[12.817s]                  from [01m[K/opt/ros/humble/include/rclcpp/rclcpp/client.hpp:40[m[K,
[12.817s]                  from [01m[K/opt/ros/humble/include/rclcpp/rclcpp/callback_group.hpp:23[m[K,
[12.817s]                  from [01m[K/opt/ros/humble/include/rclcpp/rclcpp/any_executable.hpp:20[m[K,
[12.817s]                  from [01m[K/opt/ros/humble/include/rclcpp/rclcpp/memory_strategy.hpp:25[m[K,
[12.817s]                  from [01m[K/opt/ros/humble/include/rclcpp/rclcpp/memory_strategies.hpp:18[m[K,
[12.817s]                  from [01m[K/opt/ros/humble/include/rclcpp/rclcpp/executor_options.hpp:20[m[K,
[12.817s]                  from [01m[K/opt/ros/humble/include/rclcpp/rclcpp/executor.hpp:37[m[K,
[12.818s]                  from [01m[K/opt/ros/humble/include/rclcpp/rclcpp/executors/multi_threaded_executor.hpp:25[m[K,
[12.818s]                  from [01m[K/opt/ros/humble/include/rclcpp/rclcpp/executors.hpp:21[m[K,
[12.818s]                  from [01m[K/opt/ros/humble/include/rclcpp/rclcpp/rclcpp.hpp:155[m[K,
[12.818s]                  from [01m[K/home/martin/ros2_workspaces/ros2_ws_dev/src/more_interfaces/src/subscribe_address_book.cpp:4[m[K:
[12.818s] [01m[K/home/martin/ros2_workspaces/ros2_ws_dev/src/more_interfaces/src/subscribe_address_book.cpp:22:85:[m[K [01;36m[Knote: [m[K  mismatched types ‘[01m[Kstd::basic_ostream<_Ch, _Tr>[m[K’ and ‘[01m[Kconst char [11][m[K’
[12.818s]    22 |                                 RCLCPP_INFO(this->get_logger(), "I heard: '" << msg.[01;36m[Kfirst_name[m[K << " " << msg.last_name << "'");
[12.818s]       |                                                                                     [01;36m[K^~~~~~~~~~[m[K
[12.818s] In file included from [01m[K/usr/include/c++/11/ostream:829[m[K,
[12.818s]                  from [01m[K/usr/include/c++/11/iostream:39[m[K,
[12.818s]                  from [01m[K/opt/ros/humble/include/rclcpp/rclcpp/executor.hpp:22[m[K,
[12.818s]                  from [01m[K/opt/ros/humble/include/rclcpp/rclcpp/executors/multi_threaded_executor.hpp:25[m[K,
[12.819s]                  from [01m[K/opt/ros/humble/include/rclcpp/rclcpp/executors.hpp:21[m[K,
[12.819s]                  from [01m[K/opt/ros/humble/include/rclcpp/rclcpp/rclcpp.hpp:155[m[K,
[12.819s]                  from [01m[K/home/martin/ros2_workspaces/ros2_ws_dev/src/more_interfaces/src/subscribe_address_book.cpp:4[m[K:
[12.819s] [01m[K/usr/include/c++/11/bits/ostream.tcc:321:5:[m[K [01;36m[Knote: [m[Kcandidate: ‘[01m[Ktemplate<class _CharT, class _Traits> std::basic_ostream<_Ch, _Tr>& std::operator<<(std::basic_ostream<_Ch, _Tr>&, const char*)[m[K’
[12.819s]   321 |     [01;36m[Koperator[m[K<<(basic_ostream<_CharT, _Traits>& __out, const char* __s)
[12.819s]       |     [01;36m[K^~~~~~~~[m[K
[12.819s] [01m[K/usr/include/c++/11/bits/ostream.tcc:321:5:[m[K [01;36m[Knote: [m[K  template argument deduction/substitution failed:
[12.819s] In file included from [01m[K/opt/ros/humble/include/rclcpp/rclcpp/logging.hpp:24[m[K,
[12.819s]                  from [01m[K/opt/ros/humble/include/rclcpp/rclcpp/client.hpp:40[m[K,
[12.819s]                  from [01m[K/opt/ros/humble/include/rclcpp/rclcpp/callback_group.hpp:23[m[K,
[12.819s]                  from [01m[K/opt/ros/humble/include/rclcpp/rclcpp/any_executable.hpp:20[m[K,
[12.820s]                  from [01m[K/opt/ros/humble/include/rclcpp/rclcpp/memory_strategy.hpp:25[m[K,
[12.820s]                  from [01m[K/opt/ros/humble/include/rclcpp/rclcpp/memory_strategies.hpp:18[m[K,
[12.820s]                  from [01m[K/opt/ros/humble/include/rclcpp/rclcpp/executor_options.hpp:20[m[K,
[12.820s]                  from [01m[K/opt/ros/humble/include/rclcpp/rclcpp/executor.hpp:37[m[K,
[12.820s]                  from [01m[K/opt/ros/humble/include/rclcpp/rclcpp/executors/multi_threaded_executor.hpp:25[m[K,
[12.820s]                  from [01m[K/opt/ros/humble/include/rclcpp/rclcpp/executors.hpp:21[m[K,
[12.820s]                  from [01m[K/opt/ros/humble/include/rclcpp/rclcpp/rclcpp.hpp:155[m[K,
[12.820s]                  from [01m[K/home/martin/ros2_workspaces/ros2_ws_dev/src/more_interfaces/src/subscribe_address_book.cpp:4[m[K:
[12.821s] [01m[K/home/martin/ros2_workspaces/ros2_ws_dev/src/more_interfaces/src/subscribe_address_book.cpp:22:85:[m[K [01;36m[Knote: [m[K  mismatched types ‘[01m[Kstd::basic_ostream<_Ch, _Tr>[m[K’ and ‘[01m[Kconst char [11][m[K’
[12.821s]    22 |                                 RCLCPP_INFO(this->get_logger(), "I heard: '" << msg.[01;36m[Kfirst_name[m[K << " " << msg.last_name << "'");
[12.821s]       |                                                                                     [01;36m[K^~~~~~~~~~[m[K
[12.821s] In file included from [01m[K/usr/include/c++/11/iostream:39[m[K,
[12.821s]                  from [01m[K/opt/ros/humble/include/rclcpp/rclcpp/executor.hpp:22[m[K,
[12.821s]                  from [01m[K/opt/ros/humble/include/rclcpp/rclcpp/executors/multi_threaded_executor.hpp:25[m[K,
[12.821s]                  from [01m[K/opt/ros/humble/include/rclcpp/rclcpp/executors.hpp:21[m[K,
[12.821s]                  from [01m[K/opt/ros/humble/include/rclcpp/rclcpp/rclcpp.hpp:155[m[K,
[12.821s]                  from [01m[K/home/martin/ros2_workspaces/ros2_ws_dev/src/more_interfaces/src/subscribe_address_book.cpp:4[m[K:
[12.821s] [01m[K/usr/include/c++/11/ostream:611:5:[m[K [01;36m[Knote: [m[Kcandidate: ‘[01m[Ktemplate<class _Traits> std::basic_ostream<char, _Traits>& std::operator<<(std::basic_ostream<char, _Traits>&, const char*)[m[K’
[12.822s]   611 |     [01;36m[Koperator[m[K<<(basic_ostream<char, _Traits>& __out, const char* __s)
[12.822s]       |     [01;36m[K^~~~~~~~[m[K
[12.822s] [01m[K/usr/include/c++/11/ostream:611:5:[m[K [01;36m[Knote: [m[K  template argument deduction/substitution failed:
[12.822s] In file included from [01m[K/opt/ros/humble/include/rclcpp/rclcpp/logging.hpp:24[m[K,
[12.822s]                  from [01m[K/opt/ros/humble/include/rclcpp/rclcpp/client.hpp:40[m[K,
[12.822s]                  from [01m[K/opt/ros/humble/include/rclcpp/rclcpp/callback_group.hpp:23[m[K,
[12.822s]                  from [01m[K/opt/ros/humble/include/rclcpp/rclcpp/any_executable.hpp:20[m[K,
[12.822s]                  from [01m[K/opt/ros/humble/include/rclcpp/rclcpp/memory_strategy.hpp:25[m[K,
[12.822s]                  from [01m[K/opt/ros/humble/include/rclcpp/rclcpp/memory_strategies.hpp:18[m[K,
[12.823s]                  from [01m[K/opt/ros/humble/include/rclcpp/rclcpp/executor_options.hpp:20[m[K,
[12.823s]                  from [01m[K/opt/ros/humble/include/rclcpp/rclcpp/executor.hpp:37[m[K,
[12.823s]                  from [01m[K/opt/ros/humble/include/rclcpp/rclcpp/executors/multi_threaded_executor.hpp:25[m[K,
[12.823s]                  from [01m[K/opt/ros/humble/include/rclcpp/rclcpp/executors.hpp:21[m[K,
[12.823s]                  from [01m[K/opt/ros/humble/include/rclcpp/rclcpp/rclcpp.hpp:155[m[K,
[12.823s]                  from [01m[K/home/martin/ros2_workspaces/ros2_ws_dev/src/more_interfaces/src/subscribe_address_book.cpp:4[m[K:
[12.823s] [01m[K/home/martin/ros2_workspaces/ros2_ws_dev/src/more_interfaces/src/subscribe_address_book.cpp:22:85:[m[K [01;36m[Knote: [m[K  mismatched types ‘[01m[Kstd::basic_ostream<char, _Traits>[m[K’ and ‘[01m[Kconst char [11][m[K’
[12.823s]    22 |                                 RCLCPP_INFO(this->get_logger(), "I heard: '" << msg.[01;36m[Kfirst_name[m[K << " " << msg.last_name << "'");
[12.823s]       |                                                                                     [01;36m[K^~~~~~~~~~[m[K
[12.823s] In file included from [01m[K/usr/include/c++/11/iostream:39[m[K,
[12.823s]                  from [01m[K/opt/ros/humble/include/rclcpp/rclcpp/executor.hpp:22[m[K,
[12.824s]                  from [01m[K/opt/ros/humble/include/rclcpp/rclcpp/executors/multi_threaded_executor.hpp:25[m[K,
[12.824s]                  from [01m[K/opt/ros/humble/include/rclcpp/rclcpp/executors.hpp:21[m[K,
[12.824s]                  from [01m[K/opt/ros/humble/include/rclcpp/rclcpp/rclcpp.hpp:155[m[K,
[12.824s]                  from [01m[K/home/martin/ros2_workspaces/ros2_ws_dev/src/more_interfaces/src/subscribe_address_book.cpp:4[m[K:
[12.824s] [01m[K/usr/include/c++/11/ostream:624:5:[m[K [01;36m[Knote: [m[Kcandidate: ‘[01m[Ktemplate<class _Traits> std::basic_ostream<char, _Traits>& std::operator<<(std::basic_ostream<char, _Traits>&, const signed char*)[m[K’
[12.824s]   624 |     [01;36m[Koperator[m[K<<(basic_ostream<char, _Traits>& __out, const signed char* __s)
[12.824s]       |     [01;36m[K^~~~~~~~[m[K
[12.824s] [01m[K/usr/include/c++/11/ostream:624:5:[m[K [01;36m[Knote: [m[K  template argument deduction/substitution failed:
[12.824s] In file included from [01m[K/opt/ros/humble/include/rclcpp/rclcpp/logging.hpp:24[m[K,
[12.825s]                  from [01m[K/opt/ros/humble/include/rclcpp/rclcpp/client.hpp:40[m[K,
[12.825s]                  from [01m[K/opt/ros/humble/include/rclcpp/rclcpp/callback_group.hpp:23[m[K,
[12.825s]                  from [01m[K/opt/ros/humble/include/rclcpp/rclcpp/any_executable.hpp:20[m[K,
[12.825s]                  from [01m[K/opt/ros/humble/include/rclcpp/rclcpp/memory_strategy.hpp:25[m[K,
[12.825s]                  from [01m[K/opt/ros/humble/include/rclcpp/rclcpp/memory_strategies.hpp:18[m[K,
[12.825s]                  from [01m[K/opt/ros/humble/include/rclcpp/rclcpp/executor_options.hpp:20[m[K,
[12.825s]                  from [01m[K/opt/ros/humble/include/rclcpp/rclcpp/executor.hpp:37[m[K,
[12.825s]                  from [01m[K/opt/ros/humble/include/rclcpp/rclcpp/executors/multi_threaded_executor.hpp:25[m[K,
[12.825s]                  from [01m[K/opt/ros/humble/include/rclcpp/rclcpp/executors.hpp:21[m[K,
[12.825s]                  from [01m[K/opt/ros/humble/include/rclcpp/rclcpp/rclcpp.hpp:155[m[K,
[12.826s]                  from [01m[K/home/martin/ros2_workspaces/ros2_ws_dev/src/more_interfaces/src/subscribe_address_book.cpp:4[m[K:
[12.826s] [01m[K/home/martin/ros2_workspaces/ros2_ws_dev/src/more_interfaces/src/subscribe_address_book.cpp:22:85:[m[K [01;36m[Knote: [m[K  mismatched types ‘[01m[Kstd::basic_ostream<char, _Traits>[m[K’ and ‘[01m[Kconst char [11][m[K’
[12.826s]    22 |                                 RCLCPP_INFO(this->get_logger(), "I heard: '" << msg.[01;36m[Kfirst_name[m[K << " " << msg.last_name << "'");
[12.826s]       |                                                                                     [01;36m[K^~~~~~~~~~[m[K
[12.826s] In file included from [01m[K/usr/include/c++/11/iostream:39[m[K,
[12.826s]                  from [01m[K/opt/ros/humble/include/rclcpp/rclcpp/executor.hpp:22[m[K,
[12.826s]                  from [01m[K/opt/ros/humble/include/rclcpp/rclcpp/executors/multi_threaded_executor.hpp:25[m[K,
[12.826s]                  from [01m[K/opt/ros/humble/include/rclcpp/rclcpp/executors.hpp:21[m[K,
[12.826s]                  from [01m[K/opt/ros/humble/include/rclcpp/rclcpp/rclcpp.hpp:155[m[K,
[12.826s]                  from [01m[K/home/martin/ros2_workspaces/ros2_ws_dev/src/more_interfaces/src/subscribe_address_book.cpp:4[m[K:
[12.827s] [01m[K/usr/include/c++/11/ostream:629:5:[m[K [01;36m[Knote: [m[Kcandidate: ‘[01m[Ktemplate<class _Traits> std::basic_ostream<char, _Traits>& std::operator<<(std::basic_ostream<char, _Traits>&, const unsigned char*)[m[K’
[12.827s]   629 |     [01;36m[Koperator[m[K<<(basic_ostream<char, _Traits>& __out, const unsigned char* __s)
[12.827s]       |     [01;36m[K^~~~~~~~[m[K
[12.827s] [01m[K/usr/include/c++/11/ostream:629:5:[m[K [01;36m[Knote: [m[K  template argument deduction/substitution failed:
[12.827s] In file included from [01m[K/opt/ros/humble/include/rclcpp/rclcpp/logging.hpp:24[m[K,
[12.827s]                  from [01m[K/opt/ros/humble/include/rclcpp/rclcpp/client.hpp:40[m[K,
[12.827s]                  from [01m[K/opt/ros/humble/include/rclcpp/rclcpp/callback_group.hpp:23[m[K,
[12.827s]                  from [01m[K/opt/ros/humble/include/rclcpp/rclcpp/any_executable.hpp:20[m[K,
[12.827s]                  from [01m[K/opt/ros/humble/include/rclcpp/rclcpp/memory_strategy.hpp:25[m[K,
[12.828s]                  from [01m[K/opt/ros/humble/include/rclcpp/rclcpp/memory_strategies.hpp:18[m[K,
[12.828s]                  from [01m[K/opt/ros/humble/include/rclcpp/rclcpp/executor_options.hpp:20[m[K,
[12.828s]                  from [01m[K/opt/ros/humble/include/rclcpp/rclcpp/executor.hpp:37[m[K,
[12.828s]                  from [01m[K/opt/ros/humble/include/rclcpp/rclcpp/executors/multi_threaded_executor.hpp:25[m[K,
[12.828s]                  from [01m[K/opt/ros/humble/include/rclcpp/rclcpp/executors.hpp:21[m[K,
[12.828s]                  from [01m[K/opt/ros/humble/include/rclcpp/rclcpp/rclcpp.hpp:155[m[K,
[12.828s]                  from [01m[K/home/martin/ros2_workspaces/ros2_ws_dev/src/more_interfaces/src/subscribe_address_book.cpp:4[m[K:
[12.828s] [01m[K/home/martin/ros2_workspaces/ros2_ws_dev/src/more_interfaces/src/subscribe_address_book.cpp:22:85:[m[K [01;36m[Knote: [m[K  mismatched types ‘[01m[Kstd::basic_ostream<char, _Traits>[m[K’ and ‘[01m[Kconst char [11][m[K’
[12.829s]    22 |                                 RCLCPP_INFO(this->get_logger(), "I heard: '" << msg.[01;36m[Kfirst_name[m[K << " " << msg.last_name << "'");
[12.829s]       |                                                                                     [01;36m[K^~~~~~~~~~[m[K
[12.829s] In file included from [01m[K/usr/include/c++/11/iostream:39[m[K,
[12.829s]                  from [01m[K/opt/ros/humble/include/rclcpp/rclcpp/executor.hpp:22[m[K,
[12.829s]                  from [01m[K/opt/ros/humble/include/rclcpp/rclcpp/executors/multi_threaded_executor.hpp:25[m[K,
[12.829s]                  from [01m[K/opt/ros/humble/include/rclcpp/rclcpp/executors.hpp:21[m[K,
[12.829s]                  from [01m[K/opt/ros/humble/include/rclcpp/rclcpp/rclcpp.hpp:155[m[K,
[12.830s]                  from [01m[K/home/martin/ros2_workspaces/ros2_ws_dev/src/more_interfaces/src/subscribe_address_book.cpp:4[m[K:
[12.830s] [01m[K/usr/include/c++/11/ostream:750:5:[m[K [01;36m[Knote: [m[Kcandidate: ‘[01m[Ktemplate<class _Ostream, class _Tp> _Ostream&& std::operator<<(_Ostream&&, const _Tp&)[m[K’
[12.830s]   750 |     [01;36m[Koperator[m[K<<(_Ostream&& __os, const _Tp& __x)
[12.830s]       |     [01;36m[K^~~~~~~~[m[K
[12.830s] [01m[K/usr/include/c++/11/ostream:750:5:[m[K [01;36m[Knote: [m[K  template argument deduction/substitution failed:
[12.830s] /usr/include/c++/11/ostream: In substitution of ‘[01m[Ktemplate<class _Ostream, class _Tp> _Ostream&& std::operator<<(_Ostream&&, const _Tp&) [with _Ostream = const char (&)[11]; _Tp = std::__cxx11::basic_string<char>][m[K’:
[12.830s] [01m[K/home/martin/ros2_workspaces/ros2_ws_dev/src/more_interfaces/src/subscribe_address_book.cpp:22:5:[m[K   required from here
[12.830s] [01m[K/usr/include/c++/11/ostream:750:5:[m[K [01;31m[Kerror: [m[Kno type named ‘[01m[Ktype[m[K’ in ‘[01m[Kstruct std::enable_if<false, void>[m[K’
[12.830s] In file included from [01m[K/opt/ros/humble/include/rosidl_runtime_cpp/rosidl_runtime_cpp/traits.hpp:19[m[K,
[12.830s]                  from [01m[K/opt/ros/humble/include/builtin_interfaces/builtin_interfaces/msg/detail/duration__traits.hpp:15[m[K,
[12.830s]                  from [01m[K/opt/ros/humble/include/builtin_interfaces/builtin_interfaces/msg/duration.hpp:9[m[K,
[12.831s]                  from [01m[K/opt/ros/humble/include/rclcpp/rclcpp/duration.hpp:20[m[K,
[12.831s]                  from [01m[K/opt/ros/humble/include/rclcpp/rclcpp/qos.hpp:20[m[K,
[12.831s]                  from [01m[K/opt/ros/humble/include/rclcpp/rclcpp/node_interfaces/node_graph_interface.hpp:32[m[K,
[12.831s]                  from [01m[K/opt/ros/humble/include/rclcpp/rclcpp/client.hpp:42[m[K,
[12.831s]                  from [01m[K/opt/ros/humble/include/rclcpp/rclcpp/callback_group.hpp:23[m[K,
[12.831s]                  from [01m[K/opt/ros/humble/include/rclcpp/rclcpp/any_executable.hpp:20[m[K,
[12.831s]                  from [01m[K/opt/ros/humble/include/rclcpp/rclcpp/memory_strategy.hpp:25[m[K,
[12.831s]                  from [01m[K/opt/ros/humble/include/rclcpp/rclcpp/memory_strategies.hpp:18[m[K,
[12.831s]                  from [01m[K/opt/ros/humble/include/rclcpp/rclcpp/executor_options.hpp:20[m[K,
[12.832s]                  from [01m[K/opt/ros/humble/include/rclcpp/rclcpp/executor.hpp:37[m[K,
[12.832s]                  from [01m[K/opt/ros/humble/include/rclcpp/rclcpp/executors/multi_threaded_executor.hpp:25[m[K,
[12.832s]                  from [01m[K/opt/ros/humble/include/rclcpp/rclcpp/executors.hpp:21[m[K,
[12.832s]                  from [01m[K/opt/ros/humble/include/rclcpp/rclcpp/rclcpp.hpp:155[m[K,
[12.832s]                  from [01m[K/home/martin/ros2_workspaces/ros2_ws_dev/src/more_interfaces/src/subscribe_address_book.cpp:4[m[K:
[12.832s] [01m[K/usr/include/c++/11/iomanip:79:5:[m[K [01;36m[Knote: [m[Kcandidate: ‘[01m[Ktemplate<class _CharT, class _Traits> std::basic_ostream<_Ch, _Tr>& std::operator<<(std::basic_ostream<_Ch, _Tr>&, std::_Resetiosflags)[m[K’
[12.832s]    79 |     [01;36m[Koperator[m[K<<(basic_ostream<_CharT, _Traits>& __os, _Resetiosflags __f)
[12.832s]       |     [01;36m[K^~~~~~~~[m[K
[12.832s] [01m[K/usr/include/c++/11/iomanip:79:5:[m[K [01;36m[Knote: [m[K  template argument deduction/substitution failed:
[12.832s] In file included from [01m[K/opt/ros/humble/include/rclcpp/rclcpp/logging.hpp:24[m[K,
[12.833s]                  from [01m[K/opt/ros/humble/include/rclcpp/rclcpp/client.hpp:40[m[K,
[12.833s]                  from [01m[K/opt/ros/humble/include/rclcpp/rclcpp/callback_group.hpp:23[m[K,
[12.833s]                  from [01m[K/opt/ros/humble/include/rclcpp/rclcpp/any_executable.hpp:20[m[K,
[12.833s]                  from [01m[K/opt/ros/humble/include/rclcpp/rclcpp/memory_strategy.hpp:25[m[K,
[12.833s]                  from [01m[K/opt/ros/humble/include/rclcpp/rclcpp/memory_strategies.hpp:18[m[K,
[12.833s]                  from [01m[K/opt/ros/humble/include/rclcpp/rclcpp/executor_options.hpp:20[m[K,
[12.833s]                  from [01m[K/opt/ros/humble/include/rclcpp/rclcpp/executor.hpp:37[m[K,
[12.833s]                  from [01m[K/opt/ros/humble/include/rclcpp/rclcpp/executors/multi_threaded_executor.hpp:25[m[K,
[12.833s]                  from [01m[K/opt/ros/humble/include/rclcpp/rclcpp/executors.hpp:21[m[K,
[12.833s]                  from [01m[K/opt/ros/humble/include/rclcpp/rclcpp/rclcpp.hpp:155[m[K,
[12.834s]                  from [01m[K/home/martin/ros2_workspaces/ros2_ws_dev/src/more_interfaces/src/subscribe_address_book.cpp:4[m[K:
[12.834s] [01m[K/home/martin/ros2_workspaces/ros2_ws_dev/src/more_interfaces/src/subscribe_address_book.cpp:22:85:[m[K [01;36m[Knote: [m[K  mismatched types ‘[01m[Kstd::basic_ostream<_Ch, _Tr>[m[K’ and ‘[01m[Kconst char [11][m[K’
[12.834s]    22 |                                 RCLCPP_INFO(this->get_logger(), "I heard: '" << msg.[01;36m[Kfirst_name[m[K << " " << msg.last_name << "'");
[12.834s]       |                                                                                     [01;36m[K^~~~~~~~~~[m[K
[12.834s] In file included from [01m[K/opt/ros/humble/include/rosidl_runtime_cpp/rosidl_runtime_cpp/traits.hpp:19[m[K,
[12.834s]                  from [01m[K/opt/ros/humble/include/builtin_interfaces/builtin_interfaces/msg/detail/duration__traits.hpp:15[m[K,
[12.834s]                  from [01m[K/opt/ros/humble/include/builtin_interfaces/builtin_interfaces/msg/duration.hpp:9[m[K,
[12.834s]                  from [01m[K/opt/ros/humble/include/rclcpp/rclcpp/duration.hpp:20[m[K,
[12.834s]                  from [01m[K/opt/ros/humble/include/rclcpp/rclcpp/qos.hpp:20[m[K,
[12.835s]                  from [01m[K/opt/ros/humble/include/rclcpp/rclcpp/node_interfaces/node_graph_interface.hpp:32[m[K,
[12.835s]                  from [01m[K/opt/ros/humble/include/rclcpp/rclcpp/client.hpp:42[m[K,
[12.835s]                  from [01m[K/opt/ros/humble/include/rclcpp/rclcpp/callback_group.hpp:23[m[K,
[12.835s]                  from [01m[K/opt/ros/humble/include/rclcpp/rclcpp/any_executable.hpp:20[m[K,
[12.835s]                  from [01m[K/opt/ros/humble/include/rclcpp/rclcpp/memory_strategy.hpp:25[m[K,
[12.835s]                  from [01m[K/opt/ros/humble/include/rclcpp/rclcpp/memory_strategies.hpp:18[m[K,
[12.835s]                  from [01m[K/opt/ros/humble/include/rclcpp/rclcpp/executor_options.hpp:20[m[K,
[12.835s]                  from [01m[K/opt/ros/humble/include/rclcpp/rclcpp/executor.hpp:37[m[K,
[12.835s]                  from [01m[K/opt/ros/humble/include/rclcpp/rclcpp/executors/multi_threaded_executor.hpp:25[m[K,
[12.835s]                  from [01m[K/opt/ros/humble/include/rclcpp/rclcpp/executors.hpp:21[m[K,
[12.836s]                  from [01m[K/opt/ros/humble/include/rclcpp/rclcpp/rclcpp.hpp:155[m[K,
[12.836s]                  from [01m[K/home/martin/ros2_workspaces/ros2_ws_dev/src/more_interfaces/src/subscribe_address_book.cpp:4[m[K:
[12.836s] [01m[K/usr/include/c++/11/iomanip:109:5:[m[K [01;36m[Knote: [m[Kcandidate: ‘[01m[Ktemplate<class _CharT, class _Traits> std::basic_ostream<_Ch, _Tr>& std::operator<<(std::basic_ostream<_Ch, _Tr>&, std::_Setiosflags)[m[K’
[12.836s]   109 |     [01;36m[Koperator[m[K<<(basic_ostream<_CharT, _Traits>& __os, _Setiosflags __f)
[12.836s]       |     [01;36m[K^~~~~~~~[m[K
[12.836s] [01m[K/usr/include/c++/11/iomanip:109:5:[m[K [01;36m[Knote: [m[K  template argument deduction/substitution failed:
[12.836s] In file included from [01m[K/opt/ros/humble/include/rclcpp/rclcpp/logging.hpp:24[m[K,
[12.836s]                  from [01m[K/opt/ros/humble/include/rclcpp/rclcpp/client.hpp:40[m[K,
[12.836s]                  from [01m[K/opt/ros/humble/include/rclcpp/rclcpp/callback_group.hpp:23[m[K,
[12.836s]                  from [01m[K/opt/ros/humble/include/rclcpp/rclcpp/any_executable.hpp:20[m[K,
[12.837s]                  from [01m[K/opt/ros/humble/include/rclcpp/rclcpp/memory_strategy.hpp:25[m[K,
[12.837s]                  from [01m[K/opt/ros/humble/include/rclcpp/rclcpp/memory_strategies.hpp:18[m[K,
[12.837s]                  from [01m[K/opt/ros/humble/include/rclcpp/rclcpp/executor_options.hpp:20[m[K,
[12.837s]                  from [01m[K/opt/ros/humble/include/rclcpp/rclcpp/executor.hpp:37[m[K,
[12.837s]                  from [01m[K/opt/ros/humble/include/rclcpp/rclcpp/executors/multi_threaded_executor.hpp:25[m[K,
[12.837s]                  from [01m[K/opt/ros/humble/include/rclcpp/rclcpp/executors.hpp:21[m[K,
[12.837s]                  from [01m[K/opt/ros/humble/include/rclcpp/rclcpp/rclcpp.hpp:155[m[K,
[12.837s]                  from [01m[K/home/martin/ros2_workspaces/ros2_ws_dev/src/more_interfaces/src/subscribe_address_book.cpp:4[m[K:
[12.837s] [01m[K/home/martin/ros2_workspaces/ros2_ws_dev/src/more_interfaces/src/subscribe_address_book.cpp:22:85:[m[K [01;36m[Knote: [m[K  mismatched types ‘[01m[Kstd::basic_ostream<_Ch, _Tr>[m[K’ and ‘[01m[Kconst char [11][m[K’
[12.837s]    22 |                                 RCLCPP_INFO(this->get_logger(), "I heard: '" << msg.[01;36m[Kfirst_name[m[K << " " << msg.last_name << "'");
[12.837s]       |                                                                                     [01;36m[K^~~~~~~~~~[m[K
[12.838s] In file included from [01m[K/opt/ros/humble/include/rosidl_runtime_cpp/rosidl_runtime_cpp/traits.hpp:19[m[K,
[12.838s]                  from [01m[K/opt/ros/humble/include/builtin_interfaces/builtin_interfaces/msg/detail/duration__traits.hpp:15[m[K,
[12.838s]                  from [01m[K/opt/ros/humble/include/builtin_interfaces/builtin_interfaces/msg/duration.hpp:9[m[K,
[12.838s]                  from [01m[K/opt/ros/humble/include/rclcpp/rclcpp/duration.hpp:20[m[K,
[12.838s]                  from [01m[K/opt/ros/humble/include/rclcpp/rclcpp/qos.hpp:20[m[K,
[12.838s]                  from [01m[K/opt/ros/humble/include/rclcpp/rclcpp/node_interfaces/node_graph_interface.hpp:32[m[K,
[12.838s]                  from [01m[K/opt/ros/humble/include/rclcpp/rclcpp/client.hpp:42[m[K,
[12.838s]                  from [01m[K/opt/ros/humble/include/rclcpp/rclcpp/callback_group.hpp:23[m[K,
[12.838s]                  from [01m[K/opt/ros/humble/include/rclcpp/rclcpp/any_executable.hpp:20[m[K,
[12.838s]                  from [01m[K/opt/ros/humble/include/rclcpp/rclcpp/memory_strategy.hpp:25[m[K,
[12.839s]                  from [01m[K/opt/ros/humble/include/rclcpp/rclcpp/memory_strategies.hpp:18[m[K,
[12.839s]                  from [01m[K/opt/ros/humble/include/rclcpp/rclcpp/executor_options.hpp:20[m[K,
[12.839s]                  from [01m[K/opt/ros/humble/include/rclcpp/rclcpp/executor.hpp:37[m[K,
[12.839s]                  from [01m[K/opt/ros/humble/include/rclcpp/rclcpp/executors/multi_threaded_executor.hpp:25[m[K,
[12.839s]                  from [01m[K/opt/ros/humble/include/rclcpp/rclcpp/executors.hpp:21[m[K,
[12.839s]                  from [01m[K/opt/ros/humble/include/rclcpp/rclcpp/rclcpp.hpp:155[m[K,
[12.839s]                  from [01m[K/home/martin/ros2_workspaces/ros2_ws_dev/src/more_interfaces/src/subscribe_address_book.cpp:4[m[K:
[12.839s] [01m[K/usr/include/c++/11/iomanip:143:5:[m[K [01;36m[Knote: [m[Kcandidate: ‘[01m[Ktemplate<class _CharT, class _Traits> std::basic_ostream<_Ch, _Tr>& std::operator<<(std::basic_ostream<_Ch, _Tr>&, std::_Setbase)[m[K’
[12.839s]   143 |     [01;36m[Koperator[m[K<<(basic_ostream<_CharT, _Traits>& __os, _Setbase __f)
[12.840s]       |     [01;36m[K^~~~~~~~[m[K
[12.840s] [01m[K/usr/include/c++/11/iomanip:143:5:[m[K [01;36m[Knote: [m[K  template argument deduction/substitution failed:
[12.840s] In file included from [01m[K/opt/ros/humble/include/rclcpp/rclcpp/logging.hpp:24[m[K,
[12.840s]                  from [01m[K/opt/ros/humble/include/rclcpp/rclcpp/client.hpp:40[m[K,
[12.840s]                  from [01m[K/opt/ros/humble/include/rclcpp/rclcpp/callback_group.hpp:23[m[K,
[12.840s]                  from [01m[K/opt/ros/humble/include/rclcpp/rclcpp/any_executable.hpp:20[m[K,
[12.840s]                  from [01m[K/opt/ros/humble/include/rclcpp/rclcpp/memory_strategy.hpp:25[m[K,
[12.840s]                  from [01m[K/opt/ros/humble/include/rclcpp/rclcpp/memory_strategies.hpp:18[m[K,
[12.840s]                  from [01m[K/opt/ros/humble/include/rclcpp/rclcpp/executor_options.hpp:20[m[K,
[12.840s]                  from [01m[K/opt/ros/humble/include/rclcpp/rclcpp/executor.hpp:37[m[K,
[12.840s]                  from [01m[K/opt/ros/humble/include/rclcpp/rclcpp/executors/multi_threaded_executor.hpp:25[m[K,
[12.841s]                  from [01m[K/opt/ros/humble/include/rclcpp/rclcpp/executors.hpp:21[m[K,
[12.841s]                  from [01m[K/opt/ros/humble/include/rclcpp/rclcpp/rclcpp.hpp:155[m[K,
[12.841s]                  from [01m[K/home/martin/ros2_workspaces/ros2_ws_dev/src/more_interfaces/src/subscribe_address_book.cpp:4[m[K:
[12.841s] [01m[K/home/martin/ros2_workspaces/ros2_ws_dev/src/more_interfaces/src/subscribe_address_book.cpp:22:85:[m[K [01;36m[Knote: [m[K  mismatched types ‘[01m[Kstd::basic_ostream<_Ch, _Tr>[m[K’ and ‘[01m[Kconst char [11][m[K’
[12.841s]    22 |                                 RCLCPP_INFO(this->get_logger(), "I heard: '" << msg.[01;36m[Kfirst_name[m[K << " " << msg.last_name << "'");
[12.841s]       |                                                                                     [01;36m[K^~~~~~~~~~[m[K
[12.841s] In file included from [01m[K/opt/ros/humble/include/rosidl_runtime_cpp/rosidl_runtime_cpp/traits.hpp:19[m[K,
[12.841s]                  from [01m[K/opt/ros/humble/include/builtin_interfaces/builtin_interfaces/msg/detail/duration__traits.hpp:15[m[K,
[12.841s]                  from [01m[K/opt/ros/humble/include/builtin_interfaces/builtin_interfaces/msg/duration.hpp:9[m[K,
[12.842s]                  from [01m[K/opt/ros/humble/include/rclcpp/rclcpp/duration.hpp:20[m[K,
[12.842s]                  from [01m[K/opt/ros/humble/include/rclcpp/rclcpp/qos.hpp:20[m[K,
[12.842s]                  from [01m[K/opt/ros/humble/include/rclcpp/rclcpp/node_interfaces/node_graph_interface.hpp:32[m[K,
[12.842s]                  from [01m[K/opt/ros/humble/include/rclcpp/rclcpp/client.hpp:42[m[K,
[12.842s]                  from [01m[K/opt/ros/humble/include/rclcpp/rclcpp/callback_group.hpp:23[m[K,
[12.842s]                  from [01m[K/opt/ros/humble/include/rclcpp/rclcpp/any_executable.hpp:20[m[K,
[12.842s]                  from [01m[K/opt/ros/humble/include/rclcpp/rclcpp/memory_strategy.hpp:25[m[K,
[12.842s]                  from [01m[K/opt/ros/humble/include/rclcpp/rclcpp/memory_strategies.hpp:18[m[K,
[12.842s]                  from [01m[K/opt/ros/humble/include/rclcpp/rclcpp/executor_options.hpp:20[m[K,
[12.887s]                  from [01m[K/opt/ros/humble/include/rclcpp/rclcpp/executor.hpp:37[m[K,
[12.888s]                  from [01m[K/opt/ros/humble/include/rclcpp/rclcpp/executors/multi_threaded_executor.hpp:25[m[K,
[12.890s]                  from [01m[K/opt/ros/humble/include/rclcpp/rclcpp/executors.hpp:21[m[K,
[12.890s]                  from [01m[K/opt/ros/humble/include/rclcpp/rclcpp/rclcpp.hpp:155[m[K,
[12.890s]                  from [01m[K/home/martin/ros2_workspaces/ros2_ws_dev/src/more_interfaces/src/subscribe_address_book.cpp:4[m[K:
[12.890s] [01m[K/usr/include/c++/11/iomanip:178:5:[m[K [01;36m[Knote: [m[Kcandidate: ‘[01m[Ktemplate<class _CharT, class _Traits> std::basic_ostream<_Ch, _Tr>& std::operator<<(std::basic_ostream<_Ch, _Tr>&, std::_Setfill<_CharT>)[m[K’
[12.891s]   178 |     [01;36m[Koperator[m[K<<(basic_ostream<_CharT, _Traits>& __os, _Setfill<_CharT> __f)
[12.891s]       |     [01;36m[K^~~~~~~~[m[K
[12.891s] [01m[K/usr/include/c++/11/iomanip:178:5:[m[K [01;36m[Knote: [m[K  template argument deduction/substitution failed:
[12.891s] In file included from [01m[K/opt/ros/humble/include/rclcpp/rclcpp/logging.hpp:24[m[K,
[12.891s]                  from [01m[K/opt/ros/humble/include/rclcpp/rclcpp/client.hpp:40[m[K,
[12.891s]                  from [01m[K/opt/ros/humble/include/rclcpp/rclcpp/callback_group.hpp:23[m[K,
[12.891s]                  from [01m[K/opt/ros/humble/include/rclcpp/rclcpp/any_executable.hpp:20[m[K,
[12.891s]                  from [01m[K/opt/ros/humble/include/rclcpp/rclcpp/memory_strategy.hpp:25[m[K,
[12.891s]                  from [01m[K/opt/ros/humble/include/rclcpp/rclcpp/memory_strategies.hpp:18[m[K,
[12.892s]                  from [01m[K/opt/ros/humble/include/rclcpp/rclcpp/executor_options.hpp:20[m[K,
[12.892s]                  from [01m[K/opt/ros/humble/include/rclcpp/rclcpp/executor.hpp:37[m[K,
[12.892s]                  from [01m[K/opt/ros/humble/include/rclcpp/rclcpp/executors/multi_threaded_executor.hpp:25[m[K,
[12.892s]                  from [01m[K/opt/ros/humble/include/rclcpp/rclcpp/executors.hpp:21[m[K,
[12.892s]                  from [01m[K/opt/ros/humble/include/rclcpp/rclcpp/rclcpp.hpp:155[m[K,
[12.892s]                  from [01m[K/home/martin/ros2_workspaces/ros2_ws_dev/src/more_interfaces/src/subscribe_address_book.cpp:4[m[K:
[12.892s] [01m[K/home/martin/ros2_workspaces/ros2_ws_dev/src/more_interfaces/src/subscribe_address_book.cpp:22:85:[m[K [01;36m[Knote: [m[K  mismatched types ‘[01m[Kstd::basic_ostream<_Ch, _Tr>[m[K’ and ‘[01m[Kconst char [11][m[K’
[12.892s]    22 |                                 RCLCPP_INFO(this->get_logger(), "I heard: '" << msg.[01;36m[Kfirst_name[m[K << " " << msg.last_name << "'");
[12.892s]       |                                                                                     [01;36m[K^~~~~~~~~~[m[K
[12.893s] In file included from [01m[K/opt/ros/humble/include/rosidl_runtime_cpp/rosidl_runtime_cpp/traits.hpp:19[m[K,
[12.893s]                  from [01m[K/opt/ros/humble/include/builtin_interfaces/builtin_interfaces/msg/detail/duration__traits.hpp:15[m[K,
[12.893s]                  from [01m[K/opt/ros/humble/include/builtin_interfaces/builtin_interfaces/msg/duration.hpp:9[m[K,
[12.893s]                  from [01m[K/opt/ros/humble/include/rclcpp/rclcpp/duration.hpp:20[m[K,
[12.893s]                  from [01m[K/opt/ros/humble/include/rclcpp/rclcpp/qos.hpp:20[m[K,
[12.893s]                  from [01m[K/opt/ros/humble/include/rclcpp/rclcpp/node_interfaces/node_graph_interface.hpp:32[m[K,
[12.893s]                  from [01m[K/opt/ros/humble/include/rclcpp/rclcpp/client.hpp:42[m[K,
[12.893s]                  from [01m[K/opt/ros/humble/include/rclcpp/rclcpp/callback_group.hpp:23[m[K,
[12.893s]                  from [01m[K/opt/ros/humble/include/rclcpp/rclcpp/any_executable.hpp:20[m[K,
[12.893s]                  from [01m[K/opt/ros/humble/include/rclcpp/rclcpp/memory_strategy.hpp:25[m[K,
[12.894s]                  from [01m[K/opt/ros/humble/include/rclcpp/rclcpp/memory_strategies.hpp:18[m[K,
[12.894s]                  from [01m[K/opt/ros/humble/include/rclcpp/rclcpp/executor_options.hpp:20[m[K,
[12.894s]                  from [01m[K/opt/ros/humble/include/rclcpp/rclcpp/executor.hpp:37[m[K,
[12.894s]                  from [01m[K/opt/ros/humble/include/rclcpp/rclcpp/executors/multi_threaded_executor.hpp:25[m[K,
[12.894s]                  from [01m[K/opt/ros/humble/include/rclcpp/rclcpp/executors.hpp:21[m[K,
[12.894s]                  from [01m[K/opt/ros/humble/include/rclcpp/rclcpp/rclcpp.hpp:155[m[K,
[12.894s]                  from [01m[K/home/martin/ros2_workspaces/ros2_ws_dev/src/more_interfaces/src/subscribe_address_book.cpp:4[m[K:
[12.894s] [01m[K/usr/include/c++/11/iomanip:208:5:[m[K [01;36m[Knote: [m[Kcandidate: ‘[01m[Ktemplate<class _CharT, class _Traits> std::basic_ostream<_Ch, _Tr>& std::operator<<(std::basic_ostream<_Ch, _Tr>&, std::_Setprecision)[m[K’
[12.894s]   208 |     [01;36m[Koperator[m[K<<(basic_ostream<_CharT, _Traits>& __os, _Setprecision __f)
[12.894s]       |     [01;36m[K^~~~~~~~[m[K
[12.895s] [01m[K/usr/include/c++/11/iomanip:208:5:[m[K [01;36m[Knote: [m[K  template argument deduction/substitution failed:
[12.895s] In file included from [01m[K/opt/ros/humble/include/rclcpp/rclcpp/logging.hpp:24[m[K,
[12.895s]                  from [01m[K/opt/ros/humble/include/rclcpp/rclcpp/client.hpp:40[m[K,
[12.895s]                  from [01m[K/opt/ros/humble/include/rclcpp/rclcpp/callback_group.hpp:23[m[K,
[12.895s]                  from [01m[K/opt/ros/humble/include/rclcpp/rclcpp/any_executable.hpp:20[m[K,
[12.895s]                  from [01m[K/opt/ros/humble/include/rclcpp/rclcpp/memory_strategy.hpp:25[m[K,
[12.895s]                  from [01m[K/opt/ros/humble/include/rclcpp/rclcpp/memory_strategies.hpp:18[m[K,
[12.895s]                  from [01m[K/opt/ros/humble/include/rclcpp/rclcpp/executor_options.hpp:20[m[K,
[12.895s]                  from [01m[K/opt/ros/humble/include/rclcpp/rclcpp/executor.hpp:37[m[K,
[12.896s]                  from [01m[K/opt/ros/humble/include/rclcpp/rclcpp/executors/multi_threaded_executor.hpp:25[m[K,
[12.896s]                  from [01m[K/opt/ros/humble/include/rclcpp/rclcpp/executors.hpp:21[m[K,
[12.896s]                  from [01m[K/opt/ros/humble/include/rclcpp/rclcpp/rclcpp.hpp:155[m[K,
[12.896s]                  from [01m[K/home/martin/ros2_workspaces/ros2_ws_dev/src/more_interfaces/src/subscribe_address_book.cpp:4[m[K:
[12.896s] [01m[K/home/martin/ros2_workspaces/ros2_ws_dev/src/more_interfaces/src/subscribe_address_book.cpp:22:85:[m[K [01;36m[Knote: [m[K  mismatched types ‘[01m[Kstd::basic_ostream<_Ch, _Tr>[m[K’ and ‘[01m[Kconst char [11][m[K’
[12.896s]    22 |                                 RCLCPP_INFO(this->get_logger(), "I heard: '" << msg.[01;36m[Kfirst_name[m[K << " " << msg.last_name << "'");
[12.896s]       |                                                                                     [01;36m[K^~~~~~~~~~[m[K
[12.896s] In file included from [01m[K/opt/ros/humble/include/rosidl_runtime_cpp/rosidl_runtime_cpp/traits.hpp:19[m[K,
[12.896s]                  from [01m[K/opt/ros/humble/include/builtin_interfaces/builtin_interfaces/msg/detail/duration__traits.hpp:15[m[K,
[12.896s]                  from [01m[K/opt/ros/humble/include/builtin_interfaces/builtin_interfaces/msg/duration.hpp:9[m[K,
[12.897s]                  from [01m[K/opt/ros/humble/include/rclcpp/rclcpp/duration.hpp:20[m[K,
[12.897s]                  from [01m[K/opt/ros/humble/include/rclcpp/rclcpp/qos.hpp:20[m[K,
[12.897s]                  from [01m[K/opt/ros/humble/include/rclcpp/rclcpp/node_interfaces/node_graph_interface.hpp:32[m[K,
[12.897s]                  from [01m[K/opt/ros/humble/include/rclcpp/rclcpp/client.hpp:42[m[K,
[12.897s]                  from [01m[K/opt/ros/humble/include/rclcpp/rclcpp/callback_group.hpp:23[m[K,
[12.897s]                  from [01m[K/opt/ros/humble/include/rclcpp/rclcpp/any_executable.hpp:20[m[K,
[12.897s]                  from [01m[K/opt/ros/humble/include/rclcpp/rclcpp/memory_strategy.hpp:25[m[K,
[12.897s]                  from [01m[K/opt/ros/humble/include/rclcpp/rclcpp/memory_strategies.hpp:18[m[K,
[12.897s]                  from [01m[K/opt/ros/humble/include/rclcpp/rclcpp/executor_options.hpp:20[m[K,
[12.897s]                  from [01m[K/opt/ros/humble/include/rclcpp/rclcpp/executor.hpp:37[m[K,
[12.897s]                  from [01m[K/opt/ros/humble/include/rclcpp/rclcpp/executors/multi_threaded_executor.hpp:25[m[K,
[12.898s]                  from [01m[K/opt/ros/humble/include/rclcpp/rclcpp/executors.hpp:21[m[K,
[12.898s]                  from [01m[K/opt/ros/humble/include/rclcpp/rclcpp/rclcpp.hpp:155[m[K,
[12.898s]                  from [01m[K/home/martin/ros2_workspaces/ros2_ws_dev/src/more_interfaces/src/subscribe_address_book.cpp:4[m[K:
[12.898s] [01m[K/usr/include/c++/11/iomanip:238:5:[m[K [01;36m[Knote: [m[Kcandidate: ‘[01m[Ktemplate<class _CharT, class _Traits> std::basic_ostream<_Ch, _Tr>& std::operator<<(std::basic_ostream<_Ch, _Tr>&, std::_Setw)[m[K’
[12.898s]   238 |     [01;36m[Koperator[m[K<<(basic_ostream<_CharT, _Traits>& __os, _Setw __f)
[12.898s]       |     [01;36m[K^~~~~~~~[m[K
[12.898s] [01m[K/usr/include/c++/11/iomanip:238:5:[m[K [01;36m[Knote: [m[K  template argument deduction/substitution failed:
[12.898s] In file included from [01m[K/opt/ros/humble/include/rclcpp/rclcpp/logging.hpp:24[m[K,
[12.898s]                  from [01m[K/opt/ros/humble/include/rclcpp/rclcpp/client.hpp:40[m[K,
[12.898s]                  from [01m[K/opt/ros/humble/include/rclcpp/rclcpp/callback_group.hpp:23[m[K,
[12.899s]                  from [01m[K/opt/ros/humble/include/rclcpp/rclcpp/any_executable.hpp:20[m[K,
[12.899s]                  from [01m[K/opt/ros/humble/include/rclcpp/rclcpp/memory_strategy.hpp:25[m[K,
[12.899s]                  from [01m[K/opt/ros/humble/include/rclcpp/rclcpp/memory_strategies.hpp:18[m[K,
[12.899s]                  from [01m[K/opt/ros/humble/include/rclcpp/rclcpp/executor_options.hpp:20[m[K,
[12.899s]                  from [01m[K/opt/ros/humble/include/rclcpp/rclcpp/executor.hpp:37[m[K,
[12.899s]                  from [01m[K/opt/ros/humble/include/rclcpp/rclcpp/executors/multi_threaded_executor.hpp:25[m[K,
[12.899s]                  from [01m[K/opt/ros/humble/include/rclcpp/rclcpp/executors.hpp:21[m[K,
[12.899s]                  from [01m[K/opt/ros/humble/include/rclcpp/rclcpp/rclcpp.hpp:155[m[K,
[12.899s]                  from [01m[K/home/martin/ros2_workspaces/ros2_ws_dev/src/more_interfaces/src/subscribe_address_book.cpp:4[m[K:
[12.900s] [01m[K/home/martin/ros2_workspaces/ros2_ws_dev/src/more_interfaces/src/subscribe_address_book.cpp:22:85:[m[K [01;36m[Knote: [m[K  mismatched types ‘[01m[Kstd::basic_ostream<_Ch, _Tr>[m[K’ and ‘[01m[Kconst char [11][m[K’
[12.900s]    22 |                                 RCLCPP_INFO(this->get_logger(), "I heard: '" << msg.[01;36m[Kfirst_name[m[K << " " << msg.last_name << "'");
[12.900s]       |                                                                                     [01;36m[K^~~~~~~~~~[m[K
[12.900s] In file included from [01m[K/opt/ros/humble/include/rosidl_runtime_cpp/rosidl_runtime_cpp/traits.hpp:19[m[K,
[12.900s]                  from [01m[K/opt/ros/humble/include/builtin_interfaces/builtin_interfaces/msg/detail/duration__traits.hpp:15[m[K,
[12.900s]                  from [01m[K/opt/ros/humble/include/builtin_interfaces/builtin_interfaces/msg/duration.hpp:9[m[K,
[12.900s]                  from [01m[K/opt/ros/humble/include/rclcpp/rclcpp/duration.hpp:20[m[K,
[12.900s]                  from [01m[K/opt/ros/humble/include/rclcpp/rclcpp/qos.hpp:20[m[K,
[12.900s]                  from [01m[K/opt/ros/humble/include/rclcpp/rclcpp/node_interfaces/node_graph_interface.hpp:32[m[K,
[12.900s]                  from [01m[K/opt/ros/humble/include/rclcpp/rclcpp/client.hpp:42[m[K,
[12.901s]                  from [01m[K/opt/ros/humble/include/rclcpp/rclcpp/callback_group.hpp:23[m[K,
[12.901s]                  from [01m[K/opt/ros/humble/include/rclcpp/rclcpp/any_executable.hpp:20[m[K,
[12.901s]                  from [01m[K/opt/ros/humble/include/rclcpp/rclcpp/memory_strategy.hpp:25[m[K,
[12.901s]                  from [01m[K/opt/ros/humble/include/rclcpp/rclcpp/memory_strategies.hpp:18[m[K,
[12.901s]                  from [01m[K/opt/ros/humble/include/rclcpp/rclcpp/executor_options.hpp:20[m[K,
[12.901s]                  from [01m[K/opt/ros/humble/include/rclcpp/rclcpp/executor.hpp:37[m[K,
[12.901s]                  from [01m[K/opt/ros/humble/include/rclcpp/rclcpp/executors/multi_threaded_executor.hpp:25[m[K,
[12.901s]                  from [01m[K/opt/ros/humble/include/rclcpp/rclcpp/executors.hpp:21[m[K,
[12.901s]                  from [01m[K/opt/ros/humble/include/rclcpp/rclcpp/rclcpp.hpp:155[m[K,
[12.901s]                  from [01m[K/home/martin/ros2_workspaces/ros2_ws_dev/src/more_interfaces/src/subscribe_address_book.cpp:4[m[K:
[12.901s] [01m[K/usr/include/c++/11/iomanip:311:5:[m[K [01;36m[Knote: [m[Kcandidate: ‘[01m[Ktemplate<class _CharT, class _Traits, class _MoneyT> std::basic_ostream<_Ch, _Tr>& std::operator<<(std::basic_ostream<_Ch, _Tr>&, std::_Put_money<_MoneyT>)[m[K’
[12.902s]   311 |     [01;36m[Koperator[m[K<<(basic_ostream<_CharT, _Traits>& __os, _Put_money<_MoneyT> __f)
[12.902s]       |     [01;36m[K^~~~~~~~[m[K
[12.902s] [01m[K/usr/include/c++/11/iomanip:311:5:[m[K [01;36m[Knote: [m[K  template argument deduction/substitution failed:
[12.902s] In file included from [01m[K/opt/ros/humble/include/rclcpp/rclcpp/logging.hpp:24[m[K,
[12.902s]                  from [01m[K/opt/ros/humble/include/rclcpp/rclcpp/client.hpp:40[m[K,
[12.902s]                  from [01m[K/opt/ros/humble/include/rclcpp/rclcpp/callback_group.hpp:23[m[K,
[12.902s]                  from [01m[K/opt/ros/humble/include/rclcpp/rclcpp/any_executable.hpp:20[m[K,
[12.902s]                  from [01m[K/opt/ros/humble/include/rclcpp/rclcpp/memory_strategy.hpp:25[m[K,
[12.902s]                  from [01m[K/opt/ros/humble/include/rclcpp/rclcpp/memory_strategies.hpp:18[m[K,
[12.903s]                  from [01m[K/opt/ros/humble/include/rclcpp/rclcpp/executor_options.hpp:20[m[K,
[12.903s]                  from [01m[K/opt/ros/humble/include/rclcpp/rclcpp/executor.hpp:37[m[K,
[12.903s]                  from [01m[K/opt/ros/humble/include/rclcpp/rclcpp/executors/multi_threaded_executor.hpp:25[m[K,
[12.903s]                  from [01m[K/opt/ros/humble/include/rclcpp/rclcpp/executors.hpp:21[m[K,
[12.903s]                  from [01m[K/opt/ros/humble/include/rclcpp/rclcpp/rclcpp.hpp:155[m[K,
[12.903s]                  from [01m[K/home/martin/ros2_workspaces/ros2_ws_dev/src/more_interfaces/src/subscribe_address_book.cpp:4[m[K:
[12.903s] [01m[K/home/martin/ros2_workspaces/ros2_ws_dev/src/more_interfaces/src/subscribe_address_book.cpp:22:85:[m[K [01;36m[Knote: [m[K  mismatched types ‘[01m[Kstd::basic_ostream<_Ch, _Tr>[m[K’ and ‘[01m[Kconst char [11][m[K’
[12.903s]    22 |                                 RCLCPP_INFO(this->get_logger(), "I heard: '" << msg.[01;36m[Kfirst_name[m[K << " " << msg.last_name << "'");
[12.903s]       |                                                                                     [01;36m[K^~~~~~~~~~[m[K
[12.904s] In file included from [01m[K/opt/ros/humble/include/rosidl_runtime_cpp/rosidl_runtime_cpp/traits.hpp:19[m[K,
[12.904s]                  from [01m[K/opt/ros/humble/include/builtin_interfaces/builtin_interfaces/msg/detail/duration__traits.hpp:15[m[K,
[12.904s]                  from [01m[K/opt/ros/humble/include/builtin_interfaces/builtin_interfaces/msg/duration.hpp:9[m[K,
[12.904s]                  from [01m[K/opt/ros/humble/include/rclcpp/rclcpp/duration.hpp:20[m[K,
[12.904s]                  from [01m[K/opt/ros/humble/include/rclcpp/rclcpp/qos.hpp:20[m[K,
[12.904s]                  from [01m[K/opt/ros/humble/include/rclcpp/rclcpp/node_interfaces/node_graph_interface.hpp:32[m[K,
[12.904s]                  from [01m[K/opt/ros/humble/include/rclcpp/rclcpp/client.hpp:42[m[K,
[12.904s]                  from [01m[K/opt/ros/humble/include/rclcpp/rclcpp/callback_group.hpp:23[m[K,
[12.904s]                  from [01m[K/opt/ros/humble/include/rclcpp/rclcpp/any_executable.hpp:20[m[K,
[12.904s]                  from [01m[K/opt/ros/humble/include/rclcpp/rclcpp/memory_strategy.hpp:25[m[K,
[12.905s]                  from [01m[K/opt/ros/humble/include/rclcpp/rclcpp/memory_strategies.hpp:18[m[K,
[12.905s]                  from [01m[K/opt/ros/humble/include/rclcpp/rclcpp/executor_options.hpp:20[m[K,
[12.905s]                  from [01m[K/opt/ros/humble/include/rclcpp/rclcpp/executor.hpp:37[m[K,
[12.905s]                  from [01m[K/opt/ros/humble/include/rclcpp/rclcpp/executors/multi_threaded_executor.hpp:25[m[K,
[12.905s]                  from [01m[K/opt/ros/humble/include/rclcpp/rclcpp/executors.hpp:21[m[K,
[12.905s]                  from [01m[K/opt/ros/humble/include/rclcpp/rclcpp/rclcpp.hpp:155[m[K,
[12.905s]                  from [01m[K/home/martin/ros2_workspaces/ros2_ws_dev/src/more_interfaces/src/subscribe_address_book.cpp:4[m[K:
[12.905s] [01m[K/usr/include/c++/11/iomanip:363:5:[m[K [01;36m[Knote: [m[Kcandidate: ‘[01m[Ktemplate<class _CharT, class _Traits> std::basic_ostream<_Ch, _Tr>& std::operator<<(std::basic_ostream<_Ch, _Tr>&, std::_Put_time<_CharT>)[m[K’
[12.906s]   363 |     [01;36m[Koperator[m[K<<(basic_ostream<_CharT, _Traits>& __os, _Put_time<_CharT> __f)
[12.906s]       |     [01;36m[K^~~~~~~~[m[K
[12.906s] [01m[K/usr/include/c++/11/iomanip:363:5:[m[K [01;36m[Knote: [m[K  template argument deduction/substitution failed:
[12.906s] In file included from [01m[K/opt/ros/humble/include/rclcpp/rclcpp/logging.hpp:24[m[K,
[12.907s]                  from [01m[K/opt/ros/humble/include/rclcpp/rclcpp/client.hpp:40[m[K,
[12.907s]                  from [01m[K/opt/ros/humble/include/rclcpp/rclcpp/callback_group.hpp:23[m[K,
[12.907s]                  from [01m[K/opt/ros/humble/include/rclcpp/rclcpp/any_executable.hpp:20[m[K,
[12.907s]                  from [01m[K/opt/ros/humble/include/rclcpp/rclcpp/memory_strategy.hpp:25[m[K,
[12.907s]                  from [01m[K/opt/ros/humble/include/rclcpp/rclcpp/memory_strategies.hpp:18[m[K,
[12.907s]                  from [01m[K/opt/ros/humble/include/rclcpp/rclcpp/executor_options.hpp:20[m[K,
[12.907s]                  from [01m[K/opt/ros/humble/include/rclcpp/rclcpp/executor.hpp:37[m[K,
[12.907s]                  from [01m[K/opt/ros/humble/include/rclcpp/rclcpp/executors/multi_threaded_executor.hpp:25[m[K,
[12.907s]                  from [01m[K/opt/ros/humble/include/rclcpp/rclcpp/executors.hpp:21[m[K,
[12.908s]                  from [01m[K/opt/ros/humble/include/rclcpp/rclcpp/rclcpp.hpp:155[m[K,
[12.908s]                  from [01m[K/home/martin/ros2_workspaces/ros2_ws_dev/src/more_interfaces/src/subscribe_address_book.cpp:4[m[K:
[12.908s] [01m[K/home/martin/ros2_workspaces/ros2_ws_dev/src/more_interfaces/src/subscribe_address_book.cpp:22:85:[m[K [01;36m[Knote: [m[K  mismatched types ‘[01m[Kstd::basic_ostream<_Ch, _Tr>[m[K’ and ‘[01m[Kconst char [11][m[K’
[12.908s]    22 |                                 RCLCPP_INFO(this->get_logger(), "I heard: '" << msg.[01;36m[Kfirst_name[m[K << " " << msg.last_name << "'");
[12.908s]       |                                                                                     [01;36m[K^~~~~~~~~~[m[K
[12.908s] [01m[K/home/martin/ros2_workspaces/ros2_ws_dev/src/more_interfaces/src/subscribe_address_book.cpp:[m[K In function ‘[01m[Kint main(int, char**)[m[K’:
[12.908s] [01m[K/home/martin/ros2_workspaces/ros2_ws_dev/src/more_interfaces/src/subscribe_address_book.cpp:30:25:[m[K [01;31m[Kerror: [m[Kfound ‘[01m[K:[m[K’ in nested-name-specifier, expected ‘[01m[K::[m[K’
[12.908s]    30 |         rclcpp::spin(std[01;31m[K:[m[Kmake_shared<AddressBookSubscriber>());
[12.908s]       |                         [01;31m[K^[m[K
[12.908s]       |                         [32m[K::[m[K
[14.125s] gmake[2]: *** [CMakeFiles/subscribe_address_book.dir/build.make:76: CMakeFiles/subscribe_address_book.dir/src/subscribe_address_book.cpp.o] Error 1
[14.126s] gmake[1]: *** [CMakeFiles/Makefile2:622: CMakeFiles/subscribe_address_book.dir/all] Error 2
[14.126s] gmake: *** [Makefile:146: all] Error 2
[14.132s] Invoked command in '/home/martin/ros2_workspaces/ros2_ws_dev/build/more_interfaces' returned '2': CMAKE_PREFIX_PATH=/opt/ros/humble /usr/bin/cmake --build /home/martin/ros2_workspaces/ros2_ws_dev/build/more_interfaces -- -j2 -l2
