running egg_info
creating ../../build/head/head.egg-info
writing ../../build/head/head.egg-info/PKG-INFO
writing dependency_links to ../../build/head/head.egg-info/dependency_links.txt
writing entry points to ../../build/head/head.egg-info/entry_points.txt
writing requirements to ../../build/head/head.egg-info/requires.txt
writing top-level names to ../../build/head/head.egg-info/top_level.txt
writing manifest file '../../build/head/head.egg-info/SOURCES.txt'
reading manifest file '../../build/head/head.egg-info/SOURCES.txt'
writing manifest file '../../build/head/head.egg-info/SOURCES.txt'
running build
running build_py
creating /home/martin/ros2_workspaces/ros2_ws_dev/build/head/build
creating /home/martin/ros2_workspaces/ros2_ws_dev/build/head/build/lib
creating /home/martin/ros2_workspaces/ros2_ws_dev/build/head/build/lib/head
copying head/head_move_sub.py -> /home/martin/ros2_workspaces/ros2_ws_dev/build/head/build/lib/head
copying head/head_state_service.py -> /home/martin/ros2_workspaces/ros2_ws_dev/build/head/build/lib/head
copying head/head_tf_move_sub.py -> /home/martin/ros2_workspaces/ros2_ws_dev/build/head/build/lib/head
copying head/__init__.py -> /home/martin/ros2_workspaces/ros2_ws_dev/build/head/build/lib/head
running install
running install_lib
creating /home/martin/ros2_workspaces/ros2_ws_dev/install/head/lib/python3.10/site-packages/head
copying /home/martin/ros2_workspaces/ros2_ws_dev/build/head/build/lib/head/head_move_sub.py -> /home/martin/ros2_workspaces/ros2_ws_dev/install/head/lib/python3.10/site-packages/head
copying /home/martin/ros2_workspaces/ros2_ws_dev/build/head/build/lib/head/head_state_service.py -> /home/martin/ros2_workspaces/ros2_ws_dev/install/head/lib/python3.10/site-packages/head
copying /home/martin/ros2_workspaces/ros2_ws_dev/build/head/build/lib/head/head_tf_move_sub.py -> /home/martin/ros2_workspaces/ros2_ws_dev/install/head/lib/python3.10/site-packages/head
copying /home/martin/ros2_workspaces/ros2_ws_dev/build/head/build/lib/head/__init__.py -> /home/martin/ros2_workspaces/ros2_ws_dev/install/head/lib/python3.10/site-packages/head
byte-compiling /home/martin/ros2_workspaces/ros2_ws_dev/install/head/lib/python3.10/site-packages/head/head_move_sub.py to head_move_sub.cpython-310.pyc
byte-compiling /home/martin/ros2_workspaces/ros2_ws_dev/install/head/lib/python3.10/site-packages/head/head_state_service.py to head_state_service.cpython-310.pyc
byte-compiling /home/martin/ros2_workspaces/ros2_ws_dev/install/head/lib/python3.10/site-packages/head/head_tf_move_sub.py to head_tf_move_sub.cpython-310.pyc
byte-compiling /home/martin/ros2_workspaces/ros2_ws_dev/install/head/lib/python3.10/site-packages/head/__init__.py to __init__.cpython-310.pyc
running install_data
creating /home/martin/ros2_workspaces/ros2_ws_dev/install/head/share
creating /home/martin/ros2_workspaces/ros2_ws_dev/install/head/share/ament_index
creating /home/martin/ros2_workspaces/ros2_ws_dev/install/head/share/ament_index/resource_index
creating /home/martin/ros2_workspaces/ros2_ws_dev/install/head/share/ament_index/resource_index/packages
copying resource/head -> /home/martin/ros2_workspaces/ros2_ws_dev/install/head/share/ament_index/resource_index/packages
creating /home/martin/ros2_workspaces/ros2_ws_dev/install/head/share/head
copying package.xml -> /home/martin/ros2_workspaces/ros2_ws_dev/install/head/share/head
running install_egg_info
Copying ../../build/head/head.egg-info to /home/martin/ros2_workspaces/ros2_ws_dev/install/head/lib/python3.10/site-packages/head-0.0.0-py3.10.egg-info
running install_scripts
Installing head_move_sub script to /home/martin/ros2_workspaces/ros2_ws_dev/install/head/lib/head
Installing head_state_service script to /home/martin/ros2_workspaces/ros2_ws_dev/install/head/lib/head
Installing head_tf_move_sub script to /home/martin/ros2_workspaces/ros2_ws_dev/install/head/lib/head
writing list of installed files to '/home/martin/ros2_workspaces/ros2_ws_dev/build/head/install.log'
