[0.029s] Invoking command in '/home/martin/ros2_workspaces/ros2_ws_dev/build/cpp_srvcli': CMAKE_PREFIX_PATH=${CMAKE_PREFIX_PATH}:/home/martin/ros2_workspaces/ros2_ws_dev/install/py_srvcli:/home/martin/ros2_workspaces/ros2_ws_dev/install/py_pubsub:/home/martin/ros2_workspaces/ros2_ws_dev/install/my_package:/opt/ros/humble /usr/bin/cmake --build /home/martin/ros2_workspaces/ros2_ws_dev/build/cpp_srvcli -- -j2 -l2
[0.229s] [ 50%] Built target server
[0.247s] [100%] Built target client
[0.268s] Invoked command in '/home/martin/ros2_workspaces/ros2_ws_dev/build/cpp_srvcli' returned '0': CMAKE_PREFIX_PATH=${CMAKE_PREFIX_PATH}:/home/martin/ros2_workspaces/ros2_ws_dev/install/py_srvcli:/home/martin/ros2_workspaces/ros2_ws_dev/install/py_pubsub:/home/martin/ros2_workspaces/ros2_ws_dev/install/my_package:/opt/ros/humble /usr/bin/cmake --build /home/martin/ros2_workspaces/ros2_ws_dev/build/cpp_srvcli -- -j2 -l2
[0.384s] Invoking command in '/home/martin/ros2_workspaces/ros2_ws_dev/build/cpp_srvcli': CMAKE_PREFIX_PATH=${CMAKE_PREFIX_PATH}:/home/martin/ros2_workspaces/ros2_ws_dev/install/py_srvcli:/home/martin/ros2_workspaces/ros2_ws_dev/install/py_pubsub:/home/martin/ros2_workspaces/ros2_ws_dev/install/my_package:/opt/ros/humble /usr/bin/cmake --install /home/martin/ros2_workspaces/ros2_ws_dev/build/cpp_srvcli
[0.400s] -- Install configuration: ""
[0.402s] -- Up-to-date: /home/martin/ros2_workspaces/ros2_ws_dev/install/cpp_srvcli/lib/cpp_srvcli/server
[0.403s] -- Up-to-date: /home/martin/ros2_workspaces/ros2_ws_dev/install/cpp_srvcli/lib/cpp_srvcli/client
[0.404s] -- Up-to-date: /home/martin/ros2_workspaces/ros2_ws_dev/install/cpp_srvcli/share/ament_index/resource_index/package_run_dependencies/cpp_srvcli
[0.405s] -- Up-to-date: /home/martin/ros2_workspaces/ros2_ws_dev/install/cpp_srvcli/share/ament_index/resource_index/parent_prefix_path/cpp_srvcli
[0.406s] -- Up-to-date: /home/martin/ros2_workspaces/ros2_ws_dev/install/cpp_srvcli/share/cpp_srvcli/environment/ament_prefix_path.sh
[0.407s] -- Up-to-date: /home/martin/ros2_workspaces/ros2_ws_dev/install/cpp_srvcli/share/cpp_srvcli/environment/ament_prefix_path.dsv
[0.407s] -- Up-to-date: /home/martin/ros2_workspaces/ros2_ws_dev/install/cpp_srvcli/share/cpp_srvcli/environment/path.sh
[0.407s] -- Up-to-date: /home/martin/ros2_workspaces/ros2_ws_dev/install/cpp_srvcli/share/cpp_srvcli/environment/path.dsv
[0.408s] -- Up-to-date: /home/martin/ros2_workspaces/ros2_ws_dev/install/cpp_srvcli/share/cpp_srvcli/local_setup.bash
[0.408s] -- Up-to-date: /home/martin/ros2_workspaces/ros2_ws_dev/install/cpp_srvcli/share/cpp_srvcli/local_setup.sh
[0.408s] -- Up-to-date: /home/martin/ros2_workspaces/ros2_ws_dev/install/cpp_srvcli/share/cpp_srvcli/local_setup.zsh
[0.410s] -- Up-to-date: /home/martin/ros2_workspaces/ros2_ws_dev/install/cpp_srvcli/share/cpp_srvcli/local_setup.dsv
[0.410s] -- Installing: /home/martin/ros2_workspaces/ros2_ws_dev/install/cpp_srvcli/share/cpp_srvcli/package.dsv
[0.411s] -- Up-to-date: /home/martin/ros2_workspaces/ros2_ws_dev/install/cpp_srvcli/share/ament_index/resource_index/packages/cpp_srvcli
[0.412s] -- Up-to-date: /home/martin/ros2_workspaces/ros2_ws_dev/install/cpp_srvcli/share/cpp_srvcli/cmake/cpp_srvcliConfig.cmake
[0.412s] -- Up-to-date: /home/martin/ros2_workspaces/ros2_ws_dev/install/cpp_srvcli/share/cpp_srvcli/cmake/cpp_srvcliConfig-version.cmake
[0.412s] -- Up-to-date: /home/martin/ros2_workspaces/ros2_ws_dev/install/cpp_srvcli/share/cpp_srvcli/package.xml
[0.422s] Invoked command in '/home/martin/ros2_workspaces/ros2_ws_dev/build/cpp_srvcli' returned '0': CMAKE_PREFIX_PATH=${CMAKE_PREFIX_PATH}:/home/martin/ros2_workspaces/ros2_ws_dev/install/py_srvcli:/home/martin/ros2_workspaces/ros2_ws_dev/install/py_pubsub:/home/martin/ros2_workspaces/ros2_ws_dev/install/my_package:/opt/ros/humble /usr/bin/cmake --install /home/martin/ros2_workspaces/ros2_ws_dev/build/cpp_srvcli
