[0.036s] Invoking command in '/home/martin/ros2_workspaces/ros2_ws_dev/build/more_interfaces': CMAKE_PREFIX_PATH=/opt/ros/humble /usr/bin/cmake --build /home/martin/ros2_workspaces/ros2_ws_dev/build/more_interfaces -- -j2 -l2
[0.184s] [  2%] Built target more_interfaces__cpp
[0.184s] [ 11%] Built target more_interfaces__rosidl_generator_c
[0.234s] [ 20%] Built target more_interfaces__rosidl_typesupport_cpp
[0.248s] [ 20%] Built target ament_cmake_python_copy_more_interfaces
[0.283s] [ 28%] Built target more_interfaces__rosidl_typesupport_fastrtps_c
[0.301s] [ 37%] Built target more_interfaces__rosidl_typesupport_fastrtps_cpp
[0.334s] [ 45%] Built target more_interfaces__rosidl_typesupport_introspection_c
[0.348s] [ 54%] Built target more_interfaces__rosidl_typesupport_c
[0.384s] [ 62%] Built target more_interfaces__rosidl_typesupport_introspection_cpp
[0.432s] [ 68%] Built target publish_address_book
[0.457s] [35m[1mConsolidate compiler generated dependencies of target subscribe_address_book[0m
[0.489s] [ 71%] [32mBuilding CXX object CMakeFiles/subscribe_address_book.dir/src/subscribe_address_book.cpp.o[0m
[0.734s] running egg_info
[0.735s] writing more_interfaces.egg-info/PKG-INFO
[0.746s] writing dependency_links to more_interfaces.egg-info/dependency_links.txt
[0.755s] writing top-level names to more_interfaces.egg-info/top_level.txt
[0.756s] reading manifest file 'more_interfaces.egg-info/SOURCES.txt'
[0.757s] writing manifest file 'more_interfaces.egg-info/SOURCES.txt'
[0.808s] [ 71%] Built target ament_cmake_python_build_more_interfaces_egg
[1.743s] [ 71%] Built target more_interfaces
[1.783s] [ 74%] Built target more_interfaces__py
[1.825s] [ 80%] Built target more_interfaces__rosidl_generator_py
[1.869s] [ 85%] Built target more_interfaces__rosidl_typesupport_fastrtps_c__pyext
[1.912s] [ 91%] Built target more_interfaces__rosidl_typesupport_introspection_c__pyext
[1.955s] [ 97%] Built target more_interfaces__rosidl_typesupport_c__pyext
[4.344s] [01m[K/home/martin/ros2_workspaces/ros2_ws_dev/src/more_interfaces/src/subscribe_address_book.cpp:[m[K In member function ‘[01m[Kvoid AddressBookSubscriber::address_book_callback(const AddressBook&) const[m[K’:
[4.344s] [01m[K/home/martin/ros2_workspaces/ros2_ws_dev/src/more_interfaces/src/subscribe_address_book.cpp:22:37:[m[K [01;31m[Kerror: [m[K‘[01m[Kcout[m[K’ was not declared in this scope; did you mean ‘[01m[Kstd::cout[m[K’?
[4.344s]    22 |                                 std:[01;31m[Kcout[m[K << "I heard: " << msg.first_name << " " << msg.last_name << std:endl;
[4.345s]       |                                     [01;31m[K^~~~[m[K
[4.345s]       |                                     [32m[Kstd::cout[m[K
[4.345s] In file included from [01m[K/opt/ros/humble/include/rclcpp/rclcpp/executor.hpp:22[m[K,
[4.345s]                  from [01m[K/opt/ros/humble/include/rclcpp/rclcpp/executors/multi_threaded_executor.hpp:25[m[K,
[4.345s]                  from [01m[K/opt/ros/humble/include/rclcpp/rclcpp/executors.hpp:21[m[K,
[4.345s]                  from [01m[K/opt/ros/humble/include/rclcpp/rclcpp/rclcpp.hpp:155[m[K,
[4.345s]                  from [01m[K/home/martin/ros2_workspaces/ros2_ws_dev/src/more_interfaces/src/subscribe_address_book.cpp:4[m[K:
[4.345s] [01m[K/usr/include/c++/11/iostream:61:18:[m[K [01;36m[Knote: [m[K‘[01m[Kstd::cout[m[K’ declared here
[4.345s]    61 |   extern ostream [01;36m[Kcout[m[K;          /// Linked to standard output
[4.345s]       |                  [01;36m[K^~~~[m[K
[4.345s] [01m[K/home/martin/ros2_workspaces/ros2_ws_dev/src/more_interfaces/src/subscribe_address_book.cpp:22:105:[m[K [01;31m[Kerror: [m[Kfound ‘[01m[K:[m[K’ in nested-name-specifier, expected ‘[01m[K::[m[K’
[4.345s]    22 |                                 std:cout << "I heard: " << msg.first_name << " " << msg.last_name << std[01;31m[K:[m[Kendl;
[4.346s]       |                                                                                                         [01;31m[K^[m[K
[4.346s]       |                                                                                                         [32m[K::[m[K
[4.346s] [01m[K/home/martin/ros2_workspaces/ros2_ws_dev/src/more_interfaces/src/subscribe_address_book.cpp:22:33:[m[K [01;35m[Kwarning: [m[Klabel ‘[01m[Kstd[m[K’ defined but not used [[01;35m[K]8;;https://gcc.gnu.org/onlinedocs/gcc/Warning-Options.html#index-Wunused-label-Wunused-label]8;;[m[K]
[4.346s]    22 |                                 [01;35m[Kstd[m[K:cout << "I heard: " << msg.first_name << " " << msg.last_name << std:endl;
[4.346s]       |                                 [01;35m[K^~~[m[K
[8.229s] gmake[2]: *** [CMakeFiles/subscribe_address_book.dir/build.make:76: CMakeFiles/subscribe_address_book.dir/src/subscribe_address_book.cpp.o] Error 1
[8.229s] gmake[1]: *** [CMakeFiles/Makefile2:622: CMakeFiles/subscribe_address_book.dir/all] Error 2
[8.229s] gmake: *** [Makefile:146: all] Error 2
[8.235s] Invoked command in '/home/martin/ros2_workspaces/ros2_ws_dev/build/more_interfaces' returned '2': CMAKE_PREFIX_PATH=/opt/ros/humble /usr/bin/cmake --build /home/martin/ros2_workspaces/ros2_ws_dev/build/more_interfaces -- -j2 -l2
