[0.171s] Invoking command in '/home/martin/ros2_workspaces/ros2_ws_dev/build/tutorial_interfaces': CMAKE_PREFIX_PATH=/opt/ros/humble /usr/bin/cmake --build /home/martin/ros2_workspaces/ros2_ws_dev/build/tutorial_interfaces -- -j2 -l2
[0.900s] [  2%] Built target tutorial_interfaces__cpp
[1.002s] [ 12%] Built target tutorial_interfaces__rosidl_generator_c
[1.104s] [ 12%] Built target ament_cmake_python_copy_tutorial_interfaces
[1.147s] [ 23%] Built target tutorial_interfaces__rosidl_typesupport_cpp
[1.244s] [ 34%] Built target tutorial_interfaces__rosidl_typesupport_fastrtps_c
[1.254s] [ 44%] Built target tutorial_interfaces__rosidl_typesupport_fastrtps_cpp
[1.369s] [ 55%] Built target tutorial_interfaces__rosidl_typesupport_c
[1.395s] [ 65%] Built target tutorial_interfaces__rosidl_typesupport_introspection_c
[1.510s] [ 76%] Built target tutorial_interfaces__rosidl_typesupport_introspection_cpp
[1.573s] [ 76%] Built target tutorial_interfaces
[1.639s] [ 78%] Built target tutorial_interfaces__py
[1.723s] [ 87%] Built target tutorial_interfaces__rosidl_generator_py
[1.779s] [ 91%] Built target tutorial_interfaces__rosidl_typesupport_fastrtps_c__pyext
[1.842s] [ 95%] Built target tutorial_interfaces__rosidl_typesupport_introspection_c__pyext
[1.903s] [100%] Built target tutorial_interfaces__rosidl_typesupport_c__pyext
[1.925s] running egg_info
[1.928s] writing tutorial_interfaces.egg-info/PKG-INFO
[1.928s] writing dependency_links to tutorial_interfaces.egg-info/dependency_links.txt
[1.929s] writing top-level names to tutorial_interfaces.egg-info/top_level.txt
[1.941s] reading manifest file 'tutorial_interfaces.egg-info/SOURCES.txt'
[1.944s] writing manifest file 'tutorial_interfaces.egg-info/SOURCES.txt'
[2.033s] [100%] Built target ament_cmake_python_build_tutorial_interfaces_egg
[2.069s] Invoked command in '/home/martin/ros2_workspaces/ros2_ws_dev/build/tutorial_interfaces' returned '0': CMAKE_PREFIX_PATH=/opt/ros/humble /usr/bin/cmake --build /home/martin/ros2_workspaces/ros2_ws_dev/build/tutorial_interfaces -- -j2 -l2
[2.594s] Invoking command in '/home/martin/ros2_workspaces/ros2_ws_dev/build/tutorial_interfaces': CMAKE_PREFIX_PATH=/opt/ros/humble /usr/bin/cmake --install /home/martin/ros2_workspaces/ros2_ws_dev/build/tutorial_interfaces
[2.632s] -- Install configuration: ""
[2.639s] -- Up-to-date: /home/martin/ros2_workspaces/ros2_ws_dev/install/tutorial_interfaces/share/ament_index/resource_index/rosidl_interfaces/tutorial_interfaces
[2.643s] -- Up-to-date: /home/martin/ros2_workspaces/ros2_ws_dev/install/tutorial_interfaces/include/tutorial_interfaces/tutorial_interfaces
[2.650s] -- Up-to-date: /home/martin/ros2_workspaces/ros2_ws_dev/install/tutorial_interfaces/include/tutorial_interfaces/tutorial_interfaces/srv
[2.650s] -- Up-to-date: /home/martin/ros2_workspaces/ros2_ws_dev/install/tutorial_interfaces/include/tutorial_interfaces/tutorial_interfaces/srv/detail
[2.652s] -- Up-to-date: /home/martin/ros2_workspaces/ros2_ws_dev/install/tutorial_interfaces/include/tutorial_interfaces/tutorial_interfaces/srv/detail/add_three_ints__functions.h
[2.652s] -- Up-to-date: /home/martin/ros2_workspaces/ros2_ws_dev/install/tutorial_interfaces/include/tutorial_interfaces/tutorial_interfaces/srv/detail/add_three_ints__functions.c
[2.653s] -- Up-to-date: /home/martin/ros2_workspaces/ros2_ws_dev/install/tutorial_interfaces/include/tutorial_interfaces/tutorial_interfaces/srv/detail/add_three_ints__struct.h
[2.653s] -- Up-to-date: /home/martin/ros2_workspaces/ros2_ws_dev/install/tutorial_interfaces/include/tutorial_interfaces/tutorial_interfaces/srv/detail/add_three_ints__type_support.h
[2.653s] -- Up-to-date: /home/martin/ros2_workspaces/ros2_ws_dev/install/tutorial_interfaces/include/tutorial_interfaces/tutorial_interfaces/srv/add_three_ints.h
[2.654s] -- Up-to-date: /home/martin/ros2_workspaces/ros2_ws_dev/install/tutorial_interfaces/include/tutorial_interfaces/tutorial_interfaces/msg
[2.655s] -- Up-to-date: /home/martin/ros2_workspaces/ros2_ws_dev/install/tutorial_interfaces/include/tutorial_interfaces/tutorial_interfaces/msg/num.h
[2.656s] -- Up-to-date: /home/martin/ros2_workspaces/ros2_ws_dev/install/tutorial_interfaces/include/tutorial_interfaces/tutorial_interfaces/msg/sphere.h
[2.657s] -- Up-to-date: /home/martin/ros2_workspaces/ros2_ws_dev/install/tutorial_interfaces/include/tutorial_interfaces/tutorial_interfaces/msg/rosidl_generator_c__visibility_control.h
[2.657s] -- Up-to-date: /home/martin/ros2_workspaces/ros2_ws_dev/install/tutorial_interfaces/include/tutorial_interfaces/tutorial_interfaces/msg/detail
[2.668s] -- Up-to-date: /home/martin/ros2_workspaces/ros2_ws_dev/install/tutorial_interfaces/include/tutorial_interfaces/tutorial_interfaces/msg/detail/sphere__type_support.h
[2.668s] -- Up-to-date: /home/martin/ros2_workspaces/ros2_ws_dev/install/tutorial_interfaces/include/tutorial_interfaces/tutorial_interfaces/msg/detail/num__struct.h
[2.668s] -- Up-to-date: /home/martin/ros2_workspaces/ros2_ws_dev/install/tutorial_interfaces/include/tutorial_interfaces/tutorial_interfaces/msg/detail/sphere__struct.h
[2.669s] -- Up-to-date: /home/martin/ros2_workspaces/ros2_ws_dev/install/tutorial_interfaces/include/tutorial_interfaces/tutorial_interfaces/msg/detail/sphere__functions.c
[2.669s] -- Up-to-date: /home/martin/ros2_workspaces/ros2_ws_dev/install/tutorial_interfaces/include/tutorial_interfaces/tutorial_interfaces/msg/detail/sphere__functions.h
[2.669s] -- Up-to-date: /home/martin/ros2_workspaces/ros2_ws_dev/install/tutorial_interfaces/include/tutorial_interfaces/tutorial_interfaces/msg/detail/num__functions.c
[2.669s] -- Up-to-date: /home/martin/ros2_workspaces/ros2_ws_dev/install/tutorial_interfaces/include/tutorial_interfaces/tutorial_interfaces/msg/detail/num__type_support.h
[2.669s] -- Up-to-date: /home/martin/ros2_workspaces/ros2_ws_dev/install/tutorial_interfaces/include/tutorial_interfaces/tutorial_interfaces/msg/detail/num__functions.h
[2.672s] -- Up-to-date: /home/martin/ros2_workspaces/ros2_ws_dev/install/tutorial_interfaces/share/tutorial_interfaces/environment/library_path.sh
[2.672s] -- Up-to-date: /home/martin/ros2_workspaces/ros2_ws_dev/install/tutorial_interfaces/share/tutorial_interfaces/environment/library_path.dsv
[2.673s] -- Up-to-date: /home/martin/ros2_workspaces/ros2_ws_dev/install/tutorial_interfaces/lib/libtutorial_interfaces__rosidl_generator_c.so
[2.673s] -- Up-to-date: /home/martin/ros2_workspaces/ros2_ws_dev/install/tutorial_interfaces/include/tutorial_interfaces/tutorial_interfaces
[2.673s] -- Up-to-date: /home/martin/ros2_workspaces/ros2_ws_dev/install/tutorial_interfaces/include/tutorial_interfaces/tutorial_interfaces/srv
[2.673s] -- Up-to-date: /home/martin/ros2_workspaces/ros2_ws_dev/install/tutorial_interfaces/include/tutorial_interfaces/tutorial_interfaces/srv/detail
[2.673s] -- Up-to-date: /home/martin/ros2_workspaces/ros2_ws_dev/install/tutorial_interfaces/include/tutorial_interfaces/tutorial_interfaces/srv/detail/add_three_ints__rosidl_typesupport_fastrtps_c.h
[2.673s] -- Up-to-date: /home/martin/ros2_workspaces/ros2_ws_dev/install/tutorial_interfaces/include/tutorial_interfaces/tutorial_interfaces/msg
[2.674s] -- Up-to-date: /home/martin/ros2_workspaces/ros2_ws_dev/install/tutorial_interfaces/include/tutorial_interfaces/tutorial_interfaces/msg/rosidl_typesupport_fastrtps_c__visibility_control.h
[2.674s] -- Up-to-date: /home/martin/ros2_workspaces/ros2_ws_dev/install/tutorial_interfaces/include/tutorial_interfaces/tutorial_interfaces/msg/detail
[2.674s] -- Up-to-date: /home/martin/ros2_workspaces/ros2_ws_dev/install/tutorial_interfaces/include/tutorial_interfaces/tutorial_interfaces/msg/detail/num__rosidl_typesupport_fastrtps_c.h
[2.674s] -- Up-to-date: /home/martin/ros2_workspaces/ros2_ws_dev/install/tutorial_interfaces/include/tutorial_interfaces/tutorial_interfaces/msg/detail/sphere__rosidl_typesupport_fastrtps_c.h
[2.676s] -- Up-to-date: /home/martin/ros2_workspaces/ros2_ws_dev/install/tutorial_interfaces/lib/libtutorial_interfaces__rosidl_typesupport_fastrtps_c.so
[2.676s] -- Up-to-date: /home/martin/ros2_workspaces/ros2_ws_dev/install/tutorial_interfaces/include/tutorial_interfaces/tutorial_interfaces
[2.677s] -- Up-to-date: /home/martin/ros2_workspaces/ros2_ws_dev/install/tutorial_interfaces/include/tutorial_interfaces/tutorial_interfaces/srv
[2.677s] -- Up-to-date: /home/martin/ros2_workspaces/ros2_ws_dev/install/tutorial_interfaces/include/tutorial_interfaces/tutorial_interfaces/srv/add_three_ints.hpp
[2.678s] -- Up-to-date: /home/martin/ros2_workspaces/ros2_ws_dev/install/tutorial_interfaces/include/tutorial_interfaces/tutorial_interfaces/srv/detail
[2.680s] -- Up-to-date: /home/martin/ros2_workspaces/ros2_ws_dev/install/tutorial_interfaces/include/tutorial_interfaces/tutorial_interfaces/srv/detail/add_three_ints__builder.hpp
[2.681s] -- Up-to-date: /home/martin/ros2_workspaces/ros2_ws_dev/install/tutorial_interfaces/include/tutorial_interfaces/tutorial_interfaces/srv/detail/add_three_ints__traits.hpp
[2.681s] -- Up-to-date: /home/martin/ros2_workspaces/ros2_ws_dev/install/tutorial_interfaces/include/tutorial_interfaces/tutorial_interfaces/srv/detail/add_three_ints__struct.hpp
[2.682s] -- Up-to-date: /home/martin/ros2_workspaces/ros2_ws_dev/install/tutorial_interfaces/include/tutorial_interfaces/tutorial_interfaces/msg
[2.682s] -- Up-to-date: /home/martin/ros2_workspaces/ros2_ws_dev/install/tutorial_interfaces/include/tutorial_interfaces/tutorial_interfaces/msg/num.hpp
[2.685s] -- Up-to-date: /home/martin/ros2_workspaces/ros2_ws_dev/install/tutorial_interfaces/include/tutorial_interfaces/tutorial_interfaces/msg/detail
[2.686s] -- Up-to-date: /home/martin/ros2_workspaces/ros2_ws_dev/install/tutorial_interfaces/include/tutorial_interfaces/tutorial_interfaces/msg/detail/num__struct.hpp
[2.686s] -- Up-to-date: /home/martin/ros2_workspaces/ros2_ws_dev/install/tutorial_interfaces/include/tutorial_interfaces/tutorial_interfaces/msg/detail/sphere__struct.hpp
[2.686s] -- Up-to-date: /home/martin/ros2_workspaces/ros2_ws_dev/install/tutorial_interfaces/include/tutorial_interfaces/tutorial_interfaces/msg/detail/num__builder.hpp
[2.687s] -- Up-to-date: /home/martin/ros2_workspaces/ros2_ws_dev/install/tutorial_interfaces/include/tutorial_interfaces/tutorial_interfaces/msg/detail/num__traits.hpp
[2.687s] -- Up-to-date: /home/martin/ros2_workspaces/ros2_ws_dev/install/tutorial_interfaces/include/tutorial_interfaces/tutorial_interfaces/msg/detail/sphere__builder.hpp
[2.688s] -- Up-to-date: /home/martin/ros2_workspaces/ros2_ws_dev/install/tutorial_interfaces/include/tutorial_interfaces/tutorial_interfaces/msg/detail/sphere__traits.hpp
[2.688s] -- Up-to-date: /home/martin/ros2_workspaces/ros2_ws_dev/install/tutorial_interfaces/include/tutorial_interfaces/tutorial_interfaces/msg/sphere.hpp
[2.688s] -- Up-to-date: /home/martin/ros2_workspaces/ros2_ws_dev/install/tutorial_interfaces/include/tutorial_interfaces/tutorial_interfaces
[2.688s] -- Up-to-date: /home/martin/ros2_workspaces/ros2_ws_dev/install/tutorial_interfaces/include/tutorial_interfaces/tutorial_interfaces/srv
[2.689s] -- Up-to-date: /home/martin/ros2_workspaces/ros2_ws_dev/install/tutorial_interfaces/include/tutorial_interfaces/tutorial_interfaces/srv/detail
[2.700s] -- Up-to-date: /home/martin/ros2_workspaces/ros2_ws_dev/install/tutorial_interfaces/include/tutorial_interfaces/tutorial_interfaces/srv/detail/dds_fastrtps
[2.701s] -- Up-to-date: /home/martin/ros2_workspaces/ros2_ws_dev/install/tutorial_interfaces/include/tutorial_interfaces/tutorial_interfaces/srv/detail/add_three_ints__rosidl_typesupport_fastrtps_cpp.hpp
[2.701s] -- Up-to-date: /home/martin/ros2_workspaces/ros2_ws_dev/install/tutorial_interfaces/include/tutorial_interfaces/tutorial_interfaces/msg
[2.701s] -- Up-to-date: /home/martin/ros2_workspaces/ros2_ws_dev/install/tutorial_interfaces/include/tutorial_interfaces/tutorial_interfaces/msg/detail
[2.705s] -- Up-to-date: /home/martin/ros2_workspaces/ros2_ws_dev/install/tutorial_interfaces/include/tutorial_interfaces/tutorial_interfaces/msg/detail/dds_fastrtps
[2.705s] -- Up-to-date: /home/martin/ros2_workspaces/ros2_ws_dev/install/tutorial_interfaces/include/tutorial_interfaces/tutorial_interfaces/msg/detail/sphere__rosidl_typesupport_fastrtps_cpp.hpp
[2.705s] -- Up-to-date: /home/martin/ros2_workspaces/ros2_ws_dev/install/tutorial_interfaces/include/tutorial_interfaces/tutorial_interfaces/msg/detail/num__rosidl_typesupport_fastrtps_cpp.hpp
[2.706s] -- Up-to-date: /home/martin/ros2_workspaces/ros2_ws_dev/install/tutorial_interfaces/include/tutorial_interfaces/tutorial_interfaces/msg/rosidl_typesupport_fastrtps_cpp__visibility_control.h
[2.706s] -- Up-to-date: /home/martin/ros2_workspaces/ros2_ws_dev/install/tutorial_interfaces/lib/libtutorial_interfaces__rosidl_typesupport_fastrtps_cpp.so
[2.707s] -- Up-to-date: /home/martin/ros2_workspaces/ros2_ws_dev/install/tutorial_interfaces/include/tutorial_interfaces/tutorial_interfaces
[2.707s] -- Up-to-date: /home/martin/ros2_workspaces/ros2_ws_dev/install/tutorial_interfaces/include/tutorial_interfaces/tutorial_interfaces/srv
[2.708s] -- Up-to-date: /home/martin/ros2_workspaces/ros2_ws_dev/install/tutorial_interfaces/include/tutorial_interfaces/tutorial_interfaces/srv/detail
[2.708s] -- Up-to-date: /home/martin/ros2_workspaces/ros2_ws_dev/install/tutorial_interfaces/include/tutorial_interfaces/tutorial_interfaces/srv/detail/add_three_ints__type_support.c
[2.708s] -- Up-to-date: /home/martin/ros2_workspaces/ros2_ws_dev/install/tutorial_interfaces/include/tutorial_interfaces/tutorial_interfaces/srv/detail/add_three_ints__rosidl_typesupport_introspection_c.h
[2.710s] -- Up-to-date: /home/martin/ros2_workspaces/ros2_ws_dev/install/tutorial_interfaces/include/tutorial_interfaces/tutorial_interfaces/msg
[2.711s] -- Up-to-date: /home/martin/ros2_workspaces/ros2_ws_dev/install/tutorial_interfaces/include/tutorial_interfaces/tutorial_interfaces/msg/rosidl_typesupport_introspection_c__visibility_control.h
[2.711s] -- Up-to-date: /home/martin/ros2_workspaces/ros2_ws_dev/install/tutorial_interfaces/include/tutorial_interfaces/tutorial_interfaces/msg/detail
[2.711s] -- Up-to-date: /home/martin/ros2_workspaces/ros2_ws_dev/install/tutorial_interfaces/include/tutorial_interfaces/tutorial_interfaces/msg/detail/sphere__type_support.c
[2.711s] -- Up-to-date: /home/martin/ros2_workspaces/ros2_ws_dev/install/tutorial_interfaces/include/tutorial_interfaces/tutorial_interfaces/msg/detail/num__rosidl_typesupport_introspection_c.h
[2.711s] -- Up-to-date: /home/martin/ros2_workspaces/ros2_ws_dev/install/tutorial_interfaces/include/tutorial_interfaces/tutorial_interfaces/msg/detail/num__type_support.c
[2.711s] -- Up-to-date: /home/martin/ros2_workspaces/ros2_ws_dev/install/tutorial_interfaces/include/tutorial_interfaces/tutorial_interfaces/msg/detail/sphere__rosidl_typesupport_introspection_c.h
[2.712s] -- Up-to-date: /home/martin/ros2_workspaces/ros2_ws_dev/install/tutorial_interfaces/lib/libtutorial_interfaces__rosidl_typesupport_introspection_c.so
[2.712s] -- Up-to-date: /home/martin/ros2_workspaces/ros2_ws_dev/install/tutorial_interfaces/lib/libtutorial_interfaces__rosidl_typesupport_c.so
[2.712s] -- Up-to-date: /home/martin/ros2_workspaces/ros2_ws_dev/install/tutorial_interfaces/include/tutorial_interfaces/tutorial_interfaces
[2.713s] -- Up-to-date: /home/martin/ros2_workspaces/ros2_ws_dev/install/tutorial_interfaces/include/tutorial_interfaces/tutorial_interfaces/srv
[2.713s] -- Up-to-date: /home/martin/ros2_workspaces/ros2_ws_dev/install/tutorial_interfaces/include/tutorial_interfaces/tutorial_interfaces/srv/detail
[2.713s] -- Up-to-date: /home/martin/ros2_workspaces/ros2_ws_dev/install/tutorial_interfaces/include/tutorial_interfaces/tutorial_interfaces/srv/detail/add_three_ints__type_support.cpp
[2.713s] -- Up-to-date: /home/martin/ros2_workspaces/ros2_ws_dev/install/tutorial_interfaces/include/tutorial_interfaces/tutorial_interfaces/srv/detail/add_three_ints__rosidl_typesupport_introspection_cpp.hpp
[2.713s] -- Up-to-date: /home/martin/ros2_workspaces/ros2_ws_dev/install/tutorial_interfaces/include/tutorial_interfaces/tutorial_interfaces/msg
[2.713s] -- Up-to-date: /home/martin/ros2_workspaces/ros2_ws_dev/install/tutorial_interfaces/include/tutorial_interfaces/tutorial_interfaces/msg/detail
[2.713s] -- Up-to-date: /home/martin/ros2_workspaces/ros2_ws_dev/install/tutorial_interfaces/include/tutorial_interfaces/tutorial_interfaces/msg/detail/sphere__rosidl_typesupport_introspection_cpp.hpp
[2.715s] -- Up-to-date: /home/martin/ros2_workspaces/ros2_ws_dev/install/tutorial_interfaces/include/tutorial_interfaces/tutorial_interfaces/msg/detail/sphere__type_support.cpp
[2.715s] -- Up-to-date: /home/martin/ros2_workspaces/ros2_ws_dev/install/tutorial_interfaces/include/tutorial_interfaces/tutorial_interfaces/msg/detail/num__rosidl_typesupport_introspection_cpp.hpp
[2.715s] -- Up-to-date: /home/martin/ros2_workspaces/ros2_ws_dev/install/tutorial_interfaces/include/tutorial_interfaces/tutorial_interfaces/msg/detail/num__type_support.cpp
[2.715s] -- Up-to-date: /home/martin/ros2_workspaces/ros2_ws_dev/install/tutorial_interfaces/lib/libtutorial_interfaces__rosidl_typesupport_introspection_cpp.so
[2.720s] -- Up-to-date: /home/martin/ros2_workspaces/ros2_ws_dev/install/tutorial_interfaces/lib/libtutorial_interfaces__rosidl_typesupport_cpp.so
[2.721s] -- Up-to-date: /home/martin/ros2_workspaces/ros2_ws_dev/install/tutorial_interfaces/share/tutorial_interfaces/environment/pythonpath.sh
[2.721s] -- Up-to-date: /home/martin/ros2_workspaces/ros2_ws_dev/install/tutorial_interfaces/share/tutorial_interfaces/environment/pythonpath.dsv
[2.727s] -- Up-to-date: /home/martin/ros2_workspaces/ros2_ws_dev/install/tutorial_interfaces/local/lib/python3.10/dist-packages/tutorial_interfaces-0.0.0-py3.10.egg-info
[2.729s] -- Installing: /home/martin/ros2_workspaces/ros2_ws_dev/install/tutorial_interfaces/local/lib/python3.10/dist-packages/tutorial_interfaces-0.0.0-py3.10.egg-info/dependency_links.txt
[2.730s] -- Installing: /home/martin/ros2_workspaces/ros2_ws_dev/install/tutorial_interfaces/local/lib/python3.10/dist-packages/tutorial_interfaces-0.0.0-py3.10.egg-info/SOURCES.txt
[2.730s] -- Installing: /home/martin/ros2_workspaces/ros2_ws_dev/install/tutorial_interfaces/local/lib/python3.10/dist-packages/tutorial_interfaces-0.0.0-py3.10.egg-info/PKG-INFO
[2.730s] -- Installing: /home/martin/ros2_workspaces/ros2_ws_dev/install/tutorial_interfaces/local/lib/python3.10/dist-packages/tutorial_interfaces-0.0.0-py3.10.egg-info/top_level.txt
[2.732s] -- Up-to-date: /home/martin/ros2_workspaces/ros2_ws_dev/install/tutorial_interfaces/local/lib/python3.10/dist-packages/tutorial_interfaces
[2.739s] -- Up-to-date: /home/martin/ros2_workspaces/ros2_ws_dev/install/tutorial_interfaces/local/lib/python3.10/dist-packages/tutorial_interfaces/srv
[2.740s] -- Up-to-date: /home/martin/ros2_workspaces/ros2_ws_dev/install/tutorial_interfaces/local/lib/python3.10/dist-packages/tutorial_interfaces/srv/_add_three_ints.py
[2.740s] -- Up-to-date: /home/martin/ros2_workspaces/ros2_ws_dev/install/tutorial_interfaces/local/lib/python3.10/dist-packages/tutorial_interfaces/srv/_add_three_ints_s.c
[2.740s] -- Up-to-date: /home/martin/ros2_workspaces/ros2_ws_dev/install/tutorial_interfaces/local/lib/python3.10/dist-packages/tutorial_interfaces/srv/__init__.py
[2.740s] -- Up-to-date: /home/martin/ros2_workspaces/ros2_ws_dev/install/tutorial_interfaces/local/lib/python3.10/dist-packages/tutorial_interfaces/_tutorial_interfaces_s.ep.rosidl_typesupport_c.c
[2.740s] -- Up-to-date: /home/martin/ros2_workspaces/ros2_ws_dev/install/tutorial_interfaces/local/lib/python3.10/dist-packages/tutorial_interfaces/libtutorial_interfaces__rosidl_generator_py.so
[2.740s] -- Up-to-date: /home/martin/ros2_workspaces/ros2_ws_dev/install/tutorial_interfaces/local/lib/python3.10/dist-packages/tutorial_interfaces/msg
[2.740s] -- Up-to-date: /home/martin/ros2_workspaces/ros2_ws_dev/install/tutorial_interfaces/local/lib/python3.10/dist-packages/tutorial_interfaces/msg/_num.py
[2.740s] -- Up-to-date: /home/martin/ros2_workspaces/ros2_ws_dev/install/tutorial_interfaces/local/lib/python3.10/dist-packages/tutorial_interfaces/msg/_num_s.c
[2.740s] -- Up-to-date: /home/martin/ros2_workspaces/ros2_ws_dev/install/tutorial_interfaces/local/lib/python3.10/dist-packages/tutorial_interfaces/msg/_sphere_s.c
[2.741s] -- Up-to-date: /home/martin/ros2_workspaces/ros2_ws_dev/install/tutorial_interfaces/local/lib/python3.10/dist-packages/tutorial_interfaces/msg/_sphere.py
[2.741s] -- Up-to-date: /home/martin/ros2_workspaces/ros2_ws_dev/install/tutorial_interfaces/local/lib/python3.10/dist-packages/tutorial_interfaces/msg/__init__.py
[2.741s] -- Up-to-date: /home/martin/ros2_workspaces/ros2_ws_dev/install/tutorial_interfaces/local/lib/python3.10/dist-packages/tutorial_interfaces/tutorial_interfaces_s__rosidl_typesupport_c.cpython-310-x86_64-linux-gnu.so
[2.741s] -- Up-to-date: /home/martin/ros2_workspaces/ros2_ws_dev/install/tutorial_interfaces/local/lib/python3.10/dist-packages/tutorial_interfaces/_tutorial_interfaces_s.ep.rosidl_typesupport_introspection_c.c
[2.741s] -- Up-to-date: /home/martin/ros2_workspaces/ros2_ws_dev/install/tutorial_interfaces/local/lib/python3.10/dist-packages/tutorial_interfaces/tutorial_interfaces_s__rosidl_typesupport_introspection_c.cpython-310-x86_64-linux-gnu.so
[2.741s] -- Up-to-date: /home/martin/ros2_workspaces/ros2_ws_dev/install/tutorial_interfaces/local/lib/python3.10/dist-packages/tutorial_interfaces/_tutorial_interfaces_s.ep.rosidl_typesupport_fastrtps_c.c
[2.741s] -- Up-to-date: /home/martin/ros2_workspaces/ros2_ws_dev/install/tutorial_interfaces/local/lib/python3.10/dist-packages/tutorial_interfaces/tutorial_interfaces_s__rosidl_typesupport_fastrtps_c.cpython-310-x86_64-linux-gnu.so
[2.741s] -- Up-to-date: /home/martin/ros2_workspaces/ros2_ws_dev/install/tutorial_interfaces/local/lib/python3.10/dist-packages/tutorial_interfaces/__init__.py
[2.804s] Listing '/home/martin/ros2_workspaces/ros2_ws_dev/install/tutorial_interfaces/local/lib/python3.10/dist-packages/tutorial_interfaces'...
[2.805s] Listing '/home/martin/ros2_workspaces/ros2_ws_dev/install/tutorial_interfaces/local/lib/python3.10/dist-packages/tutorial_interfaces/msg'...
[2.805s] Listing '/home/martin/ros2_workspaces/ros2_ws_dev/install/tutorial_interfaces/local/lib/python3.10/dist-packages/tutorial_interfaces/srv'...
[2.815s] -- Up-to-date: /home/martin/ros2_workspaces/ros2_ws_dev/install/tutorial_interfaces/local/lib/python3.10/dist-packages/tutorial_interfaces/tutorial_interfaces_s__rosidl_typesupport_fastrtps_c.cpython-310-x86_64-linux-gnu.so
[2.818s] -- Up-to-date: /home/martin/ros2_workspaces/ros2_ws_dev/install/tutorial_interfaces/local/lib/python3.10/dist-packages/tutorial_interfaces/tutorial_interfaces_s__rosidl_typesupport_introspection_c.cpython-310-x86_64-linux-gnu.so
[2.823s] -- Up-to-date: /home/martin/ros2_workspaces/ros2_ws_dev/install/tutorial_interfaces/local/lib/python3.10/dist-packages/tutorial_interfaces/tutorial_interfaces_s__rosidl_typesupport_c.cpython-310-x86_64-linux-gnu.so
[2.828s] -- Up-to-date: /home/martin/ros2_workspaces/ros2_ws_dev/install/tutorial_interfaces/lib/libtutorial_interfaces__rosidl_generator_py.so
[2.831s] -- Up-to-date: /home/martin/ros2_workspaces/ros2_ws_dev/install/tutorial_interfaces/share/tutorial_interfaces/msg/Num.idl
[2.831s] -- Up-to-date: /home/martin/ros2_workspaces/ros2_ws_dev/install/tutorial_interfaces/share/tutorial_interfaces/msg/Sphere.idl
[2.832s] -- Up-to-date: /home/martin/ros2_workspaces/ros2_ws_dev/install/tutorial_interfaces/share/tutorial_interfaces/srv/AddThreeInts.idl
[2.833s] -- Up-to-date: /home/martin/ros2_workspaces/ros2_ws_dev/install/tutorial_interfaces/share/tutorial_interfaces/msg/Num.msg
[2.833s] -- Up-to-date: /home/martin/ros2_workspaces/ros2_ws_dev/install/tutorial_interfaces/share/tutorial_interfaces/msg/Sphere.msg
[2.833s] -- Up-to-date: /home/martin/ros2_workspaces/ros2_ws_dev/install/tutorial_interfaces/share/tutorial_interfaces/srv/AddThreeInts.srv
[2.833s] -- Up-to-date: /home/martin/ros2_workspaces/ros2_ws_dev/install/tutorial_interfaces/share/tutorial_interfaces/srv/AddThreeInts_Request.msg
[2.833s] -- Up-to-date: /home/martin/ros2_workspaces/ros2_ws_dev/install/tutorial_interfaces/share/tutorial_interfaces/srv/AddThreeInts_Response.msg
[2.834s] -- Up-to-date: /home/martin/ros2_workspaces/ros2_ws_dev/install/tutorial_interfaces/share/ament_index/resource_index/package_run_dependencies/tutorial_interfaces
[2.836s] -- Up-to-date: /home/martin/ros2_workspaces/ros2_ws_dev/install/tutorial_interfaces/share/ament_index/resource_index/parent_prefix_path/tutorial_interfaces
[2.837s] -- Up-to-date: /home/martin/ros2_workspaces/ros2_ws_dev/install/tutorial_interfaces/share/tutorial_interfaces/environment/ament_prefix_path.sh
[2.837s] -- Up-to-date: /home/martin/ros2_workspaces/ros2_ws_dev/install/tutorial_interfaces/share/tutorial_interfaces/environment/ament_prefix_path.dsv
[2.837s] -- Up-to-date: /home/martin/ros2_workspaces/ros2_ws_dev/install/tutorial_interfaces/share/tutorial_interfaces/environment/path.sh
[2.838s] -- Up-to-date: /home/martin/ros2_workspaces/ros2_ws_dev/install/tutorial_interfaces/share/tutorial_interfaces/environment/path.dsv
[2.838s] -- Up-to-date: /home/martin/ros2_workspaces/ros2_ws_dev/install/tutorial_interfaces/share/tutorial_interfaces/local_setup.bash
[2.838s] -- Up-to-date: /home/martin/ros2_workspaces/ros2_ws_dev/install/tutorial_interfaces/share/tutorial_interfaces/local_setup.sh
[2.838s] -- Up-to-date: /home/martin/ros2_workspaces/ros2_ws_dev/install/tutorial_interfaces/share/tutorial_interfaces/local_setup.zsh
[2.838s] -- Up-to-date: /home/martin/ros2_workspaces/ros2_ws_dev/install/tutorial_interfaces/share/tutorial_interfaces/local_setup.dsv
[2.838s] -- Installing: /home/martin/ros2_workspaces/ros2_ws_dev/install/tutorial_interfaces/share/tutorial_interfaces/package.dsv
[2.840s] -- Up-to-date: /home/martin/ros2_workspaces/ros2_ws_dev/install/tutorial_interfaces/share/ament_index/resource_index/packages/tutorial_interfaces
[2.850s] -- Up-to-date: /home/martin/ros2_workspaces/ros2_ws_dev/install/tutorial_interfaces/share/tutorial_interfaces/cmake/export_tutorial_interfaces__rosidl_generator_cExport.cmake
[2.850s] -- Up-to-date: /home/martin/ros2_workspaces/ros2_ws_dev/install/tutorial_interfaces/share/tutorial_interfaces/cmake/export_tutorial_interfaces__rosidl_generator_cExport-noconfig.cmake
[2.853s] -- Up-to-date: /home/martin/ros2_workspaces/ros2_ws_dev/install/tutorial_interfaces/share/tutorial_interfaces/cmake/export_tutorial_interfaces__rosidl_typesupport_fastrtps_cExport.cmake
[2.853s] -- Up-to-date: /home/martin/ros2_workspaces/ros2_ws_dev/install/tutorial_interfaces/share/tutorial_interfaces/cmake/export_tutorial_interfaces__rosidl_typesupport_fastrtps_cExport-noconfig.cmake
[2.856s] -- Up-to-date: /home/martin/ros2_workspaces/ros2_ws_dev/install/tutorial_interfaces/share/tutorial_interfaces/cmake/export_tutorial_interfaces__rosidl_generator_cppExport.cmake
[2.859s] -- Up-to-date: /home/martin/ros2_workspaces/ros2_ws_dev/install/tutorial_interfaces/share/tutorial_interfaces/cmake/export_tutorial_interfaces__rosidl_typesupport_fastrtps_cppExport.cmake
[2.859s] -- Up-to-date: /home/martin/ros2_workspaces/ros2_ws_dev/install/tutorial_interfaces/share/tutorial_interfaces/cmake/export_tutorial_interfaces__rosidl_typesupport_fastrtps_cppExport-noconfig.cmake
[2.862s] -- Up-to-date: /home/martin/ros2_workspaces/ros2_ws_dev/install/tutorial_interfaces/share/tutorial_interfaces/cmake/tutorial_interfaces__rosidl_typesupport_introspection_cExport.cmake
[2.862s] -- Up-to-date: /home/martin/ros2_workspaces/ros2_ws_dev/install/tutorial_interfaces/share/tutorial_interfaces/cmake/tutorial_interfaces__rosidl_typesupport_introspection_cExport-noconfig.cmake
[2.865s] -- Up-to-date: /home/martin/ros2_workspaces/ros2_ws_dev/install/tutorial_interfaces/share/tutorial_interfaces/cmake/tutorial_interfaces__rosidl_typesupport_cExport.cmake
[2.865s] -- Up-to-date: /home/martin/ros2_workspaces/ros2_ws_dev/install/tutorial_interfaces/share/tutorial_interfaces/cmake/tutorial_interfaces__rosidl_typesupport_cExport-noconfig.cmake
[2.868s] -- Up-to-date: /home/martin/ros2_workspaces/ros2_ws_dev/install/tutorial_interfaces/share/tutorial_interfaces/cmake/tutorial_interfaces__rosidl_typesupport_introspection_cppExport.cmake
[2.868s] -- Up-to-date: /home/martin/ros2_workspaces/ros2_ws_dev/install/tutorial_interfaces/share/tutorial_interfaces/cmake/tutorial_interfaces__rosidl_typesupport_introspection_cppExport-noconfig.cmake
[2.871s] -- Up-to-date: /home/martin/ros2_workspaces/ros2_ws_dev/install/tutorial_interfaces/share/tutorial_interfaces/cmake/tutorial_interfaces__rosidl_typesupport_cppExport.cmake
[2.871s] -- Up-to-date: /home/martin/ros2_workspaces/ros2_ws_dev/install/tutorial_interfaces/share/tutorial_interfaces/cmake/tutorial_interfaces__rosidl_typesupport_cppExport-noconfig.cmake
[2.874s] -- Up-to-date: /home/martin/ros2_workspaces/ros2_ws_dev/install/tutorial_interfaces/share/tutorial_interfaces/cmake/export_tutorial_interfaces__rosidl_generator_pyExport.cmake
[2.875s] -- Up-to-date: /home/martin/ros2_workspaces/ros2_ws_dev/install/tutorial_interfaces/share/tutorial_interfaces/cmake/export_tutorial_interfaces__rosidl_generator_pyExport-noconfig.cmake
[2.875s] -- Up-to-date: /home/martin/ros2_workspaces/ros2_ws_dev/install/tutorial_interfaces/share/tutorial_interfaces/cmake/rosidl_cmake-extras.cmake
[2.876s] -- Up-to-date: /home/martin/ros2_workspaces/ros2_ws_dev/install/tutorial_interfaces/share/tutorial_interfaces/cmake/ament_cmake_export_dependencies-extras.cmake
[2.876s] -- Up-to-date: /home/martin/ros2_workspaces/ros2_ws_dev/install/tutorial_interfaces/share/tutorial_interfaces/cmake/ament_cmake_export_include_directories-extras.cmake
[2.876s] -- Up-to-date: /home/martin/ros2_workspaces/ros2_ws_dev/install/tutorial_interfaces/share/tutorial_interfaces/cmake/ament_cmake_export_libraries-extras.cmake
[2.876s] -- Up-to-date: /home/martin/ros2_workspaces/ros2_ws_dev/install/tutorial_interfaces/share/tutorial_interfaces/cmake/ament_cmake_export_targets-extras.cmake
[2.876s] -- Up-to-date: /home/martin/ros2_workspaces/ros2_ws_dev/install/tutorial_interfaces/share/tutorial_interfaces/cmake/rosidl_cmake_export_typesupport_targets-extras.cmake
[2.876s] -- Up-to-date: /home/martin/ros2_workspaces/ros2_ws_dev/install/tutorial_interfaces/share/tutorial_interfaces/cmake/rosidl_cmake_export_typesupport_libraries-extras.cmake
[2.876s] -- Up-to-date: /home/martin/ros2_workspaces/ros2_ws_dev/install/tutorial_interfaces/share/tutorial_interfaces/cmake/tutorial_interfacesConfig.cmake
[2.876s] -- Up-to-date: /home/martin/ros2_workspaces/ros2_ws_dev/install/tutorial_interfaces/share/tutorial_interfaces/cmake/tutorial_interfacesConfig-version.cmake
[2.876s] -- Up-to-date: /home/martin/ros2_workspaces/ros2_ws_dev/install/tutorial_interfaces/share/tutorial_interfaces/package.xml
[3.152s] Invoked command in '/home/martin/ros2_workspaces/ros2_ws_dev/build/tutorial_interfaces' returned '0': CMAKE_PREFIX_PATH=/opt/ros/humble /usr/bin/cmake --install /home/martin/ros2_workspaces/ros2_ws_dev/build/tutorial_interfaces
