[0.018s] Invoking command in '/home/martin/ros2_workspaces/ros2_ws_dev/build/cpp_pubsub': CMAKE_PREFIX_PATH=${CMAKE_PREFIX_PATH}:/home/martin/ros2_workspaces/ros2_ws_dev/install/py_srvcli:/home/martin/ros2_workspaces/ros2_ws_dev/install/py_pubsub:/home/martin/ros2_workspaces/ros2_ws_dev/install/python_parameters:/home/martin/ros2_workspaces/ros2_ws_dev/install/my_package:/home/martin/ros2_workspaces/ros2_ws_dev/install/head:/opt/ros/humble PS1=(venv) \[\e]0;\u@\h: \w\a\]${debian_chroot:+($debian_chroot)}\[\033[01;32m\]\u@\h\[\033[00m\]:\[\033[01;34m\]\w\[\033[00m\]\$ VIRTUAL_ENV_PROMPT=(venv) /usr/bin/cmake --build /home/martin/ros2_workspaces/ros2_ws_dev/build/cpp_pubsub -- -j2 -l2
[0.129s] [ 50%] Built target talker
[0.138s] [100%] Built target listener
[0.155s] Invoked command in '/home/martin/ros2_workspaces/ros2_ws_dev/build/cpp_pubsub' returned '0': CMAKE_PREFIX_PATH=${CMAKE_PREFIX_PATH}:/home/martin/ros2_workspaces/ros2_ws_dev/install/py_srvcli:/home/martin/ros2_workspaces/ros2_ws_dev/install/py_pubsub:/home/martin/ros2_workspaces/ros2_ws_dev/install/python_parameters:/home/martin/ros2_workspaces/ros2_ws_dev/install/my_package:/home/martin/ros2_workspaces/ros2_ws_dev/install/head:/opt/ros/humble PS1=(venv) \[\e]0;\u@\h: \w\a\]${debian_chroot:+($debian_chroot)}\[\033[01;32m\]\u@\h\[\033[00m\]:\[\033[01;34m\]\w\[\033[00m\]\$ VIRTUAL_ENV_PROMPT=(venv) /usr/bin/cmake --build /home/martin/ros2_workspaces/ros2_ws_dev/build/cpp_pubsub -- -j2 -l2
[0.248s] Invoking command in '/home/martin/ros2_workspaces/ros2_ws_dev/build/cpp_pubsub': CMAKE_PREFIX_PATH=${CMAKE_PREFIX_PATH}:/home/martin/ros2_workspaces/ros2_ws_dev/install/py_srvcli:/home/martin/ros2_workspaces/ros2_ws_dev/install/py_pubsub:/home/martin/ros2_workspaces/ros2_ws_dev/install/python_parameters:/home/martin/ros2_workspaces/ros2_ws_dev/install/my_package:/home/martin/ros2_workspaces/ros2_ws_dev/install/head:/opt/ros/humble PS1=(venv) \[\e]0;\u@\h: \w\a\]${debian_chroot:+($debian_chroot)}\[\033[01;32m\]\u@\h\[\033[00m\]:\[\033[01;34m\]\w\[\033[00m\]\$ VIRTUAL_ENV_PROMPT=(venv) /usr/bin/cmake --install /home/martin/ros2_workspaces/ros2_ws_dev/build/cpp_pubsub
[0.264s] -- Install configuration: ""
[0.264s] -- Up-to-date: /home/martin/ros2_workspaces/ros2_ws_dev/install/cpp_pubsub/lib/cpp_pubsub/talker
[0.266s] -- Up-to-date: /home/martin/ros2_workspaces/ros2_ws_dev/install/cpp_pubsub/lib/cpp_pubsub/listener
[0.266s] -- Up-to-date: /home/martin/ros2_workspaces/ros2_ws_dev/install/cpp_pubsub/share/ament_index/resource_index/package_run_dependencies/cpp_pubsub
[0.266s] -- Up-to-date: /home/martin/ros2_workspaces/ros2_ws_dev/install/cpp_pubsub/share/ament_index/resource_index/parent_prefix_path/cpp_pubsub
[0.266s] -- Up-to-date: /home/martin/ros2_workspaces/ros2_ws_dev/install/cpp_pubsub/share/cpp_pubsub/environment/ament_prefix_path.sh
[0.267s] -- Up-to-date: /home/martin/ros2_workspaces/ros2_ws_dev/install/cpp_pubsub/share/cpp_pubsub/environment/ament_prefix_path.dsv
[0.267s] -- Up-to-date: /home/martin/ros2_workspaces/ros2_ws_dev/install/cpp_pubsub/share/cpp_pubsub/environment/path.sh
[0.268s] -- Up-to-date: /home/martin/ros2_workspaces/ros2_ws_dev/install/cpp_pubsub/share/cpp_pubsub/environment/path.dsv
[0.268s] -- Up-to-date: /home/martin/ros2_workspaces/ros2_ws_dev/install/cpp_pubsub/share/cpp_pubsub/local_setup.bash
[0.268s] -- Up-to-date: /home/martin/ros2_workspaces/ros2_ws_dev/install/cpp_pubsub/share/cpp_pubsub/local_setup.sh
[0.268s] -- Up-to-date: /home/martin/ros2_workspaces/ros2_ws_dev/install/cpp_pubsub/share/cpp_pubsub/local_setup.zsh
[0.269s] -- Up-to-date: /home/martin/ros2_workspaces/ros2_ws_dev/install/cpp_pubsub/share/cpp_pubsub/local_setup.dsv
[0.270s] -- Installing: /home/martin/ros2_workspaces/ros2_ws_dev/install/cpp_pubsub/share/cpp_pubsub/package.dsv
[0.270s] -- Up-to-date: /home/martin/ros2_workspaces/ros2_ws_dev/install/cpp_pubsub/share/ament_index/resource_index/packages/cpp_pubsub
[0.270s] -- Up-to-date: /home/martin/ros2_workspaces/ros2_ws_dev/install/cpp_pubsub/share/cpp_pubsub/cmake/cpp_pubsubConfig.cmake
[0.271s] -- Up-to-date: /home/martin/ros2_workspaces/ros2_ws_dev/install/cpp_pubsub/share/cpp_pubsub/cmake/cpp_pubsubConfig-version.cmake
[0.272s] -- Up-to-date: /home/martin/ros2_workspaces/ros2_ws_dev/install/cpp_pubsub/share/cpp_pubsub/package.xml
[0.277s] Invoked command in '/home/martin/ros2_workspaces/ros2_ws_dev/build/cpp_pubsub' returned '0': CMAKE_PREFIX_PATH=${CMAKE_PREFIX_PATH}:/home/martin/ros2_workspaces/ros2_ws_dev/install/py_srvcli:/home/martin/ros2_workspaces/ros2_ws_dev/install/py_pubsub:/home/martin/ros2_workspaces/ros2_ws_dev/install/python_parameters:/home/martin/ros2_workspaces/ros2_ws_dev/install/my_package:/home/martin/ros2_workspaces/ros2_ws_dev/install/head:/opt/ros/humble PS1=(venv) \[\e]0;\u@\h: \w\a\]${debian_chroot:+($debian_chroot)}\[\033[01;32m\]\u@\h\[\033[00m\]:\[\033[01;34m\]\w\[\033[00m\]\$ VIRTUAL_ENV_PROMPT=(venv) /usr/bin/cmake --install /home/martin/ros2_workspaces/ros2_ws_dev/build/cpp_pubsub
