[0.034s] Invoking command in '/home/martin/ros2_workspaces/ros2_ws_dev/build/cpp_srvcli': CMAKE_PREFIX_PATH=/opt/ros/humble /usr/bin/cmake --build /home/martin/ros2_workspaces/ros2_ws_dev/build/cpp_srvcli -- -j2 -l2
[0.244s] [ 50%] Built target client
[0.251s] [100%] Built target server
[0.277s] Invoked command in '/home/martin/ros2_workspaces/ros2_ws_dev/build/cpp_srvcli' returned '0': CMAKE_PREFIX_PATH=/opt/ros/humble /usr/bin/cmake --build /home/martin/ros2_workspaces/ros2_ws_dev/build/cpp_srvcli -- -j2 -l2
[0.383s] Invoking command in '/home/martin/ros2_workspaces/ros2_ws_dev/build/cpp_srvcli': CMAKE_PREFIX_PATH=/opt/ros/humble /usr/bin/cmake --install /home/martin/ros2_workspaces/ros2_ws_dev/build/cpp_srvcli
[0.402s] -- Install configuration: ""
[0.413s] -- Up-to-date: /home/martin/ros2_workspaces/ros2_ws_dev/install/cpp_srvcli/lib/cpp_srvcli/server
[0.419s] -- Up-to-date: /home/martin/ros2_workspaces/ros2_ws_dev/install/cpp_srvcli/lib/cpp_srvcli/client
[0.424s] -- Up-to-date: /home/martin/ros2_workspaces/ros2_ws_dev/install/cpp_srvcli/share/ament_index/resource_index/package_run_dependencies/cpp_srvcli
[0.425s] -- Up-to-date: /home/martin/ros2_workspaces/ros2_ws_dev/install/cpp_srvcli/share/ament_index/resource_index/parent_prefix_path/cpp_srvcli
[0.428s] -- Up-to-date: /home/martin/ros2_workspaces/ros2_ws_dev/install/cpp_srvcli/share/cpp_srvcli/environment/ament_prefix_path.sh
[0.428s] -- Up-to-date: /home/martin/ros2_workspaces/ros2_ws_dev/install/cpp_srvcli/share/cpp_srvcli/environment/ament_prefix_path.dsv
[0.428s] -- Up-to-date: /home/martin/ros2_workspaces/ros2_ws_dev/install/cpp_srvcli/share/cpp_srvcli/environment/path.sh
[0.428s] -- Up-to-date: /home/martin/ros2_workspaces/ros2_ws_dev/install/cpp_srvcli/share/cpp_srvcli/environment/path.dsv
[0.429s] -- Up-to-date: /home/martin/ros2_workspaces/ros2_ws_dev/install/cpp_srvcli/share/cpp_srvcli/local_setup.bash
[0.429s] -- Up-to-date: /home/martin/ros2_workspaces/ros2_ws_dev/install/cpp_srvcli/share/cpp_srvcli/local_setup.sh
[0.429s] -- Up-to-date: /home/martin/ros2_workspaces/ros2_ws_dev/install/cpp_srvcli/share/cpp_srvcli/local_setup.zsh
[0.430s] -- Up-to-date: /home/martin/ros2_workspaces/ros2_ws_dev/install/cpp_srvcli/share/cpp_srvcli/local_setup.dsv
[0.430s] -- Installing: /home/martin/ros2_workspaces/ros2_ws_dev/install/cpp_srvcli/share/cpp_srvcli/package.dsv
[0.434s] -- Up-to-date: /home/martin/ros2_workspaces/ros2_ws_dev/install/cpp_srvcli/share/ament_index/resource_index/packages/cpp_srvcli
[0.443s] -- Up-to-date: /home/martin/ros2_workspaces/ros2_ws_dev/install/cpp_srvcli/share/cpp_srvcli/cmake/cpp_srvcliConfig.cmake
[0.443s] -- Up-to-date: /home/martin/ros2_workspaces/ros2_ws_dev/install/cpp_srvcli/share/cpp_srvcli/cmake/cpp_srvcliConfig-version.cmake
[0.443s] -- Up-to-date: /home/martin/ros2_workspaces/ros2_ws_dev/install/cpp_srvcli/share/cpp_srvcli/package.xml
[0.454s] Invoked command in '/home/martin/ros2_workspaces/ros2_ws_dev/build/cpp_srvcli' returned '0': CMAKE_PREFIX_PATH=/opt/ros/humble /usr/bin/cmake --install /home/martin/ros2_workspaces/ros2_ws_dev/build/cpp_srvcli
