[  8%] Built target more_interfaces__cpp
[ 11%] Built target more_interfaces__rosidl_generator_c
[ 20%] Built target more_interfaces__rosidl_typesupport_cpp
[ 20%] Built target ament_cmake_python_copy_more_interfaces
[ 28%] Built target more_interfaces__rosidl_typesupport_fastrtps_c
[ 37%] Built target more_interfaces__rosidl_typesupport_fastrtps_cpp
[ 45%] Built target more_interfaces__rosidl_typesupport_introspection_c
[ 54%] Built target more_interfaces__rosidl_typesupport_c
[ 62%] Built target more_interfaces__rosidl_typesupport_introspection_cpp
[ 68%] Built target publish_address_book
[35m[1mConsolidate compiler generated dependencies of target subscribe_address_book[0m
[ 71%] [32mBuilding CXX object CMakeFiles/subscribe_address_book.dir/src/subscribe_address_book.cpp.o[0m
running egg_info
writing more_interfaces.egg-info/PKG-INFO
writing dependency_links to more_interfaces.egg-info/dependency_links.txt
writing top-level names to more_interfaces.egg-info/top_level.txt
reading manifest file 'more_interfaces.egg-info/SOURCES.txt'
writing manifest file 'more_interfaces.egg-info/SOURCES.txt'
[ 71%] Built target ament_cmake_python_build_more_interfaces_egg
[ 71%] Built target more_interfaces
[ 74%] Built target more_interfaces__py
[ 80%] Built target more_interfaces__rosidl_generator_py
[ 85%] Built target more_interfaces__rosidl_typesupport_fastrtps_c__pyext
[ 91%] Built target more_interfaces__rosidl_typesupport_introspection_c__pyext
[ 97%] Built target more_interfaces__rosidl_typesupport_c__pyext
