[1.530s] Invoking command in '/home/martin/ros2_workspaces/ros2_ws_dev/src/head': PYTHONPATH=/home/martin/ros2_workspaces/ros2_ws_dev/install/head/lib/python3.10/site-packages:${PYTHONPATH} /usr/bin/python3 setup.py egg_info --egg-base ../../build/head build --build-base /home/martin/ros2_workspaces/ros2_ws_dev/build/head/build install --prefix /home/martin/ros2_workspaces/ros2_ws_dev/install/head --record /home/martin/ros2_workspaces/ros2_ws_dev/build/head/install.log --single-version-externally-managed
[2.066s] running egg_info
[2.069s] writing ../../build/head/head.egg-info/PKG-INFO
[2.078s] writing dependency_links to ../../build/head/head.egg-info/dependency_links.txt
[2.078s] writing entry points to ../../build/head/head.egg-info/entry_points.txt
[2.079s] writing requirements to ../../build/head/head.egg-info/requires.txt
[2.079s] writing top-level names to ../../build/head/head.egg-info/top_level.txt
[2.087s] reading manifest file '../../build/head/head.egg-info/SOURCES.txt'
[2.091s] writing manifest file '../../build/head/head.egg-info/SOURCES.txt'
[2.091s] running build
[2.092s] running build_py
[2.099s] running install
[2.101s] /usr/lib/python3/dist-packages/setuptools/command/install.py:34: SetuptoolsDeprecationWarning: setup.py install is deprecated. Use build and pip and other standards-based tools.
[2.101s]   warnings.warn(
[2.101s] running install_lib
[2.110s] running install_data
[2.124s] copying package.xml -> /home/martin/ros2_workspaces/ros2_ws_dev/install/head/share/head
[2.125s] running install_egg_info
[2.127s] removing '/home/martin/ros2_workspaces/ros2_ws_dev/install/head/lib/python3.10/site-packages/head-0.0.0-py3.10.egg-info' (and everything under it)
[2.129s] Copying ../../build/head/head.egg-info to /home/martin/ros2_workspaces/ros2_ws_dev/install/head/lib/python3.10/site-packages/head-0.0.0-py3.10.egg-info
[2.134s] running install_scripts
[2.211s] Installing head_move_sub script to /home/martin/ros2_workspaces/ros2_ws_dev/install/head/lib/head
[2.213s] Installing head_state_service script to /home/martin/ros2_workspaces/ros2_ws_dev/install/head/lib/head
[2.216s] Installing head_tf_move_sub script to /home/martin/ros2_workspaces/ros2_ws_dev/install/head/lib/head
[2.218s] writing list of installed files to '/home/martin/ros2_workspaces/ros2_ws_dev/build/head/install.log'
[2.273s] Invoked command in '/home/martin/ros2_workspaces/ros2_ws_dev/src/head' returned '0': PYTHONPATH=/home/martin/ros2_workspaces/ros2_ws_dev/install/head/lib/python3.10/site-packages:${PYTHONPATH} /usr/bin/python3 setup.py egg_info --egg-base ../../build/head build --build-base /home/martin/ros2_workspaces/ros2_ws_dev/build/head/build install --prefix /home/martin/ros2_workspaces/ros2_ws_dev/install/head --record /home/martin/ros2_workspaces/ros2_ws_dev/build/head/install.log --single-version-externally-managed
