[1.172s] Invoking command in '/home/martin/ros2_workspaces/ros2_ws_dev/src/head': PYTHONPATH=/home/martin/ros2_workspaces/ros2_ws_dev/install/head/lib/python3.10/site-packages:${PYTHONPATH} /usr/bin/python3 setup.py egg_info --egg-base ../../build/head build --build-base /home/martin/ros2_workspaces/ros2_ws_dev/build/head/build install --prefix /home/martin/ros2_workspaces/ros2_ws_dev/install/head --record /home/martin/ros2_workspaces/ros2_ws_dev/build/head/install.log --single-version-externally-managed
[1.622s] running egg_info
[1.623s] writing ../../build/head/head.egg-info/PKG-INFO
[1.625s] writing dependency_links to ../../build/head/head.egg-info/dependency_links.txt
[1.627s] writing entry points to ../../build/head/head.egg-info/entry_points.txt
[1.628s] writing requirements to ../../build/head/head.egg-info/requires.txt
[1.629s] writing top-level names to ../../build/head/head.egg-info/top_level.txt
[1.635s] reading manifest file '../../build/head/head.egg-info/SOURCES.txt'
[1.638s] writing manifest file '../../build/head/head.egg-info/SOURCES.txt'
[1.641s] running build
[1.641s] running build_py
[1.642s] copying head/head_tf_move_sub.py -> /home/martin/ros2_workspaces/ros2_ws_dev/build/head/build/lib/head
[1.643s] running install
[1.643s] /usr/lib/python3/dist-packages/setuptools/command/install.py:34: SetuptoolsDeprecationWarning: setup.py install is deprecated. Use build and pip and other standards-based tools.
[1.643s]   warnings.warn(
[1.644s] running install_lib
[1.645s] copying /home/martin/ros2_workspaces/ros2_ws_dev/build/head/build/lib/head/head_tf_move_sub.py -> /home/martin/ros2_workspaces/ros2_ws_dev/install/head/lib/python3.10/site-packages/head
[1.647s] byte-compiling /home/martin/ros2_workspaces/ros2_ws_dev/install/head/lib/python3.10/site-packages/head/head_tf_move_sub.py to head_tf_move_sub.cpython-310.pyc
[1.648s] running install_data
[1.649s] running install_egg_info
[1.652s] removing '/home/martin/ros2_workspaces/ros2_ws_dev/install/head/lib/python3.10/site-packages/head-0.0.0-py3.10.egg-info' (and everything under it)
[1.653s] Copying ../../build/head/head.egg-info to /home/martin/ros2_workspaces/ros2_ws_dev/install/head/lib/python3.10/site-packages/head-0.0.0-py3.10.egg-info
[1.655s] running install_scripts
[1.691s] Installing head_move_sub script to /home/martin/ros2_workspaces/ros2_ws_dev/install/head/lib/head
[1.692s] Installing head_state_service script to /home/martin/ros2_workspaces/ros2_ws_dev/install/head/lib/head
[1.694s] Installing head_tf_move_sub script to /home/martin/ros2_workspaces/ros2_ws_dev/install/head/lib/head
[1.695s] writing list of installed files to '/home/martin/ros2_workspaces/ros2_ws_dev/build/head/install.log'
[1.749s] Invoked command in '/home/martin/ros2_workspaces/ros2_ws_dev/src/head' returned '0': PYTHONPATH=/home/martin/ros2_workspaces/ros2_ws_dev/install/head/lib/python3.10/site-packages:${PYTHONPATH} /usr/bin/python3 setup.py egg_info --egg-base ../../build/head build --build-base /home/martin/ros2_workspaces/ros2_ws_dev/build/head/build install --prefix /home/martin/ros2_workspaces/ros2_ws_dev/install/head --record /home/martin/ros2_workspaces/ros2_ws_dev/build/head/install.log --single-version-externally-managed
