In file included from [01m[K/opt/ros/humble/include/rclcpp/rclcpp/logging.hpp:24[m[K,
                 from [01m[K/opt/ros/humble/include/rclcpp/rclcpp/client.hpp:40[m[K,
                 from [01m[K/opt/ros/humble/include/rclcpp/rclcpp/callback_group.hpp:23[m[K,
                 from [01m[K/opt/ros/humble/include/rclcpp/rclcpp/any_executable.hpp:20[m[K,
                 from [01m[K/opt/ros/humble/include/rclcpp/rclcpp/memory_strategy.hpp:25[m[K,
                 from [01m[K/opt/ros/humble/include/rclcpp/rclcpp/memory_strategies.hpp:18[m[K,
                 from [01m[K/opt/ros/humble/include/rclcpp/rclcpp/executor_options.hpp:20[m[K,
                 from [01m[K/opt/ros/humble/include/rclcpp/rclcpp/executor.hpp:37[m[K,
                 from [01m[K/opt/ros/humble/include/rclcpp/rclcpp/executors/multi_threaded_executor.hpp:25[m[K,
                 from [01m[K/opt/ros/humble/include/rclcpp/rclcpp/executors.hpp:21[m[K,
                 from [01m[K/opt/ros/humble/include/rclcpp/rclcpp/rclcpp.hpp:155[m[K,
                 from [01m[K/home/martin/ros2_workspaces/ros2_ws_dev/src/more_interfaces/src/subscribe_address_book.cpp:4[m[K:
[01m[K/home/martin/ros2_workspaces/ros2_ws_dev/src/more_interfaces/src/subscribe_address_book.cpp:[m[K In member function ‘[01m[Kvoid AddressBookSubscriber::address_book_callback(const AddressBook&) const[m[K’:
[01m[K/home/martin/ros2_workspaces/ros2_ws_dev/src/more_interfaces/src/subscribe_address_book.cpp:22:65:[m[K [01;35m[Kwarning: [m[Kformat ‘[01m[K%s[m[K’ expects argument of type ‘[01m[Kchar*[m[K’, but argument 5 has type ‘[01m[Kconst _first_name_type[m[K’ {aka ‘[01m[Kconst std::__cxx11::basic_string<char>[m[K’} [[01;35m[K]8;;https://gcc.gnu.org/onlinedocs/gcc/Warning-Options.html#index-Wformat=-Wformat=]8;;[m[K]
   22 |                                 RCLCPP_INFO(this->get_logger(), [01;35m[K"I heard: %s %s"[m[K, msg.first_name, msg.last_name);
      |                                                                 [01;35m[K^~~~~~~~~~~~~~~~[m[K
[01m[K/home/martin/ros2_workspaces/ros2_ws_dev/src/more_interfaces/src/subscribe_address_book.cpp:22:76:[m[K [01;36m[Knote: [m[Kformat string is defined here
   22 |                                 RCLCPP_INFO(this->get_logger(), "I heard: [01;36m[K%s[m[K %s", msg.first_name, msg.last_name);
      |                                                                           [01;36m[K~^[m[K
      |                                                                            [01;36m[K|[m[K
      |                                                                            [01;36m[Kchar*[m[K
In file included from [01m[K/opt/ros/humble/include/rclcpp/rclcpp/logging.hpp:24[m[K,
                 from [01m[K/opt/ros/humble/include/rclcpp/rclcpp/client.hpp:40[m[K,
                 from [01m[K/opt/ros/humble/include/rclcpp/rclcpp/callback_group.hpp:23[m[K,
                 from [01m[K/opt/ros/humble/include/rclcpp/rclcpp/any_executable.hpp:20[m[K,
                 from [01m[K/opt/ros/humble/include/rclcpp/rclcpp/memory_strategy.hpp:25[m[K,
                 from [01m[K/opt/ros/humble/include/rclcpp/rclcpp/memory_strategies.hpp:18[m[K,
                 from [01m[K/opt/ros/humble/include/rclcpp/rclcpp/executor_options.hpp:20[m[K,
                 from [01m[K/opt/ros/humble/include/rclcpp/rclcpp/executor.hpp:37[m[K,
                 from [01m[K/opt/ros/humble/include/rclcpp/rclcpp/executors/multi_threaded_executor.hpp:25[m[K,
                 from [01m[K/opt/ros/humble/include/rclcpp/rclcpp/executors.hpp:21[m[K,
                 from [01m[K/opt/ros/humble/include/rclcpp/rclcpp/rclcpp.hpp:155[m[K,
                 from [01m[K/home/martin/ros2_workspaces/ros2_ws_dev/src/more_interfaces/src/subscribe_address_book.cpp:4[m[K:
[01m[K/home/martin/ros2_workspaces/ros2_ws_dev/src/more_interfaces/src/subscribe_address_book.cpp:22:65:[m[K [01;35m[Kwarning: [m[Kformat ‘[01m[K%s[m[K’ expects argument of type ‘[01m[Kchar*[m[K’, but argument 6 has type ‘[01m[Kconst _last_name_type[m[K’ {aka ‘[01m[Kconst std::__cxx11::basic_string<char>[m[K’} [[01;35m[K]8;;https://gcc.gnu.org/onlinedocs/gcc/Warning-Options.html#index-Wformat=-Wformat=]8;;[m[K]
   22 |                                 RCLCPP_INFO(this->get_logger(), [01;35m[K"I heard: %s %s"[m[K, msg.first_name, msg.last_name);
      |                                                                 [01;35m[K^~~~~~~~~~~~~~~~[m[K
[01m[K/home/martin/ros2_workspaces/ros2_ws_dev/src/more_interfaces/src/subscribe_address_book.cpp:22:79:[m[K [01;36m[Knote: [m[Kformat string is defined here
   22 |                                 RCLCPP_INFO(this->get_logger(), "I heard: %s [01;36m[K%s[m[K", msg.first_name, msg.last_name);
      |                                                                              [01;36m[K~^[m[K
      |                                                                               [01;36m[K|[m[K
      |                                                                               [01;36m[Kchar*[m[K
