[2.293s] Invoking command in '/home/martin/ros2_workspaces/ros2_ws_dev/src/py_srvcli': PYTHONPATH=/home/martin/ros2_workspaces/ros2_ws_dev/install/py_srvcli/lib/python3.10/site-packages:${PYTHONPATH} /usr/bin/python3 setup.py egg_info --egg-base ../../build/py_srvcli build --build-base /home/martin/ros2_workspaces/ros2_ws_dev/build/py_srvcli/build install --prefix /home/martin/ros2_workspaces/ros2_ws_dev/install/py_srvcli --record /home/martin/ros2_workspaces/ros2_ws_dev/build/py_srvcli/install.log --single-version-externally-managed
[3.046s] running egg_info
[3.072s] creating ../../build/py_srvcli/py_srvcli.egg-info
[3.072s] writing ../../build/py_srvcli/py_srvcli.egg-info/PKG-INFO
[3.072s] writing dependency_links to ../../build/py_srvcli/py_srvcli.egg-info/dependency_links.txt
[3.072s] writing entry points to ../../build/py_srvcli/py_srvcli.egg-info/entry_points.txt
[3.073s] writing requirements to ../../build/py_srvcli/py_srvcli.egg-info/requires.txt
[3.073s] writing top-level names to ../../build/py_srvcli/py_srvcli.egg-info/top_level.txt
[3.073s] writing manifest file '../../build/py_srvcli/py_srvcli.egg-info/SOURCES.txt'
[3.073s] reading manifest file '../../build/py_srvcli/py_srvcli.egg-info/SOURCES.txt'
[3.075s] writing manifest file '../../build/py_srvcli/py_srvcli.egg-info/SOURCES.txt'
[3.075s] running build
[3.076s] running build_py
[3.076s] creating /home/martin/ros2_workspaces/ros2_ws_dev/build/py_srvcli/build
[3.076s] creating /home/martin/ros2_workspaces/ros2_ws_dev/build/py_srvcli/build/lib
[3.076s] creating /home/martin/ros2_workspaces/ros2_ws_dev/build/py_srvcli/build/lib/py_srvcli
[3.076s] copying py_srvcli/service_member_function.py -> /home/martin/ros2_workspaces/ros2_ws_dev/build/py_srvcli/build/lib/py_srvcli
[3.077s] copying py_srvcli/client_member_function.py -> /home/martin/ros2_workspaces/ros2_ws_dev/build/py_srvcli/build/lib/py_srvcli
[3.077s] copying py_srvcli/__init__.py -> /home/martin/ros2_workspaces/ros2_ws_dev/build/py_srvcli/build/lib/py_srvcli
[3.078s] running install
[3.085s] /usr/lib/python3/dist-packages/setuptools/command/install.py:34: SetuptoolsDeprecationWarning: setup.py install is deprecated. Use build and pip and other standards-based tools.
[3.085s]   warnings.warn(
[3.086s] running install_lib
[3.089s] creating /home/martin/ros2_workspaces/ros2_ws_dev/install/py_srvcli/lib/python3.10/site-packages/py_srvcli
[3.090s] copying /home/martin/ros2_workspaces/ros2_ws_dev/build/py_srvcli/build/lib/py_srvcli/service_member_function.py -> /home/martin/ros2_workspaces/ros2_ws_dev/install/py_srvcli/lib/python3.10/site-packages/py_srvcli
[3.091s] copying /home/martin/ros2_workspaces/ros2_ws_dev/build/py_srvcli/build/lib/py_srvcli/client_member_function.py -> /home/martin/ros2_workspaces/ros2_ws_dev/install/py_srvcli/lib/python3.10/site-packages/py_srvcli
[3.091s] copying /home/martin/ros2_workspaces/ros2_ws_dev/build/py_srvcli/build/lib/py_srvcli/__init__.py -> /home/martin/ros2_workspaces/ros2_ws_dev/install/py_srvcli/lib/python3.10/site-packages/py_srvcli
[3.093s] byte-compiling /home/martin/ros2_workspaces/ros2_ws_dev/install/py_srvcli/lib/python3.10/site-packages/py_srvcli/service_member_function.py to service_member_function.cpython-310.pyc
[3.096s] byte-compiling /home/martin/ros2_workspaces/ros2_ws_dev/install/py_srvcli/lib/python3.10/site-packages/py_srvcli/client_member_function.py to client_member_function.cpython-310.pyc
[3.097s] byte-compiling /home/martin/ros2_workspaces/ros2_ws_dev/install/py_srvcli/lib/python3.10/site-packages/py_srvcli/__init__.py to __init__.cpython-310.pyc
[3.100s] running install_data
[3.102s] creating /home/martin/ros2_workspaces/ros2_ws_dev/install/py_srvcli/share/ament_index
[3.102s] creating /home/martin/ros2_workspaces/ros2_ws_dev/install/py_srvcli/share/ament_index/resource_index
[3.104s] creating /home/martin/ros2_workspaces/ros2_ws_dev/install/py_srvcli/share/ament_index/resource_index/packages
[3.104s] copying resource/py_srvcli -> /home/martin/ros2_workspaces/ros2_ws_dev/install/py_srvcli/share/ament_index/resource_index/packages
[3.104s] copying package.xml -> /home/martin/ros2_workspaces/ros2_ws_dev/install/py_srvcli/share/py_srvcli
[3.105s] running install_egg_info
[3.110s] Copying ../../build/py_srvcli/py_srvcli.egg-info to /home/martin/ros2_workspaces/ros2_ws_dev/install/py_srvcli/lib/python3.10/site-packages/py_srvcli-0.0.0-py3.10.egg-info
[3.111s] running install_scripts
[3.171s] Installing client script to /home/martin/ros2_workspaces/ros2_ws_dev/install/py_srvcli/lib/py_srvcli
[3.171s] Installing service script to /home/martin/ros2_workspaces/ros2_ws_dev/install/py_srvcli/lib/py_srvcli
[3.174s] writing list of installed files to '/home/martin/ros2_workspaces/ros2_ws_dev/build/py_srvcli/install.log'
[3.236s] Invoked command in '/home/martin/ros2_workspaces/ros2_ws_dev/src/py_srvcli' returned '0': PYTHONPATH=/home/martin/ros2_workspaces/ros2_ws_dev/install/py_srvcli/lib/python3.10/site-packages:${PYTHONPATH} /usr/bin/python3 setup.py egg_info --egg-base ../../build/py_srvcli build --build-base /home/martin/ros2_workspaces/ros2_ws_dev/build/py_srvcli/build install --prefix /home/martin/ros2_workspaces/ros2_ws_dev/install/py_srvcli --record /home/martin/ros2_workspaces/ros2_ws_dev/build/py_srvcli/install.log --single-version-externally-managed
