[0.059s] Invoking command in '/home/martin/ros2_workspaces/ros2_ws_dev/build/more_interfaces': CMAKE_PREFIX_PATH=${CMAKE_PREFIX_PATH}:/home/martin/ros2_workspaces/ros2_ws_dev/install/py_srvcli:/home/martin/ros2_workspaces/ros2_ws_dev/install/py_pubsub:/home/martin/ros2_workspaces/ros2_ws_dev/install/my_package:/opt/ros/humble /usr/bin/cmake /home/martin/ros2_workspaces/ros2_ws_dev/src/more_interfaces -DCMAKE_INSTALL_PREFIX=/home/martin/ros2_workspaces/ros2_ws_dev/install/more_interfaces
[0.083s] -- Found ament_cmake: 1.3.2 (/opt/ros/humble/share/ament_cmake/cmake)
[0.462s] -- Found rclcpp: 16.0.1 (/opt/ros/humble/share/rclcpp/cmake)
[0.523s] -- Found rosidl_generator_c: 3.1.3 (/opt/ros/humble/share/rosidl_generator_c/cmake)
[0.528s] -- Found rosidl_adapter: 3.1.3 (/opt/ros/humble/share/rosidl_adapter/cmake)
[0.539s] -- Found rosidl_generator_cpp: 3.1.3 (/opt/ros/humble/share/rosidl_generator_cpp/cmake)
[0.559s] -- Using all available rosidl_typesupport_c: rosidl_typesupport_fastrtps_c;rosidl_typesupport_introspection_c
[0.585s] -- Using all available rosidl_typesupport_cpp: rosidl_typesupport_fastrtps_cpp;rosidl_typesupport_introspection_cpp
[0.682s] -- Found rmw_implementation_cmake: 6.1.0 (/opt/ros/humble/share/rmw_implementation_cmake/cmake)
[0.690s] -- Found rmw_fastrtps_cpp: 6.2.1 (/opt/ros/humble/share/rmw_fastrtps_cpp/cmake)
[0.957s] -- Using RMW implementation 'rmw_fastrtps_cpp' as default
[1.212s] -- Found rosidl_default_generators: 1.2.0 (/opt/ros/humble/share/rosidl_default_generators/cmake)
[1.775s] -- Found ament_cmake_ros: 0.10.0 (/opt/ros/humble/share/ament_cmake_ros/cmake)
[2.504s] -- Using all available rosidl_typesupport_c: rosidl_typesupport_fastrtps_c;rosidl_typesupport_introspection_c
[2.819s] -- Using all available rosidl_typesupport_cpp: rosidl_typesupport_fastrtps_cpp;rosidl_typesupport_introspection_cpp
[2.887s] -- Found python_cmake_module: 0.10.0 (/opt/ros/humble/share/python_cmake_module/cmake)
[2.961s] -- Using PYTHON_EXECUTABLE: /usr/bin/python3
[2.961s] -- Using PYTHON_INCLUDE_DIRS: /usr/include/python3.10
[2.961s] -- Using PYTHON_LIBRARIES: /usr/lib/x86_64-linux-gnu/libpython3.10.so
[3.019s] -- Configuring done
[3.122s] -- Generating done
[3.127s] -- Build files have been written to: /home/martin/ros2_workspaces/ros2_ws_dev/build/more_interfaces
[3.144s] Invoked command in '/home/martin/ros2_workspaces/ros2_ws_dev/build/more_interfaces' returned '0': CMAKE_PREFIX_PATH=${CMAKE_PREFIX_PATH}:/home/martin/ros2_workspaces/ros2_ws_dev/install/py_srvcli:/home/martin/ros2_workspaces/ros2_ws_dev/install/py_pubsub:/home/martin/ros2_workspaces/ros2_ws_dev/install/my_package:/opt/ros/humble /usr/bin/cmake /home/martin/ros2_workspaces/ros2_ws_dev/src/more_interfaces -DCMAKE_INSTALL_PREFIX=/home/martin/ros2_workspaces/ros2_ws_dev/install/more_interfaces
[3.149s] Invoking command in '/home/martin/ros2_workspaces/ros2_ws_dev/build/more_interfaces': CMAKE_PREFIX_PATH=${CMAKE_PREFIX_PATH}:/home/martin/ros2_workspaces/ros2_ws_dev/install/py_srvcli:/home/martin/ros2_workspaces/ros2_ws_dev/install/py_pubsub:/home/martin/ros2_workspaces/ros2_ws_dev/install/my_package:/opt/ros/humble /usr/bin/cmake --build /home/martin/ros2_workspaces/ros2_ws_dev/build/more_interfaces -- -j2 -l2
[3.279s] [  3%] [34m[1mGenerating C code for ROS interfaces[0m
[3.309s] [  6%] [34m[1mGenerating C++ code for ROS interfaces[0m
[3.834s] [  6%] Built target more_interfaces__cpp
[3.894s] [  9%] [32mBuilding C object CMakeFiles/more_interfaces__rosidl_generator_c.dir/rosidl_generator_c/more_interfaces/msg/detail/address_book__functions.c.o[0m
[3.895s] [  9%] Built target ament_cmake_python_copy_more_interfaces
[3.920s] [ 12%] [34m[1mGenerating C++ introspection for ROS interfaces[0m
[4.099s] [ 15%] [32m[1mLinking C shared library libmore_interfaces__rosidl_generator_c.so[0m
[4.175s] [ 15%] Built target more_interfaces__rosidl_generator_c
[4.200s] [ 18%] [34m[1mGenerating C++ type support dispatch for ROS interfaces[0m
[4.438s] [ 21%] [32mBuilding CXX object CMakeFiles/more_interfaces__rosidl_typesupport_introspection_cpp.dir/rosidl_typesupport_introspection_cpp/more_interfaces/msg/detail/address_book__type_support.cpp.o[0m
[4.887s] [ 24%] [32mBuilding CXX object CMakeFiles/more_interfaces__rosidl_typesupport_cpp.dir/rosidl_typesupport_cpp/more_interfaces/msg/address_book__type_support.cpp.o[0m
[5.343s] [ 27%] [32m[1mLinking CXX shared library libmore_interfaces__rosidl_typesupport_cpp.so[0m
[5.344s] [ 30%] [32m[1mLinking CXX shared library libmore_interfaces__rosidl_typesupport_introspection_cpp.so[0m
[5.427s] [ 30%] Built target more_interfaces__rosidl_typesupport_cpp
[5.451s] [ 33%] [34m[1mGenerating C type support for eProsima Fast-RTPS[0m
[5.470s] [ 33%] Built target more_interfaces__rosidl_typesupport_introspection_cpp
[5.493s] [ 36%] [34m[1mGenerating C++ type support for eProsima Fast-RTPS[0m
[5.881s] [ 39%] [32mBuilding CXX object CMakeFiles/more_interfaces__rosidl_typesupport_fastrtps_c.dir/rosidl_typesupport_fastrtps_c/more_interfaces/msg/detail/address_book__type_support_c.cpp.o[0m
[5.917s] [ 42%] [32mBuilding CXX object CMakeFiles/more_interfaces__rosidl_typesupport_fastrtps_cpp.dir/rosidl_typesupport_fastrtps_cpp/more_interfaces/msg/detail/dds_fastrtps/address_book__type_support.cpp.o[0m
[6.536s] [ 45%] [32m[1mLinking CXX shared library libmore_interfaces__rosidl_typesupport_fastrtps_c.so[0m
[6.628s] [ 48%] [32m[1mLinking CXX shared library libmore_interfaces__rosidl_typesupport_fastrtps_cpp.so[0m
[6.689s] [ 48%] Built target more_interfaces__rosidl_typesupport_fastrtps_c
[6.780s] [ 48%] Built target more_interfaces__rosidl_typesupport_fastrtps_cpp
[6.828s] [ 51%] [32mBuilding CXX object CMakeFiles/publish_address_book.dir/src/publish_address_book.cpp.o[0m
[7.274s] running egg_info
[7.278s] creating more_interfaces.egg-info
[7.280s] writing more_interfaces.egg-info/PKG-INFO
[7.282s] writing dependency_links to more_interfaces.egg-info/dependency_links.txt
[7.284s] writing top-level names to more_interfaces.egg-info/top_level.txt
[7.286s] writing manifest file 'more_interfaces.egg-info/SOURCES.txt'
[7.294s] reading manifest file 'more_interfaces.egg-info/SOURCES.txt'
[7.297s] writing manifest file 'more_interfaces.egg-info/SOURCES.txt'
[7.400s] [ 51%] Built target ament_cmake_python_build_more_interfaces_egg
[7.438s] [ 54%] [34m[1mGenerating C introspection for ROS interfaces[0m
[7.861s] [ 57%] [32mBuilding C object CMakeFiles/more_interfaces__rosidl_typesupport_introspection_c.dir/rosidl_typesupport_introspection_c/more_interfaces/msg/detail/address_book__type_support.c.o[0m
[7.931s] [ 60%] [32m[1mLinking C shared library libmore_interfaces__rosidl_typesupport_introspection_c.so[0m
[7.997s] [ 60%] Built target more_interfaces__rosidl_typesupport_introspection_c
[8.017s] [ 63%] [34m[1mGenerating C type support dispatch for ROS interfaces[0m
[8.392s] [ 66%] [32mBuilding CXX object CMakeFiles/more_interfaces__rosidl_typesupport_c.dir/rosidl_typesupport_c/more_interfaces/msg/address_book__type_support.cpp.o[0m
[8.458s] [ 69%] [32m[1mLinking CXX shared library libmore_interfaces__rosidl_typesupport_c.so[0m
[8.538s] [ 69%] Built target more_interfaces__rosidl_typesupport_c
[8.577s] [ 69%] Built target more_interfaces
[8.617s] [ 72%] [34m[1mGenerating Python code for ROS interfaces[0m
[9.579s] [ 72%] Built target more_interfaces__py
[9.625s] [ 75%] [32mBuilding C object CMakeFiles/more_interfaces__rosidl_generator_py.dir/rosidl_generator_py/more_interfaces/msg/_address_book_s.c.o[0m
[9.972s] [ 78%] [32m[1mLinking C shared library rosidl_generator_py/more_interfaces/libmore_interfaces__rosidl_generator_py.so[0m
[10.057s] [ 78%] Built target more_interfaces__rosidl_generator_py
[10.103s] [ 81%] [32mBuilding C object CMakeFiles/more_interfaces__rosidl_typesupport_fastrtps_c__pyext.dir/rosidl_generator_py/more_interfaces/_more_interfaces_s.ep.rosidl_typesupport_fastrtps_c.c.o[0m
[10.285s] [ 84%] [32m[1mLinking C shared library rosidl_generator_py/more_interfaces/more_interfaces_s__rosidl_typesupport_fastrtps_c.cpython-310-x86_64-linux-gnu.so[0m
[10.365s] [ 84%] Built target more_interfaces__rosidl_typesupport_fastrtps_c__pyext
[10.410s] [ 87%] [32mBuilding C object CMakeFiles/more_interfaces__rosidl_typesupport_introspection_c__pyext.dir/rosidl_generator_py/more_interfaces/_more_interfaces_s.ep.rosidl_typesupport_introspection_c.c.o[0m
[10.743s] [ 90%] [32m[1mLinking C shared library rosidl_generator_py/more_interfaces/more_interfaces_s__rosidl_typesupport_introspection_c.cpython-310-x86_64-linux-gnu.so[0m
[10.824s] [ 90%] Built target more_interfaces__rosidl_typesupport_introspection_c__pyext
[10.903s] [ 93%] [32mBuilding C object CMakeFiles/more_interfaces__rosidl_typesupport_c__pyext.dir/rosidl_generator_py/more_interfaces/_more_interfaces_s.ep.rosidl_typesupport_c.c.o[0m
[11.041s] [ 96%] [32m[1mLinking C shared library rosidl_generator_py/more_interfaces/more_interfaces_s__rosidl_typesupport_c.cpython-310-x86_64-linux-gnu.so[0m
[11.115s] [ 96%] Built target more_interfaces__rosidl_typesupport_c__pyext
[16.438s] [100%] [32m[1mLinking CXX executable publish_address_book[0m
[17.224s] [100%] Built target publish_address_book
[17.264s] Invoked command in '/home/martin/ros2_workspaces/ros2_ws_dev/build/more_interfaces' returned '0': CMAKE_PREFIX_PATH=${CMAKE_PREFIX_PATH}:/home/martin/ros2_workspaces/ros2_ws_dev/install/py_srvcli:/home/martin/ros2_workspaces/ros2_ws_dev/install/py_pubsub:/home/martin/ros2_workspaces/ros2_ws_dev/install/my_package:/opt/ros/humble /usr/bin/cmake --build /home/martin/ros2_workspaces/ros2_ws_dev/build/more_interfaces -- -j2 -l2
[17.672s] Invoking command in '/home/martin/ros2_workspaces/ros2_ws_dev/build/more_interfaces': CMAKE_PREFIX_PATH=${CMAKE_PREFIX_PATH}:/home/martin/ros2_workspaces/ros2_ws_dev/install/py_srvcli:/home/martin/ros2_workspaces/ros2_ws_dev/install/py_pubsub:/home/martin/ros2_workspaces/ros2_ws_dev/install/my_package:/opt/ros/humble /usr/bin/cmake --install /home/martin/ros2_workspaces/ros2_ws_dev/build/more_interfaces
[17.699s] -- Install configuration: ""
[17.700s] -- Installing: /home/martin/ros2_workspaces/ros2_ws_dev/install/more_interfaces/share/ament_index/resource_index/rosidl_interfaces/more_interfaces
[17.700s] -- Installing: /home/martin/ros2_workspaces/ros2_ws_dev/install/more_interfaces/include/more_interfaces/more_interfaces
[17.701s] -- Installing: /home/martin/ros2_workspaces/ros2_ws_dev/install/more_interfaces/include/more_interfaces/more_interfaces/msg
[17.701s] -- Installing: /home/martin/ros2_workspaces/ros2_ws_dev/install/more_interfaces/include/more_interfaces/more_interfaces/msg/rosidl_generator_c__visibility_control.h
[17.701s] -- Installing: /home/martin/ros2_workspaces/ros2_ws_dev/install/more_interfaces/include/more_interfaces/more_interfaces/msg/address_book.h
[17.702s] -- Installing: /home/martin/ros2_workspaces/ros2_ws_dev/install/more_interfaces/include/more_interfaces/more_interfaces/msg/detail
[17.703s] -- Installing: /home/martin/ros2_workspaces/ros2_ws_dev/install/more_interfaces/include/more_interfaces/more_interfaces/msg/detail/address_book__functions.h
[17.703s] -- Installing: /home/martin/ros2_workspaces/ros2_ws_dev/install/more_interfaces/include/more_interfaces/more_interfaces/msg/detail/address_book__type_support.h
[17.704s] -- Installing: /home/martin/ros2_workspaces/ros2_ws_dev/install/more_interfaces/include/more_interfaces/more_interfaces/msg/detail/address_book__struct.h
[17.704s] -- Installing: /home/martin/ros2_workspaces/ros2_ws_dev/install/more_interfaces/include/more_interfaces/more_interfaces/msg/detail/address_book__functions.c
[17.704s] -- Installing: /home/martin/ros2_workspaces/ros2_ws_dev/install/more_interfaces/share/more_interfaces/environment/library_path.sh
[17.705s] -- Installing: /home/martin/ros2_workspaces/ros2_ws_dev/install/more_interfaces/share/more_interfaces/environment/library_path.dsv
[17.705s] -- Installing: /home/martin/ros2_workspaces/ros2_ws_dev/install/more_interfaces/lib/libmore_interfaces__rosidl_generator_c.so
[17.707s] -- Set runtime path of "/home/martin/ros2_workspaces/ros2_ws_dev/install/more_interfaces/lib/libmore_interfaces__rosidl_generator_c.so" to ""
[17.708s] -- Up-to-date: /home/martin/ros2_workspaces/ros2_ws_dev/install/more_interfaces/include/more_interfaces/more_interfaces
[17.708s] -- Up-to-date: /home/martin/ros2_workspaces/ros2_ws_dev/install/more_interfaces/include/more_interfaces/more_interfaces/msg
[17.709s] -- Installing: /home/martin/ros2_workspaces/ros2_ws_dev/install/more_interfaces/include/more_interfaces/more_interfaces/msg/rosidl_typesupport_fastrtps_c__visibility_control.h
[17.709s] -- Up-to-date: /home/martin/ros2_workspaces/ros2_ws_dev/install/more_interfaces/include/more_interfaces/more_interfaces/msg/detail
[17.710s] -- Installing: /home/martin/ros2_workspaces/ros2_ws_dev/install/more_interfaces/include/more_interfaces/more_interfaces/msg/detail/address_book__rosidl_typesupport_fastrtps_c.h
[17.711s] -- Installing: /home/martin/ros2_workspaces/ros2_ws_dev/install/more_interfaces/lib/libmore_interfaces__rosidl_typesupport_fastrtps_c.so
[17.711s] -- Set runtime path of "/home/martin/ros2_workspaces/ros2_ws_dev/install/more_interfaces/lib/libmore_interfaces__rosidl_typesupport_fastrtps_c.so" to ""
[17.712s] -- Up-to-date: /home/martin/ros2_workspaces/ros2_ws_dev/install/more_interfaces/include/more_interfaces/more_interfaces
[17.713s] -- Up-to-date: /home/martin/ros2_workspaces/ros2_ws_dev/install/more_interfaces/include/more_interfaces/more_interfaces/msg
[17.713s] -- Up-to-date: /home/martin/ros2_workspaces/ros2_ws_dev/install/more_interfaces/include/more_interfaces/more_interfaces/msg/detail
[17.713s] -- Installing: /home/martin/ros2_workspaces/ros2_ws_dev/install/more_interfaces/include/more_interfaces/more_interfaces/msg/detail/address_book__builder.hpp
[17.714s] -- Installing: /home/martin/ros2_workspaces/ros2_ws_dev/install/more_interfaces/include/more_interfaces/more_interfaces/msg/detail/address_book__traits.hpp
[17.714s] -- Installing: /home/martin/ros2_workspaces/ros2_ws_dev/install/more_interfaces/include/more_interfaces/more_interfaces/msg/detail/address_book__struct.hpp
[17.714s] -- Installing: /home/martin/ros2_workspaces/ros2_ws_dev/install/more_interfaces/include/more_interfaces/more_interfaces/msg/address_book.hpp
[17.715s] -- Up-to-date: /home/martin/ros2_workspaces/ros2_ws_dev/install/more_interfaces/include/more_interfaces/more_interfaces
[17.716s] -- Up-to-date: /home/martin/ros2_workspaces/ros2_ws_dev/install/more_interfaces/include/more_interfaces/more_interfaces/msg
[17.716s] -- Up-to-date: /home/martin/ros2_workspaces/ros2_ws_dev/install/more_interfaces/include/more_interfaces/more_interfaces/msg/detail
[17.716s] -- Installing: /home/martin/ros2_workspaces/ros2_ws_dev/install/more_interfaces/include/more_interfaces/more_interfaces/msg/detail/dds_fastrtps
[17.717s] -- Installing: /home/martin/ros2_workspaces/ros2_ws_dev/install/more_interfaces/include/more_interfaces/more_interfaces/msg/detail/address_book__rosidl_typesupport_fastrtps_cpp.hpp
[17.717s] -- Installing: /home/martin/ros2_workspaces/ros2_ws_dev/install/more_interfaces/include/more_interfaces/more_interfaces/msg/rosidl_typesupport_fastrtps_cpp__visibility_control.h
[17.717s] -- Installing: /home/martin/ros2_workspaces/ros2_ws_dev/install/more_interfaces/lib/libmore_interfaces__rosidl_typesupport_fastrtps_cpp.so
[17.718s] -- Set runtime path of "/home/martin/ros2_workspaces/ros2_ws_dev/install/more_interfaces/lib/libmore_interfaces__rosidl_typesupport_fastrtps_cpp.so" to ""
[17.718s] -- Up-to-date: /home/martin/ros2_workspaces/ros2_ws_dev/install/more_interfaces/include/more_interfaces/more_interfaces
[17.718s] -- Up-to-date: /home/martin/ros2_workspaces/ros2_ws_dev/install/more_interfaces/include/more_interfaces/more_interfaces/msg
[17.718s] -- Installing: /home/martin/ros2_workspaces/ros2_ws_dev/install/more_interfaces/include/more_interfaces/more_interfaces/msg/rosidl_typesupport_introspection_c__visibility_control.h
[17.718s] -- Up-to-date: /home/martin/ros2_workspaces/ros2_ws_dev/install/more_interfaces/include/more_interfaces/more_interfaces/msg/detail
[17.719s] -- Installing: /home/martin/ros2_workspaces/ros2_ws_dev/install/more_interfaces/include/more_interfaces/more_interfaces/msg/detail/address_book__rosidl_typesupport_introspection_c.h
[17.720s] -- Installing: /home/martin/ros2_workspaces/ros2_ws_dev/install/more_interfaces/include/more_interfaces/more_interfaces/msg/detail/address_book__type_support.c
[17.720s] -- Installing: /home/martin/ros2_workspaces/ros2_ws_dev/install/more_interfaces/lib/libmore_interfaces__rosidl_typesupport_introspection_c.so
[17.720s] -- Set runtime path of "/home/martin/ros2_workspaces/ros2_ws_dev/install/more_interfaces/lib/libmore_interfaces__rosidl_typesupport_introspection_c.so" to ""
[17.721s] -- Installing: /home/martin/ros2_workspaces/ros2_ws_dev/install/more_interfaces/lib/libmore_interfaces__rosidl_typesupport_c.so
[17.721s] -- Set runtime path of "/home/martin/ros2_workspaces/ros2_ws_dev/install/more_interfaces/lib/libmore_interfaces__rosidl_typesupport_c.so" to ""
[17.721s] -- Up-to-date: /home/martin/ros2_workspaces/ros2_ws_dev/install/more_interfaces/include/more_interfaces/more_interfaces
[17.721s] -- Up-to-date: /home/martin/ros2_workspaces/ros2_ws_dev/install/more_interfaces/include/more_interfaces/more_interfaces/msg
[17.722s] -- Up-to-date: /home/martin/ros2_workspaces/ros2_ws_dev/install/more_interfaces/include/more_interfaces/more_interfaces/msg/detail
[17.722s] -- Installing: /home/martin/ros2_workspaces/ros2_ws_dev/install/more_interfaces/include/more_interfaces/more_interfaces/msg/detail/address_book__type_support.cpp
[17.722s] -- Installing: /home/martin/ros2_workspaces/ros2_ws_dev/install/more_interfaces/include/more_interfaces/more_interfaces/msg/detail/address_book__rosidl_typesupport_introspection_cpp.hpp
[17.722s] -- Installing: /home/martin/ros2_workspaces/ros2_ws_dev/install/more_interfaces/lib/libmore_interfaces__rosidl_typesupport_introspection_cpp.so
[17.722s] -- Set runtime path of "/home/martin/ros2_workspaces/ros2_ws_dev/install/more_interfaces/lib/libmore_interfaces__rosidl_typesupport_introspection_cpp.so" to ""
[17.723s] -- Installing: /home/martin/ros2_workspaces/ros2_ws_dev/install/more_interfaces/lib/libmore_interfaces__rosidl_typesupport_cpp.so
[17.724s] -- Set runtime path of "/home/martin/ros2_workspaces/ros2_ws_dev/install/more_interfaces/lib/libmore_interfaces__rosidl_typesupport_cpp.so" to ""
[17.725s] -- Installing: /home/martin/ros2_workspaces/ros2_ws_dev/install/more_interfaces/share/more_interfaces/environment/pythonpath.sh
[17.725s] -- Installing: /home/martin/ros2_workspaces/ros2_ws_dev/install/more_interfaces/share/more_interfaces/environment/pythonpath.dsv
[17.725s] -- Installing: /home/martin/ros2_workspaces/ros2_ws_dev/install/more_interfaces/local/lib/python3.10/dist-packages/more_interfaces-0.0.0-py3.10.egg-info
[17.726s] -- Installing: /home/martin/ros2_workspaces/ros2_ws_dev/install/more_interfaces/local/lib/python3.10/dist-packages/more_interfaces-0.0.0-py3.10.egg-info/dependency_links.txt
[17.726s] -- Installing: /home/martin/ros2_workspaces/ros2_ws_dev/install/more_interfaces/local/lib/python3.10/dist-packages/more_interfaces-0.0.0-py3.10.egg-info/SOURCES.txt
[17.727s] -- Installing: /home/martin/ros2_workspaces/ros2_ws_dev/install/more_interfaces/local/lib/python3.10/dist-packages/more_interfaces-0.0.0-py3.10.egg-info/PKG-INFO
[17.728s] -- Installing: /home/martin/ros2_workspaces/ros2_ws_dev/install/more_interfaces/local/lib/python3.10/dist-packages/more_interfaces-0.0.0-py3.10.egg-info/top_level.txt
[17.729s] -- Installing: /home/martin/ros2_workspaces/ros2_ws_dev/install/more_interfaces/local/lib/python3.10/dist-packages/more_interfaces
[17.730s] -- Installing: /home/martin/ros2_workspaces/ros2_ws_dev/install/more_interfaces/local/lib/python3.10/dist-packages/more_interfaces/msg
[17.731s] -- Installing: /home/martin/ros2_workspaces/ros2_ws_dev/install/more_interfaces/local/lib/python3.10/dist-packages/more_interfaces/msg/_address_book.py
[17.731s] -- Installing: /home/martin/ros2_workspaces/ros2_ws_dev/install/more_interfaces/local/lib/python3.10/dist-packages/more_interfaces/msg/_address_book_s.c
[17.731s] -- Installing: /home/martin/ros2_workspaces/ros2_ws_dev/install/more_interfaces/local/lib/python3.10/dist-packages/more_interfaces/msg/__init__.py
[17.732s] -- Installing: /home/martin/ros2_workspaces/ros2_ws_dev/install/more_interfaces/local/lib/python3.10/dist-packages/more_interfaces/more_interfaces_s__rosidl_typesupport_c.cpython-310-x86_64-linux-gnu.so
[17.732s] -- Installing: /home/martin/ros2_workspaces/ros2_ws_dev/install/more_interfaces/local/lib/python3.10/dist-packages/more_interfaces/more_interfaces_s__rosidl_typesupport_introspection_c.cpython-310-x86_64-linux-gnu.so
[17.732s] -- Installing: /home/martin/ros2_workspaces/ros2_ws_dev/install/more_interfaces/local/lib/python3.10/dist-packages/more_interfaces/libmore_interfaces__rosidl_generator_py.so
[17.732s] -- Installing: /home/martin/ros2_workspaces/ros2_ws_dev/install/more_interfaces/local/lib/python3.10/dist-packages/more_interfaces/more_interfaces_s__rosidl_typesupport_fastrtps_c.cpython-310-x86_64-linux-gnu.so
[17.732s] -- Installing: /home/martin/ros2_workspaces/ros2_ws_dev/install/more_interfaces/local/lib/python3.10/dist-packages/more_interfaces/_more_interfaces_s.ep.rosidl_typesupport_fastrtps_c.c
[17.732s] -- Installing: /home/martin/ros2_workspaces/ros2_ws_dev/install/more_interfaces/local/lib/python3.10/dist-packages/more_interfaces/_more_interfaces_s.ep.rosidl_typesupport_introspection_c.c
[17.732s] -- Installing: /home/martin/ros2_workspaces/ros2_ws_dev/install/more_interfaces/local/lib/python3.10/dist-packages/more_interfaces/_more_interfaces_s.ep.rosidl_typesupport_c.c
[17.733s] -- Installing: /home/martin/ros2_workspaces/ros2_ws_dev/install/more_interfaces/local/lib/python3.10/dist-packages/more_interfaces/__init__.py
[17.795s] Listing '/home/martin/ros2_workspaces/ros2_ws_dev/install/more_interfaces/local/lib/python3.10/dist-packages/more_interfaces'...
[17.795s] Compiling '/home/martin/ros2_workspaces/ros2_ws_dev/install/more_interfaces/local/lib/python3.10/dist-packages/more_interfaces/__init__.py'...
[17.797s] Listing '/home/martin/ros2_workspaces/ros2_ws_dev/install/more_interfaces/local/lib/python3.10/dist-packages/more_interfaces/msg'...
[17.797s] Compiling '/home/martin/ros2_workspaces/ros2_ws_dev/install/more_interfaces/local/lib/python3.10/dist-packages/more_interfaces/msg/__init__.py'...
[17.797s] Compiling '/home/martin/ros2_workspaces/ros2_ws_dev/install/more_interfaces/local/lib/python3.10/dist-packages/more_interfaces/msg/_address_book.py'...
[17.806s] -- Installing: /home/martin/ros2_workspaces/ros2_ws_dev/install/more_interfaces/local/lib/python3.10/dist-packages/more_interfaces/more_interfaces_s__rosidl_typesupport_fastrtps_c.cpython-310-x86_64-linux-gnu.so
[17.807s] -- Set runtime path of "/home/martin/ros2_workspaces/ros2_ws_dev/install/more_interfaces/local/lib/python3.10/dist-packages/more_interfaces/more_interfaces_s__rosidl_typesupport_fastrtps_c.cpython-310-x86_64-linux-gnu.so" to ""
[17.807s] -- Installing: /home/martin/ros2_workspaces/ros2_ws_dev/install/more_interfaces/local/lib/python3.10/dist-packages/more_interfaces/more_interfaces_s__rosidl_typesupport_introspection_c.cpython-310-x86_64-linux-gnu.so
[17.807s] -- Set runtime path of "/home/martin/ros2_workspaces/ros2_ws_dev/install/more_interfaces/local/lib/python3.10/dist-packages/more_interfaces/more_interfaces_s__rosidl_typesupport_introspection_c.cpython-310-x86_64-linux-gnu.so" to ""
[17.808s] -- Installing: /home/martin/ros2_workspaces/ros2_ws_dev/install/more_interfaces/local/lib/python3.10/dist-packages/more_interfaces/more_interfaces_s__rosidl_typesupport_c.cpython-310-x86_64-linux-gnu.so
[17.809s] -- Set runtime path of "/home/martin/ros2_workspaces/ros2_ws_dev/install/more_interfaces/local/lib/python3.10/dist-packages/more_interfaces/more_interfaces_s__rosidl_typesupport_c.cpython-310-x86_64-linux-gnu.so" to ""
[17.809s] -- Installing: /home/martin/ros2_workspaces/ros2_ws_dev/install/more_interfaces/lib/libmore_interfaces__rosidl_generator_py.so
[17.810s] -- Set runtime path of "/home/martin/ros2_workspaces/ros2_ws_dev/install/more_interfaces/lib/libmore_interfaces__rosidl_generator_py.so" to ""
[17.811s] -- Installing: /home/martin/ros2_workspaces/ros2_ws_dev/install/more_interfaces/share/more_interfaces/msg/AddressBook.idl
[17.811s] -- Installing: /home/martin/ros2_workspaces/ros2_ws_dev/install/more_interfaces/share/more_interfaces/msg/AddressBook.msg
[17.811s] -- Installing: /home/martin/ros2_workspaces/ros2_ws_dev/install/more_interfaces/lib/more_interfaces/publish_address_book
[17.813s] -- Set runtime path of "/home/martin/ros2_workspaces/ros2_ws_dev/install/more_interfaces/lib/more_interfaces/publish_address_book" to ""
[17.815s] -- Installing: /home/martin/ros2_workspaces/ros2_ws_dev/install/more_interfaces/share/ament_index/resource_index/package_run_dependencies/more_interfaces
[17.816s] -- Installing: /home/martin/ros2_workspaces/ros2_ws_dev/install/more_interfaces/share/ament_index/resource_index/parent_prefix_path/more_interfaces
[17.816s] -- Installing: /home/martin/ros2_workspaces/ros2_ws_dev/install/more_interfaces/share/more_interfaces/environment/ament_prefix_path.sh
[17.817s] -- Installing: /home/martin/ros2_workspaces/ros2_ws_dev/install/more_interfaces/share/more_interfaces/environment/ament_prefix_path.dsv
[17.817s] -- Installing: /home/martin/ros2_workspaces/ros2_ws_dev/install/more_interfaces/share/more_interfaces/environment/path.sh
[17.817s] -- Installing: /home/martin/ros2_workspaces/ros2_ws_dev/install/more_interfaces/share/more_interfaces/environment/path.dsv
[17.817s] -- Installing: /home/martin/ros2_workspaces/ros2_ws_dev/install/more_interfaces/share/more_interfaces/local_setup.bash
[17.818s] -- Installing: /home/martin/ros2_workspaces/ros2_ws_dev/install/more_interfaces/share/more_interfaces/local_setup.sh
[17.818s] -- Installing: /home/martin/ros2_workspaces/ros2_ws_dev/install/more_interfaces/share/more_interfaces/local_setup.zsh
[17.819s] -- Installing: /home/martin/ros2_workspaces/ros2_ws_dev/install/more_interfaces/share/more_interfaces/local_setup.dsv
[17.820s] -- Installing: /home/martin/ros2_workspaces/ros2_ws_dev/install/more_interfaces/share/more_interfaces/package.dsv
[17.820s] -- Installing: /home/martin/ros2_workspaces/ros2_ws_dev/install/more_interfaces/share/ament_index/resource_index/packages/more_interfaces
[17.820s] -- Installing: /home/martin/ros2_workspaces/ros2_ws_dev/install/more_interfaces/share/more_interfaces/cmake/export_more_interfaces__rosidl_generator_cExport.cmake
[17.821s] -- Installing: /home/martin/ros2_workspaces/ros2_ws_dev/install/more_interfaces/share/more_interfaces/cmake/export_more_interfaces__rosidl_generator_cExport-noconfig.cmake
[17.822s] -- Installing: /home/martin/ros2_workspaces/ros2_ws_dev/install/more_interfaces/share/more_interfaces/cmake/export_more_interfaces__rosidl_typesupport_fastrtps_cExport.cmake
[17.822s] -- Installing: /home/martin/ros2_workspaces/ros2_ws_dev/install/more_interfaces/share/more_interfaces/cmake/export_more_interfaces__rosidl_typesupport_fastrtps_cExport-noconfig.cmake
[17.822s] -- Installing: /home/martin/ros2_workspaces/ros2_ws_dev/install/more_interfaces/share/more_interfaces/cmake/export_more_interfaces__rosidl_generator_cppExport.cmake
[17.823s] -- Installing: /home/martin/ros2_workspaces/ros2_ws_dev/install/more_interfaces/share/more_interfaces/cmake/export_more_interfaces__rosidl_typesupport_fastrtps_cppExport.cmake
[17.823s] -- Installing: /home/martin/ros2_workspaces/ros2_ws_dev/install/more_interfaces/share/more_interfaces/cmake/export_more_interfaces__rosidl_typesupport_fastrtps_cppExport-noconfig.cmake
[17.823s] -- Installing: /home/martin/ros2_workspaces/ros2_ws_dev/install/more_interfaces/share/more_interfaces/cmake/more_interfaces__rosidl_typesupport_introspection_cExport.cmake
[17.824s] -- Installing: /home/martin/ros2_workspaces/ros2_ws_dev/install/more_interfaces/share/more_interfaces/cmake/more_interfaces__rosidl_typesupport_introspection_cExport-noconfig.cmake
[17.824s] -- Installing: /home/martin/ros2_workspaces/ros2_ws_dev/install/more_interfaces/share/more_interfaces/cmake/more_interfaces__rosidl_typesupport_cExport.cmake
[17.824s] -- Installing: /home/martin/ros2_workspaces/ros2_ws_dev/install/more_interfaces/share/more_interfaces/cmake/more_interfaces__rosidl_typesupport_cExport-noconfig.cmake
[17.825s] -- Installing: /home/martin/ros2_workspaces/ros2_ws_dev/install/more_interfaces/share/more_interfaces/cmake/more_interfaces__rosidl_typesupport_introspection_cppExport.cmake
[17.826s] -- Installing: /home/martin/ros2_workspaces/ros2_ws_dev/install/more_interfaces/share/more_interfaces/cmake/more_interfaces__rosidl_typesupport_introspection_cppExport-noconfig.cmake
[17.826s] -- Installing: /home/martin/ros2_workspaces/ros2_ws_dev/install/more_interfaces/share/more_interfaces/cmake/more_interfaces__rosidl_typesupport_cppExport.cmake
[17.827s] -- Installing: /home/martin/ros2_workspaces/ros2_ws_dev/install/more_interfaces/share/more_interfaces/cmake/more_interfaces__rosidl_typesupport_cppExport-noconfig.cmake
[17.827s] -- Installing: /home/martin/ros2_workspaces/ros2_ws_dev/install/more_interfaces/share/more_interfaces/cmake/export_more_interfaces__rosidl_generator_pyExport.cmake
[17.827s] -- Installing: /home/martin/ros2_workspaces/ros2_ws_dev/install/more_interfaces/share/more_interfaces/cmake/export_more_interfaces__rosidl_generator_pyExport-noconfig.cmake
[17.827s] -- Installing: /home/martin/ros2_workspaces/ros2_ws_dev/install/more_interfaces/share/more_interfaces/cmake/rosidl_cmake-extras.cmake
[17.827s] -- Installing: /home/martin/ros2_workspaces/ros2_ws_dev/install/more_interfaces/share/more_interfaces/cmake/ament_cmake_export_include_directories-extras.cmake
[17.827s] -- Installing: /home/martin/ros2_workspaces/ros2_ws_dev/install/more_interfaces/share/more_interfaces/cmake/ament_cmake_export_libraries-extras.cmake
[17.827s] -- Installing: /home/martin/ros2_workspaces/ros2_ws_dev/install/more_interfaces/share/more_interfaces/cmake/ament_cmake_export_targets-extras.cmake
[17.828s] -- Installing: /home/martin/ros2_workspaces/ros2_ws_dev/install/more_interfaces/share/more_interfaces/cmake/rosidl_cmake_export_typesupport_targets-extras.cmake
[17.828s] -- Installing: /home/martin/ros2_workspaces/ros2_ws_dev/install/more_interfaces/share/more_interfaces/cmake/ament_cmake_export_dependencies-extras.cmake
[17.828s] -- Installing: /home/martin/ros2_workspaces/ros2_ws_dev/install/more_interfaces/share/more_interfaces/cmake/rosidl_cmake_export_typesupport_libraries-extras.cmake
[17.828s] -- Installing: /home/martin/ros2_workspaces/ros2_ws_dev/install/more_interfaces/share/more_interfaces/cmake/more_interfacesConfig.cmake
[17.828s] -- Installing: /home/martin/ros2_workspaces/ros2_ws_dev/install/more_interfaces/share/more_interfaces/cmake/more_interfacesConfig-version.cmake
[17.828s] -- Installing: /home/martin/ros2_workspaces/ros2_ws_dev/install/more_interfaces/share/more_interfaces/package.xml
[17.832s] Invoked command in '/home/martin/ros2_workspaces/ros2_ws_dev/build/more_interfaces' returned '0': CMAKE_PREFIX_PATH=${CMAKE_PREFIX_PATH}:/home/martin/ros2_workspaces/ros2_ws_dev/install/py_srvcli:/home/martin/ros2_workspaces/ros2_ws_dev/install/py_pubsub:/home/martin/ros2_workspaces/ros2_ws_dev/install/my_package:/opt/ros/humble /usr/bin/cmake --install /home/martin/ros2_workspaces/ros2_ws_dev/build/more_interfaces
