[1.140s] DEBUG:colcon:Command line arguments: ['/usr/bin/colcon', 'build', '--packages-select', 'tutorial_interfaces']
[1.140s] DEBUG:colcon:Parsed command line arguments: Namespace(log_base=None, log_level=None, verb_name='build', build_base='build', install_base='install', merge_install=False, symlink_install=False, test_result_base=None, continue_on_error=False, executor='parallel', parallel_workers=2, event_handlers=None, ignore_user_meta=False, metas=['./colcon.meta'], base_paths=['.'], packages_ignore=None, packages_ignore_regex=None, paths=None, packages_up_to=None, packages_up_to_regex=None, packages_above=None, packages_above_and_dependencies=None, packages_above_depth=None, packages_select_by_dep=None, packages_skip_by_dep=None, packages_skip_up_to=None, packages_select_build_failed=False, packages_skip_build_finished=False, packages_select_test_failures=False, packages_skip_test_passed=False, packages_select=['tutorial_interfaces'], packages_skip=None, packages_select_regex=None, packages_skip_regex=None, packages_start=None, packages_end=None, allow_overriding=[], cmake_args=None, cmake_target=None, cmake_target_skip_unavailable=False, cmake_clean_cache=False, cmake_clean_first=False, cmake_force_configure=False, ament_cmake_args=None, catkin_cmake_args=None, catkin_skip_building_tests=False, verb_parser=<colcon_defaults.argument_parser.defaults.DefaultArgumentsDecorator object at 0x7f7c77dbce80>, verb_extension=<colcon_core.verb.build.BuildVerb object at 0x7f7c78701db0>, main=<bound method BuildVerb.main of <colcon_core.verb.build.BuildVerb object at 0x7f7c78701db0>>)
[1.288s] Level 1:colcon.colcon_core.package_discovery:discover_packages(colcon_meta) check parameters
[1.288s] Level 1:colcon.colcon_core.package_discovery:discover_packages(recursive) check parameters
[1.288s] Level 1:colcon.colcon_core.package_discovery:discover_packages(ignore) check parameters
[1.288s] Level 1:colcon.colcon_core.package_discovery:discover_packages(path) check parameters
[1.289s] Level 1:colcon.colcon_core.package_discovery:discover_packages(colcon_meta) discover
[1.289s] Level 1:colcon.colcon_core.package_discovery:discover_packages(recursive) discover
[1.289s] INFO:colcon.colcon_core.package_discovery:Crawling recursively for packages in '/home/martin/ros2_workspaces/ros2_ws_dev'
[1.289s] Level 1:colcon.colcon_core.package_identification:_identify(.) by extensions ['ignore', 'ignore_ament_install']
[1.289s] Level 1:colcon.colcon_core.package_identification:_identify(.) by extension 'ignore'
[1.289s] Level 1:colcon.colcon_core.package_identification:_identify(.) by extension 'ignore_ament_install'
[1.289s] Level 1:colcon.colcon_core.package_identification:_identify(.) by extensions ['colcon_pkg']
[1.289s] Level 1:colcon.colcon_core.package_identification:_identify(.) by extension 'colcon_pkg'
[1.289s] Level 1:colcon.colcon_core.package_identification:_identify(.) by extensions ['colcon_meta']
[1.289s] Level 1:colcon.colcon_core.package_identification:_identify(.) by extension 'colcon_meta'
[1.289s] Level 1:colcon.colcon_core.package_identification:_identify(.) by extensions ['ros']
[1.289s] Level 1:colcon.colcon_core.package_identification:_identify(.) by extension 'ros'
[1.315s] Level 1:colcon.colcon_core.package_identification:_identify(.) by extensions ['cmake', 'python']
[1.315s] Level 1:colcon.colcon_core.package_identification:_identify(.) by extension 'cmake'
[1.315s] Level 1:colcon.colcon_core.package_identification:_identify(.) by extension 'python'
[1.315s] Level 1:colcon.colcon_core.package_identification:_identify(.) by extensions ['python_setup_py']
[1.315s] Level 1:colcon.colcon_core.package_identification:_identify(.) by extension 'python_setup_py'
[1.315s] Level 1:colcon.colcon_core.package_identification:_identify(build) by extensions ['ignore', 'ignore_ament_install']
[1.315s] Level 1:colcon.colcon_core.package_identification:_identify(build) by extension 'ignore'
[1.315s] Level 1:colcon.colcon_core.package_identification:_identify(build) ignored
[1.316s] Level 1:colcon.colcon_core.package_identification:_identify(install) by extensions ['ignore', 'ignore_ament_install']
[1.316s] Level 1:colcon.colcon_core.package_identification:_identify(install) by extension 'ignore'
[1.316s] Level 1:colcon.colcon_core.package_identification:_identify(install) ignored
[1.316s] Level 1:colcon.colcon_core.package_identification:_identify(log) by extensions ['ignore', 'ignore_ament_install']
[1.316s] Level 1:colcon.colcon_core.package_identification:_identify(log) by extension 'ignore'
[1.316s] Level 1:colcon.colcon_core.package_identification:_identify(log) ignored
[1.316s] Level 1:colcon.colcon_core.package_identification:_identify(src) by extensions ['ignore', 'ignore_ament_install']
[1.316s] Level 1:colcon.colcon_core.package_identification:_identify(src) by extension 'ignore'
[1.316s] Level 1:colcon.colcon_core.package_identification:_identify(src) by extension 'ignore_ament_install'
[1.316s] Level 1:colcon.colcon_core.package_identification:_identify(src) by extensions ['colcon_pkg']
[1.317s] Level 1:colcon.colcon_core.package_identification:_identify(src) by extension 'colcon_pkg'
[1.317s] Level 1:colcon.colcon_core.package_identification:_identify(src) by extensions ['colcon_meta']
[1.317s] Level 1:colcon.colcon_core.package_identification:_identify(src) by extension 'colcon_meta'
[1.317s] Level 1:colcon.colcon_core.package_identification:_identify(src) by extensions ['ros']
[1.317s] Level 1:colcon.colcon_core.package_identification:_identify(src) by extension 'ros'
[1.317s] Level 1:colcon.colcon_core.package_identification:_identify(src) by extensions ['cmake', 'python']
[1.317s] Level 1:colcon.colcon_core.package_identification:_identify(src) by extension 'cmake'
[1.317s] Level 1:colcon.colcon_core.package_identification:_identify(src) by extension 'python'
[1.317s] Level 1:colcon.colcon_core.package_identification:_identify(src) by extensions ['python_setup_py']
[1.317s] Level 1:colcon.colcon_core.package_identification:_identify(src) by extension 'python_setup_py'
[1.318s] Level 1:colcon.colcon_core.package_identification:_identify(src/cpp_pubsub) by extensions ['ignore', 'ignore_ament_install']
[1.319s] Level 1:colcon.colcon_core.package_identification:_identify(src/cpp_pubsub) by extension 'ignore'
[1.319s] Level 1:colcon.colcon_core.package_identification:_identify(src/cpp_pubsub) by extension 'ignore_ament_install'
[1.319s] Level 1:colcon.colcon_core.package_identification:_identify(src/cpp_pubsub) by extensions ['colcon_pkg']
[1.319s] Level 1:colcon.colcon_core.package_identification:_identify(src/cpp_pubsub) by extension 'colcon_pkg'
[1.319s] Level 1:colcon.colcon_core.package_identification:_identify(src/cpp_pubsub) by extensions ['colcon_meta']
[1.319s] Level 1:colcon.colcon_core.package_identification:_identify(src/cpp_pubsub) by extension 'colcon_meta'
[1.319s] Level 1:colcon.colcon_core.package_identification:_identify(src/cpp_pubsub) by extensions ['ros']
[1.319s] Level 1:colcon.colcon_core.package_identification:_identify(src/cpp_pubsub) by extension 'ros'
[1.327s] DEBUG:colcon.colcon_core.package_identification:Package 'src/cpp_pubsub' with type 'ros.ament_cmake' and name 'cpp_pubsub'
[1.328s] Level 1:colcon.colcon_core.package_identification:_identify(src/cpp_srvcli) by extensions ['ignore', 'ignore_ament_install']
[1.328s] Level 1:colcon.colcon_core.package_identification:_identify(src/cpp_srvcli) by extension 'ignore'
[1.328s] Level 1:colcon.colcon_core.package_identification:_identify(src/cpp_srvcli) by extension 'ignore_ament_install'
[1.328s] Level 1:colcon.colcon_core.package_identification:_identify(src/cpp_srvcli) by extensions ['colcon_pkg']
[1.328s] Level 1:colcon.colcon_core.package_identification:_identify(src/cpp_srvcli) by extension 'colcon_pkg'
[1.328s] Level 1:colcon.colcon_core.package_identification:_identify(src/cpp_srvcli) by extensions ['colcon_meta']
[1.328s] Level 1:colcon.colcon_core.package_identification:_identify(src/cpp_srvcli) by extension 'colcon_meta'
[1.329s] Level 1:colcon.colcon_core.package_identification:_identify(src/cpp_srvcli) by extensions ['ros']
[1.329s] Level 1:colcon.colcon_core.package_identification:_identify(src/cpp_srvcli) by extension 'ros'
[1.330s] DEBUG:colcon.colcon_core.package_identification:Package 'src/cpp_srvcli' with type 'ros.ament_cmake' and name 'cpp_srvcli'
[1.331s] Level 1:colcon.colcon_core.package_identification:_identify(src/my_package) by extensions ['ignore', 'ignore_ament_install']
[1.332s] Level 1:colcon.colcon_core.package_identification:_identify(src/my_package) by extension 'ignore'
[1.332s] Level 1:colcon.colcon_core.package_identification:_identify(src/my_package) by extension 'ignore_ament_install'
[1.332s] Level 1:colcon.colcon_core.package_identification:_identify(src/my_package) by extensions ['colcon_pkg']
[1.332s] Level 1:colcon.colcon_core.package_identification:_identify(src/my_package) by extension 'colcon_pkg'
[1.332s] Level 1:colcon.colcon_core.package_identification:_identify(src/my_package) by extensions ['colcon_meta']
[1.332s] Level 1:colcon.colcon_core.package_identification:_identify(src/my_package) by extension 'colcon_meta'
[1.332s] Level 1:colcon.colcon_core.package_identification:_identify(src/my_package) by extensions ['ros']
[1.332s] Level 1:colcon.colcon_core.package_identification:_identify(src/my_package) by extension 'ros'
[1.333s] DEBUG:colcon.colcon_core.package_identification:Package 'src/my_package' with type 'ros.ament_python' and name 'my_package'
[1.335s] Level 1:colcon.colcon_core.package_identification:_identify(src/py_pubsub) by extensions ['ignore', 'ignore_ament_install']
[1.335s] Level 1:colcon.colcon_core.package_identification:_identify(src/py_pubsub) by extension 'ignore'
[1.335s] Level 1:colcon.colcon_core.package_identification:_identify(src/py_pubsub) by extension 'ignore_ament_install'
[1.335s] Level 1:colcon.colcon_core.package_identification:_identify(src/py_pubsub) by extensions ['colcon_pkg']
[1.335s] Level 1:colcon.colcon_core.package_identification:_identify(src/py_pubsub) by extension 'colcon_pkg'
[1.335s] Level 1:colcon.colcon_core.package_identification:_identify(src/py_pubsub) by extensions ['colcon_meta']
[1.335s] Level 1:colcon.colcon_core.package_identification:_identify(src/py_pubsub) by extension 'colcon_meta'
[1.335s] Level 1:colcon.colcon_core.package_identification:_identify(src/py_pubsub) by extensions ['ros']
[1.335s] Level 1:colcon.colcon_core.package_identification:_identify(src/py_pubsub) by extension 'ros'
[1.337s] DEBUG:colcon.colcon_core.package_identification:Package 'src/py_pubsub' with type 'ros.ament_python' and name 'py_pubsub'
[1.339s] Level 1:colcon.colcon_core.package_identification:_identify(src/py_srvcli) by extensions ['ignore', 'ignore_ament_install']
[1.339s] Level 1:colcon.colcon_core.package_identification:_identify(src/py_srvcli) by extension 'ignore'
[1.339s] Level 1:colcon.colcon_core.package_identification:_identify(src/py_srvcli) by extension 'ignore_ament_install'
[1.339s] Level 1:colcon.colcon_core.package_identification:_identify(src/py_srvcli) by extensions ['colcon_pkg']
[1.339s] Level 1:colcon.colcon_core.package_identification:_identify(src/py_srvcli) by extension 'colcon_pkg'
[1.339s] Level 1:colcon.colcon_core.package_identification:_identify(src/py_srvcli) by extensions ['colcon_meta']
[1.339s] Level 1:colcon.colcon_core.package_identification:_identify(src/py_srvcli) by extension 'colcon_meta'
[1.339s] Level 1:colcon.colcon_core.package_identification:_identify(src/py_srvcli) by extensions ['ros']
[1.339s] Level 1:colcon.colcon_core.package_identification:_identify(src/py_srvcli) by extension 'ros'
[1.341s] DEBUG:colcon.colcon_core.package_identification:Package 'src/py_srvcli' with type 'ros.ament_python' and name 'py_srvcli'
[1.341s] Level 1:colcon.colcon_core.package_identification:_identify(src/tutorial_interfaces) by extensions ['ignore', 'ignore_ament_install']
[1.341s] Level 1:colcon.colcon_core.package_identification:_identify(src/tutorial_interfaces) by extension 'ignore'
[1.341s] Level 1:colcon.colcon_core.package_identification:_identify(src/tutorial_interfaces) by extension 'ignore_ament_install'
[1.341s] Level 1:colcon.colcon_core.package_identification:_identify(src/tutorial_interfaces) by extensions ['colcon_pkg']
[1.341s] Level 1:colcon.colcon_core.package_identification:_identify(src/tutorial_interfaces) by extension 'colcon_pkg'
[1.341s] Level 1:colcon.colcon_core.package_identification:_identify(src/tutorial_interfaces) by extensions ['colcon_meta']
[1.341s] Level 1:colcon.colcon_core.package_identification:_identify(src/tutorial_interfaces) by extension 'colcon_meta'
[1.341s] Level 1:colcon.colcon_core.package_identification:_identify(src/tutorial_interfaces) by extensions ['ros']
[1.341s] Level 1:colcon.colcon_core.package_identification:_identify(src/tutorial_interfaces) by extension 'ros'
[1.342s] DEBUG:colcon.colcon_core.package_identification:Package 'src/tutorial_interfaces' with type 'ros.ament_cmake' and name 'tutorial_interfaces'
[1.342s] Level 1:colcon.colcon_core.package_discovery:discover_packages(recursive) using defaults
[1.343s] Level 1:colcon.colcon_core.package_discovery:discover_packages(ignore) discover
[1.343s] Level 1:colcon.colcon_core.package_discovery:discover_packages(ignore) using defaults
[1.343s] Level 1:colcon.colcon_core.package_discovery:discover_packages(path) discover
[1.343s] Level 1:colcon.colcon_core.package_discovery:discover_packages(path) using defaults
[1.422s] INFO:colcon.colcon_core.package_selection:Skipping not selected package 'cpp_pubsub' in 'src/cpp_pubsub'
[1.422s] INFO:colcon.colcon_core.package_selection:Skipping not selected package 'cpp_srvcli' in 'src/cpp_srvcli'
[1.422s] INFO:colcon.colcon_core.package_selection:Skipping not selected package 'my_package' in 'src/my_package'
[1.422s] INFO:colcon.colcon_core.package_selection:Skipping not selected package 'py_pubsub' in 'src/py_pubsub'
[1.422s] INFO:colcon.colcon_core.package_selection:Skipping not selected package 'py_srvcli' in 'src/py_srvcli'
[1.424s] Level 1:colcon.colcon_core.package_discovery:discover_packages(prefix_path) check parameters
[1.424s] Level 1:colcon.colcon_core.package_discovery:discover_packages(prefix_path) discover
[1.437s] DEBUG:colcon.colcon_installed_package_information.package_discovery:Found 283 installed packages in /opt/ros/humble
[1.439s] Level 1:colcon.colcon_core.package_discovery:discover_packages(prefix_path) using defaults
[1.523s] Level 5:colcon.colcon_core.verb:set package 'tutorial_interfaces' build argument 'cmake_args' from command line to 'None'
[1.523s] Level 5:colcon.colcon_core.verb:set package 'tutorial_interfaces' build argument 'cmake_target' from command line to 'None'
[1.523s] Level 5:colcon.colcon_core.verb:set package 'tutorial_interfaces' build argument 'cmake_target_skip_unavailable' from command line to 'False'
[1.523s] Level 5:colcon.colcon_core.verb:set package 'tutorial_interfaces' build argument 'cmake_clean_cache' from command line to 'False'
[1.523s] Level 5:colcon.colcon_core.verb:set package 'tutorial_interfaces' build argument 'cmake_clean_first' from command line to 'False'
[1.523s] Level 5:colcon.colcon_core.verb:set package 'tutorial_interfaces' build argument 'cmake_force_configure' from command line to 'False'
[1.523s] Level 5:colcon.colcon_core.verb:set package 'tutorial_interfaces' build argument 'ament_cmake_args' from command line to 'None'
[1.523s] Level 5:colcon.colcon_core.verb:set package 'tutorial_interfaces' build argument 'catkin_cmake_args' from command line to 'None'
[1.523s] Level 5:colcon.colcon_core.verb:set package 'tutorial_interfaces' build argument 'catkin_skip_building_tests' from command line to 'False'
[1.523s] DEBUG:colcon.colcon_core.verb:Building package 'tutorial_interfaces' with the following arguments: {'ament_cmake_args': None, 'build_base': '/home/martin/ros2_workspaces/ros2_ws_dev/build/tutorial_interfaces', 'catkin_cmake_args': None, 'catkin_skip_building_tests': False, 'cmake_args': None, 'cmake_clean_cache': False, 'cmake_clean_first': False, 'cmake_force_configure': False, 'cmake_target': None, 'cmake_target_skip_unavailable': False, 'install_base': '/home/martin/ros2_workspaces/ros2_ws_dev/install/tutorial_interfaces', 'merge_install': False, 'path': '/home/martin/ros2_workspaces/ros2_ws_dev/src/tutorial_interfaces', 'symlink_install': False, 'test_result_base': None}
[1.524s] INFO:colcon.colcon_core.executor:Executing jobs using 'parallel' executor
[1.531s] DEBUG:colcon.colcon_parallel_executor.executor.parallel:run_until_complete
[1.531s] INFO:colcon.colcon_ros.task.ament_cmake.build:Building ROS package in '/home/martin/ros2_workspaces/ros2_ws_dev/src/tutorial_interfaces' with build type 'ament_cmake'
[1.531s] INFO:colcon.colcon_cmake.task.cmake.build:Building CMake package in '/home/martin/ros2_workspaces/ros2_ws_dev/src/tutorial_interfaces'
[1.560s] INFO:colcon.colcon_core.plugin_system:Skipping extension 'colcon_core.shell.bat': Not used on non-Windows systems
[1.560s] INFO:colcon.colcon_core.shell:Skip shell extension 'powershell' for command environment: Not usable outside of PowerShell
[1.560s] DEBUG:colcon.colcon_core.shell:Skip shell extension 'dsv' for command environment
[1.576s] DEBUG:colcon.colcon_core.event_handler.log_command:Invoking command in '/home/martin/ros2_workspaces/ros2_ws_dev/build/tutorial_interfaces': CMAKE_PREFIX_PATH=/opt/ros/humble /usr/bin/cmake /home/martin/ros2_workspaces/ros2_ws_dev/src/tutorial_interfaces -DCMAKE_INSTALL_PREFIX=/home/martin/ros2_workspaces/ros2_ws_dev/install/tutorial_interfaces
[5.335s] DEBUG:colcon.colcon_core.event_handler.log_command:Invoked command in '/home/martin/ros2_workspaces/ros2_ws_dev/build/tutorial_interfaces' returned '0': CMAKE_PREFIX_PATH=/opt/ros/humble /usr/bin/cmake /home/martin/ros2_workspaces/ros2_ws_dev/src/tutorial_interfaces -DCMAKE_INSTALL_PREFIX=/home/martin/ros2_workspaces/ros2_ws_dev/install/tutorial_interfaces
[5.336s] DEBUG:colcon.colcon_core.event_handler.log_command:Invoking command in '/home/martin/ros2_workspaces/ros2_ws_dev/build/tutorial_interfaces': CMAKE_PREFIX_PATH=/opt/ros/humble /usr/bin/cmake --build /home/martin/ros2_workspaces/ros2_ws_dev/build/tutorial_interfaces -- -j2 -l2
[13.940s] DEBUG:colcon.colcon_core.event_handler.log_command:Invoked command in '/home/martin/ros2_workspaces/ros2_ws_dev/build/tutorial_interfaces' returned '0': CMAKE_PREFIX_PATH=/opt/ros/humble /usr/bin/cmake --build /home/martin/ros2_workspaces/ros2_ws_dev/build/tutorial_interfaces -- -j2 -l2
[14.233s] DEBUG:colcon.colcon_core.event_handler.log_command:Invoking command in '/home/martin/ros2_workspaces/ros2_ws_dev/build/tutorial_interfaces': CMAKE_PREFIX_PATH=/opt/ros/humble /usr/bin/cmake --install /home/martin/ros2_workspaces/ros2_ws_dev/build/tutorial_interfaces
[14.363s] Level 1:colcon.colcon_core.environment:create_environment_scripts_only(tutorial_interfaces)
[14.364s] DEBUG:colcon.colcon_core.event_handler.log_command:Invoked command in '/home/martin/ros2_workspaces/ros2_ws_dev/build/tutorial_interfaces' returned '0': CMAKE_PREFIX_PATH=/opt/ros/humble /usr/bin/cmake --install /home/martin/ros2_workspaces/ros2_ws_dev/build/tutorial_interfaces
[14.398s] Level 1:colcon.colcon_core.environment:checking '/home/martin/ros2_workspaces/ros2_ws_dev/install/tutorial_interfaces' for CMake module files
[14.399s] Level 1:colcon.colcon_core.environment:checking '/home/martin/ros2_workspaces/ros2_ws_dev/install/tutorial_interfaces' for CMake config files
[14.400s] Level 1:colcon.colcon_core.shell:create_environment_hook('tutorial_interfaces', 'cmake_prefix_path')
[14.401s] INFO:colcon.colcon_core.shell:Creating environment hook '/home/martin/ros2_workspaces/ros2_ws_dev/install/tutorial_interfaces/share/tutorial_interfaces/hook/cmake_prefix_path.ps1'
[14.405s] INFO:colcon.colcon_core.shell:Creating environment descriptor '/home/martin/ros2_workspaces/ros2_ws_dev/install/tutorial_interfaces/share/tutorial_interfaces/hook/cmake_prefix_path.dsv'
[14.407s] INFO:colcon.colcon_core.shell:Creating environment hook '/home/martin/ros2_workspaces/ros2_ws_dev/install/tutorial_interfaces/share/tutorial_interfaces/hook/cmake_prefix_path.sh'
[14.409s] Level 1:colcon.colcon_core.environment:checking '/home/martin/ros2_workspaces/ros2_ws_dev/install/tutorial_interfaces/lib'
[14.409s] Level 1:colcon.colcon_core.shell:create_environment_hook('tutorial_interfaces', 'ld_library_path_lib')
[14.411s] INFO:colcon.colcon_core.shell:Creating environment hook '/home/martin/ros2_workspaces/ros2_ws_dev/install/tutorial_interfaces/share/tutorial_interfaces/hook/ld_library_path_lib.ps1'
[14.411s] INFO:colcon.colcon_core.shell:Creating environment descriptor '/home/martin/ros2_workspaces/ros2_ws_dev/install/tutorial_interfaces/share/tutorial_interfaces/hook/ld_library_path_lib.dsv'
[14.411s] INFO:colcon.colcon_core.shell:Creating environment hook '/home/martin/ros2_workspaces/ros2_ws_dev/install/tutorial_interfaces/share/tutorial_interfaces/hook/ld_library_path_lib.sh'
[14.412s] Level 1:colcon.colcon_core.environment:checking '/home/martin/ros2_workspaces/ros2_ws_dev/install/tutorial_interfaces/bin'
[14.412s] Level 1:colcon.colcon_core.environment:checking '/home/martin/ros2_workspaces/ros2_ws_dev/install/tutorial_interfaces/lib/pkgconfig/tutorial_interfaces.pc'
[14.412s] Level 1:colcon.colcon_core.environment:checking '/home/martin/ros2_workspaces/ros2_ws_dev/install/tutorial_interfaces/lib/python3.10/site-packages'
[14.412s] Level 1:colcon.colcon_core.environment:checking '/home/martin/ros2_workspaces/ros2_ws_dev/install/tutorial_interfaces/bin'
[14.414s] INFO:colcon.colcon_core.shell:Creating package script '/home/martin/ros2_workspaces/ros2_ws_dev/install/tutorial_interfaces/share/tutorial_interfaces/package.ps1'
[14.421s] INFO:colcon.colcon_core.shell:Creating package descriptor '/home/martin/ros2_workspaces/ros2_ws_dev/install/tutorial_interfaces/share/tutorial_interfaces/package.dsv'
[14.423s] INFO:colcon.colcon_core.shell:Creating package script '/home/martin/ros2_workspaces/ros2_ws_dev/install/tutorial_interfaces/share/tutorial_interfaces/package.sh'
[14.426s] INFO:colcon.colcon_core.shell:Creating package script '/home/martin/ros2_workspaces/ros2_ws_dev/install/tutorial_interfaces/share/tutorial_interfaces/package.bash'
[14.429s] INFO:colcon.colcon_core.shell:Creating package script '/home/martin/ros2_workspaces/ros2_ws_dev/install/tutorial_interfaces/share/tutorial_interfaces/package.zsh'
[14.432s] Level 1:colcon.colcon_core.environment:create_file_with_runtime_dependencies(/home/martin/ros2_workspaces/ros2_ws_dev/install/tutorial_interfaces/share/colcon-core/packages/tutorial_interfaces)
[14.755s] Level 1:colcon.colcon_core.environment:create_environment_scripts_only(tutorial_interfaces)
[14.757s] Level 1:colcon.colcon_core.environment:checking '/home/martin/ros2_workspaces/ros2_ws_dev/install/tutorial_interfaces' for CMake module files
[14.758s] Level 1:colcon.colcon_core.environment:checking '/home/martin/ros2_workspaces/ros2_ws_dev/install/tutorial_interfaces' for CMake config files
[14.758s] Level 1:colcon.colcon_core.shell:create_environment_hook('tutorial_interfaces', 'cmake_prefix_path')
[14.760s] INFO:colcon.colcon_core.shell:Creating environment hook '/home/martin/ros2_workspaces/ros2_ws_dev/install/tutorial_interfaces/share/tutorial_interfaces/hook/cmake_prefix_path.ps1'
[14.761s] INFO:colcon.colcon_core.shell:Creating environment descriptor '/home/martin/ros2_workspaces/ros2_ws_dev/install/tutorial_interfaces/share/tutorial_interfaces/hook/cmake_prefix_path.dsv'
[14.762s] INFO:colcon.colcon_core.shell:Creating environment hook '/home/martin/ros2_workspaces/ros2_ws_dev/install/tutorial_interfaces/share/tutorial_interfaces/hook/cmake_prefix_path.sh'
[14.763s] Level 1:colcon.colcon_core.environment:checking '/home/martin/ros2_workspaces/ros2_ws_dev/install/tutorial_interfaces/lib'
[14.763s] Level 1:colcon.colcon_core.shell:create_environment_hook('tutorial_interfaces', 'ld_library_path_lib')
[14.765s] INFO:colcon.colcon_core.shell:Creating environment hook '/home/martin/ros2_workspaces/ros2_ws_dev/install/tutorial_interfaces/share/tutorial_interfaces/hook/ld_library_path_lib.ps1'
[14.766s] INFO:colcon.colcon_core.shell:Creating environment descriptor '/home/martin/ros2_workspaces/ros2_ws_dev/install/tutorial_interfaces/share/tutorial_interfaces/hook/ld_library_path_lib.dsv'
[14.766s] INFO:colcon.colcon_core.shell:Creating environment hook '/home/martin/ros2_workspaces/ros2_ws_dev/install/tutorial_interfaces/share/tutorial_interfaces/hook/ld_library_path_lib.sh'
[14.768s] Level 1:colcon.colcon_core.environment:checking '/home/martin/ros2_workspaces/ros2_ws_dev/install/tutorial_interfaces/bin'
[14.768s] Level 1:colcon.colcon_core.environment:checking '/home/martin/ros2_workspaces/ros2_ws_dev/install/tutorial_interfaces/lib/pkgconfig/tutorial_interfaces.pc'
[14.768s] Level 1:colcon.colcon_core.environment:checking '/home/martin/ros2_workspaces/ros2_ws_dev/install/tutorial_interfaces/lib/python3.10/site-packages'
[14.768s] Level 1:colcon.colcon_core.environment:checking '/home/martin/ros2_workspaces/ros2_ws_dev/install/tutorial_interfaces/bin'
[14.770s] INFO:colcon.colcon_core.shell:Creating package script '/home/martin/ros2_workspaces/ros2_ws_dev/install/tutorial_interfaces/share/tutorial_interfaces/package.ps1'
[14.771s] INFO:colcon.colcon_core.shell:Creating package descriptor '/home/martin/ros2_workspaces/ros2_ws_dev/install/tutorial_interfaces/share/tutorial_interfaces/package.dsv'
[14.772s] INFO:colcon.colcon_core.shell:Creating package script '/home/martin/ros2_workspaces/ros2_ws_dev/install/tutorial_interfaces/share/tutorial_interfaces/package.sh'
[14.773s] INFO:colcon.colcon_core.shell:Creating package script '/home/martin/ros2_workspaces/ros2_ws_dev/install/tutorial_interfaces/share/tutorial_interfaces/package.bash'
[14.775s] INFO:colcon.colcon_core.shell:Creating package script '/home/martin/ros2_workspaces/ros2_ws_dev/install/tutorial_interfaces/share/tutorial_interfaces/package.zsh'
[14.776s] Level 1:colcon.colcon_core.environment:create_file_with_runtime_dependencies(/home/martin/ros2_workspaces/ros2_ws_dev/install/tutorial_interfaces/share/colcon-core/packages/tutorial_interfaces)
[14.778s] DEBUG:colcon.colcon_parallel_executor.executor.parallel:closing loop
[14.779s] DEBUG:colcon.colcon_parallel_executor.executor.parallel:loop closed
[14.779s] DEBUG:colcon.colcon_parallel_executor.executor.parallel:run_until_complete finished with '0'
[14.779s] DEBUG:colcon.colcon_core.event_reactor:joining thread
[14.807s] INFO:colcon.colcon_core.plugin_system:Skipping extension 'colcon_notification.desktop_notification.terminal_notifier': Not used on non-Darwin systems
[14.807s] INFO:colcon.colcon_core.plugin_system:Skipping extension 'colcon_notification.desktop_notification.win32': Not used on non-Windows systems
[14.807s] INFO:colcon.colcon_notification.desktop_notification:Sending desktop notification using 'notify2'
[14.838s] DEBUG:colcon.colcon_core.event_reactor:joined thread
[14.840s] INFO:colcon.colcon_core.shell:Creating prefix script '/home/martin/ros2_workspaces/ros2_ws_dev/install/local_setup.ps1'
[14.852s] INFO:colcon.colcon_core.shell:Creating prefix util module '/home/martin/ros2_workspaces/ros2_ws_dev/install/_local_setup_util_ps1.py'
[14.855s] INFO:colcon.colcon_core.shell:Creating prefix chain script '/home/martin/ros2_workspaces/ros2_ws_dev/install/setup.ps1'
[14.887s] INFO:colcon.colcon_core.shell:Creating prefix script '/home/martin/ros2_workspaces/ros2_ws_dev/install/local_setup.sh'
[14.895s] INFO:colcon.colcon_core.shell:Creating prefix util module '/home/martin/ros2_workspaces/ros2_ws_dev/install/_local_setup_util_sh.py'
[14.911s] INFO:colcon.colcon_core.shell:Creating prefix chain script '/home/martin/ros2_workspaces/ros2_ws_dev/install/setup.sh'
[14.916s] INFO:colcon.colcon_core.shell:Creating prefix script '/home/martin/ros2_workspaces/ros2_ws_dev/install/local_setup.bash'
[14.921s] INFO:colcon.colcon_core.shell:Creating prefix chain script '/home/martin/ros2_workspaces/ros2_ws_dev/install/setup.bash'
[14.928s] INFO:colcon.colcon_core.shell:Creating prefix script '/home/martin/ros2_workspaces/ros2_ws_dev/install/local_setup.zsh'
[14.933s] INFO:colcon.colcon_core.shell:Creating prefix chain script '/home/martin/ros2_workspaces/ros2_ws_dev/install/setup.zsh'
