[0.058s] Invoking command in '/home/martin/ros2_workspaces/ros2_ws_dev/build/tutorial_interfaces': CMAKE_PREFIX_PATH=${CMAKE_PREFIX_PATH}:/home/martin/ros2_workspaces/ros2_ws_dev/install/py_srvcli:/home/martin/ros2_workspaces/ros2_ws_dev/install/py_pubsub:/home/martin/ros2_workspaces/ros2_ws_dev/install/python_parameters:/home/martin/ros2_workspaces/ros2_ws_dev/install/my_package:/opt/ros/humble /usr/bin/cmake --build /home/martin/ros2_workspaces/ros2_ws_dev/build/tutorial_interfaces -- -j2 -l2
[0.292s] [  2%] Built target tutorial_interfaces__cpp
[0.321s] [ 12%] Built target tutorial_interfaces__rosidl_generator_c
[0.443s] [ 12%] Built target ament_cmake_python_copy_tutorial_interfaces
[0.467s] [ 23%] Built target tutorial_interfaces__rosidl_typesupport_cpp
[0.573s] [ 34%] Built target tutorial_interfaces__rosidl_typesupport_fastrtps_c
[0.606s] [ 44%] Built target tutorial_interfaces__rosidl_typesupport_fastrtps_cpp
[0.694s] [ 55%] Built target tutorial_interfaces__rosidl_typesupport_introspection_c
[0.716s] [ 65%] Built target tutorial_interfaces__rosidl_typesupport_c
[0.901s] [ 76%] Built target tutorial_interfaces__rosidl_typesupport_introspection_cpp
[0.999s] [ 76%] Built target tutorial_interfaces
[1.118s] [ 78%] Built target tutorial_interfaces__py
[1.215s] [ 87%] Built target tutorial_interfaces__rosidl_generator_py
[1.414s] [ 91%] Built target tutorial_interfaces__rosidl_typesupport_fastrtps_c__pyext
[1.502s] running egg_info
[1.504s] writing tutorial_interfaces.egg-info/PKG-INFO
[1.506s] writing dependency_links to tutorial_interfaces.egg-info/dependency_links.txt
[1.508s] writing top-level names to tutorial_interfaces.egg-info/top_level.txt
[1.516s] reading manifest file 'tutorial_interfaces.egg-info/SOURCES.txt'
[1.522s] writing manifest file 'tutorial_interfaces.egg-info/SOURCES.txt'
[1.556s] [ 95%] Built target tutorial_interfaces__rosidl_typesupport_introspection_c__pyext
[1.587s] [ 95%] Built target ament_cmake_python_build_tutorial_interfaces_egg
[1.639s] [100%] Built target tutorial_interfaces__rosidl_typesupport_c__pyext
[1.663s] Invoked command in '/home/martin/ros2_workspaces/ros2_ws_dev/build/tutorial_interfaces' returned '0': CMAKE_PREFIX_PATH=${CMAKE_PREFIX_PATH}:/home/martin/ros2_workspaces/ros2_ws_dev/install/py_srvcli:/home/martin/ros2_workspaces/ros2_ws_dev/install/py_pubsub:/home/martin/ros2_workspaces/ros2_ws_dev/install/python_parameters:/home/martin/ros2_workspaces/ros2_ws_dev/install/my_package:/opt/ros/humble /usr/bin/cmake --build /home/martin/ros2_workspaces/ros2_ws_dev/build/tutorial_interfaces -- -j2 -l2
[2.138s] Invoking command in '/home/martin/ros2_workspaces/ros2_ws_dev/build/tutorial_interfaces': CMAKE_PREFIX_PATH=${CMAKE_PREFIX_PATH}:/home/martin/ros2_workspaces/ros2_ws_dev/install/py_srvcli:/home/martin/ros2_workspaces/ros2_ws_dev/install/py_pubsub:/home/martin/ros2_workspaces/ros2_ws_dev/install/python_parameters:/home/martin/ros2_workspaces/ros2_ws_dev/install/my_package:/opt/ros/humble /usr/bin/cmake --install /home/martin/ros2_workspaces/ros2_ws_dev/build/tutorial_interfaces
[2.170s] -- Install configuration: ""
[2.173s] -- Up-to-date: /home/martin/ros2_workspaces/ros2_ws_dev/install/tutorial_interfaces/share/ament_index/resource_index/rosidl_interfaces/tutorial_interfaces
[2.176s] -- Up-to-date: /home/martin/ros2_workspaces/ros2_ws_dev/install/tutorial_interfaces/include/tutorial_interfaces/tutorial_interfaces
[2.177s] -- Up-to-date: /home/martin/ros2_workspaces/ros2_ws_dev/install/tutorial_interfaces/include/tutorial_interfaces/tutorial_interfaces/srv
[2.179s] -- Up-to-date: /home/martin/ros2_workspaces/ros2_ws_dev/install/tutorial_interfaces/include/tutorial_interfaces/tutorial_interfaces/srv/detail
[2.180s] -- Up-to-date: /home/martin/ros2_workspaces/ros2_ws_dev/install/tutorial_interfaces/include/tutorial_interfaces/tutorial_interfaces/srv/detail/add_three_ints__functions.h
[2.180s] -- Up-to-date: /home/martin/ros2_workspaces/ros2_ws_dev/install/tutorial_interfaces/include/tutorial_interfaces/tutorial_interfaces/srv/detail/add_three_ints__functions.c
[2.181s] -- Up-to-date: /home/martin/ros2_workspaces/ros2_ws_dev/install/tutorial_interfaces/include/tutorial_interfaces/tutorial_interfaces/srv/detail/add_three_ints__struct.h
[2.181s] -- Up-to-date: /home/martin/ros2_workspaces/ros2_ws_dev/install/tutorial_interfaces/include/tutorial_interfaces/tutorial_interfaces/srv/detail/add_three_ints__type_support.h
[2.181s] -- Up-to-date: /home/martin/ros2_workspaces/ros2_ws_dev/install/tutorial_interfaces/include/tutorial_interfaces/tutorial_interfaces/srv/add_three_ints.h
[2.181s] -- Up-to-date: /home/martin/ros2_workspaces/ros2_ws_dev/install/tutorial_interfaces/include/tutorial_interfaces/tutorial_interfaces/msg
[2.183s] -- Up-to-date: /home/martin/ros2_workspaces/ros2_ws_dev/install/tutorial_interfaces/include/tutorial_interfaces/tutorial_interfaces/msg/num.h
[2.183s] -- Up-to-date: /home/martin/ros2_workspaces/ros2_ws_dev/install/tutorial_interfaces/include/tutorial_interfaces/tutorial_interfaces/msg/sphere.h
[2.184s] -- Up-to-date: /home/martin/ros2_workspaces/ros2_ws_dev/install/tutorial_interfaces/include/tutorial_interfaces/tutorial_interfaces/msg/rosidl_generator_c__visibility_control.h
[2.184s] -- Up-to-date: /home/martin/ros2_workspaces/ros2_ws_dev/install/tutorial_interfaces/include/tutorial_interfaces/tutorial_interfaces/msg/detail
[2.187s] -- Up-to-date: /home/martin/ros2_workspaces/ros2_ws_dev/install/tutorial_interfaces/include/tutorial_interfaces/tutorial_interfaces/msg/detail/sphere__type_support.h
[2.188s] -- Up-to-date: /home/martin/ros2_workspaces/ros2_ws_dev/install/tutorial_interfaces/include/tutorial_interfaces/tutorial_interfaces/msg/detail/num__struct.h
[2.188s] -- Up-to-date: /home/martin/ros2_workspaces/ros2_ws_dev/install/tutorial_interfaces/include/tutorial_interfaces/tutorial_interfaces/msg/detail/sphere__struct.h
[2.188s] -- Up-to-date: /home/martin/ros2_workspaces/ros2_ws_dev/install/tutorial_interfaces/include/tutorial_interfaces/tutorial_interfaces/msg/detail/sphere__functions.c
[2.188s] -- Up-to-date: /home/martin/ros2_workspaces/ros2_ws_dev/install/tutorial_interfaces/include/tutorial_interfaces/tutorial_interfaces/msg/detail/sphere__functions.h
[2.189s] -- Up-to-date: /home/martin/ros2_workspaces/ros2_ws_dev/install/tutorial_interfaces/include/tutorial_interfaces/tutorial_interfaces/msg/detail/num__functions.c
[2.189s] -- Up-to-date: /home/martin/ros2_workspaces/ros2_ws_dev/install/tutorial_interfaces/include/tutorial_interfaces/tutorial_interfaces/msg/detail/num__type_support.h
[2.189s] -- Up-to-date: /home/martin/ros2_workspaces/ros2_ws_dev/install/tutorial_interfaces/include/tutorial_interfaces/tutorial_interfaces/msg/detail/num__functions.h
[2.190s] -- Up-to-date: /home/martin/ros2_workspaces/ros2_ws_dev/install/tutorial_interfaces/share/tutorial_interfaces/environment/library_path.sh
[2.190s] -- Up-to-date: /home/martin/ros2_workspaces/ros2_ws_dev/install/tutorial_interfaces/share/tutorial_interfaces/environment/library_path.dsv
[2.194s] -- Up-to-date: /home/martin/ros2_workspaces/ros2_ws_dev/install/tutorial_interfaces/lib/libtutorial_interfaces__rosidl_generator_c.so
[2.194s] -- Up-to-date: /home/martin/ros2_workspaces/ros2_ws_dev/install/tutorial_interfaces/include/tutorial_interfaces/tutorial_interfaces
[2.195s] -- Up-to-date: /home/martin/ros2_workspaces/ros2_ws_dev/install/tutorial_interfaces/include/tutorial_interfaces/tutorial_interfaces/srv
[2.195s] -- Up-to-date: /home/martin/ros2_workspaces/ros2_ws_dev/install/tutorial_interfaces/include/tutorial_interfaces/tutorial_interfaces/srv/detail
[2.195s] -- Up-to-date: /home/martin/ros2_workspaces/ros2_ws_dev/install/tutorial_interfaces/include/tutorial_interfaces/tutorial_interfaces/srv/detail/add_three_ints__rosidl_typesupport_fastrtps_c.h
[2.196s] -- Up-to-date: /home/martin/ros2_workspaces/ros2_ws_dev/install/tutorial_interfaces/include/tutorial_interfaces/tutorial_interfaces/msg
[2.197s] -- Up-to-date: /home/martin/ros2_workspaces/ros2_ws_dev/install/tutorial_interfaces/include/tutorial_interfaces/tutorial_interfaces/msg/rosidl_typesupport_fastrtps_c__visibility_control.h
[2.197s] -- Up-to-date: /home/martin/ros2_workspaces/ros2_ws_dev/install/tutorial_interfaces/include/tutorial_interfaces/tutorial_interfaces/msg/detail
[2.197s] -- Up-to-date: /home/martin/ros2_workspaces/ros2_ws_dev/install/tutorial_interfaces/include/tutorial_interfaces/tutorial_interfaces/msg/detail/num__rosidl_typesupport_fastrtps_c.h
[2.197s] -- Up-to-date: /home/martin/ros2_workspaces/ros2_ws_dev/install/tutorial_interfaces/include/tutorial_interfaces/tutorial_interfaces/msg/detail/sphere__rosidl_typesupport_fastrtps_c.h
[2.201s] -- Up-to-date: /home/martin/ros2_workspaces/ros2_ws_dev/install/tutorial_interfaces/lib/libtutorial_interfaces__rosidl_typesupport_fastrtps_c.so
[2.202s] -- Up-to-date: /home/martin/ros2_workspaces/ros2_ws_dev/install/tutorial_interfaces/include/tutorial_interfaces/tutorial_interfaces
[2.202s] -- Up-to-date: /home/martin/ros2_workspaces/ros2_ws_dev/install/tutorial_interfaces/include/tutorial_interfaces/tutorial_interfaces/srv
[2.202s] -- Up-to-date: /home/martin/ros2_workspaces/ros2_ws_dev/install/tutorial_interfaces/include/tutorial_interfaces/tutorial_interfaces/srv/add_three_ints.hpp
[2.202s] -- Up-to-date: /home/martin/ros2_workspaces/ros2_ws_dev/install/tutorial_interfaces/include/tutorial_interfaces/tutorial_interfaces/srv/detail
[2.203s] -- Up-to-date: /home/martin/ros2_workspaces/ros2_ws_dev/install/tutorial_interfaces/include/tutorial_interfaces/tutorial_interfaces/srv/detail/add_three_ints__builder.hpp
[2.203s] -- Up-to-date: /home/martin/ros2_workspaces/ros2_ws_dev/install/tutorial_interfaces/include/tutorial_interfaces/tutorial_interfaces/srv/detail/add_three_ints__traits.hpp
[2.203s] -- Up-to-date: /home/martin/ros2_workspaces/ros2_ws_dev/install/tutorial_interfaces/include/tutorial_interfaces/tutorial_interfaces/srv/detail/add_three_ints__struct.hpp
[2.203s] -- Up-to-date: /home/martin/ros2_workspaces/ros2_ws_dev/install/tutorial_interfaces/include/tutorial_interfaces/tutorial_interfaces/msg
[2.204s] -- Up-to-date: /home/martin/ros2_workspaces/ros2_ws_dev/install/tutorial_interfaces/include/tutorial_interfaces/tutorial_interfaces/msg/num.hpp
[2.204s] -- Up-to-date: /home/martin/ros2_workspaces/ros2_ws_dev/install/tutorial_interfaces/include/tutorial_interfaces/tutorial_interfaces/msg/detail
[2.204s] -- Up-to-date: /home/martin/ros2_workspaces/ros2_ws_dev/install/tutorial_interfaces/include/tutorial_interfaces/tutorial_interfaces/msg/detail/num__struct.hpp
[2.204s] -- Up-to-date: /home/martin/ros2_workspaces/ros2_ws_dev/install/tutorial_interfaces/include/tutorial_interfaces/tutorial_interfaces/msg/detail/sphere__struct.hpp
[2.205s] -- Up-to-date: /home/martin/ros2_workspaces/ros2_ws_dev/install/tutorial_interfaces/include/tutorial_interfaces/tutorial_interfaces/msg/detail/num__builder.hpp
[2.205s] -- Up-to-date: /home/martin/ros2_workspaces/ros2_ws_dev/install/tutorial_interfaces/include/tutorial_interfaces/tutorial_interfaces/msg/detail/num__traits.hpp
[2.205s] -- Up-to-date: /home/martin/ros2_workspaces/ros2_ws_dev/install/tutorial_interfaces/include/tutorial_interfaces/tutorial_interfaces/msg/detail/sphere__builder.hpp
[2.205s] -- Up-to-date: /home/martin/ros2_workspaces/ros2_ws_dev/install/tutorial_interfaces/include/tutorial_interfaces/tutorial_interfaces/msg/detail/sphere__traits.hpp
[2.206s] -- Up-to-date: /home/martin/ros2_workspaces/ros2_ws_dev/install/tutorial_interfaces/include/tutorial_interfaces/tutorial_interfaces/msg/sphere.hpp
[2.206s] -- Up-to-date: /home/martin/ros2_workspaces/ros2_ws_dev/install/tutorial_interfaces/include/tutorial_interfaces/tutorial_interfaces
[2.206s] -- Up-to-date: /home/martin/ros2_workspaces/ros2_ws_dev/install/tutorial_interfaces/include/tutorial_interfaces/tutorial_interfaces/srv
[2.206s] -- Up-to-date: /home/martin/ros2_workspaces/ros2_ws_dev/install/tutorial_interfaces/include/tutorial_interfaces/tutorial_interfaces/srv/detail
[2.207s] -- Up-to-date: /home/martin/ros2_workspaces/ros2_ws_dev/install/tutorial_interfaces/include/tutorial_interfaces/tutorial_interfaces/srv/detail/dds_fastrtps
[2.207s] -- Up-to-date: /home/martin/ros2_workspaces/ros2_ws_dev/install/tutorial_interfaces/include/tutorial_interfaces/tutorial_interfaces/srv/detail/add_three_ints__rosidl_typesupport_fastrtps_cpp.hpp
[2.207s] -- Up-to-date: /home/martin/ros2_workspaces/ros2_ws_dev/install/tutorial_interfaces/include/tutorial_interfaces/tutorial_interfaces/msg
[2.208s] -- Up-to-date: /home/martin/ros2_workspaces/ros2_ws_dev/install/tutorial_interfaces/include/tutorial_interfaces/tutorial_interfaces/msg/detail
[2.208s] -- Up-to-date: /home/martin/ros2_workspaces/ros2_ws_dev/install/tutorial_interfaces/include/tutorial_interfaces/tutorial_interfaces/msg/detail/dds_fastrtps
[2.208s] -- Up-to-date: /home/martin/ros2_workspaces/ros2_ws_dev/install/tutorial_interfaces/include/tutorial_interfaces/tutorial_interfaces/msg/detail/sphere__rosidl_typesupport_fastrtps_cpp.hpp
[2.208s] -- Up-to-date: /home/martin/ros2_workspaces/ros2_ws_dev/install/tutorial_interfaces/include/tutorial_interfaces/tutorial_interfaces/msg/detail/num__rosidl_typesupport_fastrtps_cpp.hpp
[2.209s] -- Up-to-date: /home/martin/ros2_workspaces/ros2_ws_dev/install/tutorial_interfaces/include/tutorial_interfaces/tutorial_interfaces/msg/rosidl_typesupport_fastrtps_cpp__visibility_control.h
[2.212s] -- Up-to-date: /home/martin/ros2_workspaces/ros2_ws_dev/install/tutorial_interfaces/lib/libtutorial_interfaces__rosidl_typesupport_fastrtps_cpp.so
[2.212s] -- Up-to-date: /home/martin/ros2_workspaces/ros2_ws_dev/install/tutorial_interfaces/include/tutorial_interfaces/tutorial_interfaces
[2.213s] -- Up-to-date: /home/martin/ros2_workspaces/ros2_ws_dev/install/tutorial_interfaces/include/tutorial_interfaces/tutorial_interfaces/srv
[2.213s] -- Up-to-date: /home/martin/ros2_workspaces/ros2_ws_dev/install/tutorial_interfaces/include/tutorial_interfaces/tutorial_interfaces/srv/detail
[2.213s] -- Up-to-date: /home/martin/ros2_workspaces/ros2_ws_dev/install/tutorial_interfaces/include/tutorial_interfaces/tutorial_interfaces/srv/detail/add_three_ints__type_support.c
[2.213s] -- Up-to-date: /home/martin/ros2_workspaces/ros2_ws_dev/install/tutorial_interfaces/include/tutorial_interfaces/tutorial_interfaces/srv/detail/add_three_ints__rosidl_typesupport_introspection_c.h
[2.214s] -- Up-to-date: /home/martin/ros2_workspaces/ros2_ws_dev/install/tutorial_interfaces/include/tutorial_interfaces/tutorial_interfaces/msg
[2.214s] -- Up-to-date: /home/martin/ros2_workspaces/ros2_ws_dev/install/tutorial_interfaces/include/tutorial_interfaces/tutorial_interfaces/msg/rosidl_typesupport_introspection_c__visibility_control.h
[2.214s] -- Up-to-date: /home/martin/ros2_workspaces/ros2_ws_dev/install/tutorial_interfaces/include/tutorial_interfaces/tutorial_interfaces/msg/detail
[2.214s] -- Up-to-date: /home/martin/ros2_workspaces/ros2_ws_dev/install/tutorial_interfaces/include/tutorial_interfaces/tutorial_interfaces/msg/detail/sphere__type_support.c
[2.215s] -- Up-to-date: /home/martin/ros2_workspaces/ros2_ws_dev/install/tutorial_interfaces/include/tutorial_interfaces/tutorial_interfaces/msg/detail/num__rosidl_typesupport_introspection_c.h
[2.215s] -- Up-to-date: /home/martin/ros2_workspaces/ros2_ws_dev/install/tutorial_interfaces/include/tutorial_interfaces/tutorial_interfaces/msg/detail/num__type_support.c
[2.215s] -- Up-to-date: /home/martin/ros2_workspaces/ros2_ws_dev/install/tutorial_interfaces/include/tutorial_interfaces/tutorial_interfaces/msg/detail/sphere__rosidl_typesupport_introspection_c.h
[2.219s] -- Up-to-date: /home/martin/ros2_workspaces/ros2_ws_dev/install/tutorial_interfaces/lib/libtutorial_interfaces__rosidl_typesupport_introspection_c.so
[2.222s] -- Up-to-date: /home/martin/ros2_workspaces/ros2_ws_dev/install/tutorial_interfaces/lib/libtutorial_interfaces__rosidl_typesupport_c.so
[2.223s] -- Up-to-date: /home/martin/ros2_workspaces/ros2_ws_dev/install/tutorial_interfaces/include/tutorial_interfaces/tutorial_interfaces
[2.223s] -- Up-to-date: /home/martin/ros2_workspaces/ros2_ws_dev/install/tutorial_interfaces/include/tutorial_interfaces/tutorial_interfaces/srv
[2.223s] -- Up-to-date: /home/martin/ros2_workspaces/ros2_ws_dev/install/tutorial_interfaces/include/tutorial_interfaces/tutorial_interfaces/srv/detail
[2.224s] -- Up-to-date: /home/martin/ros2_workspaces/ros2_ws_dev/install/tutorial_interfaces/include/tutorial_interfaces/tutorial_interfaces/srv/detail/add_three_ints__type_support.cpp
[2.224s] -- Up-to-date: /home/martin/ros2_workspaces/ros2_ws_dev/install/tutorial_interfaces/include/tutorial_interfaces/tutorial_interfaces/srv/detail/add_three_ints__rosidl_typesupport_introspection_cpp.hpp
[2.224s] -- Up-to-date: /home/martin/ros2_workspaces/ros2_ws_dev/install/tutorial_interfaces/include/tutorial_interfaces/tutorial_interfaces/msg
[2.224s] -- Up-to-date: /home/martin/ros2_workspaces/ros2_ws_dev/install/tutorial_interfaces/include/tutorial_interfaces/tutorial_interfaces/msg/detail
[2.225s] -- Up-to-date: /home/martin/ros2_workspaces/ros2_ws_dev/install/tutorial_interfaces/include/tutorial_interfaces/tutorial_interfaces/msg/detail/sphere__rosidl_typesupport_introspection_cpp.hpp
[2.225s] -- Up-to-date: /home/martin/ros2_workspaces/ros2_ws_dev/install/tutorial_interfaces/include/tutorial_interfaces/tutorial_interfaces/msg/detail/sphere__type_support.cpp
[2.225s] -- Up-to-date: /home/martin/ros2_workspaces/ros2_ws_dev/install/tutorial_interfaces/include/tutorial_interfaces/tutorial_interfaces/msg/detail/num__rosidl_typesupport_introspection_cpp.hpp
[2.225s] -- Up-to-date: /home/martin/ros2_workspaces/ros2_ws_dev/install/tutorial_interfaces/include/tutorial_interfaces/tutorial_interfaces/msg/detail/num__type_support.cpp
[2.229s] -- Up-to-date: /home/martin/ros2_workspaces/ros2_ws_dev/install/tutorial_interfaces/lib/libtutorial_interfaces__rosidl_typesupport_introspection_cpp.so
[2.233s] -- Up-to-date: /home/martin/ros2_workspaces/ros2_ws_dev/install/tutorial_interfaces/lib/libtutorial_interfaces__rosidl_typesupport_cpp.so
[2.234s] -- Up-to-date: /home/martin/ros2_workspaces/ros2_ws_dev/install/tutorial_interfaces/share/tutorial_interfaces/environment/pythonpath.sh
[2.234s] -- Up-to-date: /home/martin/ros2_workspaces/ros2_ws_dev/install/tutorial_interfaces/share/tutorial_interfaces/environment/pythonpath.dsv
[2.234s] -- Up-to-date: /home/martin/ros2_workspaces/ros2_ws_dev/install/tutorial_interfaces/local/lib/python3.10/dist-packages/tutorial_interfaces-0.0.0-py3.10.egg-info
[2.235s] -- Installing: /home/martin/ros2_workspaces/ros2_ws_dev/install/tutorial_interfaces/local/lib/python3.10/dist-packages/tutorial_interfaces-0.0.0-py3.10.egg-info/dependency_links.txt
[2.236s] -- Installing: /home/martin/ros2_workspaces/ros2_ws_dev/install/tutorial_interfaces/local/lib/python3.10/dist-packages/tutorial_interfaces-0.0.0-py3.10.egg-info/SOURCES.txt
[2.236s] -- Installing: /home/martin/ros2_workspaces/ros2_ws_dev/install/tutorial_interfaces/local/lib/python3.10/dist-packages/tutorial_interfaces-0.0.0-py3.10.egg-info/PKG-INFO
[2.236s] -- Installing: /home/martin/ros2_workspaces/ros2_ws_dev/install/tutorial_interfaces/local/lib/python3.10/dist-packages/tutorial_interfaces-0.0.0-py3.10.egg-info/top_level.txt
[2.237s] -- Up-to-date: /home/martin/ros2_workspaces/ros2_ws_dev/install/tutorial_interfaces/local/lib/python3.10/dist-packages/tutorial_interfaces
[2.238s] -- Up-to-date: /home/martin/ros2_workspaces/ros2_ws_dev/install/tutorial_interfaces/local/lib/python3.10/dist-packages/tutorial_interfaces/srv
[2.240s] -- Up-to-date: /home/martin/ros2_workspaces/ros2_ws_dev/install/tutorial_interfaces/local/lib/python3.10/dist-packages/tutorial_interfaces/srv/_add_three_ints.py
[2.240s] -- Up-to-date: /home/martin/ros2_workspaces/ros2_ws_dev/install/tutorial_interfaces/local/lib/python3.10/dist-packages/tutorial_interfaces/srv/_add_three_ints_s.c
[2.241s] -- Up-to-date: /home/martin/ros2_workspaces/ros2_ws_dev/install/tutorial_interfaces/local/lib/python3.10/dist-packages/tutorial_interfaces/srv/__init__.py
[2.241s] -- Up-to-date: /home/martin/ros2_workspaces/ros2_ws_dev/install/tutorial_interfaces/local/lib/python3.10/dist-packages/tutorial_interfaces/_tutorial_interfaces_s.ep.rosidl_typesupport_c.c
[2.241s] -- Up-to-date: /home/martin/ros2_workspaces/ros2_ws_dev/install/tutorial_interfaces/local/lib/python3.10/dist-packages/tutorial_interfaces/libtutorial_interfaces__rosidl_generator_py.so
[2.241s] -- Up-to-date: /home/martin/ros2_workspaces/ros2_ws_dev/install/tutorial_interfaces/local/lib/python3.10/dist-packages/tutorial_interfaces/msg
[2.243s] -- Up-to-date: /home/martin/ros2_workspaces/ros2_ws_dev/install/tutorial_interfaces/local/lib/python3.10/dist-packages/tutorial_interfaces/msg/_num.py
[2.243s] -- Up-to-date: /home/martin/ros2_workspaces/ros2_ws_dev/install/tutorial_interfaces/local/lib/python3.10/dist-packages/tutorial_interfaces/msg/_num_s.c
[2.243s] -- Up-to-date: /home/martin/ros2_workspaces/ros2_ws_dev/install/tutorial_interfaces/local/lib/python3.10/dist-packages/tutorial_interfaces/msg/_sphere_s.c
[2.244s] -- Up-to-date: /home/martin/ros2_workspaces/ros2_ws_dev/install/tutorial_interfaces/local/lib/python3.10/dist-packages/tutorial_interfaces/msg/_sphere.py
[2.244s] -- Up-to-date: /home/martin/ros2_workspaces/ros2_ws_dev/install/tutorial_interfaces/local/lib/python3.10/dist-packages/tutorial_interfaces/msg/__init__.py
[2.244s] -- Up-to-date: /home/martin/ros2_workspaces/ros2_ws_dev/install/tutorial_interfaces/local/lib/python3.10/dist-packages/tutorial_interfaces/tutorial_interfaces_s__rosidl_typesupport_c.cpython-310-x86_64-linux-gnu.so
[2.244s] -- Up-to-date: /home/martin/ros2_workspaces/ros2_ws_dev/install/tutorial_interfaces/local/lib/python3.10/dist-packages/tutorial_interfaces/_tutorial_interfaces_s.ep.rosidl_typesupport_introspection_c.c
[2.245s] -- Up-to-date: /home/martin/ros2_workspaces/ros2_ws_dev/install/tutorial_interfaces/local/lib/python3.10/dist-packages/tutorial_interfaces/tutorial_interfaces_s__rosidl_typesupport_introspection_c.cpython-310-x86_64-linux-gnu.so
[2.245s] -- Up-to-date: /home/martin/ros2_workspaces/ros2_ws_dev/install/tutorial_interfaces/local/lib/python3.10/dist-packages/tutorial_interfaces/_tutorial_interfaces_s.ep.rosidl_typesupport_fastrtps_c.c
[2.246s] -- Up-to-date: /home/martin/ros2_workspaces/ros2_ws_dev/install/tutorial_interfaces/local/lib/python3.10/dist-packages/tutorial_interfaces/tutorial_interfaces_s__rosidl_typesupport_fastrtps_c.cpython-310-x86_64-linux-gnu.so
[2.246s] -- Up-to-date: /home/martin/ros2_workspaces/ros2_ws_dev/install/tutorial_interfaces/local/lib/python3.10/dist-packages/tutorial_interfaces/__init__.py
[2.391s] Listing '/home/martin/ros2_workspaces/ros2_ws_dev/install/tutorial_interfaces/local/lib/python3.10/dist-packages/tutorial_interfaces'...
[2.391s] Listing '/home/martin/ros2_workspaces/ros2_ws_dev/install/tutorial_interfaces/local/lib/python3.10/dist-packages/tutorial_interfaces/msg'...
[2.391s] Listing '/home/martin/ros2_workspaces/ros2_ws_dev/install/tutorial_interfaces/local/lib/python3.10/dist-packages/tutorial_interfaces/srv'...
[2.402s] -- Up-to-date: /home/martin/ros2_workspaces/ros2_ws_dev/install/tutorial_interfaces/local/lib/python3.10/dist-packages/tutorial_interfaces/tutorial_interfaces_s__rosidl_typesupport_fastrtps_c.cpython-310-x86_64-linux-gnu.so
[2.405s] -- Up-to-date: /home/martin/ros2_workspaces/ros2_ws_dev/install/tutorial_interfaces/local/lib/python3.10/dist-packages/tutorial_interfaces/tutorial_interfaces_s__rosidl_typesupport_introspection_c.cpython-310-x86_64-linux-gnu.so
[2.409s] -- Up-to-date: /home/martin/ros2_workspaces/ros2_ws_dev/install/tutorial_interfaces/local/lib/python3.10/dist-packages/tutorial_interfaces/tutorial_interfaces_s__rosidl_typesupport_c.cpython-310-x86_64-linux-gnu.so
[2.412s] -- Up-to-date: /home/martin/ros2_workspaces/ros2_ws_dev/install/tutorial_interfaces/lib/libtutorial_interfaces__rosidl_generator_py.so
[2.414s] -- Up-to-date: /home/martin/ros2_workspaces/ros2_ws_dev/install/tutorial_interfaces/share/tutorial_interfaces/msg/Num.idl
[2.414s] -- Up-to-date: /home/martin/ros2_workspaces/ros2_ws_dev/install/tutorial_interfaces/share/tutorial_interfaces/msg/Sphere.idl
[2.416s] -- Up-to-date: /home/martin/ros2_workspaces/ros2_ws_dev/install/tutorial_interfaces/share/tutorial_interfaces/srv/AddThreeInts.idl
[2.416s] -- Up-to-date: /home/martin/ros2_workspaces/ros2_ws_dev/install/tutorial_interfaces/share/tutorial_interfaces/msg/Num.msg
[2.417s] -- Up-to-date: /home/martin/ros2_workspaces/ros2_ws_dev/install/tutorial_interfaces/share/tutorial_interfaces/msg/Sphere.msg
[2.417s] -- Up-to-date: /home/martin/ros2_workspaces/ros2_ws_dev/install/tutorial_interfaces/share/tutorial_interfaces/srv/AddThreeInts.srv
[2.417s] -- Up-to-date: /home/martin/ros2_workspaces/ros2_ws_dev/install/tutorial_interfaces/share/tutorial_interfaces/srv/AddThreeInts_Request.msg
[2.418s] -- Up-to-date: /home/martin/ros2_workspaces/ros2_ws_dev/install/tutorial_interfaces/share/tutorial_interfaces/srv/AddThreeInts_Response.msg
[2.418s] -- Up-to-date: /home/martin/ros2_workspaces/ros2_ws_dev/install/tutorial_interfaces/share/ament_index/resource_index/package_run_dependencies/tutorial_interfaces
[2.420s] -- Up-to-date: /home/martin/ros2_workspaces/ros2_ws_dev/install/tutorial_interfaces/share/ament_index/resource_index/parent_prefix_path/tutorial_interfaces
[2.420s] -- Up-to-date: /home/martin/ros2_workspaces/ros2_ws_dev/install/tutorial_interfaces/share/tutorial_interfaces/environment/ament_prefix_path.sh
[2.421s] -- Up-to-date: /home/martin/ros2_workspaces/ros2_ws_dev/install/tutorial_interfaces/share/tutorial_interfaces/environment/ament_prefix_path.dsv
[2.421s] -- Up-to-date: /home/martin/ros2_workspaces/ros2_ws_dev/install/tutorial_interfaces/share/tutorial_interfaces/environment/path.sh
[2.421s] -- Up-to-date: /home/martin/ros2_workspaces/ros2_ws_dev/install/tutorial_interfaces/share/tutorial_interfaces/environment/path.dsv
[2.422s] -- Up-to-date: /home/martin/ros2_workspaces/ros2_ws_dev/install/tutorial_interfaces/share/tutorial_interfaces/local_setup.bash
[2.422s] -- Up-to-date: /home/martin/ros2_workspaces/ros2_ws_dev/install/tutorial_interfaces/share/tutorial_interfaces/local_setup.sh
[2.422s] -- Up-to-date: /home/martin/ros2_workspaces/ros2_ws_dev/install/tutorial_interfaces/share/tutorial_interfaces/local_setup.zsh
[2.423s] -- Up-to-date: /home/martin/ros2_workspaces/ros2_ws_dev/install/tutorial_interfaces/share/tutorial_interfaces/local_setup.dsv
[2.423s] -- Installing: /home/martin/ros2_workspaces/ros2_ws_dev/install/tutorial_interfaces/share/tutorial_interfaces/package.dsv
[2.425s] -- Up-to-date: /home/martin/ros2_workspaces/ros2_ws_dev/install/tutorial_interfaces/share/ament_index/resource_index/packages/tutorial_interfaces
[2.435s] -- Up-to-date: /home/martin/ros2_workspaces/ros2_ws_dev/install/tutorial_interfaces/share/tutorial_interfaces/cmake/export_tutorial_interfaces__rosidl_generator_cExport.cmake
[2.435s] -- Up-to-date: /home/martin/ros2_workspaces/ros2_ws_dev/install/tutorial_interfaces/share/tutorial_interfaces/cmake/export_tutorial_interfaces__rosidl_generator_cExport-noconfig.cmake
[2.438s] -- Up-to-date: /home/martin/ros2_workspaces/ros2_ws_dev/install/tutorial_interfaces/share/tutorial_interfaces/cmake/export_tutorial_interfaces__rosidl_typesupport_fastrtps_cExport.cmake
[2.439s] -- Up-to-date: /home/martin/ros2_workspaces/ros2_ws_dev/install/tutorial_interfaces/share/tutorial_interfaces/cmake/export_tutorial_interfaces__rosidl_typesupport_fastrtps_cExport-noconfig.cmake
[2.442s] -- Up-to-date: /home/martin/ros2_workspaces/ros2_ws_dev/install/tutorial_interfaces/share/tutorial_interfaces/cmake/export_tutorial_interfaces__rosidl_generator_cppExport.cmake
[2.445s] -- Up-to-date: /home/martin/ros2_workspaces/ros2_ws_dev/install/tutorial_interfaces/share/tutorial_interfaces/cmake/export_tutorial_interfaces__rosidl_typesupport_fastrtps_cppExport.cmake
[2.446s] -- Up-to-date: /home/martin/ros2_workspaces/ros2_ws_dev/install/tutorial_interfaces/share/tutorial_interfaces/cmake/export_tutorial_interfaces__rosidl_typesupport_fastrtps_cppExport-noconfig.cmake
[2.449s] -- Up-to-date: /home/martin/ros2_workspaces/ros2_ws_dev/install/tutorial_interfaces/share/tutorial_interfaces/cmake/tutorial_interfaces__rosidl_typesupport_introspection_cExport.cmake
[2.449s] -- Up-to-date: /home/martin/ros2_workspaces/ros2_ws_dev/install/tutorial_interfaces/share/tutorial_interfaces/cmake/tutorial_interfaces__rosidl_typesupport_introspection_cExport-noconfig.cmake
[2.452s] -- Up-to-date: /home/martin/ros2_workspaces/ros2_ws_dev/install/tutorial_interfaces/share/tutorial_interfaces/cmake/tutorial_interfaces__rosidl_typesupport_cExport.cmake
[2.453s] -- Up-to-date: /home/martin/ros2_workspaces/ros2_ws_dev/install/tutorial_interfaces/share/tutorial_interfaces/cmake/tutorial_interfaces__rosidl_typesupport_cExport-noconfig.cmake
[2.455s] -- Up-to-date: /home/martin/ros2_workspaces/ros2_ws_dev/install/tutorial_interfaces/share/tutorial_interfaces/cmake/tutorial_interfaces__rosidl_typesupport_introspection_cppExport.cmake
[2.457s] -- Up-to-date: /home/martin/ros2_workspaces/ros2_ws_dev/install/tutorial_interfaces/share/tutorial_interfaces/cmake/tutorial_interfaces__rosidl_typesupport_introspection_cppExport-noconfig.cmake
[2.464s] -- Up-to-date: /home/martin/ros2_workspaces/ros2_ws_dev/install/tutorial_interfaces/share/tutorial_interfaces/cmake/tutorial_interfaces__rosidl_typesupport_cppExport.cmake
[2.464s] -- Up-to-date: /home/martin/ros2_workspaces/ros2_ws_dev/install/tutorial_interfaces/share/tutorial_interfaces/cmake/tutorial_interfaces__rosidl_typesupport_cppExport-noconfig.cmake
[2.468s] -- Up-to-date: /home/martin/ros2_workspaces/ros2_ws_dev/install/tutorial_interfaces/share/tutorial_interfaces/cmake/export_tutorial_interfaces__rosidl_generator_pyExport.cmake
[2.468s] -- Up-to-date: /home/martin/ros2_workspaces/ros2_ws_dev/install/tutorial_interfaces/share/tutorial_interfaces/cmake/export_tutorial_interfaces__rosidl_generator_pyExport-noconfig.cmake
[2.469s] -- Up-to-date: /home/martin/ros2_workspaces/ros2_ws_dev/install/tutorial_interfaces/share/tutorial_interfaces/cmake/rosidl_cmake-extras.cmake
[2.469s] -- Up-to-date: /home/martin/ros2_workspaces/ros2_ws_dev/install/tutorial_interfaces/share/tutorial_interfaces/cmake/ament_cmake_export_dependencies-extras.cmake
[2.469s] -- Up-to-date: /home/martin/ros2_workspaces/ros2_ws_dev/install/tutorial_interfaces/share/tutorial_interfaces/cmake/ament_cmake_export_include_directories-extras.cmake
[2.470s] -- Up-to-date: /home/martin/ros2_workspaces/ros2_ws_dev/install/tutorial_interfaces/share/tutorial_interfaces/cmake/ament_cmake_export_libraries-extras.cmake
[2.470s] -- Up-to-date: /home/martin/ros2_workspaces/ros2_ws_dev/install/tutorial_interfaces/share/tutorial_interfaces/cmake/ament_cmake_export_targets-extras.cmake
[2.470s] -- Up-to-date: /home/martin/ros2_workspaces/ros2_ws_dev/install/tutorial_interfaces/share/tutorial_interfaces/cmake/rosidl_cmake_export_typesupport_targets-extras.cmake
[2.471s] -- Up-to-date: /home/martin/ros2_workspaces/ros2_ws_dev/install/tutorial_interfaces/share/tutorial_interfaces/cmake/rosidl_cmake_export_typesupport_libraries-extras.cmake
[2.471s] -- Up-to-date: /home/martin/ros2_workspaces/ros2_ws_dev/install/tutorial_interfaces/share/tutorial_interfaces/cmake/tutorial_interfacesConfig.cmake
[2.471s] -- Up-to-date: /home/martin/ros2_workspaces/ros2_ws_dev/install/tutorial_interfaces/share/tutorial_interfaces/cmake/tutorial_interfacesConfig-version.cmake
[2.471s] -- Up-to-date: /home/martin/ros2_workspaces/ros2_ws_dev/install/tutorial_interfaces/share/tutorial_interfaces/package.xml
[2.485s] Invoked command in '/home/martin/ros2_workspaces/ros2_ws_dev/build/tutorial_interfaces' returned '0': CMAKE_PREFIX_PATH=${CMAKE_PREFIX_PATH}:/home/martin/ros2_workspaces/ros2_ws_dev/install/py_srvcli:/home/martin/ros2_workspaces/ros2_ws_dev/install/py_pubsub:/home/martin/ros2_workspaces/ros2_ws_dev/install/python_parameters:/home/martin/ros2_workspaces/ros2_ws_dev/install/my_package:/opt/ros/humble /usr/bin/cmake --install /home/martin/ros2_workspaces/ros2_ws_dev/build/tutorial_interfaces
