[0.022s] Invoking command in '/home/martin/ros2_workspaces/ros2_ws_dev/build/more_interfaces': CMAKE_PREFIX_PATH=/opt/ros/humble PS1=(venv) \[\e]0;\u@\h: \w\a\]${debian_chroot:+($debian_chroot)}\[\033[01;32m\]\u@\h\[\033[00m\]:\[\033[01;34m\]\w\[\033[00m\]\$ VIRTUAL_ENV_PROMPT=(venv) /usr/bin/cmake --build /home/martin/ros2_workspaces/ros2_ws_dev/build/more_interfaces -- -j2 -l2
[0.220s] [  8%] Built target more_interfaces__rosidl_generator_c
[0.223s] [ 11%] Built target more_interfaces__cpp
[0.301s] [ 20%] Built target more_interfaces__rosidl_typesupport_cpp
[0.320s] [ 20%] Built target ament_cmake_python_copy_more_interfaces
[0.419s] [ 28%] Built target more_interfaces__rosidl_typesupport_fastrtps_cpp
[0.420s] [ 37%] Built target more_interfaces__rosidl_typesupport_fastrtps_c
[0.483s] [ 45%] Built target more_interfaces__rosidl_typesupport_c
[0.489s] [ 54%] Built target more_interfaces__rosidl_typesupport_introspection_c
[0.578s] [ 62%] Built target more_interfaces__rosidl_typesupport_introspection_cpp
[0.857s] running egg_info
[0.859s] writing more_interfaces.egg-info/PKG-INFO
[0.860s] writing dependency_links to more_interfaces.egg-info/dependency_links.txt
[0.861s] writing top-level names to more_interfaces.egg-info/top_level.txt
[0.865s] reading manifest file 'more_interfaces.egg-info/SOURCES.txt'
[0.867s] writing manifest file 'more_interfaces.egg-info/SOURCES.txt'
[0.894s] [ 68%] Built target publish_address_book
[0.909s] [ 68%] Built target ament_cmake_python_build_more_interfaces_egg
[0.968s] [ 74%] Built target subscribe_address_book
[0.979s] [ 74%] Built target more_interfaces
[1.014s] [ 77%] Built target more_interfaces__py
[1.056s] [ 82%] Built target more_interfaces__rosidl_generator_py
[1.114s] [ 88%] Built target more_interfaces__rosidl_typesupport_fastrtps_c__pyext
[1.177s] [ 94%] Built target more_interfaces__rosidl_typesupport_introspection_c__pyext
[1.189s] [100%] Built target more_interfaces__rosidl_typesupport_c__pyext
[1.210s] Invoked command in '/home/martin/ros2_workspaces/ros2_ws_dev/build/more_interfaces' returned '0': CMAKE_PREFIX_PATH=/opt/ros/humble PS1=(venv) \[\e]0;\u@\h: \w\a\]${debian_chroot:+($debian_chroot)}\[\033[01;32m\]\u@\h\[\033[00m\]:\[\033[01;34m\]\w\[\033[00m\]\$ VIRTUAL_ENV_PROMPT=(venv) /usr/bin/cmake --build /home/martin/ros2_workspaces/ros2_ws_dev/build/more_interfaces -- -j2 -l2
[1.474s] Invoking command in '/home/martin/ros2_workspaces/ros2_ws_dev/build/more_interfaces': CMAKE_PREFIX_PATH=/opt/ros/humble PS1=(venv) \[\e]0;\u@\h: \w\a\]${debian_chroot:+($debian_chroot)}\[\033[01;32m\]\u@\h\[\033[00m\]:\[\033[01;34m\]\w\[\033[00m\]\$ VIRTUAL_ENV_PROMPT=(venv) /usr/bin/cmake --install /home/martin/ros2_workspaces/ros2_ws_dev/build/more_interfaces
[1.487s] -- Install configuration: ""
[1.494s] -- Up-to-date: /home/martin/ros2_workspaces/ros2_ws_dev/install/more_interfaces/share/ament_index/resource_index/rosidl_interfaces/more_interfaces
[1.496s] -- Up-to-date: /home/martin/ros2_workspaces/ros2_ws_dev/install/more_interfaces/include/more_interfaces/more_interfaces
[1.497s] -- Up-to-date: /home/martin/ros2_workspaces/ros2_ws_dev/install/more_interfaces/include/more_interfaces/more_interfaces/msg
[1.499s] -- Up-to-date: /home/martin/ros2_workspaces/ros2_ws_dev/install/more_interfaces/include/more_interfaces/more_interfaces/msg/rosidl_generator_c__visibility_control.h
[1.499s] -- Up-to-date: /home/martin/ros2_workspaces/ros2_ws_dev/install/more_interfaces/include/more_interfaces/more_interfaces/msg/address_book.h
[1.499s] -- Up-to-date: /home/martin/ros2_workspaces/ros2_ws_dev/install/more_interfaces/include/more_interfaces/more_interfaces/msg/detail
[1.501s] -- Up-to-date: /home/martin/ros2_workspaces/ros2_ws_dev/install/more_interfaces/include/more_interfaces/more_interfaces/msg/detail/address_book__functions.h
[1.501s] -- Up-to-date: /home/martin/ros2_workspaces/ros2_ws_dev/install/more_interfaces/include/more_interfaces/more_interfaces/msg/detail/address_book__type_support.h
[1.502s] -- Up-to-date: /home/martin/ros2_workspaces/ros2_ws_dev/install/more_interfaces/include/more_interfaces/more_interfaces/msg/detail/address_book__struct.h
[1.502s] -- Up-to-date: /home/martin/ros2_workspaces/ros2_ws_dev/install/more_interfaces/include/more_interfaces/more_interfaces/msg/detail/address_book__functions.c
[1.504s] -- Up-to-date: /home/martin/ros2_workspaces/ros2_ws_dev/install/more_interfaces/share/more_interfaces/environment/library_path.sh
[1.504s] -- Up-to-date: /home/martin/ros2_workspaces/ros2_ws_dev/install/more_interfaces/share/more_interfaces/environment/library_path.dsv
[1.507s] -- Up-to-date: /home/martin/ros2_workspaces/ros2_ws_dev/install/more_interfaces/lib/libmore_interfaces__rosidl_generator_c.so
[1.508s] -- Up-to-date: /home/martin/ros2_workspaces/ros2_ws_dev/install/more_interfaces/include/more_interfaces/more_interfaces
[1.508s] -- Up-to-date: /home/martin/ros2_workspaces/ros2_ws_dev/install/more_interfaces/include/more_interfaces/more_interfaces/msg
[1.509s] -- Up-to-date: /home/martin/ros2_workspaces/ros2_ws_dev/install/more_interfaces/include/more_interfaces/more_interfaces/msg/rosidl_typesupport_fastrtps_c__visibility_control.h
[1.509s] -- Up-to-date: /home/martin/ros2_workspaces/ros2_ws_dev/install/more_interfaces/include/more_interfaces/more_interfaces/msg/detail
[1.509s] -- Up-to-date: /home/martin/ros2_workspaces/ros2_ws_dev/install/more_interfaces/include/more_interfaces/more_interfaces/msg/detail/address_book__rosidl_typesupport_fastrtps_c.h
[1.512s] -- Up-to-date: /home/martin/ros2_workspaces/ros2_ws_dev/install/more_interfaces/lib/libmore_interfaces__rosidl_typesupport_fastrtps_c.so
[1.512s] -- Up-to-date: /home/martin/ros2_workspaces/ros2_ws_dev/install/more_interfaces/include/more_interfaces/more_interfaces
[1.512s] -- Up-to-date: /home/martin/ros2_workspaces/ros2_ws_dev/install/more_interfaces/include/more_interfaces/more_interfaces/msg
[1.513s] -- Up-to-date: /home/martin/ros2_workspaces/ros2_ws_dev/install/more_interfaces/include/more_interfaces/more_interfaces/msg/detail
[1.513s] -- Up-to-date: /home/martin/ros2_workspaces/ros2_ws_dev/install/more_interfaces/include/more_interfaces/more_interfaces/msg/detail/address_book__builder.hpp
[1.513s] -- Up-to-date: /home/martin/ros2_workspaces/ros2_ws_dev/install/more_interfaces/include/more_interfaces/more_interfaces/msg/detail/address_book__traits.hpp
[1.513s] -- Up-to-date: /home/martin/ros2_workspaces/ros2_ws_dev/install/more_interfaces/include/more_interfaces/more_interfaces/msg/detail/address_book__struct.hpp
[1.513s] -- Up-to-date: /home/martin/ros2_workspaces/ros2_ws_dev/install/more_interfaces/include/more_interfaces/more_interfaces/msg/address_book.hpp
[1.514s] -- Up-to-date: /home/martin/ros2_workspaces/ros2_ws_dev/install/more_interfaces/include/more_interfaces/more_interfaces
[1.514s] -- Up-to-date: /home/martin/ros2_workspaces/ros2_ws_dev/install/more_interfaces/include/more_interfaces/more_interfaces/msg
[1.514s] -- Up-to-date: /home/martin/ros2_workspaces/ros2_ws_dev/install/more_interfaces/include/more_interfaces/more_interfaces/msg/detail
[1.514s] -- Up-to-date: /home/martin/ros2_workspaces/ros2_ws_dev/install/more_interfaces/include/more_interfaces/more_interfaces/msg/detail/dds_fastrtps
[1.514s] -- Up-to-date: /home/martin/ros2_workspaces/ros2_ws_dev/install/more_interfaces/include/more_interfaces/more_interfaces/msg/detail/address_book__rosidl_typesupport_fastrtps_cpp.hpp
[1.514s] -- Up-to-date: /home/martin/ros2_workspaces/ros2_ws_dev/install/more_interfaces/include/more_interfaces/more_interfaces/msg/rosidl_typesupport_fastrtps_cpp__visibility_control.h
[1.517s] -- Up-to-date: /home/martin/ros2_workspaces/ros2_ws_dev/install/more_interfaces/lib/libmore_interfaces__rosidl_typesupport_fastrtps_cpp.so
[1.517s] -- Up-to-date: /home/martin/ros2_workspaces/ros2_ws_dev/install/more_interfaces/include/more_interfaces/more_interfaces
[1.517s] -- Up-to-date: /home/martin/ros2_workspaces/ros2_ws_dev/install/more_interfaces/include/more_interfaces/more_interfaces/msg
[1.518s] -- Up-to-date: /home/martin/ros2_workspaces/ros2_ws_dev/install/more_interfaces/include/more_interfaces/more_interfaces/msg/rosidl_typesupport_introspection_c__visibility_control.h
[1.518s] -- Up-to-date: /home/martin/ros2_workspaces/ros2_ws_dev/install/more_interfaces/include/more_interfaces/more_interfaces/msg/detail
[1.518s] -- Up-to-date: /home/martin/ros2_workspaces/ros2_ws_dev/install/more_interfaces/include/more_interfaces/more_interfaces/msg/detail/address_book__rosidl_typesupport_introspection_c.h
[1.518s] -- Up-to-date: /home/martin/ros2_workspaces/ros2_ws_dev/install/more_interfaces/include/more_interfaces/more_interfaces/msg/detail/address_book__type_support.c
[1.520s] -- Up-to-date: /home/martin/ros2_workspaces/ros2_ws_dev/install/more_interfaces/lib/libmore_interfaces__rosidl_typesupport_introspection_c.so
[1.523s] -- Up-to-date: /home/martin/ros2_workspaces/ros2_ws_dev/install/more_interfaces/lib/libmore_interfaces__rosidl_typesupport_c.so
[1.523s] -- Up-to-date: /home/martin/ros2_workspaces/ros2_ws_dev/install/more_interfaces/include/more_interfaces/more_interfaces
[1.523s] -- Up-to-date: /home/martin/ros2_workspaces/ros2_ws_dev/install/more_interfaces/include/more_interfaces/more_interfaces/msg
[1.524s] -- Up-to-date: /home/martin/ros2_workspaces/ros2_ws_dev/install/more_interfaces/include/more_interfaces/more_interfaces/msg/detail
[1.524s] -- Up-to-date: /home/martin/ros2_workspaces/ros2_ws_dev/install/more_interfaces/include/more_interfaces/more_interfaces/msg/detail/address_book__type_support.cpp
[1.524s] -- Up-to-date: /home/martin/ros2_workspaces/ros2_ws_dev/install/more_interfaces/include/more_interfaces/more_interfaces/msg/detail/address_book__rosidl_typesupport_introspection_cpp.hpp
[1.527s] -- Up-to-date: /home/martin/ros2_workspaces/ros2_ws_dev/install/more_interfaces/lib/libmore_interfaces__rosidl_typesupport_introspection_cpp.so
[1.529s] -- Up-to-date: /home/martin/ros2_workspaces/ros2_ws_dev/install/more_interfaces/lib/libmore_interfaces__rosidl_typesupport_cpp.so
[1.530s] -- Up-to-date: /home/martin/ros2_workspaces/ros2_ws_dev/install/more_interfaces/share/more_interfaces/environment/pythonpath.sh
[1.530s] -- Up-to-date: /home/martin/ros2_workspaces/ros2_ws_dev/install/more_interfaces/share/more_interfaces/environment/pythonpath.dsv
[1.534s] -- Up-to-date: /home/martin/ros2_workspaces/ros2_ws_dev/install/more_interfaces/local/lib/python3.10/dist-packages/more_interfaces-0.0.0-py3.10.egg-info
[1.536s] -- Installing: /home/martin/ros2_workspaces/ros2_ws_dev/install/more_interfaces/local/lib/python3.10/dist-packages/more_interfaces-0.0.0-py3.10.egg-info/dependency_links.txt
[1.536s] -- Installing: /home/martin/ros2_workspaces/ros2_ws_dev/install/more_interfaces/local/lib/python3.10/dist-packages/more_interfaces-0.0.0-py3.10.egg-info/SOURCES.txt
[1.536s] -- Installing: /home/martin/ros2_workspaces/ros2_ws_dev/install/more_interfaces/local/lib/python3.10/dist-packages/more_interfaces-0.0.0-py3.10.egg-info/PKG-INFO
[1.536s] -- Installing: /home/martin/ros2_workspaces/ros2_ws_dev/install/more_interfaces/local/lib/python3.10/dist-packages/more_interfaces-0.0.0-py3.10.egg-info/top_level.txt
[1.537s] -- Up-to-date: /home/martin/ros2_workspaces/ros2_ws_dev/install/more_interfaces/local/lib/python3.10/dist-packages/more_interfaces
[1.538s] -- Up-to-date: /home/martin/ros2_workspaces/ros2_ws_dev/install/more_interfaces/local/lib/python3.10/dist-packages/more_interfaces/msg
[1.539s] -- Up-to-date: /home/martin/ros2_workspaces/ros2_ws_dev/install/more_interfaces/local/lib/python3.10/dist-packages/more_interfaces/msg/_address_book.py
[1.539s] -- Up-to-date: /home/martin/ros2_workspaces/ros2_ws_dev/install/more_interfaces/local/lib/python3.10/dist-packages/more_interfaces/msg/_address_book_s.c
[1.539s] -- Up-to-date: /home/martin/ros2_workspaces/ros2_ws_dev/install/more_interfaces/local/lib/python3.10/dist-packages/more_interfaces/msg/__init__.py
[1.539s] -- Up-to-date: /home/martin/ros2_workspaces/ros2_ws_dev/install/more_interfaces/local/lib/python3.10/dist-packages/more_interfaces/more_interfaces_s__rosidl_typesupport_c.cpython-310-x86_64-linux-gnu.so
[1.540s] -- Up-to-date: /home/martin/ros2_workspaces/ros2_ws_dev/install/more_interfaces/local/lib/python3.10/dist-packages/more_interfaces/more_interfaces_s__rosidl_typesupport_introspection_c.cpython-310-x86_64-linux-gnu.so
[1.540s] -- Up-to-date: /home/martin/ros2_workspaces/ros2_ws_dev/install/more_interfaces/local/lib/python3.10/dist-packages/more_interfaces/libmore_interfaces__rosidl_generator_py.so
[1.540s] -- Up-to-date: /home/martin/ros2_workspaces/ros2_ws_dev/install/more_interfaces/local/lib/python3.10/dist-packages/more_interfaces/more_interfaces_s__rosidl_typesupport_fastrtps_c.cpython-310-x86_64-linux-gnu.so
[1.540s] -- Up-to-date: /home/martin/ros2_workspaces/ros2_ws_dev/install/more_interfaces/local/lib/python3.10/dist-packages/more_interfaces/_more_interfaces_s.ep.rosidl_typesupport_fastrtps_c.c
[1.540s] -- Up-to-date: /home/martin/ros2_workspaces/ros2_ws_dev/install/more_interfaces/local/lib/python3.10/dist-packages/more_interfaces/_more_interfaces_s.ep.rosidl_typesupport_introspection_c.c
[1.540s] -- Up-to-date: /home/martin/ros2_workspaces/ros2_ws_dev/install/more_interfaces/local/lib/python3.10/dist-packages/more_interfaces/_more_interfaces_s.ep.rosidl_typesupport_c.c
[1.541s] -- Up-to-date: /home/martin/ros2_workspaces/ros2_ws_dev/install/more_interfaces/local/lib/python3.10/dist-packages/more_interfaces/__init__.py
[1.580s] Listing '/home/martin/ros2_workspaces/ros2_ws_dev/install/more_interfaces/local/lib/python3.10/dist-packages/more_interfaces'...
[1.581s] Listing '/home/martin/ros2_workspaces/ros2_ws_dev/install/more_interfaces/local/lib/python3.10/dist-packages/more_interfaces/msg'...
[1.587s] -- Up-to-date: /home/martin/ros2_workspaces/ros2_ws_dev/install/more_interfaces/local/lib/python3.10/dist-packages/more_interfaces/more_interfaces_s__rosidl_typesupport_fastrtps_c.cpython-310-x86_64-linux-gnu.so
[1.590s] -- Up-to-date: /home/martin/ros2_workspaces/ros2_ws_dev/install/more_interfaces/local/lib/python3.10/dist-packages/more_interfaces/more_interfaces_s__rosidl_typesupport_introspection_c.cpython-310-x86_64-linux-gnu.so
[1.594s] -- Up-to-date: /home/martin/ros2_workspaces/ros2_ws_dev/install/more_interfaces/local/lib/python3.10/dist-packages/more_interfaces/more_interfaces_s__rosidl_typesupport_c.cpython-310-x86_64-linux-gnu.so
[1.596s] -- Up-to-date: /home/martin/ros2_workspaces/ros2_ws_dev/install/more_interfaces/lib/libmore_interfaces__rosidl_generator_py.so
[1.598s] -- Up-to-date: /home/martin/ros2_workspaces/ros2_ws_dev/install/more_interfaces/share/more_interfaces/msg/AddressBook.idl
[1.598s] -- Up-to-date: /home/martin/ros2_workspaces/ros2_ws_dev/install/more_interfaces/share/more_interfaces/msg/AddressBook.msg
[1.603s] -- Up-to-date: /home/martin/ros2_workspaces/ros2_ws_dev/install/more_interfaces/lib/more_interfaces/publish_address_book
[1.607s] -- Up-to-date: /home/martin/ros2_workspaces/ros2_ws_dev/install/more_interfaces/lib/more_interfaces/subscribe_address_book
[1.609s] -- Up-to-date: /home/martin/ros2_workspaces/ros2_ws_dev/install/more_interfaces/share/ament_index/resource_index/package_run_dependencies/more_interfaces
[1.611s] -- Up-to-date: /home/martin/ros2_workspaces/ros2_ws_dev/install/more_interfaces/share/ament_index/resource_index/parent_prefix_path/more_interfaces
[1.611s] -- Up-to-date: /home/martin/ros2_workspaces/ros2_ws_dev/install/more_interfaces/share/more_interfaces/environment/ament_prefix_path.sh
[1.612s] -- Up-to-date: /home/martin/ros2_workspaces/ros2_ws_dev/install/more_interfaces/share/more_interfaces/environment/ament_prefix_path.dsv
[1.612s] -- Up-to-date: /home/martin/ros2_workspaces/ros2_ws_dev/install/more_interfaces/share/more_interfaces/environment/path.sh
[1.612s] -- Up-to-date: /home/martin/ros2_workspaces/ros2_ws_dev/install/more_interfaces/share/more_interfaces/environment/path.dsv
[1.612s] -- Up-to-date: /home/martin/ros2_workspaces/ros2_ws_dev/install/more_interfaces/share/more_interfaces/local_setup.bash
[1.613s] -- Up-to-date: /home/martin/ros2_workspaces/ros2_ws_dev/install/more_interfaces/share/more_interfaces/local_setup.sh
[1.613s] -- Up-to-date: /home/martin/ros2_workspaces/ros2_ws_dev/install/more_interfaces/share/more_interfaces/local_setup.zsh
[1.613s] -- Up-to-date: /home/martin/ros2_workspaces/ros2_ws_dev/install/more_interfaces/share/more_interfaces/local_setup.dsv
[1.613s] -- Installing: /home/martin/ros2_workspaces/ros2_ws_dev/install/more_interfaces/share/more_interfaces/package.dsv
[1.615s] -- Up-to-date: /home/martin/ros2_workspaces/ros2_ws_dev/install/more_interfaces/share/ament_index/resource_index/packages/more_interfaces
[1.622s] -- Up-to-date: /home/martin/ros2_workspaces/ros2_ws_dev/install/more_interfaces/share/more_interfaces/cmake/export_more_interfaces__rosidl_generator_cExport.cmake
[1.622s] -- Up-to-date: /home/martin/ros2_workspaces/ros2_ws_dev/install/more_interfaces/share/more_interfaces/cmake/export_more_interfaces__rosidl_generator_cExport-noconfig.cmake
[1.625s] -- Up-to-date: /home/martin/ros2_workspaces/ros2_ws_dev/install/more_interfaces/share/more_interfaces/cmake/export_more_interfaces__rosidl_typesupport_fastrtps_cExport.cmake
[1.625s] -- Up-to-date: /home/martin/ros2_workspaces/ros2_ws_dev/install/more_interfaces/share/more_interfaces/cmake/export_more_interfaces__rosidl_typesupport_fastrtps_cExport-noconfig.cmake
[1.627s] -- Up-to-date: /home/martin/ros2_workspaces/ros2_ws_dev/install/more_interfaces/share/more_interfaces/cmake/export_more_interfaces__rosidl_generator_cppExport.cmake
[1.630s] -- Up-to-date: /home/martin/ros2_workspaces/ros2_ws_dev/install/more_interfaces/share/more_interfaces/cmake/export_more_interfaces__rosidl_typesupport_fastrtps_cppExport.cmake
[1.630s] -- Up-to-date: /home/martin/ros2_workspaces/ros2_ws_dev/install/more_interfaces/share/more_interfaces/cmake/export_more_interfaces__rosidl_typesupport_fastrtps_cppExport-noconfig.cmake
[1.632s] -- Up-to-date: /home/martin/ros2_workspaces/ros2_ws_dev/install/more_interfaces/share/more_interfaces/cmake/more_interfaces__rosidl_typesupport_introspection_cExport.cmake
[1.633s] -- Up-to-date: /home/martin/ros2_workspaces/ros2_ws_dev/install/more_interfaces/share/more_interfaces/cmake/more_interfaces__rosidl_typesupport_introspection_cExport-noconfig.cmake
[1.635s] -- Up-to-date: /home/martin/ros2_workspaces/ros2_ws_dev/install/more_interfaces/share/more_interfaces/cmake/more_interfaces__rosidl_typesupport_cExport.cmake
[1.635s] -- Up-to-date: /home/martin/ros2_workspaces/ros2_ws_dev/install/more_interfaces/share/more_interfaces/cmake/more_interfaces__rosidl_typesupport_cExport-noconfig.cmake
[1.637s] -- Up-to-date: /home/martin/ros2_workspaces/ros2_ws_dev/install/more_interfaces/share/more_interfaces/cmake/more_interfaces__rosidl_typesupport_introspection_cppExport.cmake
[1.638s] -- Up-to-date: /home/martin/ros2_workspaces/ros2_ws_dev/install/more_interfaces/share/more_interfaces/cmake/more_interfaces__rosidl_typesupport_introspection_cppExport-noconfig.cmake
[1.640s] -- Up-to-date: /home/martin/ros2_workspaces/ros2_ws_dev/install/more_interfaces/share/more_interfaces/cmake/more_interfaces__rosidl_typesupport_cppExport.cmake
[1.640s] -- Up-to-date: /home/martin/ros2_workspaces/ros2_ws_dev/install/more_interfaces/share/more_interfaces/cmake/more_interfaces__rosidl_typesupport_cppExport-noconfig.cmake
[1.643s] -- Up-to-date: /home/martin/ros2_workspaces/ros2_ws_dev/install/more_interfaces/share/more_interfaces/cmake/export_more_interfaces__rosidl_generator_pyExport.cmake
[1.643s] -- Up-to-date: /home/martin/ros2_workspaces/ros2_ws_dev/install/more_interfaces/share/more_interfaces/cmake/export_more_interfaces__rosidl_generator_pyExport-noconfig.cmake
[1.643s] -- Up-to-date: /home/martin/ros2_workspaces/ros2_ws_dev/install/more_interfaces/share/more_interfaces/cmake/rosidl_cmake-extras.cmake
[1.644s] -- Up-to-date: /home/martin/ros2_workspaces/ros2_ws_dev/install/more_interfaces/share/more_interfaces/cmake/ament_cmake_export_include_directories-extras.cmake
[1.644s] -- Up-to-date: /home/martin/ros2_workspaces/ros2_ws_dev/install/more_interfaces/share/more_interfaces/cmake/ament_cmake_export_libraries-extras.cmake
[1.644s] -- Up-to-date: /home/martin/ros2_workspaces/ros2_ws_dev/install/more_interfaces/share/more_interfaces/cmake/ament_cmake_export_targets-extras.cmake
[1.644s] -- Up-to-date: /home/martin/ros2_workspaces/ros2_ws_dev/install/more_interfaces/share/more_interfaces/cmake/rosidl_cmake_export_typesupport_targets-extras.cmake
[1.645s] -- Up-to-date: /home/martin/ros2_workspaces/ros2_ws_dev/install/more_interfaces/share/more_interfaces/cmake/ament_cmake_export_dependencies-extras.cmake
[1.645s] -- Up-to-date: /home/martin/ros2_workspaces/ros2_ws_dev/install/more_interfaces/share/more_interfaces/cmake/rosidl_cmake_export_typesupport_libraries-extras.cmake
[1.645s] -- Up-to-date: /home/martin/ros2_workspaces/ros2_ws_dev/install/more_interfaces/share/more_interfaces/cmake/more_interfacesConfig.cmake
[1.645s] -- Up-to-date: /home/martin/ros2_workspaces/ros2_ws_dev/install/more_interfaces/share/more_interfaces/cmake/more_interfacesConfig-version.cmake
[1.645s] -- Up-to-date: /home/martin/ros2_workspaces/ros2_ws_dev/install/more_interfaces/share/more_interfaces/package.xml
[1.653s] Invoked command in '/home/martin/ros2_workspaces/ros2_ws_dev/build/more_interfaces' returned '0': CMAKE_PREFIX_PATH=/opt/ros/humble PS1=(venv) \[\e]0;\u@\h: \w\a\]${debian_chroot:+($debian_chroot)}\[\033[01;32m\]\u@\h\[\033[00m\]:\[\033[01;34m\]\w\[\033[00m\]\$ VIRTUAL_ENV_PROMPT=(venv) /usr/bin/cmake --install /home/martin/ros2_workspaces/ros2_ws_dev/build/more_interfaces
