[0.512s] DEBUG:colcon:Command line arguments: ['/usr/bin/colcon', 'build', '--packages-select', 'more_interfaces']
[0.512s] DEBUG:colcon:Parsed command line arguments: Namespace(log_base=None, log_level=None, verb_name='build', build_base='build', install_base='install', merge_install=False, symlink_install=False, test_result_base=None, continue_on_error=False, executor='parallel', parallel_workers=2, event_handlers=None, ignore_user_meta=False, metas=['./colcon.meta'], base_paths=['.'], packages_ignore=None, packages_ignore_regex=None, paths=None, packages_up_to=None, packages_up_to_regex=None, packages_above=None, packages_above_and_dependencies=None, packages_above_depth=None, packages_select_by_dep=None, packages_skip_by_dep=None, packages_skip_up_to=None, packages_select_build_failed=False, packages_skip_build_finished=False, packages_select_test_failures=False, packages_skip_test_passed=False, packages_select=['more_interfaces'], packages_skip=None, packages_select_regex=None, packages_skip_regex=None, packages_start=None, packages_end=None, allow_overriding=[], cmake_args=None, cmake_target=None, cmake_target_skip_unavailable=False, cmake_clean_cache=False, cmake_clean_first=False, cmake_force_configure=False, ament_cmake_args=None, catkin_cmake_args=None, catkin_skip_building_tests=False, verb_parser=<colcon_defaults.argument_parser.defaults.DefaultArgumentsDecorator object at 0x7fae56799240>, verb_extension=<colcon_core.verb.build.BuildVerb object at 0x7fae570e9480>, main=<bound method BuildVerb.main of <colcon_core.verb.build.BuildVerb object at 0x7fae570e9480>>)
[0.548s] Level 1:colcon.colcon_core.package_discovery:discover_packages(colcon_meta) check parameters
[0.548s] Level 1:colcon.colcon_core.package_discovery:discover_packages(recursive) check parameters
[0.548s] Level 1:colcon.colcon_core.package_discovery:discover_packages(ignore) check parameters
[0.548s] Level 1:colcon.colcon_core.package_discovery:discover_packages(path) check parameters
[0.548s] Level 1:colcon.colcon_core.package_discovery:discover_packages(colcon_meta) discover
[0.548s] Level 1:colcon.colcon_core.package_discovery:discover_packages(recursive) discover
[0.548s] INFO:colcon.colcon_core.package_discovery:Crawling recursively for packages in '/home/martin/ros2_workspaces/ros2_ws_dev'
[0.548s] Level 1:colcon.colcon_core.package_identification:_identify(.) by extensions ['ignore', 'ignore_ament_install']
[0.549s] Level 1:colcon.colcon_core.package_identification:_identify(.) by extension 'ignore'
[0.549s] Level 1:colcon.colcon_core.package_identification:_identify(.) by extension 'ignore_ament_install'
[0.549s] Level 1:colcon.colcon_core.package_identification:_identify(.) by extensions ['colcon_pkg']
[0.549s] Level 1:colcon.colcon_core.package_identification:_identify(.) by extension 'colcon_pkg'
[0.549s] Level 1:colcon.colcon_core.package_identification:_identify(.) by extensions ['colcon_meta']
[0.549s] Level 1:colcon.colcon_core.package_identification:_identify(.) by extension 'colcon_meta'
[0.549s] Level 1:colcon.colcon_core.package_identification:_identify(.) by extensions ['ros']
[0.549s] Level 1:colcon.colcon_core.package_identification:_identify(.) by extension 'ros'
[0.579s] Level 1:colcon.colcon_core.package_identification:_identify(.) by extensions ['cmake', 'python']
[0.579s] Level 1:colcon.colcon_core.package_identification:_identify(.) by extension 'cmake'
[0.579s] Level 1:colcon.colcon_core.package_identification:_identify(.) by extension 'python'
[0.579s] Level 1:colcon.colcon_core.package_identification:_identify(.) by extensions ['python_setup_py']
[0.579s] Level 1:colcon.colcon_core.package_identification:_identify(.) by extension 'python_setup_py'
[0.579s] Level 1:colcon.colcon_core.package_identification:_identify(build) by extensions ['ignore', 'ignore_ament_install']
[0.580s] Level 1:colcon.colcon_core.package_identification:_identify(build) by extension 'ignore'
[0.580s] Level 1:colcon.colcon_core.package_identification:_identify(build) ignored
[0.580s] Level 1:colcon.colcon_core.package_identification:_identify(install) by extensions ['ignore', 'ignore_ament_install']
[0.580s] Level 1:colcon.colcon_core.package_identification:_identify(install) by extension 'ignore'
[0.580s] Level 1:colcon.colcon_core.package_identification:_identify(install) ignored
[0.580s] Level 1:colcon.colcon_core.package_identification:_identify(log) by extensions ['ignore', 'ignore_ament_install']
[0.581s] Level 1:colcon.colcon_core.package_identification:_identify(log) by extension 'ignore'
[0.581s] Level 1:colcon.colcon_core.package_identification:_identify(log) ignored
[0.581s] Level 1:colcon.colcon_core.package_identification:_identify(src) by extensions ['ignore', 'ignore_ament_install']
[0.581s] Level 1:colcon.colcon_core.package_identification:_identify(src) by extension 'ignore'
[0.581s] Level 1:colcon.colcon_core.package_identification:_identify(src) by extension 'ignore_ament_install'
[0.581s] Level 1:colcon.colcon_core.package_identification:_identify(src) by extensions ['colcon_pkg']
[0.581s] Level 1:colcon.colcon_core.package_identification:_identify(src) by extension 'colcon_pkg'
[0.581s] Level 1:colcon.colcon_core.package_identification:_identify(src) by extensions ['colcon_meta']
[0.581s] Level 1:colcon.colcon_core.package_identification:_identify(src) by extension 'colcon_meta'
[0.581s] Level 1:colcon.colcon_core.package_identification:_identify(src) by extensions ['ros']
[0.581s] Level 1:colcon.colcon_core.package_identification:_identify(src) by extension 'ros'
[0.582s] Level 1:colcon.colcon_core.package_identification:_identify(src) by extensions ['cmake', 'python']
[0.582s] Level 1:colcon.colcon_core.package_identification:_identify(src) by extension 'cmake'
[0.582s] Level 1:colcon.colcon_core.package_identification:_identify(src) by extension 'python'
[0.582s] Level 1:colcon.colcon_core.package_identification:_identify(src) by extensions ['python_setup_py']
[0.582s] Level 1:colcon.colcon_core.package_identification:_identify(src) by extension 'python_setup_py'
[0.582s] Level 1:colcon.colcon_core.package_identification:_identify(src/cpp_pubsub) by extensions ['ignore', 'ignore_ament_install']
[0.582s] Level 1:colcon.colcon_core.package_identification:_identify(src/cpp_pubsub) by extension 'ignore'
[0.582s] Level 1:colcon.colcon_core.package_identification:_identify(src/cpp_pubsub) by extension 'ignore_ament_install'
[0.582s] Level 1:colcon.colcon_core.package_identification:_identify(src/cpp_pubsub) by extensions ['colcon_pkg']
[0.582s] Level 1:colcon.colcon_core.package_identification:_identify(src/cpp_pubsub) by extension 'colcon_pkg'
[0.582s] Level 1:colcon.colcon_core.package_identification:_identify(src/cpp_pubsub) by extensions ['colcon_meta']
[0.582s] Level 1:colcon.colcon_core.package_identification:_identify(src/cpp_pubsub) by extension 'colcon_meta'
[0.583s] Level 1:colcon.colcon_core.package_identification:_identify(src/cpp_pubsub) by extensions ['ros']
[0.583s] Level 1:colcon.colcon_core.package_identification:_identify(src/cpp_pubsub) by extension 'ros'
[0.586s] DEBUG:colcon.colcon_core.package_identification:Package 'src/cpp_pubsub' with type 'ros.ament_cmake' and name 'cpp_pubsub'
[0.587s] Level 1:colcon.colcon_core.package_identification:_identify(src/cpp_srvcli) by extensions ['ignore', 'ignore_ament_install']
[0.587s] Level 1:colcon.colcon_core.package_identification:_identify(src/cpp_srvcli) by extension 'ignore'
[0.587s] Level 1:colcon.colcon_core.package_identification:_identify(src/cpp_srvcli) by extension 'ignore_ament_install'
[0.587s] Level 1:colcon.colcon_core.package_identification:_identify(src/cpp_srvcli) by extensions ['colcon_pkg']
[0.587s] Level 1:colcon.colcon_core.package_identification:_identify(src/cpp_srvcli) by extension 'colcon_pkg'
[0.587s] Level 1:colcon.colcon_core.package_identification:_identify(src/cpp_srvcli) by extensions ['colcon_meta']
[0.587s] Level 1:colcon.colcon_core.package_identification:_identify(src/cpp_srvcli) by extension 'colcon_meta'
[0.587s] Level 1:colcon.colcon_core.package_identification:_identify(src/cpp_srvcli) by extensions ['ros']
[0.587s] Level 1:colcon.colcon_core.package_identification:_identify(src/cpp_srvcli) by extension 'ros'
[0.588s] DEBUG:colcon.colcon_core.package_identification:Package 'src/cpp_srvcli' with type 'ros.ament_cmake' and name 'cpp_srvcli'
[0.588s] Level 1:colcon.colcon_core.package_identification:_identify(src/more_interfaces) by extensions ['ignore', 'ignore_ament_install']
[0.589s] Level 1:colcon.colcon_core.package_identification:_identify(src/more_interfaces) by extension 'ignore'
[0.589s] Level 1:colcon.colcon_core.package_identification:_identify(src/more_interfaces) by extension 'ignore_ament_install'
[0.589s] Level 1:colcon.colcon_core.package_identification:_identify(src/more_interfaces) by extensions ['colcon_pkg']
[0.589s] Level 1:colcon.colcon_core.package_identification:_identify(src/more_interfaces) by extension 'colcon_pkg'
[0.589s] Level 1:colcon.colcon_core.package_identification:_identify(src/more_interfaces) by extensions ['colcon_meta']
[0.589s] Level 1:colcon.colcon_core.package_identification:_identify(src/more_interfaces) by extension 'colcon_meta'
[0.589s] Level 1:colcon.colcon_core.package_identification:_identify(src/more_interfaces) by extensions ['ros']
[0.589s] Level 1:colcon.colcon_core.package_identification:_identify(src/more_interfaces) by extension 'ros'
[0.590s] DEBUG:colcon.colcon_core.package_identification:Package 'src/more_interfaces' with type 'ros.ament_cmake' and name 'more_interfaces'
[0.590s] Level 1:colcon.colcon_core.package_identification:_identify(src/my_package) by extensions ['ignore', 'ignore_ament_install']
[0.590s] Level 1:colcon.colcon_core.package_identification:_identify(src/my_package) by extension 'ignore'
[0.590s] Level 1:colcon.colcon_core.package_identification:_identify(src/my_package) by extension 'ignore_ament_install'
[0.590s] Level 1:colcon.colcon_core.package_identification:_identify(src/my_package) by extensions ['colcon_pkg']
[0.590s] Level 1:colcon.colcon_core.package_identification:_identify(src/my_package) by extension 'colcon_pkg'
[0.591s] Level 1:colcon.colcon_core.package_identification:_identify(src/my_package) by extensions ['colcon_meta']
[0.591s] Level 1:colcon.colcon_core.package_identification:_identify(src/my_package) by extension 'colcon_meta'
[0.591s] Level 1:colcon.colcon_core.package_identification:_identify(src/my_package) by extensions ['ros']
[0.591s] Level 1:colcon.colcon_core.package_identification:_identify(src/my_package) by extension 'ros'
[0.591s] DEBUG:colcon.colcon_core.package_identification:Package 'src/my_package' with type 'ros.ament_python' and name 'my_package'
[0.592s] Level 1:colcon.colcon_core.package_identification:_identify(src/py_pubsub) by extensions ['ignore', 'ignore_ament_install']
[0.592s] Level 1:colcon.colcon_core.package_identification:_identify(src/py_pubsub) by extension 'ignore'
[0.592s] Level 1:colcon.colcon_core.package_identification:_identify(src/py_pubsub) by extension 'ignore_ament_install'
[0.592s] Level 1:colcon.colcon_core.package_identification:_identify(src/py_pubsub) by extensions ['colcon_pkg']
[0.592s] Level 1:colcon.colcon_core.package_identification:_identify(src/py_pubsub) by extension 'colcon_pkg'
[0.592s] Level 1:colcon.colcon_core.package_identification:_identify(src/py_pubsub) by extensions ['colcon_meta']
[0.592s] Level 1:colcon.colcon_core.package_identification:_identify(src/py_pubsub) by extension 'colcon_meta'
[0.592s] Level 1:colcon.colcon_core.package_identification:_identify(src/py_pubsub) by extensions ['ros']
[0.592s] Level 1:colcon.colcon_core.package_identification:_identify(src/py_pubsub) by extension 'ros'
[0.593s] DEBUG:colcon.colcon_core.package_identification:Package 'src/py_pubsub' with type 'ros.ament_python' and name 'py_pubsub'
[0.593s] Level 1:colcon.colcon_core.package_identification:_identify(src/py_srvcli) by extensions ['ignore', 'ignore_ament_install']
[0.593s] Level 1:colcon.colcon_core.package_identification:_identify(src/py_srvcli) by extension 'ignore'
[0.593s] Level 1:colcon.colcon_core.package_identification:_identify(src/py_srvcli) by extension 'ignore_ament_install'
[0.593s] Level 1:colcon.colcon_core.package_identification:_identify(src/py_srvcli) by extensions ['colcon_pkg']
[0.594s] Level 1:colcon.colcon_core.package_identification:_identify(src/py_srvcli) by extension 'colcon_pkg'
[0.594s] Level 1:colcon.colcon_core.package_identification:_identify(src/py_srvcli) by extensions ['colcon_meta']
[0.594s] Level 1:colcon.colcon_core.package_identification:_identify(src/py_srvcli) by extension 'colcon_meta'
[0.594s] Level 1:colcon.colcon_core.package_identification:_identify(src/py_srvcli) by extensions ['ros']
[0.594s] Level 1:colcon.colcon_core.package_identification:_identify(src/py_srvcli) by extension 'ros'
[0.595s] DEBUG:colcon.colcon_core.package_identification:Package 'src/py_srvcli' with type 'ros.ament_python' and name 'py_srvcli'
[0.595s] Level 1:colcon.colcon_core.package_identification:_identify(src/tutorial_interfaces) by extensions ['ignore', 'ignore_ament_install']
[0.595s] Level 1:colcon.colcon_core.package_identification:_identify(src/tutorial_interfaces) by extension 'ignore'
[0.595s] Level 1:colcon.colcon_core.package_identification:_identify(src/tutorial_interfaces) by extension 'ignore_ament_install'
[0.595s] Level 1:colcon.colcon_core.package_identification:_identify(src/tutorial_interfaces) by extensions ['colcon_pkg']
[0.595s] Level 1:colcon.colcon_core.package_identification:_identify(src/tutorial_interfaces) by extension 'colcon_pkg'
[0.595s] Level 1:colcon.colcon_core.package_identification:_identify(src/tutorial_interfaces) by extensions ['colcon_meta']
[0.595s] Level 1:colcon.colcon_core.package_identification:_identify(src/tutorial_interfaces) by extension 'colcon_meta'
[0.596s] Level 1:colcon.colcon_core.package_identification:_identify(src/tutorial_interfaces) by extensions ['ros']
[0.596s] Level 1:colcon.colcon_core.package_identification:_identify(src/tutorial_interfaces) by extension 'ros'
[0.596s] DEBUG:colcon.colcon_core.package_identification:Package 'src/tutorial_interfaces' with type 'ros.ament_cmake' and name 'tutorial_interfaces'
[0.596s] Level 1:colcon.colcon_core.package_discovery:discover_packages(recursive) using defaults
[0.597s] Level 1:colcon.colcon_core.package_discovery:discover_packages(ignore) discover
[0.597s] Level 1:colcon.colcon_core.package_discovery:discover_packages(ignore) using defaults
[0.597s] Level 1:colcon.colcon_core.package_discovery:discover_packages(path) discover
[0.597s] Level 1:colcon.colcon_core.package_discovery:discover_packages(path) using defaults
[0.633s] INFO:colcon.colcon_core.package_selection:Skipping not selected package 'cpp_pubsub' in 'src/cpp_pubsub'
[0.633s] INFO:colcon.colcon_core.package_selection:Skipping not selected package 'cpp_srvcli' in 'src/cpp_srvcli'
[0.633s] INFO:colcon.colcon_core.package_selection:Skipping not selected package 'my_package' in 'src/my_package'
[0.633s] INFO:colcon.colcon_core.package_selection:Skipping not selected package 'tutorial_interfaces' in 'src/tutorial_interfaces'
[0.633s] INFO:colcon.colcon_core.package_selection:Skipping not selected package 'py_pubsub' in 'src/py_pubsub'
[0.633s] INFO:colcon.colcon_core.package_selection:Skipping not selected package 'py_srvcli' in 'src/py_srvcli'
[0.634s] Level 1:colcon.colcon_core.package_discovery:discover_packages(prefix_path) check parameters
[0.634s] Level 1:colcon.colcon_core.package_discovery:discover_packages(prefix_path) discover
[0.639s] DEBUG:colcon.colcon_installed_package_information.package_discovery:Found 283 installed packages in /opt/ros/humble
[0.641s] Level 1:colcon.colcon_core.package_discovery:discover_packages(prefix_path) using defaults
[0.739s] Level 5:colcon.colcon_core.verb:set package 'more_interfaces' build argument 'cmake_args' from command line to 'None'
[0.739s] Level 5:colcon.colcon_core.verb:set package 'more_interfaces' build argument 'cmake_target' from command line to 'None'
[0.739s] Level 5:colcon.colcon_core.verb:set package 'more_interfaces' build argument 'cmake_target_skip_unavailable' from command line to 'False'
[0.739s] Level 5:colcon.colcon_core.verb:set package 'more_interfaces' build argument 'cmake_clean_cache' from command line to 'False'
[0.739s] Level 5:colcon.colcon_core.verb:set package 'more_interfaces' build argument 'cmake_clean_first' from command line to 'False'
[0.739s] Level 5:colcon.colcon_core.verb:set package 'more_interfaces' build argument 'cmake_force_configure' from command line to 'False'
[0.739s] Level 5:colcon.colcon_core.verb:set package 'more_interfaces' build argument 'ament_cmake_args' from command line to 'None'
[0.739s] Level 5:colcon.colcon_core.verb:set package 'more_interfaces' build argument 'catkin_cmake_args' from command line to 'None'
[0.739s] Level 5:colcon.colcon_core.verb:set package 'more_interfaces' build argument 'catkin_skip_building_tests' from command line to 'False'
[0.739s] DEBUG:colcon.colcon_core.verb:Building package 'more_interfaces' with the following arguments: {'ament_cmake_args': None, 'build_base': '/home/martin/ros2_workspaces/ros2_ws_dev/build/more_interfaces', 'catkin_cmake_args': None, 'catkin_skip_building_tests': False, 'cmake_args': None, 'cmake_clean_cache': False, 'cmake_clean_first': False, 'cmake_force_configure': False, 'cmake_target': None, 'cmake_target_skip_unavailable': False, 'install_base': '/home/martin/ros2_workspaces/ros2_ws_dev/install/more_interfaces', 'merge_install': False, 'path': '/home/martin/ros2_workspaces/ros2_ws_dev/src/more_interfaces', 'symlink_install': False, 'test_result_base': None}
[0.740s] INFO:colcon.colcon_core.executor:Executing jobs using 'parallel' executor
[0.757s] DEBUG:colcon.colcon_parallel_executor.executor.parallel:run_until_complete
[0.757s] INFO:colcon.colcon_ros.task.ament_cmake.build:Building ROS package in '/home/martin/ros2_workspaces/ros2_ws_dev/src/more_interfaces' with build type 'ament_cmake'
[0.758s] INFO:colcon.colcon_cmake.task.cmake.build:Building CMake package in '/home/martin/ros2_workspaces/ros2_ws_dev/src/more_interfaces'
[0.779s] INFO:colcon.colcon_core.plugin_system:Skipping extension 'colcon_core.shell.bat': Not used on non-Windows systems
[0.779s] INFO:colcon.colcon_core.shell:Skip shell extension 'powershell' for command environment: Not usable outside of PowerShell
[0.780s] DEBUG:colcon.colcon_core.shell:Skip shell extension 'dsv' for command environment
[0.802s] DEBUG:colcon.colcon_core.event_handler.log_command:Invoking command in '/home/martin/ros2_workspaces/ros2_ws_dev/build/more_interfaces': CMAKE_PREFIX_PATH=/opt/ros/humble /usr/bin/cmake --build /home/martin/ros2_workspaces/ros2_ws_dev/build/more_interfaces -- -j2 -l2
[21.837s] DEBUG:colcon.colcon_core.event_handler.log_command:Invoked command in '/home/martin/ros2_workspaces/ros2_ws_dev/build/more_interfaces' returned '0': CMAKE_PREFIX_PATH=/opt/ros/humble /usr/bin/cmake --build /home/martin/ros2_workspaces/ros2_ws_dev/build/more_interfaces -- -j2 -l2
[22.149s] DEBUG:colcon.colcon_core.event_handler.log_command:Invoking command in '/home/martin/ros2_workspaces/ros2_ws_dev/build/more_interfaces': CMAKE_PREFIX_PATH=/opt/ros/humble /usr/bin/cmake --install /home/martin/ros2_workspaces/ros2_ws_dev/build/more_interfaces
[22.425s] Level 1:colcon.colcon_core.environment:create_environment_scripts_only(more_interfaces)
[22.428s] DEBUG:colcon.colcon_core.event_handler.log_command:Invoked command in '/home/martin/ros2_workspaces/ros2_ws_dev/build/more_interfaces' returned '0': CMAKE_PREFIX_PATH=/opt/ros/humble /usr/bin/cmake --install /home/martin/ros2_workspaces/ros2_ws_dev/build/more_interfaces
[22.434s] Level 1:colcon.colcon_core.environment:checking '/home/martin/ros2_workspaces/ros2_ws_dev/install/more_interfaces' for CMake module files
[22.436s] Level 1:colcon.colcon_core.environment:checking '/home/martin/ros2_workspaces/ros2_ws_dev/install/more_interfaces' for CMake config files
[22.436s] Level 1:colcon.colcon_core.shell:create_environment_hook('more_interfaces', 'cmake_prefix_path')
[22.438s] INFO:colcon.colcon_core.shell:Creating environment hook '/home/martin/ros2_workspaces/ros2_ws_dev/install/more_interfaces/share/more_interfaces/hook/cmake_prefix_path.ps1'
[22.440s] INFO:colcon.colcon_core.shell:Creating environment descriptor '/home/martin/ros2_workspaces/ros2_ws_dev/install/more_interfaces/share/more_interfaces/hook/cmake_prefix_path.dsv'
[22.441s] INFO:colcon.colcon_core.shell:Creating environment hook '/home/martin/ros2_workspaces/ros2_ws_dev/install/more_interfaces/share/more_interfaces/hook/cmake_prefix_path.sh'
[22.444s] Level 1:colcon.colcon_core.environment:checking '/home/martin/ros2_workspaces/ros2_ws_dev/install/more_interfaces/lib'
[22.444s] Level 1:colcon.colcon_core.shell:create_environment_hook('more_interfaces', 'ld_library_path_lib')
[22.446s] INFO:colcon.colcon_core.shell:Creating environment hook '/home/martin/ros2_workspaces/ros2_ws_dev/install/more_interfaces/share/more_interfaces/hook/ld_library_path_lib.ps1'
[22.448s] INFO:colcon.colcon_core.shell:Creating environment descriptor '/home/martin/ros2_workspaces/ros2_ws_dev/install/more_interfaces/share/more_interfaces/hook/ld_library_path_lib.dsv'
[22.449s] INFO:colcon.colcon_core.shell:Creating environment hook '/home/martin/ros2_workspaces/ros2_ws_dev/install/more_interfaces/share/more_interfaces/hook/ld_library_path_lib.sh'
[22.450s] Level 1:colcon.colcon_core.environment:checking '/home/martin/ros2_workspaces/ros2_ws_dev/install/more_interfaces/bin'
[22.450s] Level 1:colcon.colcon_core.environment:checking '/home/martin/ros2_workspaces/ros2_ws_dev/install/more_interfaces/lib/pkgconfig/more_interfaces.pc'
[22.451s] Level 1:colcon.colcon_core.environment:checking '/home/martin/ros2_workspaces/ros2_ws_dev/install/more_interfaces/lib/python3.10/site-packages'
[22.451s] Level 1:colcon.colcon_core.environment:checking '/home/martin/ros2_workspaces/ros2_ws_dev/install/more_interfaces/bin'
[22.453s] INFO:colcon.colcon_core.shell:Creating package script '/home/martin/ros2_workspaces/ros2_ws_dev/install/more_interfaces/share/more_interfaces/package.ps1'
[22.456s] INFO:colcon.colcon_core.shell:Creating package descriptor '/home/martin/ros2_workspaces/ros2_ws_dev/install/more_interfaces/share/more_interfaces/package.dsv'
[22.457s] INFO:colcon.colcon_core.shell:Creating package script '/home/martin/ros2_workspaces/ros2_ws_dev/install/more_interfaces/share/more_interfaces/package.sh'
[22.459s] INFO:colcon.colcon_core.shell:Creating package script '/home/martin/ros2_workspaces/ros2_ws_dev/install/more_interfaces/share/more_interfaces/package.bash'
[22.461s] INFO:colcon.colcon_core.shell:Creating package script '/home/martin/ros2_workspaces/ros2_ws_dev/install/more_interfaces/share/more_interfaces/package.zsh'
[22.463s] Level 1:colcon.colcon_core.environment:create_file_with_runtime_dependencies(/home/martin/ros2_workspaces/ros2_ws_dev/install/more_interfaces/share/colcon-core/packages/more_interfaces)
[22.753s] Level 1:colcon.colcon_core.environment:create_environment_scripts_only(more_interfaces)
[22.756s] Level 1:colcon.colcon_core.environment:checking '/home/martin/ros2_workspaces/ros2_ws_dev/install/more_interfaces' for CMake module files
[22.757s] Level 1:colcon.colcon_core.environment:checking '/home/martin/ros2_workspaces/ros2_ws_dev/install/more_interfaces' for CMake config files
[22.758s] Level 1:colcon.colcon_core.shell:create_environment_hook('more_interfaces', 'cmake_prefix_path')
[22.760s] INFO:colcon.colcon_core.shell:Creating environment hook '/home/martin/ros2_workspaces/ros2_ws_dev/install/more_interfaces/share/more_interfaces/hook/cmake_prefix_path.ps1'
[22.761s] INFO:colcon.colcon_core.shell:Creating environment descriptor '/home/martin/ros2_workspaces/ros2_ws_dev/install/more_interfaces/share/more_interfaces/hook/cmake_prefix_path.dsv'
[22.763s] INFO:colcon.colcon_core.shell:Creating environment hook '/home/martin/ros2_workspaces/ros2_ws_dev/install/more_interfaces/share/more_interfaces/hook/cmake_prefix_path.sh'
[22.765s] Level 1:colcon.colcon_core.environment:checking '/home/martin/ros2_workspaces/ros2_ws_dev/install/more_interfaces/lib'
[22.765s] Level 1:colcon.colcon_core.shell:create_environment_hook('more_interfaces', 'ld_library_path_lib')
[22.768s] INFO:colcon.colcon_core.shell:Creating environment hook '/home/martin/ros2_workspaces/ros2_ws_dev/install/more_interfaces/share/more_interfaces/hook/ld_library_path_lib.ps1'
[22.769s] INFO:colcon.colcon_core.shell:Creating environment descriptor '/home/martin/ros2_workspaces/ros2_ws_dev/install/more_interfaces/share/more_interfaces/hook/ld_library_path_lib.dsv'
[22.770s] INFO:colcon.colcon_core.shell:Creating environment hook '/home/martin/ros2_workspaces/ros2_ws_dev/install/more_interfaces/share/more_interfaces/hook/ld_library_path_lib.sh'
[22.772s] Level 1:colcon.colcon_core.environment:checking '/home/martin/ros2_workspaces/ros2_ws_dev/install/more_interfaces/bin'
[22.773s] Level 1:colcon.colcon_core.environment:checking '/home/martin/ros2_workspaces/ros2_ws_dev/install/more_interfaces/lib/pkgconfig/more_interfaces.pc'
[22.773s] Level 1:colcon.colcon_core.environment:checking '/home/martin/ros2_workspaces/ros2_ws_dev/install/more_interfaces/lib/python3.10/site-packages'
[22.773s] Level 1:colcon.colcon_core.environment:checking '/home/martin/ros2_workspaces/ros2_ws_dev/install/more_interfaces/bin'
[22.776s] INFO:colcon.colcon_core.shell:Creating package script '/home/martin/ros2_workspaces/ros2_ws_dev/install/more_interfaces/share/more_interfaces/package.ps1'
[22.780s] INFO:colcon.colcon_core.shell:Creating package descriptor '/home/martin/ros2_workspaces/ros2_ws_dev/install/more_interfaces/share/more_interfaces/package.dsv'
[22.783s] INFO:colcon.colcon_core.shell:Creating package script '/home/martin/ros2_workspaces/ros2_ws_dev/install/more_interfaces/share/more_interfaces/package.sh'
[22.785s] INFO:colcon.colcon_core.shell:Creating package script '/home/martin/ros2_workspaces/ros2_ws_dev/install/more_interfaces/share/more_interfaces/package.bash'
[22.786s] INFO:colcon.colcon_core.shell:Creating package script '/home/martin/ros2_workspaces/ros2_ws_dev/install/more_interfaces/share/more_interfaces/package.zsh'
[22.788s] Level 1:colcon.colcon_core.environment:create_file_with_runtime_dependencies(/home/martin/ros2_workspaces/ros2_ws_dev/install/more_interfaces/share/colcon-core/packages/more_interfaces)
[22.790s] DEBUG:colcon.colcon_parallel_executor.executor.parallel:closing loop
[22.792s] DEBUG:colcon.colcon_parallel_executor.executor.parallel:loop closed
[22.792s] DEBUG:colcon.colcon_parallel_executor.executor.parallel:run_until_complete finished with '0'
[22.792s] DEBUG:colcon.colcon_core.event_reactor:joining thread
[22.804s] INFO:colcon.colcon_core.plugin_system:Skipping extension 'colcon_notification.desktop_notification.terminal_notifier': Not used on non-Darwin systems
[22.804s] INFO:colcon.colcon_core.plugin_system:Skipping extension 'colcon_notification.desktop_notification.win32': Not used on non-Windows systems
[22.805s] INFO:colcon.colcon_notification.desktop_notification:Sending desktop notification using 'notify2'
[22.830s] DEBUG:colcon.colcon_core.event_reactor:joined thread
[22.835s] INFO:colcon.colcon_core.shell:Creating prefix script '/home/martin/ros2_workspaces/ros2_ws_dev/install/local_setup.ps1'
[22.842s] INFO:colcon.colcon_core.shell:Creating prefix util module '/home/martin/ros2_workspaces/ros2_ws_dev/install/_local_setup_util_ps1.py'
[22.849s] INFO:colcon.colcon_core.shell:Creating prefix chain script '/home/martin/ros2_workspaces/ros2_ws_dev/install/setup.ps1'
[22.852s] INFO:colcon.colcon_core.shell:Creating prefix script '/home/martin/ros2_workspaces/ros2_ws_dev/install/local_setup.sh'
[22.854s] INFO:colcon.colcon_core.shell:Creating prefix util module '/home/martin/ros2_workspaces/ros2_ws_dev/install/_local_setup_util_sh.py'
[22.856s] INFO:colcon.colcon_core.shell:Creating prefix chain script '/home/martin/ros2_workspaces/ros2_ws_dev/install/setup.sh'
[22.859s] INFO:colcon.colcon_core.shell:Creating prefix script '/home/martin/ros2_workspaces/ros2_ws_dev/install/local_setup.bash'
[22.861s] INFO:colcon.colcon_core.shell:Creating prefix chain script '/home/martin/ros2_workspaces/ros2_ws_dev/install/setup.bash'
[22.864s] INFO:colcon.colcon_core.shell:Creating prefix script '/home/martin/ros2_workspaces/ros2_ws_dev/install/local_setup.zsh'
[22.865s] INFO:colcon.colcon_core.shell:Creating prefix chain script '/home/martin/ros2_workspaces/ros2_ws_dev/install/setup.zsh'
