[0.730s] Invoking command in '/home/martin/ros2_workspaces/ros2_ws_dev/src/head': AMENT_PREFIX_PATH=/home/martin/ros2_workspaces/ros2_ws_dev/install/mbit_interfaces:${AMENT_PREFIX_PATH} CMAKE_PREFIX_PATH=/home/martin/ros2_workspaces/ros2_ws_dev/install/mbit_interfaces LD_LIBRARY_PATH=/home/martin/ros2_workspaces/ros2_ws_dev/install/mbit_interfaces/lib:${LD_LIBRARY_PATH} PS1=(venv) \[\e]0;\u@\h: \w\a\]${debian_chroot:+($debian_chroot)}\[\033[01;32m\]\u@\h\[\033[00m\]:\[\033[01;34m\]\w\[\033[00m\]\$ PYTHONPATH=/home/martin/ros2_workspaces/ros2_ws_dev/install/head/lib/python3.10/site-packages:/home/martin/ros2_workspaces/ros2_ws_dev/install/mbit_interfaces/local/lib/python3.10/dist-packages:${PYTHONPATH} VIRTUAL_ENV_PROMPT=(venv) /usr/bin/python3 setup.py egg_info --egg-base ../../build/head build --build-base /home/martin/ros2_workspaces/ros2_ws_dev/build/head/build install --prefix /home/martin/ros2_workspaces/ros2_ws_dev/install/head --record /home/martin/ros2_workspaces/ros2_ws_dev/build/head/install.log --single-version-externally-managed
[1.118s] running egg_info
[1.119s] writing ../../build/head/head.egg-info/PKG-INFO
[1.121s] writing dependency_links to ../../build/head/head.egg-info/dependency_links.txt
[1.122s] writing entry points to ../../build/head/head.egg-info/entry_points.txt
[1.123s] writing requirements to ../../build/head/head.egg-info/requires.txt
[1.124s] writing top-level names to ../../build/head/head.egg-info/top_level.txt
[1.131s] reading manifest file '../../build/head/head.egg-info/SOURCES.txt'
[1.132s] writing manifest file '../../build/head/head.egg-info/SOURCES.txt'
[1.133s] running build
[1.134s] running build_py
[1.138s] running install
[1.139s] /usr/lib/python3/dist-packages/setuptools/command/install.py:34: SetuptoolsDeprecationWarning: setup.py install is deprecated. Use build and pip and other standards-based tools.
[1.139s]   warnings.warn(
[1.139s] running install_lib
[1.143s] running install_data
[1.147s] copying package.xml -> /home/martin/ros2_workspaces/ros2_ws_dev/install/head/share/head
[1.147s] running install_egg_info
[1.150s] removing '/home/martin/ros2_workspaces/ros2_ws_dev/install/head/lib/python3.10/site-packages/head-0.0.0-py3.10.egg-info' (and everything under it)
[1.150s] Copying ../../build/head/head.egg-info to /home/martin/ros2_workspaces/ros2_ws_dev/install/head/lib/python3.10/site-packages/head-0.0.0-py3.10.egg-info
[1.152s] running install_scripts
[1.195s] Installing head_move_sub script to /home/martin/ros2_workspaces/ros2_ws_dev/install/head/lib/head
[1.197s] Installing head_state_service script to /home/martin/ros2_workspaces/ros2_ws_dev/install/head/lib/head
[1.197s] Installing head_tf_move_sub script to /home/martin/ros2_workspaces/ros2_ws_dev/install/head/lib/head
[1.198s] writing list of installed files to '/home/martin/ros2_workspaces/ros2_ws_dev/build/head/install.log'
[1.490s] Invoked command in '/home/martin/ros2_workspaces/ros2_ws_dev/src/head' returned '0': AMENT_PREFIX_PATH=/home/martin/ros2_workspaces/ros2_ws_dev/install/mbit_interfaces:${AMENT_PREFIX_PATH} CMAKE_PREFIX_PATH=/home/martin/ros2_workspaces/ros2_ws_dev/install/mbit_interfaces LD_LIBRARY_PATH=/home/martin/ros2_workspaces/ros2_ws_dev/install/mbit_interfaces/lib:${LD_LIBRARY_PATH} PS1=(venv) \[\e]0;\u@\h: \w\a\]${debian_chroot:+($debian_chroot)}\[\033[01;32m\]\u@\h\[\033[00m\]:\[\033[01;34m\]\w\[\033[00m\]\$ PYTHONPATH=/home/martin/ros2_workspaces/ros2_ws_dev/install/head/lib/python3.10/site-packages:/home/martin/ros2_workspaces/ros2_ws_dev/install/mbit_interfaces/local/lib/python3.10/dist-packages:${PYTHONPATH} VIRTUAL_ENV_PROMPT=(venv) /usr/bin/python3 setup.py egg_info --egg-base ../../build/head build --build-base /home/martin/ros2_workspaces/ros2_ws_dev/build/head/build install --prefix /home/martin/ros2_workspaces/ros2_ws_dev/install/head --record /home/martin/ros2_workspaces/ros2_ws_dev/build/head/install.log --single-version-externally-managed
