[1.047s] Invoking command in '/home/martin/ros2_workspaces/ros2_ws_dev/src/python_parameters': PYTHONPATH=/home/martin/ros2_workspaces/ros2_ws_dev/install/python_parameters/lib/python3.10/site-packages:${PYTHONPATH} /usr/bin/python3 setup.py egg_info --egg-base ../../build/python_parameters build --build-base /home/martin/ros2_workspaces/ros2_ws_dev/build/python_parameters/build install --prefix /home/martin/ros2_workspaces/ros2_ws_dev/install/python_parameters --record /home/martin/ros2_workspaces/ros2_ws_dev/build/python_parameters/install.log --single-version-externally-managed
[1.309s] running egg_info
[1.311s] creating ../../build/python_parameters/python_parameters.egg-info
[1.311s] writing ../../build/python_parameters/python_parameters.egg-info/PKG-INFO
[1.312s] writing dependency_links to ../../build/python_parameters/python_parameters.egg-info/dependency_links.txt
[1.313s] writing entry points to ../../build/python_parameters/python_parameters.egg-info/entry_points.txt
[1.313s] writing requirements to ../../build/python_parameters/python_parameters.egg-info/requires.txt
[1.313s] writing top-level names to ../../build/python_parameters/python_parameters.egg-info/top_level.txt
[1.314s] writing manifest file '../../build/python_parameters/python_parameters.egg-info/SOURCES.txt'
[1.317s] reading manifest file '../../build/python_parameters/python_parameters.egg-info/SOURCES.txt'
[1.320s] writing manifest file '../../build/python_parameters/python_parameters.egg-info/SOURCES.txt'
[1.321s] running build
[1.321s] running build_py
[1.322s] creating /home/martin/ros2_workspaces/ros2_ws_dev/build/python_parameters/build
[1.322s] creating /home/martin/ros2_workspaces/ros2_ws_dev/build/python_parameters/build/lib
[1.322s] creating /home/martin/ros2_workspaces/ros2_ws_dev/build/python_parameters/build/lib/python_parameters
[1.322s] copying python_parameters/python_parameters_node.py -> /home/martin/ros2_workspaces/ros2_ws_dev/build/python_parameters/build/lib/python_parameters
[1.322s] copying python_parameters/__init__.py -> /home/martin/ros2_workspaces/ros2_ws_dev/build/python_parameters/build/lib/python_parameters
[1.323s] running install
[1.328s] /usr/lib/python3/dist-packages/setuptools/command/install.py:34: SetuptoolsDeprecationWarning: setup.py install is deprecated. Use build and pip and other standards-based tools.
[1.328s]   warnings.warn(
[1.329s] running install_lib
[1.330s] creating /home/martin/ros2_workspaces/ros2_ws_dev/install/python_parameters/lib/python3.10/site-packages/python_parameters
[1.330s] copying /home/martin/ros2_workspaces/ros2_ws_dev/build/python_parameters/build/lib/python_parameters/python_parameters_node.py -> /home/martin/ros2_workspaces/ros2_ws_dev/install/python_parameters/lib/python3.10/site-packages/python_parameters
[1.330s] copying /home/martin/ros2_workspaces/ros2_ws_dev/build/python_parameters/build/lib/python_parameters/__init__.py -> /home/martin/ros2_workspaces/ros2_ws_dev/install/python_parameters/lib/python3.10/site-packages/python_parameters
[1.331s] byte-compiling /home/martin/ros2_workspaces/ros2_ws_dev/install/python_parameters/lib/python3.10/site-packages/python_parameters/python_parameters_node.py to python_parameters_node.cpython-310.pyc
[1.332s] byte-compiling /home/martin/ros2_workspaces/ros2_ws_dev/install/python_parameters/lib/python3.10/site-packages/python_parameters/__init__.py to __init__.cpython-310.pyc
[1.332s] running install_data
[1.333s] creating /home/martin/ros2_workspaces/ros2_ws_dev/install/python_parameters/share/ament_index
[1.333s] creating /home/martin/ros2_workspaces/ros2_ws_dev/install/python_parameters/share/ament_index/resource_index
[1.333s] creating /home/martin/ros2_workspaces/ros2_ws_dev/install/python_parameters/share/ament_index/resource_index/packages
[1.333s] copying resource/python_parameters -> /home/martin/ros2_workspaces/ros2_ws_dev/install/python_parameters/share/ament_index/resource_index/packages
[1.333s] copying package.xml -> /home/martin/ros2_workspaces/ros2_ws_dev/install/python_parameters/share/python_parameters
[1.333s] running install_egg_info
[1.336s] Copying ../../build/python_parameters/python_parameters.egg-info to /home/martin/ros2_workspaces/ros2_ws_dev/install/python_parameters/lib/python3.10/site-packages/python_parameters-0.0.0-py3.10.egg-info
[1.337s] running install_scripts
[1.362s] Installing minimal_param_node script to /home/martin/ros2_workspaces/ros2_ws_dev/install/python_parameters/lib/python_parameters
[1.362s] writing list of installed files to '/home/martin/ros2_workspaces/ros2_ws_dev/build/python_parameters/install.log'
[1.394s] Invoked command in '/home/martin/ros2_workspaces/ros2_ws_dev/src/python_parameters' returned '0': PYTHONPATH=/home/martin/ros2_workspaces/ros2_ws_dev/install/python_parameters/lib/python3.10/site-packages:${PYTHONPATH} /usr/bin/python3 setup.py egg_info --egg-base ../../build/python_parameters build --build-base /home/martin/ros2_workspaces/ros2_ws_dev/build/python_parameters/build install --prefix /home/martin/ros2_workspaces/ros2_ws_dev/install/python_parameters --record /home/martin/ros2_workspaces/ros2_ws_dev/build/python_parameters/install.log --single-version-externally-managed
