[0.076s] Invoking command in '/home/martin/ros2_workspaces/ros2_ws_dev/build/tutorial_interfaces': CMAKE_PREFIX_PATH=/opt/ros/humble /usr/bin/cmake --build /home/martin/ros2_workspaces/ros2_ws_dev/build/tutorial_interfaces -- -j2 -l2
[0.834s] [  2%] Built target tutorial_interfaces__cpp
[0.847s] [35m[1mConsolidate compiler generated dependencies of target tutorial_interfaces__rosidl_generator_c[0m
[0.920s] [ 12%] Built target tutorial_interfaces__rosidl_generator_c
[1.004s] [35m[1mConsolidate compiler generated dependencies of target tutorial_interfaces__rosidl_typesupport_cpp[0m
[1.047s] [ 12%] Built target ament_cmake_python_copy_tutorial_interfaces
[1.069s] [ 23%] Built target tutorial_interfaces__rosidl_typesupport_cpp
[1.115s] [35m[1mConsolidate compiler generated dependencies of target tutorial_interfaces__rosidl_typesupport_fastrtps_c[0m
[1.160s] [35m[1mConsolidate compiler generated dependencies of target tutorial_interfaces__rosidl_typesupport_fastrtps_cpp[0m
[1.183s] [ 34%] Built target tutorial_interfaces__rosidl_typesupport_fastrtps_c
[1.217s] [ 44%] Built target tutorial_interfaces__rosidl_typesupport_fastrtps_cpp
[1.269s] [35m[1mConsolidate compiler generated dependencies of target tutorial_interfaces__rosidl_typesupport_introspection_c[0m
[1.269s] [35m[1mConsolidate compiler generated dependencies of target tutorial_interfaces__rosidl_typesupport_c[0m
[1.306s] [ 55%] Built target tutorial_interfaces__rosidl_typesupport_introspection_c
[1.346s] [ 65%] Built target tutorial_interfaces__rosidl_typesupport_c
[1.412s] [35m[1mConsolidate compiler generated dependencies of target tutorial_interfaces__rosidl_typesupport_introspection_cpp[0m
[1.504s] [ 76%] Built target tutorial_interfaces__rosidl_typesupport_introspection_cpp
[1.592s] [ 76%] Built target tutorial_interfaces
[1.669s] [ 78%] Built target tutorial_interfaces__py
[1.792s] [35m[1mConsolidate compiler generated dependencies of target tutorial_interfaces__rosidl_generator_py[0m
[1.885s] [ 87%] Built target tutorial_interfaces__rosidl_generator_py
[1.978s] [35m[1mConsolidate compiler generated dependencies of target tutorial_interfaces__rosidl_typesupport_fastrtps_c__pyext[0m
[2.035s] [ 91%] Built target tutorial_interfaces__rosidl_typesupport_fastrtps_c__pyext
[2.095s] running egg_info
[2.096s] writing tutorial_interfaces.egg-info/PKG-INFO
[2.097s] writing dependency_links to tutorial_interfaces.egg-info/dependency_links.txt
[2.106s] writing top-level names to tutorial_interfaces.egg-info/top_level.txt
[2.118s] [35m[1mConsolidate compiler generated dependencies of target tutorial_interfaces__rosidl_typesupport_introspection_c__pyext[0m
[2.118s] reading manifest file 'tutorial_interfaces.egg-info/SOURCES.txt'
[2.122s] writing manifest file 'tutorial_interfaces.egg-info/SOURCES.txt'
[2.157s] [ 95%] Built target tutorial_interfaces__rosidl_typesupport_introspection_c__pyext
[2.204s] [ 95%] Built target ament_cmake_python_build_tutorial_interfaces_egg
[2.223s] [35m[1mConsolidate compiler generated dependencies of target tutorial_interfaces__rosidl_typesupport_c__pyext[0m
[2.283s] [100%] Built target tutorial_interfaces__rosidl_typesupport_c__pyext
[2.322s] Invoked command in '/home/martin/ros2_workspaces/ros2_ws_dev/build/tutorial_interfaces' returned '0': CMAKE_PREFIX_PATH=/opt/ros/humble /usr/bin/cmake --build /home/martin/ros2_workspaces/ros2_ws_dev/build/tutorial_interfaces -- -j2 -l2
[2.849s] Invoking command in '/home/martin/ros2_workspaces/ros2_ws_dev/build/tutorial_interfaces': CMAKE_PREFIX_PATH=/opt/ros/humble /usr/bin/cmake --install /home/martin/ros2_workspaces/ros2_ws_dev/build/tutorial_interfaces
[2.896s] -- Install configuration: ""
[2.911s] -- Up-to-date: /home/martin/ros2_workspaces/ros2_ws_dev/install/tutorial_interfaces/share/ament_index/resource_index/rosidl_interfaces/tutorial_interfaces
[2.920s] -- Up-to-date: /home/martin/ros2_workspaces/ros2_ws_dev/install/tutorial_interfaces/include/tutorial_interfaces/tutorial_interfaces
[2.922s] -- Up-to-date: /home/martin/ros2_workspaces/ros2_ws_dev/install/tutorial_interfaces/include/tutorial_interfaces/tutorial_interfaces/srv
[2.924s] -- Up-to-date: /home/martin/ros2_workspaces/ros2_ws_dev/install/tutorial_interfaces/include/tutorial_interfaces/tutorial_interfaces/srv/detail
[2.927s] -- Up-to-date: /home/martin/ros2_workspaces/ros2_ws_dev/install/tutorial_interfaces/include/tutorial_interfaces/tutorial_interfaces/srv/detail/add_three_ints__functions.h
[2.927s] -- Up-to-date: /home/martin/ros2_workspaces/ros2_ws_dev/install/tutorial_interfaces/include/tutorial_interfaces/tutorial_interfaces/srv/detail/add_three_ints__functions.c
[2.928s] -- Up-to-date: /home/martin/ros2_workspaces/ros2_ws_dev/install/tutorial_interfaces/include/tutorial_interfaces/tutorial_interfaces/srv/detail/add_three_ints__struct.h
[2.928s] -- Up-to-date: /home/martin/ros2_workspaces/ros2_ws_dev/install/tutorial_interfaces/include/tutorial_interfaces/tutorial_interfaces/srv/detail/add_three_ints__type_support.h
[2.929s] -- Up-to-date: /home/martin/ros2_workspaces/ros2_ws_dev/install/tutorial_interfaces/include/tutorial_interfaces/tutorial_interfaces/srv/add_three_ints.h
[2.929s] -- Up-to-date: /home/martin/ros2_workspaces/ros2_ws_dev/install/tutorial_interfaces/include/tutorial_interfaces/tutorial_interfaces/msg
[2.932s] -- Up-to-date: /home/martin/ros2_workspaces/ros2_ws_dev/install/tutorial_interfaces/include/tutorial_interfaces/tutorial_interfaces/msg/num.h
[2.932s] -- Up-to-date: /home/martin/ros2_workspaces/ros2_ws_dev/install/tutorial_interfaces/include/tutorial_interfaces/tutorial_interfaces/msg/sphere.h
[2.933s] -- Up-to-date: /home/martin/ros2_workspaces/ros2_ws_dev/install/tutorial_interfaces/include/tutorial_interfaces/tutorial_interfaces/msg/rosidl_generator_c__visibility_control.h
[2.933s] -- Up-to-date: /home/martin/ros2_workspaces/ros2_ws_dev/install/tutorial_interfaces/include/tutorial_interfaces/tutorial_interfaces/msg/detail
[2.936s] -- Up-to-date: /home/martin/ros2_workspaces/ros2_ws_dev/install/tutorial_interfaces/include/tutorial_interfaces/tutorial_interfaces/msg/detail/sphere__type_support.h
[2.936s] -- Up-to-date: /home/martin/ros2_workspaces/ros2_ws_dev/install/tutorial_interfaces/include/tutorial_interfaces/tutorial_interfaces/msg/detail/num__struct.h
[2.937s] -- Up-to-date: /home/martin/ros2_workspaces/ros2_ws_dev/install/tutorial_interfaces/include/tutorial_interfaces/tutorial_interfaces/msg/detail/sphere__struct.h
[2.937s] -- Up-to-date: /home/martin/ros2_workspaces/ros2_ws_dev/install/tutorial_interfaces/include/tutorial_interfaces/tutorial_interfaces/msg/detail/sphere__functions.c
[2.937s] -- Up-to-date: /home/martin/ros2_workspaces/ros2_ws_dev/install/tutorial_interfaces/include/tutorial_interfaces/tutorial_interfaces/msg/detail/sphere__functions.h
[2.938s] -- Up-to-date: /home/martin/ros2_workspaces/ros2_ws_dev/install/tutorial_interfaces/include/tutorial_interfaces/tutorial_interfaces/msg/detail/num__functions.c
[2.938s] -- Up-to-date: /home/martin/ros2_workspaces/ros2_ws_dev/install/tutorial_interfaces/include/tutorial_interfaces/tutorial_interfaces/msg/detail/num__type_support.h
[2.939s] -- Up-to-date: /home/martin/ros2_workspaces/ros2_ws_dev/install/tutorial_interfaces/include/tutorial_interfaces/tutorial_interfaces/msg/detail/num__functions.h
[2.944s] -- Up-to-date: /home/martin/ros2_workspaces/ros2_ws_dev/install/tutorial_interfaces/share/tutorial_interfaces/environment/library_path.sh
[2.944s] -- Up-to-date: /home/martin/ros2_workspaces/ros2_ws_dev/install/tutorial_interfaces/share/tutorial_interfaces/environment/library_path.dsv
[2.956s] -- Up-to-date: /home/martin/ros2_workspaces/ros2_ws_dev/install/tutorial_interfaces/lib/libtutorial_interfaces__rosidl_generator_c.so
[2.957s] -- Up-to-date: /home/martin/ros2_workspaces/ros2_ws_dev/install/tutorial_interfaces/include/tutorial_interfaces/tutorial_interfaces
[2.957s] -- Up-to-date: /home/martin/ros2_workspaces/ros2_ws_dev/install/tutorial_interfaces/include/tutorial_interfaces/tutorial_interfaces/srv
[2.958s] -- Up-to-date: /home/martin/ros2_workspaces/ros2_ws_dev/install/tutorial_interfaces/include/tutorial_interfaces/tutorial_interfaces/srv/detail
[2.958s] -- Up-to-date: /home/martin/ros2_workspaces/ros2_ws_dev/install/tutorial_interfaces/include/tutorial_interfaces/tutorial_interfaces/srv/detail/add_three_ints__rosidl_typesupport_fastrtps_c.h
[2.958s] -- Up-to-date: /home/martin/ros2_workspaces/ros2_ws_dev/install/tutorial_interfaces/include/tutorial_interfaces/tutorial_interfaces/msg
[2.959s] -- Up-to-date: /home/martin/ros2_workspaces/ros2_ws_dev/install/tutorial_interfaces/include/tutorial_interfaces/tutorial_interfaces/msg/rosidl_typesupport_fastrtps_c__visibility_control.h
[2.959s] -- Up-to-date: /home/martin/ros2_workspaces/ros2_ws_dev/install/tutorial_interfaces/include/tutorial_interfaces/tutorial_interfaces/msg/detail
[2.960s] -- Up-to-date: /home/martin/ros2_workspaces/ros2_ws_dev/install/tutorial_interfaces/include/tutorial_interfaces/tutorial_interfaces/msg/detail/num__rosidl_typesupport_fastrtps_c.h
[2.960s] -- Up-to-date: /home/martin/ros2_workspaces/ros2_ws_dev/install/tutorial_interfaces/include/tutorial_interfaces/tutorial_interfaces/msg/detail/sphere__rosidl_typesupport_fastrtps_c.h
[2.968s] -- Up-to-date: /home/martin/ros2_workspaces/ros2_ws_dev/install/tutorial_interfaces/lib/libtutorial_interfaces__rosidl_typesupport_fastrtps_c.so
[2.969s] -- Up-to-date: /home/martin/ros2_workspaces/ros2_ws_dev/install/tutorial_interfaces/include/tutorial_interfaces/tutorial_interfaces
[2.969s] -- Up-to-date: /home/martin/ros2_workspaces/ros2_ws_dev/install/tutorial_interfaces/include/tutorial_interfaces/tutorial_interfaces/srv
[2.970s] -- Up-to-date: /home/martin/ros2_workspaces/ros2_ws_dev/install/tutorial_interfaces/include/tutorial_interfaces/tutorial_interfaces/srv/add_three_ints.hpp
[2.970s] -- Up-to-date: /home/martin/ros2_workspaces/ros2_ws_dev/install/tutorial_interfaces/include/tutorial_interfaces/tutorial_interfaces/srv/detail
[2.970s] -- Up-to-date: /home/martin/ros2_workspaces/ros2_ws_dev/install/tutorial_interfaces/include/tutorial_interfaces/tutorial_interfaces/srv/detail/add_three_ints__builder.hpp
[2.971s] -- Up-to-date: /home/martin/ros2_workspaces/ros2_ws_dev/install/tutorial_interfaces/include/tutorial_interfaces/tutorial_interfaces/srv/detail/add_three_ints__traits.hpp
[2.971s] -- Up-to-date: /home/martin/ros2_workspaces/ros2_ws_dev/install/tutorial_interfaces/include/tutorial_interfaces/tutorial_interfaces/srv/detail/add_three_ints__struct.hpp
[2.972s] -- Up-to-date: /home/martin/ros2_workspaces/ros2_ws_dev/install/tutorial_interfaces/include/tutorial_interfaces/tutorial_interfaces/msg
[2.972s] -- Up-to-date: /home/martin/ros2_workspaces/ros2_ws_dev/install/tutorial_interfaces/include/tutorial_interfaces/tutorial_interfaces/msg/num.hpp
[2.973s] -- Up-to-date: /home/martin/ros2_workspaces/ros2_ws_dev/install/tutorial_interfaces/include/tutorial_interfaces/tutorial_interfaces/msg/detail
[2.973s] -- Up-to-date: /home/martin/ros2_workspaces/ros2_ws_dev/install/tutorial_interfaces/include/tutorial_interfaces/tutorial_interfaces/msg/detail/num__struct.hpp
[2.973s] -- Up-to-date: /home/martin/ros2_workspaces/ros2_ws_dev/install/tutorial_interfaces/include/tutorial_interfaces/tutorial_interfaces/msg/detail/sphere__struct.hpp
[2.974s] -- Up-to-date: /home/martin/ros2_workspaces/ros2_ws_dev/install/tutorial_interfaces/include/tutorial_interfaces/tutorial_interfaces/msg/detail/num__builder.hpp
[2.974s] -- Up-to-date: /home/martin/ros2_workspaces/ros2_ws_dev/install/tutorial_interfaces/include/tutorial_interfaces/tutorial_interfaces/msg/detail/num__traits.hpp
[2.975s] -- Up-to-date: /home/martin/ros2_workspaces/ros2_ws_dev/install/tutorial_interfaces/include/tutorial_interfaces/tutorial_interfaces/msg/detail/sphere__builder.hpp
[2.977s] -- Up-to-date: /home/martin/ros2_workspaces/ros2_ws_dev/install/tutorial_interfaces/include/tutorial_interfaces/tutorial_interfaces/msg/detail/sphere__traits.hpp
[2.977s] -- Up-to-date: /home/martin/ros2_workspaces/ros2_ws_dev/install/tutorial_interfaces/include/tutorial_interfaces/tutorial_interfaces/msg/sphere.hpp
[2.977s] -- Up-to-date: /home/martin/ros2_workspaces/ros2_ws_dev/install/tutorial_interfaces/include/tutorial_interfaces/tutorial_interfaces
[2.978s] -- Up-to-date: /home/martin/ros2_workspaces/ros2_ws_dev/install/tutorial_interfaces/include/tutorial_interfaces/tutorial_interfaces/srv
[2.978s] -- Up-to-date: /home/martin/ros2_workspaces/ros2_ws_dev/install/tutorial_interfaces/include/tutorial_interfaces/tutorial_interfaces/srv/detail
[2.979s] -- Up-to-date: /home/martin/ros2_workspaces/ros2_ws_dev/install/tutorial_interfaces/include/tutorial_interfaces/tutorial_interfaces/srv/detail/dds_fastrtps
[2.979s] -- Up-to-date: /home/martin/ros2_workspaces/ros2_ws_dev/install/tutorial_interfaces/include/tutorial_interfaces/tutorial_interfaces/srv/detail/add_three_ints__rosidl_typesupport_fastrtps_cpp.hpp
[2.980s] -- Up-to-date: /home/martin/ros2_workspaces/ros2_ws_dev/install/tutorial_interfaces/include/tutorial_interfaces/tutorial_interfaces/msg
[2.980s] -- Up-to-date: /home/martin/ros2_workspaces/ros2_ws_dev/install/tutorial_interfaces/include/tutorial_interfaces/tutorial_interfaces/msg/detail
[2.981s] -- Up-to-date: /home/martin/ros2_workspaces/ros2_ws_dev/install/tutorial_interfaces/include/tutorial_interfaces/tutorial_interfaces/msg/detail/dds_fastrtps
[2.982s] -- Up-to-date: /home/martin/ros2_workspaces/ros2_ws_dev/install/tutorial_interfaces/include/tutorial_interfaces/tutorial_interfaces/msg/detail/sphere__rosidl_typesupport_fastrtps_cpp.hpp
[2.983s] -- Up-to-date: /home/martin/ros2_workspaces/ros2_ws_dev/install/tutorial_interfaces/include/tutorial_interfaces/tutorial_interfaces/msg/detail/num__rosidl_typesupport_fastrtps_cpp.hpp
[2.983s] -- Up-to-date: /home/martin/ros2_workspaces/ros2_ws_dev/install/tutorial_interfaces/include/tutorial_interfaces/tutorial_interfaces/msg/rosidl_typesupport_fastrtps_cpp__visibility_control.h
[2.997s] -- Up-to-date: /home/martin/ros2_workspaces/ros2_ws_dev/install/tutorial_interfaces/lib/libtutorial_interfaces__rosidl_typesupport_fastrtps_cpp.so
[2.998s] -- Up-to-date: /home/martin/ros2_workspaces/ros2_ws_dev/install/tutorial_interfaces/include/tutorial_interfaces/tutorial_interfaces
[2.999s] -- Up-to-date: /home/martin/ros2_workspaces/ros2_ws_dev/install/tutorial_interfaces/include/tutorial_interfaces/tutorial_interfaces/srv
[2.999s] -- Up-to-date: /home/martin/ros2_workspaces/ros2_ws_dev/install/tutorial_interfaces/include/tutorial_interfaces/tutorial_interfaces/srv/detail
[3.000s] -- Up-to-date: /home/martin/ros2_workspaces/ros2_ws_dev/install/tutorial_interfaces/include/tutorial_interfaces/tutorial_interfaces/srv/detail/add_three_ints__type_support.c
[3.000s] -- Up-to-date: /home/martin/ros2_workspaces/ros2_ws_dev/install/tutorial_interfaces/include/tutorial_interfaces/tutorial_interfaces/srv/detail/add_three_ints__rosidl_typesupport_introspection_c.h
[3.001s] -- Up-to-date: /home/martin/ros2_workspaces/ros2_ws_dev/install/tutorial_interfaces/include/tutorial_interfaces/tutorial_interfaces/msg
[3.001s] -- Up-to-date: /home/martin/ros2_workspaces/ros2_ws_dev/install/tutorial_interfaces/include/tutorial_interfaces/tutorial_interfaces/msg/rosidl_typesupport_introspection_c__visibility_control.h
[3.001s] -- Up-to-date: /home/martin/ros2_workspaces/ros2_ws_dev/install/tutorial_interfaces/include/tutorial_interfaces/tutorial_interfaces/msg/detail
[3.002s] -- Up-to-date: /home/martin/ros2_workspaces/ros2_ws_dev/install/tutorial_interfaces/include/tutorial_interfaces/tutorial_interfaces/msg/detail/sphere__type_support.c
[3.002s] -- Up-to-date: /home/martin/ros2_workspaces/ros2_ws_dev/install/tutorial_interfaces/include/tutorial_interfaces/tutorial_interfaces/msg/detail/num__rosidl_typesupport_introspection_c.h
[3.003s] -- Up-to-date: /home/martin/ros2_workspaces/ros2_ws_dev/install/tutorial_interfaces/include/tutorial_interfaces/tutorial_interfaces/msg/detail/num__type_support.c
[3.003s] -- Up-to-date: /home/martin/ros2_workspaces/ros2_ws_dev/install/tutorial_interfaces/include/tutorial_interfaces/tutorial_interfaces/msg/detail/sphere__rosidl_typesupport_introspection_c.h
[3.013s] -- Up-to-date: /home/martin/ros2_workspaces/ros2_ws_dev/install/tutorial_interfaces/lib/libtutorial_interfaces__rosidl_typesupport_introspection_c.so
[3.022s] -- Up-to-date: /home/martin/ros2_workspaces/ros2_ws_dev/install/tutorial_interfaces/lib/libtutorial_interfaces__rosidl_typesupport_c.so
[3.023s] -- Up-to-date: /home/martin/ros2_workspaces/ros2_ws_dev/install/tutorial_interfaces/include/tutorial_interfaces/tutorial_interfaces
[3.024s] -- Up-to-date: /home/martin/ros2_workspaces/ros2_ws_dev/install/tutorial_interfaces/include/tutorial_interfaces/tutorial_interfaces/srv
[3.024s] -- Up-to-date: /home/martin/ros2_workspaces/ros2_ws_dev/install/tutorial_interfaces/include/tutorial_interfaces/tutorial_interfaces/srv/detail
[3.025s] -- Up-to-date: /home/martin/ros2_workspaces/ros2_ws_dev/install/tutorial_interfaces/include/tutorial_interfaces/tutorial_interfaces/srv/detail/add_three_ints__type_support.cpp
[3.025s] -- Up-to-date: /home/martin/ros2_workspaces/ros2_ws_dev/install/tutorial_interfaces/include/tutorial_interfaces/tutorial_interfaces/srv/detail/add_three_ints__rosidl_typesupport_introspection_cpp.hpp
[3.025s] -- Up-to-date: /home/martin/ros2_workspaces/ros2_ws_dev/install/tutorial_interfaces/include/tutorial_interfaces/tutorial_interfaces/msg
[3.026s] -- Up-to-date: /home/martin/ros2_workspaces/ros2_ws_dev/install/tutorial_interfaces/include/tutorial_interfaces/tutorial_interfaces/msg/detail
[3.026s] -- Up-to-date: /home/martin/ros2_workspaces/ros2_ws_dev/install/tutorial_interfaces/include/tutorial_interfaces/tutorial_interfaces/msg/detail/sphere__rosidl_typesupport_introspection_cpp.hpp
[3.027s] -- Up-to-date: /home/martin/ros2_workspaces/ros2_ws_dev/install/tutorial_interfaces/include/tutorial_interfaces/tutorial_interfaces/msg/detail/sphere__type_support.cpp
[3.027s] -- Up-to-date: /home/martin/ros2_workspaces/ros2_ws_dev/install/tutorial_interfaces/include/tutorial_interfaces/tutorial_interfaces/msg/detail/num__rosidl_typesupport_introspection_cpp.hpp
[3.028s] -- Up-to-date: /home/martin/ros2_workspaces/ros2_ws_dev/install/tutorial_interfaces/include/tutorial_interfaces/tutorial_interfaces/msg/detail/num__type_support.cpp
[3.036s] -- Up-to-date: /home/martin/ros2_workspaces/ros2_ws_dev/install/tutorial_interfaces/lib/libtutorial_interfaces__rosidl_typesupport_introspection_cpp.so
[3.046s] -- Up-to-date: /home/martin/ros2_workspaces/ros2_ws_dev/install/tutorial_interfaces/lib/libtutorial_interfaces__rosidl_typesupport_cpp.so
[3.047s] -- Up-to-date: /home/martin/ros2_workspaces/ros2_ws_dev/install/tutorial_interfaces/share/tutorial_interfaces/environment/pythonpath.sh
[3.047s] -- Up-to-date: /home/martin/ros2_workspaces/ros2_ws_dev/install/tutorial_interfaces/share/tutorial_interfaces/environment/pythonpath.dsv
[3.061s] -- Up-to-date: /home/martin/ros2_workspaces/ros2_ws_dev/install/tutorial_interfaces/local/lib/python3.10/dist-packages/tutorial_interfaces-0.0.0-py3.10.egg-info
[3.063s] -- Installing: /home/martin/ros2_workspaces/ros2_ws_dev/install/tutorial_interfaces/local/lib/python3.10/dist-packages/tutorial_interfaces-0.0.0-py3.10.egg-info/dependency_links.txt
[3.064s] -- Installing: /home/martin/ros2_workspaces/ros2_ws_dev/install/tutorial_interfaces/local/lib/python3.10/dist-packages/tutorial_interfaces-0.0.0-py3.10.egg-info/SOURCES.txt
[3.064s] -- Installing: /home/martin/ros2_workspaces/ros2_ws_dev/install/tutorial_interfaces/local/lib/python3.10/dist-packages/tutorial_interfaces-0.0.0-py3.10.egg-info/PKG-INFO
[3.065s] -- Installing: /home/martin/ros2_workspaces/ros2_ws_dev/install/tutorial_interfaces/local/lib/python3.10/dist-packages/tutorial_interfaces-0.0.0-py3.10.egg-info/top_level.txt
[3.065s] -- Up-to-date: /home/martin/ros2_workspaces/ros2_ws_dev/install/tutorial_interfaces/local/lib/python3.10/dist-packages/tutorial_interfaces
[3.068s] -- Up-to-date: /home/martin/ros2_workspaces/ros2_ws_dev/install/tutorial_interfaces/local/lib/python3.10/dist-packages/tutorial_interfaces/srv
[3.070s] -- Up-to-date: /home/martin/ros2_workspaces/ros2_ws_dev/install/tutorial_interfaces/local/lib/python3.10/dist-packages/tutorial_interfaces/srv/_add_three_ints.py
[3.070s] -- Up-to-date: /home/martin/ros2_workspaces/ros2_ws_dev/install/tutorial_interfaces/local/lib/python3.10/dist-packages/tutorial_interfaces/srv/_add_three_ints_s.c
[3.071s] -- Up-to-date: /home/martin/ros2_workspaces/ros2_ws_dev/install/tutorial_interfaces/local/lib/python3.10/dist-packages/tutorial_interfaces/srv/__init__.py
[3.071s] -- Up-to-date: /home/martin/ros2_workspaces/ros2_ws_dev/install/tutorial_interfaces/local/lib/python3.10/dist-packages/tutorial_interfaces/_tutorial_interfaces_s.ep.rosidl_typesupport_c.c
[3.071s] -- Up-to-date: /home/martin/ros2_workspaces/ros2_ws_dev/install/tutorial_interfaces/local/lib/python3.10/dist-packages/tutorial_interfaces/libtutorial_interfaces__rosidl_generator_py.so
[3.072s] -- Up-to-date: /home/martin/ros2_workspaces/ros2_ws_dev/install/tutorial_interfaces/local/lib/python3.10/dist-packages/tutorial_interfaces/msg
[3.074s] -- Up-to-date: /home/martin/ros2_workspaces/ros2_ws_dev/install/tutorial_interfaces/local/lib/python3.10/dist-packages/tutorial_interfaces/msg/_num.py
[3.075s] -- Up-to-date: /home/martin/ros2_workspaces/ros2_ws_dev/install/tutorial_interfaces/local/lib/python3.10/dist-packages/tutorial_interfaces/msg/_num_s.c
[3.075s] -- Up-to-date: /home/martin/ros2_workspaces/ros2_ws_dev/install/tutorial_interfaces/local/lib/python3.10/dist-packages/tutorial_interfaces/msg/_sphere_s.c
[3.075s] -- Up-to-date: /home/martin/ros2_workspaces/ros2_ws_dev/install/tutorial_interfaces/local/lib/python3.10/dist-packages/tutorial_interfaces/msg/_sphere.py
[3.076s] -- Up-to-date: /home/martin/ros2_workspaces/ros2_ws_dev/install/tutorial_interfaces/local/lib/python3.10/dist-packages/tutorial_interfaces/msg/__init__.py
[3.076s] -- Up-to-date: /home/martin/ros2_workspaces/ros2_ws_dev/install/tutorial_interfaces/local/lib/python3.10/dist-packages/tutorial_interfaces/tutorial_interfaces_s__rosidl_typesupport_c.cpython-310-x86_64-linux-gnu.so
[3.077s] -- Up-to-date: /home/martin/ros2_workspaces/ros2_ws_dev/install/tutorial_interfaces/local/lib/python3.10/dist-packages/tutorial_interfaces/_tutorial_interfaces_s.ep.rosidl_typesupport_introspection_c.c
[3.077s] -- Up-to-date: /home/martin/ros2_workspaces/ros2_ws_dev/install/tutorial_interfaces/local/lib/python3.10/dist-packages/tutorial_interfaces/tutorial_interfaces_s__rosidl_typesupport_introspection_c.cpython-310-x86_64-linux-gnu.so
[3.078s] -- Up-to-date: /home/martin/ros2_workspaces/ros2_ws_dev/install/tutorial_interfaces/local/lib/python3.10/dist-packages/tutorial_interfaces/_tutorial_interfaces_s.ep.rosidl_typesupport_fastrtps_c.c
[3.078s] -- Up-to-date: /home/martin/ros2_workspaces/ros2_ws_dev/install/tutorial_interfaces/local/lib/python3.10/dist-packages/tutorial_interfaces/tutorial_interfaces_s__rosidl_typesupport_fastrtps_c.cpython-310-x86_64-linux-gnu.so
[3.078s] -- Up-to-date: /home/martin/ros2_workspaces/ros2_ws_dev/install/tutorial_interfaces/local/lib/python3.10/dist-packages/tutorial_interfaces/__init__.py
[3.190s] Listing '/home/martin/ros2_workspaces/ros2_ws_dev/install/tutorial_interfaces/local/lib/python3.10/dist-packages/tutorial_interfaces'...
[3.191s] Listing '/home/martin/ros2_workspaces/ros2_ws_dev/install/tutorial_interfaces/local/lib/python3.10/dist-packages/tutorial_interfaces/msg'...
[3.191s] Listing '/home/martin/ros2_workspaces/ros2_ws_dev/install/tutorial_interfaces/local/lib/python3.10/dist-packages/tutorial_interfaces/srv'...
[3.214s] -- Up-to-date: /home/martin/ros2_workspaces/ros2_ws_dev/install/tutorial_interfaces/local/lib/python3.10/dist-packages/tutorial_interfaces/tutorial_interfaces_s__rosidl_typesupport_fastrtps_c.cpython-310-x86_64-linux-gnu.so
[3.220s] -- Up-to-date: /home/martin/ros2_workspaces/ros2_ws_dev/install/tutorial_interfaces/local/lib/python3.10/dist-packages/tutorial_interfaces/tutorial_interfaces_s__rosidl_typesupport_introspection_c.cpython-310-x86_64-linux-gnu.so
[3.231s] -- Up-to-date: /home/martin/ros2_workspaces/ros2_ws_dev/install/tutorial_interfaces/local/lib/python3.10/dist-packages/tutorial_interfaces/tutorial_interfaces_s__rosidl_typesupport_c.cpython-310-x86_64-linux-gnu.so
[3.238s] -- Up-to-date: /home/martin/ros2_workspaces/ros2_ws_dev/install/tutorial_interfaces/lib/libtutorial_interfaces__rosidl_generator_py.so
[3.242s] -- Up-to-date: /home/martin/ros2_workspaces/ros2_ws_dev/install/tutorial_interfaces/share/tutorial_interfaces/msg/Num.idl
[3.243s] -- Up-to-date: /home/martin/ros2_workspaces/ros2_ws_dev/install/tutorial_interfaces/share/tutorial_interfaces/msg/Sphere.idl
[3.247s] -- Up-to-date: /home/martin/ros2_workspaces/ros2_ws_dev/install/tutorial_interfaces/share/tutorial_interfaces/srv/AddThreeInts.idl
[3.248s] -- Up-to-date: /home/martin/ros2_workspaces/ros2_ws_dev/install/tutorial_interfaces/share/tutorial_interfaces/msg/Num.msg
[3.248s] -- Up-to-date: /home/martin/ros2_workspaces/ros2_ws_dev/install/tutorial_interfaces/share/tutorial_interfaces/msg/Sphere.msg
[3.249s] -- Up-to-date: /home/martin/ros2_workspaces/ros2_ws_dev/install/tutorial_interfaces/share/tutorial_interfaces/srv/AddThreeInts.srv
[3.249s] -- Up-to-date: /home/martin/ros2_workspaces/ros2_ws_dev/install/tutorial_interfaces/share/tutorial_interfaces/srv/AddThreeInts_Request.msg
[3.250s] -- Up-to-date: /home/martin/ros2_workspaces/ros2_ws_dev/install/tutorial_interfaces/share/tutorial_interfaces/srv/AddThreeInts_Response.msg
[3.255s] -- Up-to-date: /home/martin/ros2_workspaces/ros2_ws_dev/install/tutorial_interfaces/share/ament_index/resource_index/package_run_dependencies/tutorial_interfaces
[3.259s] -- Up-to-date: /home/martin/ros2_workspaces/ros2_ws_dev/install/tutorial_interfaces/share/ament_index/resource_index/parent_prefix_path/tutorial_interfaces
[3.260s] -- Up-to-date: /home/martin/ros2_workspaces/ros2_ws_dev/install/tutorial_interfaces/share/tutorial_interfaces/environment/ament_prefix_path.sh
[3.262s] -- Up-to-date: /home/martin/ros2_workspaces/ros2_ws_dev/install/tutorial_interfaces/share/tutorial_interfaces/environment/ament_prefix_path.dsv
[3.263s] -- Up-to-date: /home/martin/ros2_workspaces/ros2_ws_dev/install/tutorial_interfaces/share/tutorial_interfaces/environment/path.sh
[3.263s] -- Up-to-date: /home/martin/ros2_workspaces/ros2_ws_dev/install/tutorial_interfaces/share/tutorial_interfaces/environment/path.dsv
[3.264s] -- Up-to-date: /home/martin/ros2_workspaces/ros2_ws_dev/install/tutorial_interfaces/share/tutorial_interfaces/local_setup.bash
[3.264s] -- Up-to-date: /home/martin/ros2_workspaces/ros2_ws_dev/install/tutorial_interfaces/share/tutorial_interfaces/local_setup.sh
[3.265s] -- Up-to-date: /home/martin/ros2_workspaces/ros2_ws_dev/install/tutorial_interfaces/share/tutorial_interfaces/local_setup.zsh
[3.265s] -- Up-to-date: /home/martin/ros2_workspaces/ros2_ws_dev/install/tutorial_interfaces/share/tutorial_interfaces/local_setup.dsv
[3.266s] -- Installing: /home/martin/ros2_workspaces/ros2_ws_dev/install/tutorial_interfaces/share/tutorial_interfaces/package.dsv
[3.272s] -- Up-to-date: /home/martin/ros2_workspaces/ros2_ws_dev/install/tutorial_interfaces/share/ament_index/resource_index/packages/tutorial_interfaces
[3.299s] -- Up-to-date: /home/martin/ros2_workspaces/ros2_ws_dev/install/tutorial_interfaces/share/tutorial_interfaces/cmake/export_tutorial_interfaces__rosidl_generator_cExport.cmake
[3.300s] -- Up-to-date: /home/martin/ros2_workspaces/ros2_ws_dev/install/tutorial_interfaces/share/tutorial_interfaces/cmake/export_tutorial_interfaces__rosidl_generator_cExport-noconfig.cmake
[3.310s] -- Up-to-date: /home/martin/ros2_workspaces/ros2_ws_dev/install/tutorial_interfaces/share/tutorial_interfaces/cmake/export_tutorial_interfaces__rosidl_typesupport_fastrtps_cExport.cmake
[3.311s] -- Up-to-date: /home/martin/ros2_workspaces/ros2_ws_dev/install/tutorial_interfaces/share/tutorial_interfaces/cmake/export_tutorial_interfaces__rosidl_typesupport_fastrtps_cExport-noconfig.cmake
[3.317s] -- Up-to-date: /home/martin/ros2_workspaces/ros2_ws_dev/install/tutorial_interfaces/share/tutorial_interfaces/cmake/export_tutorial_interfaces__rosidl_generator_cppExport.cmake
[3.324s] -- Up-to-date: /home/martin/ros2_workspaces/ros2_ws_dev/install/tutorial_interfaces/share/tutorial_interfaces/cmake/export_tutorial_interfaces__rosidl_typesupport_fastrtps_cppExport.cmake
[3.326s] -- Up-to-date: /home/martin/ros2_workspaces/ros2_ws_dev/install/tutorial_interfaces/share/tutorial_interfaces/cmake/export_tutorial_interfaces__rosidl_typesupport_fastrtps_cppExport-noconfig.cmake
[3.333s] -- Up-to-date: /home/martin/ros2_workspaces/ros2_ws_dev/install/tutorial_interfaces/share/tutorial_interfaces/cmake/tutorial_interfaces__rosidl_typesupport_introspection_cExport.cmake
[3.333s] -- Up-to-date: /home/martin/ros2_workspaces/ros2_ws_dev/install/tutorial_interfaces/share/tutorial_interfaces/cmake/tutorial_interfaces__rosidl_typesupport_introspection_cExport-noconfig.cmake
[3.339s] -- Up-to-date: /home/martin/ros2_workspaces/ros2_ws_dev/install/tutorial_interfaces/share/tutorial_interfaces/cmake/tutorial_interfaces__rosidl_typesupport_cExport.cmake
[3.340s] -- Up-to-date: /home/martin/ros2_workspaces/ros2_ws_dev/install/tutorial_interfaces/share/tutorial_interfaces/cmake/tutorial_interfaces__rosidl_typesupport_cExport-noconfig.cmake
[3.346s] -- Up-to-date: /home/martin/ros2_workspaces/ros2_ws_dev/install/tutorial_interfaces/share/tutorial_interfaces/cmake/tutorial_interfaces__rosidl_typesupport_introspection_cppExport.cmake
[3.347s] -- Up-to-date: /home/martin/ros2_workspaces/ros2_ws_dev/install/tutorial_interfaces/share/tutorial_interfaces/cmake/tutorial_interfaces__rosidl_typesupport_introspection_cppExport-noconfig.cmake
[3.353s] -- Up-to-date: /home/martin/ros2_workspaces/ros2_ws_dev/install/tutorial_interfaces/share/tutorial_interfaces/cmake/tutorial_interfaces__rosidl_typesupport_cppExport.cmake
[3.353s] -- Up-to-date: /home/martin/ros2_workspaces/ros2_ws_dev/install/tutorial_interfaces/share/tutorial_interfaces/cmake/tutorial_interfaces__rosidl_typesupport_cppExport-noconfig.cmake
[3.358s] -- Up-to-date: /home/martin/ros2_workspaces/ros2_ws_dev/install/tutorial_interfaces/share/tutorial_interfaces/cmake/export_tutorial_interfaces__rosidl_generator_pyExport.cmake
[3.359s] -- Up-to-date: /home/martin/ros2_workspaces/ros2_ws_dev/install/tutorial_interfaces/share/tutorial_interfaces/cmake/export_tutorial_interfaces__rosidl_generator_pyExport-noconfig.cmake
[3.359s] -- Up-to-date: /home/martin/ros2_workspaces/ros2_ws_dev/install/tutorial_interfaces/share/tutorial_interfaces/cmake/rosidl_cmake-extras.cmake
[3.359s] -- Up-to-date: /home/martin/ros2_workspaces/ros2_ws_dev/install/tutorial_interfaces/share/tutorial_interfaces/cmake/ament_cmake_export_dependencies-extras.cmake
[3.360s] -- Up-to-date: /home/martin/ros2_workspaces/ros2_ws_dev/install/tutorial_interfaces/share/tutorial_interfaces/cmake/ament_cmake_export_include_directories-extras.cmake
[3.360s] -- Up-to-date: /home/martin/ros2_workspaces/ros2_ws_dev/install/tutorial_interfaces/share/tutorial_interfaces/cmake/ament_cmake_export_libraries-extras.cmake
[3.360s] -- Up-to-date: /home/martin/ros2_workspaces/ros2_ws_dev/install/tutorial_interfaces/share/tutorial_interfaces/cmake/ament_cmake_export_targets-extras.cmake
[3.361s] -- Up-to-date: /home/martin/ros2_workspaces/ros2_ws_dev/install/tutorial_interfaces/share/tutorial_interfaces/cmake/rosidl_cmake_export_typesupport_targets-extras.cmake
[3.361s] -- Up-to-date: /home/martin/ros2_workspaces/ros2_ws_dev/install/tutorial_interfaces/share/tutorial_interfaces/cmake/rosidl_cmake_export_typesupport_libraries-extras.cmake
[3.362s] -- Up-to-date: /home/martin/ros2_workspaces/ros2_ws_dev/install/tutorial_interfaces/share/tutorial_interfaces/cmake/tutorial_interfacesConfig.cmake
[3.362s] -- Up-to-date: /home/martin/ros2_workspaces/ros2_ws_dev/install/tutorial_interfaces/share/tutorial_interfaces/cmake/tutorial_interfacesConfig-version.cmake
[3.362s] -- Up-to-date: /home/martin/ros2_workspaces/ros2_ws_dev/install/tutorial_interfaces/share/tutorial_interfaces/package.xml
[3.376s] Invoked command in '/home/martin/ros2_workspaces/ros2_ws_dev/build/tutorial_interfaces' returned '0': CMAKE_PREFIX_PATH=/opt/ros/humble /usr/bin/cmake --install /home/martin/ros2_workspaces/ros2_ws_dev/build/tutorial_interfaces
