[0.018s] Invoking command in '/home/martin/ros2_workspaces/ros2_ws_dev/build/polygon_plugins': AMENT_PREFIX_PATH=/home/martin/ros2_workspaces/ros2_ws_dev/install/polygon_base:${AMENT_PREFIX_PATH} CMAKE_PREFIX_PATH=/home/martin/ros2_workspaces/ros2_ws_dev/install/polygon_base:/opt/ros/humble PS1=(venv) \[\e]0;\u@\h: \w\a\]${debian_chroot:+($debian_chroot)}\[\033[01;32m\]\u@\h\[\033[00m\]:\[\033[01;34m\]\w\[\033[00m\]\$ VIRTUAL_ENV_PROMPT=(venv) /usr/bin/cmake --build /home/martin/ros2_workspaces/ros2_ws_dev/build/polygon_plugins -- -j2 -l2
[0.131s] [100%] Built target polygon_plugins
[0.148s] Invoked command in '/home/martin/ros2_workspaces/ros2_ws_dev/build/polygon_plugins' returned '0': AMENT_PREFIX_PATH=/home/martin/ros2_workspaces/ros2_ws_dev/install/polygon_base:${AMENT_PREFIX_PATH} CMAKE_PREFIX_PATH=/home/martin/ros2_workspaces/ros2_ws_dev/install/polygon_base:/opt/ros/humble PS1=(venv) \[\e]0;\u@\h: \w\a\]${debian_chroot:+($debian_chroot)}\[\033[01;32m\]\u@\h\[\033[00m\]:\[\033[01;34m\]\w\[\033[00m\]\$ VIRTUAL_ENV_PROMPT=(venv) /usr/bin/cmake --build /home/martin/ros2_workspaces/ros2_ws_dev/build/polygon_plugins -- -j2 -l2
[0.205s] Invoking command in '/home/martin/ros2_workspaces/ros2_ws_dev/build/polygon_plugins': AMENT_PREFIX_PATH=/home/martin/ros2_workspaces/ros2_ws_dev/install/polygon_base:${AMENT_PREFIX_PATH} CMAKE_PREFIX_PATH=/home/martin/ros2_workspaces/ros2_ws_dev/install/polygon_base:/opt/ros/humble PS1=(venv) \[\e]0;\u@\h: \w\a\]${debian_chroot:+($debian_chroot)}\[\033[01;32m\]\u@\h\[\033[00m\]:\[\033[01;34m\]\w\[\033[00m\]\$ VIRTUAL_ENV_PROMPT=(venv) /usr/bin/cmake --install /home/martin/ros2_workspaces/ros2_ws_dev/build/polygon_plugins
[0.221s] -- Install configuration: ""
[0.224s] -- Up-to-date: /home/martin/ros2_workspaces/ros2_ws_dev/install/polygon_plugins/share/polygon_plugins/plugins.xml
[0.226s] -- Up-to-date: /home/martin/ros2_workspaces/ros2_ws_dev/install/polygon_plugins/include
[0.226s] -- Up-to-date: /home/martin/ros2_workspaces/ros2_ws_dev/install/polygon_plugins/include/polygon_plugins
[0.229s] -- Up-to-date: /home/martin/ros2_workspaces/ros2_ws_dev/install/polygon_plugins/include/polygon_plugins/visibility_control.h
[0.229s] -- Up-to-date: /home/martin/ros2_workspaces/ros2_ws_dev/install/polygon_plugins/include/polygon_plugins/polygon_plugins.hpp
[0.234s] -- Up-to-date: /home/martin/ros2_workspaces/ros2_ws_dev/install/polygon_plugins/lib/libpolygon_plugins.so
[0.235s] -- Up-to-date: /home/martin/ros2_workspaces/ros2_ws_dev/install/polygon_plugins/share/polygon_plugins/environment/library_path.sh
[0.236s] -- Up-to-date: /home/martin/ros2_workspaces/ros2_ws_dev/install/polygon_plugins/share/polygon_plugins/environment/library_path.dsv
[0.238s] -- Up-to-date: /home/martin/ros2_workspaces/ros2_ws_dev/install/polygon_plugins/share/ament_index/resource_index/package_run_dependencies/polygon_plugins
[0.239s] -- Up-to-date: /home/martin/ros2_workspaces/ros2_ws_dev/install/polygon_plugins/share/ament_index/resource_index/parent_prefix_path/polygon_plugins
[0.239s] -- Up-to-date: /home/martin/ros2_workspaces/ros2_ws_dev/install/polygon_plugins/share/polygon_plugins/environment/ament_prefix_path.sh
[0.240s] -- Up-to-date: /home/martin/ros2_workspaces/ros2_ws_dev/install/polygon_plugins/share/polygon_plugins/environment/ament_prefix_path.dsv
[0.240s] -- Up-to-date: /home/martin/ros2_workspaces/ros2_ws_dev/install/polygon_plugins/share/polygon_plugins/environment/path.sh
[0.240s] -- Up-to-date: /home/martin/ros2_workspaces/ros2_ws_dev/install/polygon_plugins/share/polygon_plugins/environment/path.dsv
[0.240s] -- Up-to-date: /home/martin/ros2_workspaces/ros2_ws_dev/install/polygon_plugins/share/polygon_plugins/local_setup.bash
[0.241s] -- Up-to-date: /home/martin/ros2_workspaces/ros2_ws_dev/install/polygon_plugins/share/polygon_plugins/local_setup.sh
[0.241s] -- Up-to-date: /home/martin/ros2_workspaces/ros2_ws_dev/install/polygon_plugins/share/polygon_plugins/local_setup.zsh
[0.241s] -- Up-to-date: /home/martin/ros2_workspaces/ros2_ws_dev/install/polygon_plugins/share/polygon_plugins/local_setup.dsv
[0.242s] -- Installing: /home/martin/ros2_workspaces/ros2_ws_dev/install/polygon_plugins/share/polygon_plugins/package.dsv
[0.245s] -- Up-to-date: /home/martin/ros2_workspaces/ros2_ws_dev/install/polygon_plugins/share/ament_index/resource_index/packages/polygon_plugins
[0.246s] -- Up-to-date: /home/martin/ros2_workspaces/ros2_ws_dev/install/polygon_plugins/share/ament_index/resource_index/polygon_base__pluginlib__plugin/polygon_plugins
[0.253s] -- Up-to-date: /home/martin/ros2_workspaces/ros2_ws_dev/install/polygon_plugins/share/polygon_plugins/cmake/export_polygon_pluginsExport.cmake
[0.253s] -- Up-to-date: /home/martin/ros2_workspaces/ros2_ws_dev/install/polygon_plugins/share/polygon_plugins/cmake/export_polygon_pluginsExport-noconfig.cmake
[0.254s] -- Up-to-date: /home/martin/ros2_workspaces/ros2_ws_dev/install/polygon_plugins/share/polygon_plugins/cmake/ament_cmake_export_include_directories-extras.cmake
[0.254s] -- Up-to-date: /home/martin/ros2_workspaces/ros2_ws_dev/install/polygon_plugins/share/polygon_plugins/cmake/ament_cmake_export_libraries-extras.cmake
[0.254s] -- Up-to-date: /home/martin/ros2_workspaces/ros2_ws_dev/install/polygon_plugins/share/polygon_plugins/cmake/ament_cmake_export_targets-extras.cmake
[0.254s] -- Up-to-date: /home/martin/ros2_workspaces/ros2_ws_dev/install/polygon_plugins/share/polygon_plugins/cmake/polygon_pluginsConfig.cmake
[0.254s] -- Up-to-date: /home/martin/ros2_workspaces/ros2_ws_dev/install/polygon_plugins/share/polygon_plugins/cmake/polygon_pluginsConfig-version.cmake
[0.255s] -- Up-to-date: /home/martin/ros2_workspaces/ros2_ws_dev/install/polygon_plugins/share/polygon_plugins/package.xml
[0.262s] Invoked command in '/home/martin/ros2_workspaces/ros2_ws_dev/build/polygon_plugins' returned '0': AMENT_PREFIX_PATH=/home/martin/ros2_workspaces/ros2_ws_dev/install/polygon_base:${AMENT_PREFIX_PATH} CMAKE_PREFIX_PATH=/home/martin/ros2_workspaces/ros2_ws_dev/install/polygon_base:/opt/ros/humble PS1=(venv) \[\e]0;\u@\h: \w\a\]${debian_chroot:+($debian_chroot)}\[\033[01;32m\]\u@\h\[\033[00m\]:\[\033[01;34m\]\w\[\033[00m\]\$ VIRTUAL_ENV_PROMPT=(venv) /usr/bin/cmake --install /home/martin/ros2_workspaces/ros2_ws_dev/build/polygon_plugins
