[0.433s] Invoking command in '/home/martin/ros2_workspaces/ros2_ws_dev/build/mbit_interfaces': CMAKE_PREFIX_PATH=/opt/ros/humble /usr/bin/cmake --build /home/martin/ros2_workspaces/ros2_ws_dev/build/mbit_interfaces -- -j2 -l2
[0.570s] [  9%] Built target mbit_interfaces__rosidl_generator_c
[0.582s] [ 12%] Built target mbit_interfaces__cpp
[0.635s] [ 22%] Built target mbit_interfaces__rosidl_typesupport_c
[0.688s] [ 22%] Built target ament_cmake_python_copy_mbit_interfaces
[0.715s] [ 32%] Built target mbit_interfaces__rosidl_typesupport_fastrtps_cpp
[0.743s] [ 41%] Built target mbit_interfaces__rosidl_typesupport_introspection_cpp
[0.793s] [ 51%] Built target mbit_interfaces__rosidl_typesupport_cpp
[0.845s] [ 61%] Built target mbit_interfaces__rosidl_typesupport_fastrtps_c
[0.866s] [ 70%] Built target mbit_interfaces__rosidl_typesupport_introspection_c
[0.915s] [ 70%] Built target mbit_interfaces
[1.141s] [ 74%] Built target mbit_interfaces__py
[1.284s] running egg_info
[1.301s] writing mbit_interfaces.egg-info/PKG-INFO
[1.301s] writing dependency_links to mbit_interfaces.egg-info/dependency_links.txt
[1.301s] writing top-level names to mbit_interfaces.egg-info/top_level.txt
[1.305s] reading manifest file 'mbit_interfaces.egg-info/SOURCES.txt'
[1.307s] writing manifest file 'mbit_interfaces.egg-info/SOURCES.txt'
[1.352s] [ 74%] Built target ament_cmake_python_build_mbit_interfaces_egg
[1.395s] [ 80%] Built target mbit_interfaces__rosidl_generator_py
[1.472s] [ 87%] Built target mbit_interfaces__rosidl_typesupport_introspection_c__pyext
[1.479s] [ 93%] Built target mbit_interfaces__rosidl_typesupport_fastrtps_c__pyext
[1.523s] [100%] Built target mbit_interfaces__rosidl_typesupport_c__pyext
[1.546s] Invoked command in '/home/martin/ros2_workspaces/ros2_ws_dev/build/mbit_interfaces' returned '0': CMAKE_PREFIX_PATH=/opt/ros/humble /usr/bin/cmake --build /home/martin/ros2_workspaces/ros2_ws_dev/build/mbit_interfaces -- -j2 -l2
[1.829s] Invoking command in '/home/martin/ros2_workspaces/ros2_ws_dev/build/mbit_interfaces': CMAKE_PREFIX_PATH=/opt/ros/humble /usr/bin/cmake --install /home/martin/ros2_workspaces/ros2_ws_dev/build/mbit_interfaces
[1.857s] -- Install configuration: ""
[1.858s] -- Up-to-date: /home/martin/ros2_workspaces/ros2_ws_dev/install/mbit_interfaces/share/ament_index/resource_index/rosidl_interfaces/mbit_interfaces
[1.858s] -- Up-to-date: /home/martin/ros2_workspaces/ros2_ws_dev/install/mbit_interfaces/include/mbit_interfaces/mbit_interfaces
[1.858s] -- Up-to-date: /home/martin/ros2_workspaces/ros2_ws_dev/install/mbit_interfaces/include/mbit_interfaces/mbit_interfaces/srv
[1.859s] -- Up-to-date: /home/martin/ros2_workspaces/ros2_ws_dev/install/mbit_interfaces/include/mbit_interfaces/mbit_interfaces/srv/detail
[1.861s] -- Up-to-date: /home/martin/ros2_workspaces/ros2_ws_dev/install/mbit_interfaces/include/mbit_interfaces/mbit_interfaces/srv/detail/head_state__functions.c
[1.863s] -- Up-to-date: /home/martin/ros2_workspaces/ros2_ws_dev/install/mbit_interfaces/include/mbit_interfaces/mbit_interfaces/srv/detail/head_state__type_support.h
[1.864s] -- Up-to-date: /home/martin/ros2_workspaces/ros2_ws_dev/install/mbit_interfaces/include/mbit_interfaces/mbit_interfaces/srv/detail/head_state__struct.h
[1.864s] -- Up-to-date: /home/martin/ros2_workspaces/ros2_ws_dev/install/mbit_interfaces/include/mbit_interfaces/mbit_interfaces/srv/detail/head_state__functions.h
[1.864s] -- Up-to-date: /home/martin/ros2_workspaces/ros2_ws_dev/install/mbit_interfaces/include/mbit_interfaces/mbit_interfaces/srv/head_state.h
[1.866s] -- Up-to-date: /home/martin/ros2_workspaces/ros2_ws_dev/install/mbit_interfaces/include/mbit_interfaces/mbit_interfaces/msg
[1.867s] -- Up-to-date: /home/martin/ros2_workspaces/ros2_ws_dev/install/mbit_interfaces/include/mbit_interfaces/mbit_interfaces/msg/rosidl_generator_c__visibility_control.h
[1.870s] -- Up-to-date: /home/martin/ros2_workspaces/ros2_ws_dev/install/mbit_interfaces/share/mbit_interfaces/environment/library_path.sh
[1.870s] -- Up-to-date: /home/martin/ros2_workspaces/ros2_ws_dev/install/mbit_interfaces/share/mbit_interfaces/environment/library_path.dsv
[1.871s] -- Up-to-date: /home/martin/ros2_workspaces/ros2_ws_dev/install/mbit_interfaces/lib/libmbit_interfaces__rosidl_generator_c.so
[1.871s] -- Up-to-date: /home/martin/ros2_workspaces/ros2_ws_dev/install/mbit_interfaces/include/mbit_interfaces/mbit_interfaces
[1.872s] -- Up-to-date: /home/martin/ros2_workspaces/ros2_ws_dev/install/mbit_interfaces/include/mbit_interfaces/mbit_interfaces/srv
[1.874s] -- Up-to-date: /home/martin/ros2_workspaces/ros2_ws_dev/install/mbit_interfaces/include/mbit_interfaces/mbit_interfaces/srv/detail
[1.874s] -- Up-to-date: /home/martin/ros2_workspaces/ros2_ws_dev/install/mbit_interfaces/include/mbit_interfaces/mbit_interfaces/srv/detail/head_state__rosidl_typesupport_fastrtps_c.h
[1.874s] -- Up-to-date: /home/martin/ros2_workspaces/ros2_ws_dev/install/mbit_interfaces/include/mbit_interfaces/mbit_interfaces/msg
[1.876s] -- Up-to-date: /home/martin/ros2_workspaces/ros2_ws_dev/install/mbit_interfaces/include/mbit_interfaces/mbit_interfaces/msg/rosidl_typesupport_fastrtps_c__visibility_control.h
[1.876s] -- Up-to-date: /home/martin/ros2_workspaces/ros2_ws_dev/install/mbit_interfaces/lib/libmbit_interfaces__rosidl_typesupport_fastrtps_c.so
[1.876s] -- Up-to-date: /home/martin/ros2_workspaces/ros2_ws_dev/install/mbit_interfaces/include/mbit_interfaces/mbit_interfaces
[1.877s] -- Up-to-date: /home/martin/ros2_workspaces/ros2_ws_dev/install/mbit_interfaces/include/mbit_interfaces/mbit_interfaces/srv
[1.880s] -- Up-to-date: /home/martin/ros2_workspaces/ros2_ws_dev/install/mbit_interfaces/include/mbit_interfaces/mbit_interfaces/srv/detail
[1.880s] -- Up-to-date: /home/martin/ros2_workspaces/ros2_ws_dev/install/mbit_interfaces/include/mbit_interfaces/mbit_interfaces/srv/detail/head_state__rosidl_typesupport_introspection_c.h
[1.881s] -- Up-to-date: /home/martin/ros2_workspaces/ros2_ws_dev/install/mbit_interfaces/include/mbit_interfaces/mbit_interfaces/srv/detail/head_state__type_support.c
[1.882s] -- Up-to-date: /home/martin/ros2_workspaces/ros2_ws_dev/install/mbit_interfaces/include/mbit_interfaces/mbit_interfaces/msg
[1.883s] -- Up-to-date: /home/martin/ros2_workspaces/ros2_ws_dev/install/mbit_interfaces/include/mbit_interfaces/mbit_interfaces/msg/rosidl_typesupport_introspection_c__visibility_control.h
[1.883s] -- Up-to-date: /home/martin/ros2_workspaces/ros2_ws_dev/install/mbit_interfaces/lib/libmbit_interfaces__rosidl_typesupport_introspection_c.so
[1.883s] -- Up-to-date: /home/martin/ros2_workspaces/ros2_ws_dev/install/mbit_interfaces/lib/libmbit_interfaces__rosidl_typesupport_c.so
[1.884s] -- Up-to-date: /home/martin/ros2_workspaces/ros2_ws_dev/install/mbit_interfaces/include/mbit_interfaces/mbit_interfaces
[1.884s] -- Up-to-date: /home/martin/ros2_workspaces/ros2_ws_dev/install/mbit_interfaces/include/mbit_interfaces/mbit_interfaces/srv
[1.885s] -- Up-to-date: /home/martin/ros2_workspaces/ros2_ws_dev/install/mbit_interfaces/include/mbit_interfaces/mbit_interfaces/srv/head_state.hpp
[1.886s] -- Up-to-date: /home/martin/ros2_workspaces/ros2_ws_dev/install/mbit_interfaces/include/mbit_interfaces/mbit_interfaces/srv/detail
[1.887s] -- Up-to-date: /home/martin/ros2_workspaces/ros2_ws_dev/install/mbit_interfaces/include/mbit_interfaces/mbit_interfaces/srv/detail/head_state__traits.hpp
[1.889s] -- Up-to-date: /home/martin/ros2_workspaces/ros2_ws_dev/install/mbit_interfaces/include/mbit_interfaces/mbit_interfaces/srv/detail/head_state__builder.hpp
[1.889s] -- Up-to-date: /home/martin/ros2_workspaces/ros2_ws_dev/install/mbit_interfaces/include/mbit_interfaces/mbit_interfaces/srv/detail/head_state__struct.hpp
[1.889s] -- Up-to-date: /home/martin/ros2_workspaces/ros2_ws_dev/install/mbit_interfaces/include/mbit_interfaces/mbit_interfaces
[1.889s] -- Up-to-date: /home/martin/ros2_workspaces/ros2_ws_dev/install/mbit_interfaces/include/mbit_interfaces/mbit_interfaces/srv
[1.889s] -- Up-to-date: /home/martin/ros2_workspaces/ros2_ws_dev/install/mbit_interfaces/include/mbit_interfaces/mbit_interfaces/srv/detail
[1.890s] -- Up-to-date: /home/martin/ros2_workspaces/ros2_ws_dev/install/mbit_interfaces/include/mbit_interfaces/mbit_interfaces/srv/detail/dds_fastrtps
[1.890s] -- Up-to-date: /home/martin/ros2_workspaces/ros2_ws_dev/install/mbit_interfaces/include/mbit_interfaces/mbit_interfaces/srv/detail/head_state__rosidl_typesupport_fastrtps_cpp.hpp
[1.891s] -- Up-to-date: /home/martin/ros2_workspaces/ros2_ws_dev/install/mbit_interfaces/include/mbit_interfaces/mbit_interfaces/msg
[1.891s] -- Up-to-date: /home/martin/ros2_workspaces/ros2_ws_dev/install/mbit_interfaces/include/mbit_interfaces/mbit_interfaces/msg/rosidl_typesupport_fastrtps_cpp__visibility_control.h
[1.891s] -- Up-to-date: /home/martin/ros2_workspaces/ros2_ws_dev/install/mbit_interfaces/lib/libmbit_interfaces__rosidl_typesupport_fastrtps_cpp.so
[1.891s] -- Up-to-date: /home/martin/ros2_workspaces/ros2_ws_dev/install/mbit_interfaces/include/mbit_interfaces/mbit_interfaces
[1.891s] -- Up-to-date: /home/martin/ros2_workspaces/ros2_ws_dev/install/mbit_interfaces/include/mbit_interfaces/mbit_interfaces/srv
[1.891s] -- Up-to-date: /home/martin/ros2_workspaces/ros2_ws_dev/install/mbit_interfaces/include/mbit_interfaces/mbit_interfaces/srv/detail
[1.892s] -- Up-to-date: /home/martin/ros2_workspaces/ros2_ws_dev/install/mbit_interfaces/include/mbit_interfaces/mbit_interfaces/srv/detail/head_state__rosidl_typesupport_introspection_cpp.hpp
[1.892s] -- Up-to-date: /home/martin/ros2_workspaces/ros2_ws_dev/install/mbit_interfaces/include/mbit_interfaces/mbit_interfaces/srv/detail/head_state__type_support.cpp
[1.892s] -- Up-to-date: /home/martin/ros2_workspaces/ros2_ws_dev/install/mbit_interfaces/lib/libmbit_interfaces__rosidl_typesupport_introspection_cpp.so
[1.892s] -- Up-to-date: /home/martin/ros2_workspaces/ros2_ws_dev/install/mbit_interfaces/lib/libmbit_interfaces__rosidl_typesupport_cpp.so
[1.892s] -- Up-to-date: /home/martin/ros2_workspaces/ros2_ws_dev/install/mbit_interfaces/share/mbit_interfaces/environment/pythonpath.sh
[1.892s] -- Up-to-date: /home/martin/ros2_workspaces/ros2_ws_dev/install/mbit_interfaces/share/mbit_interfaces/environment/pythonpath.dsv
[1.893s] -- Up-to-date: /home/martin/ros2_workspaces/ros2_ws_dev/install/mbit_interfaces/local/lib/python3.10/dist-packages/mbit_interfaces-0.0.0-py3.10.egg-info
[1.893s] -- Installing: /home/martin/ros2_workspaces/ros2_ws_dev/install/mbit_interfaces/local/lib/python3.10/dist-packages/mbit_interfaces-0.0.0-py3.10.egg-info/dependency_links.txt
[1.893s] -- Installing: /home/martin/ros2_workspaces/ros2_ws_dev/install/mbit_interfaces/local/lib/python3.10/dist-packages/mbit_interfaces-0.0.0-py3.10.egg-info/SOURCES.txt
[1.893s] -- Installing: /home/martin/ros2_workspaces/ros2_ws_dev/install/mbit_interfaces/local/lib/python3.10/dist-packages/mbit_interfaces-0.0.0-py3.10.egg-info/PKG-INFO
[1.893s] -- Installing: /home/martin/ros2_workspaces/ros2_ws_dev/install/mbit_interfaces/local/lib/python3.10/dist-packages/mbit_interfaces-0.0.0-py3.10.egg-info/top_level.txt
[1.893s] -- Up-to-date: /home/martin/ros2_workspaces/ros2_ws_dev/install/mbit_interfaces/local/lib/python3.10/dist-packages/mbit_interfaces
[1.894s] -- Up-to-date: /home/martin/ros2_workspaces/ros2_ws_dev/install/mbit_interfaces/local/lib/python3.10/dist-packages/mbit_interfaces/srv
[1.894s] -- Up-to-date: /home/martin/ros2_workspaces/ros2_ws_dev/install/mbit_interfaces/local/lib/python3.10/dist-packages/mbit_interfaces/srv/_head_state.py
[1.894s] -- Up-to-date: /home/martin/ros2_workspaces/ros2_ws_dev/install/mbit_interfaces/local/lib/python3.10/dist-packages/mbit_interfaces/srv/_head_state_s.c
[1.894s] -- Up-to-date: /home/martin/ros2_workspaces/ros2_ws_dev/install/mbit_interfaces/local/lib/python3.10/dist-packages/mbit_interfaces/srv/__init__.py
[1.894s] -- Up-to-date: /home/martin/ros2_workspaces/ros2_ws_dev/install/mbit_interfaces/local/lib/python3.10/dist-packages/mbit_interfaces/mbit_interfaces_s__rosidl_typesupport_introspection_c.cpython-310-x86_64-linux-gnu.so
[1.894s] -- Up-to-date: /home/martin/ros2_workspaces/ros2_ws_dev/install/mbit_interfaces/local/lib/python3.10/dist-packages/mbit_interfaces/mbit_interfaces_s__rosidl_typesupport_fastrtps_c.cpython-310-x86_64-linux-gnu.so
[1.895s] -- Up-to-date: /home/martin/ros2_workspaces/ros2_ws_dev/install/mbit_interfaces/local/lib/python3.10/dist-packages/mbit_interfaces/libmbit_interfaces__rosidl_generator_py.so
[1.895s] -- Up-to-date: /home/martin/ros2_workspaces/ros2_ws_dev/install/mbit_interfaces/local/lib/python3.10/dist-packages/mbit_interfaces/mbit_interfaces_s__rosidl_typesupport_c.cpython-310-x86_64-linux-gnu.so
[1.895s] -- Up-to-date: /home/martin/ros2_workspaces/ros2_ws_dev/install/mbit_interfaces/local/lib/python3.10/dist-packages/mbit_interfaces/_mbit_interfaces_s.ep.rosidl_typesupport_fastrtps_c.c
[1.895s] -- Up-to-date: /home/martin/ros2_workspaces/ros2_ws_dev/install/mbit_interfaces/local/lib/python3.10/dist-packages/mbit_interfaces/_mbit_interfaces_s.ep.rosidl_typesupport_c.c
[1.895s] -- Up-to-date: /home/martin/ros2_workspaces/ros2_ws_dev/install/mbit_interfaces/local/lib/python3.10/dist-packages/mbit_interfaces/_mbit_interfaces_s.ep.rosidl_typesupport_introspection_c.c
[1.895s] -- Up-to-date: /home/martin/ros2_workspaces/ros2_ws_dev/install/mbit_interfaces/local/lib/python3.10/dist-packages/mbit_interfaces/__init__.py
[1.966s] Listing '/home/martin/ros2_workspaces/ros2_ws_dev/install/mbit_interfaces/local/lib/python3.10/dist-packages/mbit_interfaces'...
[1.966s] Listing '/home/martin/ros2_workspaces/ros2_ws_dev/install/mbit_interfaces/local/lib/python3.10/dist-packages/mbit_interfaces/srv'...
[1.984s] -- Up-to-date: /home/martin/ros2_workspaces/ros2_ws_dev/install/mbit_interfaces/local/lib/python3.10/dist-packages/mbit_interfaces/mbit_interfaces_s__rosidl_typesupport_fastrtps_c.cpython-310-x86_64-linux-gnu.so
[1.986s] -- Up-to-date: /home/martin/ros2_workspaces/ros2_ws_dev/install/mbit_interfaces/local/lib/python3.10/dist-packages/mbit_interfaces/mbit_interfaces_s__rosidl_typesupport_introspection_c.cpython-310-x86_64-linux-gnu.so
[1.987s] -- Up-to-date: /home/martin/ros2_workspaces/ros2_ws_dev/install/mbit_interfaces/local/lib/python3.10/dist-packages/mbit_interfaces/mbit_interfaces_s__rosidl_typesupport_c.cpython-310-x86_64-linux-gnu.so
[1.988s] -- Up-to-date: /home/martin/ros2_workspaces/ros2_ws_dev/install/mbit_interfaces/lib/libmbit_interfaces__rosidl_generator_py.so
[1.989s] -- Up-to-date: /home/martin/ros2_workspaces/ros2_ws_dev/install/mbit_interfaces/share/mbit_interfaces/srv/HeadState.idl
[1.990s] -- Up-to-date: /home/martin/ros2_workspaces/ros2_ws_dev/install/mbit_interfaces/share/mbit_interfaces/srv/HeadState.srv
[1.992s] -- Up-to-date: /home/martin/ros2_workspaces/ros2_ws_dev/install/mbit_interfaces/share/mbit_interfaces/srv/HeadState_Request.msg
[1.992s] -- Up-to-date: /home/martin/ros2_workspaces/ros2_ws_dev/install/mbit_interfaces/share/mbit_interfaces/srv/HeadState_Response.msg
[1.993s] -- Up-to-date: /home/martin/ros2_workspaces/ros2_ws_dev/install/mbit_interfaces/share/ament_index/resource_index/package_run_dependencies/mbit_interfaces
[1.994s] -- Up-to-date: /home/martin/ros2_workspaces/ros2_ws_dev/install/mbit_interfaces/share/ament_index/resource_index/parent_prefix_path/mbit_interfaces
[1.995s] -- Up-to-date: /home/martin/ros2_workspaces/ros2_ws_dev/install/mbit_interfaces/share/mbit_interfaces/environment/ament_prefix_path.sh
[1.995s] -- Up-to-date: /home/martin/ros2_workspaces/ros2_ws_dev/install/mbit_interfaces/share/mbit_interfaces/environment/ament_prefix_path.dsv
[1.999s] -- Up-to-date: /home/martin/ros2_workspaces/ros2_ws_dev/install/mbit_interfaces/share/mbit_interfaces/environment/path.sh
[1.999s] -- Up-to-date: /home/martin/ros2_workspaces/ros2_ws_dev/install/mbit_interfaces/share/mbit_interfaces/environment/path.dsv
[1.999s] -- Up-to-date: /home/martin/ros2_workspaces/ros2_ws_dev/install/mbit_interfaces/share/mbit_interfaces/local_setup.bash
[1.999s] -- Up-to-date: /home/martin/ros2_workspaces/ros2_ws_dev/install/mbit_interfaces/share/mbit_interfaces/local_setup.sh
[1.999s] -- Up-to-date: /home/martin/ros2_workspaces/ros2_ws_dev/install/mbit_interfaces/share/mbit_interfaces/local_setup.zsh
[2.000s] -- Up-to-date: /home/martin/ros2_workspaces/ros2_ws_dev/install/mbit_interfaces/share/mbit_interfaces/local_setup.dsv
[2.000s] -- Installing: /home/martin/ros2_workspaces/ros2_ws_dev/install/mbit_interfaces/share/mbit_interfaces/package.dsv
[2.002s] -- Up-to-date: /home/martin/ros2_workspaces/ros2_ws_dev/install/mbit_interfaces/share/ament_index/resource_index/packages/mbit_interfaces
[2.002s] -- Up-to-date: /home/martin/ros2_workspaces/ros2_ws_dev/install/mbit_interfaces/share/mbit_interfaces/cmake/export_mbit_interfaces__rosidl_generator_cExport.cmake
[2.004s] -- Up-to-date: /home/martin/ros2_workspaces/ros2_ws_dev/install/mbit_interfaces/share/mbit_interfaces/cmake/export_mbit_interfaces__rosidl_generator_cExport-noconfig.cmake
[2.004s] -- Up-to-date: /home/martin/ros2_workspaces/ros2_ws_dev/install/mbit_interfaces/share/mbit_interfaces/cmake/export_mbit_interfaces__rosidl_typesupport_fastrtps_cExport.cmake
[2.004s] -- Up-to-date: /home/martin/ros2_workspaces/ros2_ws_dev/install/mbit_interfaces/share/mbit_interfaces/cmake/export_mbit_interfaces__rosidl_typesupport_fastrtps_cExport-noconfig.cmake
[2.004s] -- Up-to-date: /home/martin/ros2_workspaces/ros2_ws_dev/install/mbit_interfaces/share/mbit_interfaces/cmake/mbit_interfaces__rosidl_typesupport_introspection_cExport.cmake
[2.004s] -- Up-to-date: /home/martin/ros2_workspaces/ros2_ws_dev/install/mbit_interfaces/share/mbit_interfaces/cmake/mbit_interfaces__rosidl_typesupport_introspection_cExport-noconfig.cmake
[2.004s] -- Up-to-date: /home/martin/ros2_workspaces/ros2_ws_dev/install/mbit_interfaces/share/mbit_interfaces/cmake/mbit_interfaces__rosidl_typesupport_cExport.cmake
[2.005s] -- Up-to-date: /home/martin/ros2_workspaces/ros2_ws_dev/install/mbit_interfaces/share/mbit_interfaces/cmake/mbit_interfaces__rosidl_typesupport_cExport-noconfig.cmake
[2.005s] -- Up-to-date: /home/martin/ros2_workspaces/ros2_ws_dev/install/mbit_interfaces/share/mbit_interfaces/cmake/export_mbit_interfaces__rosidl_generator_cppExport.cmake
[2.005s] -- Up-to-date: /home/martin/ros2_workspaces/ros2_ws_dev/install/mbit_interfaces/share/mbit_interfaces/cmake/export_mbit_interfaces__rosidl_typesupport_fastrtps_cppExport.cmake
[2.006s] -- Up-to-date: /home/martin/ros2_workspaces/ros2_ws_dev/install/mbit_interfaces/share/mbit_interfaces/cmake/export_mbit_interfaces__rosidl_typesupport_fastrtps_cppExport-noconfig.cmake
[2.006s] -- Up-to-date: /home/martin/ros2_workspaces/ros2_ws_dev/install/mbit_interfaces/share/mbit_interfaces/cmake/mbit_interfaces__rosidl_typesupport_introspection_cppExport.cmake
[2.007s] -- Up-to-date: /home/martin/ros2_workspaces/ros2_ws_dev/install/mbit_interfaces/share/mbit_interfaces/cmake/mbit_interfaces__rosidl_typesupport_introspection_cppExport-noconfig.cmake
[2.007s] -- Up-to-date: /home/martin/ros2_workspaces/ros2_ws_dev/install/mbit_interfaces/share/mbit_interfaces/cmake/mbit_interfaces__rosidl_typesupport_cppExport.cmake
[2.007s] -- Up-to-date: /home/martin/ros2_workspaces/ros2_ws_dev/install/mbit_interfaces/share/mbit_interfaces/cmake/mbit_interfaces__rosidl_typesupport_cppExport-noconfig.cmake
[2.007s] -- Up-to-date: /home/martin/ros2_workspaces/ros2_ws_dev/install/mbit_interfaces/share/mbit_interfaces/cmake/export_mbit_interfaces__rosidl_generator_pyExport.cmake
[2.007s] -- Up-to-date: /home/martin/ros2_workspaces/ros2_ws_dev/install/mbit_interfaces/share/mbit_interfaces/cmake/export_mbit_interfaces__rosidl_generator_pyExport-noconfig.cmake
[2.007s] -- Up-to-date: /home/martin/ros2_workspaces/ros2_ws_dev/install/mbit_interfaces/share/mbit_interfaces/cmake/rosidl_cmake-extras.cmake
[2.007s] -- Up-to-date: /home/martin/ros2_workspaces/ros2_ws_dev/install/mbit_interfaces/share/mbit_interfaces/cmake/ament_cmake_export_include_directories-extras.cmake
[2.008s] -- Up-to-date: /home/martin/ros2_workspaces/ros2_ws_dev/install/mbit_interfaces/share/mbit_interfaces/cmake/ament_cmake_export_libraries-extras.cmake
[2.008s] -- Up-to-date: /home/martin/ros2_workspaces/ros2_ws_dev/install/mbit_interfaces/share/mbit_interfaces/cmake/ament_cmake_export_targets-extras.cmake
[2.008s] -- Up-to-date: /home/martin/ros2_workspaces/ros2_ws_dev/install/mbit_interfaces/share/mbit_interfaces/cmake/rosidl_cmake_export_typesupport_targets-extras.cmake
[2.008s] -- Up-to-date: /home/martin/ros2_workspaces/ros2_ws_dev/install/mbit_interfaces/share/mbit_interfaces/cmake/ament_cmake_export_dependencies-extras.cmake
[2.021s] -- Up-to-date: /home/martin/ros2_workspaces/ros2_ws_dev/install/mbit_interfaces/share/mbit_interfaces/cmake/rosidl_cmake_export_typesupport_libraries-extras.cmake
[2.021s] -- Up-to-date: /home/martin/ros2_workspaces/ros2_ws_dev/install/mbit_interfaces/share/mbit_interfaces/cmake/mbit_interfacesConfig.cmake
[2.021s] -- Up-to-date: /home/martin/ros2_workspaces/ros2_ws_dev/install/mbit_interfaces/share/mbit_interfaces/cmake/mbit_interfacesConfig-version.cmake
[2.021s] -- Up-to-date: /home/martin/ros2_workspaces/ros2_ws_dev/install/mbit_interfaces/share/mbit_interfaces/package.xml
[2.022s] Invoked command in '/home/martin/ros2_workspaces/ros2_ws_dev/build/mbit_interfaces' returned '0': CMAKE_PREFIX_PATH=/opt/ros/humble /usr/bin/cmake --install /home/martin/ros2_workspaces/ros2_ws_dev/build/mbit_interfaces
