[0.074s] Invoking command in '/home/martin/ros2_workspaces/ros2_ws_dev/build/cpp_pubsub': CMAKE_PREFIX_PATH=/opt/ros/humble /usr/bin/cmake --build /home/martin/ros2_workspaces/ros2_ws_dev/build/cpp_pubsub -- -j2 -l2
[0.978s] [ 50%] Built target talker
[0.981s] [100%] Built target listener
[1.015s] Invoked command in '/home/martin/ros2_workspaces/ros2_ws_dev/build/cpp_pubsub' returned '0': CMAKE_PREFIX_PATH=/opt/ros/humble /usr/bin/cmake --build /home/martin/ros2_workspaces/ros2_ws_dev/build/cpp_pubsub -- -j2 -l2
[1.245s] Invoking command in '/home/martin/ros2_workspaces/ros2_ws_dev/build/cpp_pubsub': CMAKE_PREFIX_PATH=/opt/ros/humble /usr/bin/cmake --install /home/martin/ros2_workspaces/ros2_ws_dev/build/cpp_pubsub
[1.277s] -- Install configuration: ""
[1.284s] -- Up-to-date: /home/martin/ros2_workspaces/ros2_ws_dev/install/cpp_pubsub/lib/cpp_pubsub/talker
[1.292s] -- Up-to-date: /home/martin/ros2_workspaces/ros2_ws_dev/install/cpp_pubsub/lib/cpp_pubsub/listener
[1.298s] -- Up-to-date: /home/martin/ros2_workspaces/ros2_ws_dev/install/cpp_pubsub/share/ament_index/resource_index/package_run_dependencies/cpp_pubsub
[1.299s] -- Up-to-date: /home/martin/ros2_workspaces/ros2_ws_dev/install/cpp_pubsub/share/ament_index/resource_index/parent_prefix_path/cpp_pubsub
[1.302s] -- Up-to-date: /home/martin/ros2_workspaces/ros2_ws_dev/install/cpp_pubsub/share/cpp_pubsub/environment/ament_prefix_path.sh
[1.302s] -- Up-to-date: /home/martin/ros2_workspaces/ros2_ws_dev/install/cpp_pubsub/share/cpp_pubsub/environment/ament_prefix_path.dsv
[1.303s] -- Up-to-date: /home/martin/ros2_workspaces/ros2_ws_dev/install/cpp_pubsub/share/cpp_pubsub/environment/path.sh
[1.303s] -- Up-to-date: /home/martin/ros2_workspaces/ros2_ws_dev/install/cpp_pubsub/share/cpp_pubsub/environment/path.dsv
[1.303s] -- Up-to-date: /home/martin/ros2_workspaces/ros2_ws_dev/install/cpp_pubsub/share/cpp_pubsub/local_setup.bash
[1.304s] -- Up-to-date: /home/martin/ros2_workspaces/ros2_ws_dev/install/cpp_pubsub/share/cpp_pubsub/local_setup.sh
[1.304s] -- Up-to-date: /home/martin/ros2_workspaces/ros2_ws_dev/install/cpp_pubsub/share/cpp_pubsub/local_setup.zsh
[1.305s] -- Up-to-date: /home/martin/ros2_workspaces/ros2_ws_dev/install/cpp_pubsub/share/cpp_pubsub/local_setup.dsv
[1.305s] -- Installing: /home/martin/ros2_workspaces/ros2_ws_dev/install/cpp_pubsub/share/cpp_pubsub/package.dsv
[1.309s] -- Up-to-date: /home/martin/ros2_workspaces/ros2_ws_dev/install/cpp_pubsub/share/ament_index/resource_index/packages/cpp_pubsub
[1.312s] -- Up-to-date: /home/martin/ros2_workspaces/ros2_ws_dev/install/cpp_pubsub/share/cpp_pubsub/cmake/cpp_pubsubConfig.cmake
[1.312s] -- Up-to-date: /home/martin/ros2_workspaces/ros2_ws_dev/install/cpp_pubsub/share/cpp_pubsub/cmake/cpp_pubsubConfig-version.cmake
[1.313s] -- Up-to-date: /home/martin/ros2_workspaces/ros2_ws_dev/install/cpp_pubsub/share/cpp_pubsub/package.xml
[1.319s] Invoked command in '/home/martin/ros2_workspaces/ros2_ws_dev/build/cpp_pubsub' returned '0': CMAKE_PREFIX_PATH=/opt/ros/humble /usr/bin/cmake --install /home/martin/ros2_workspaces/ros2_ws_dev/build/cpp_pubsub
