[1.329s] Invoking command in '/home/martin/ros2_workspaces/ros2_ws_dev/src/py_pubsub': PYTHONPATH=/home/martin/ros2_workspaces/ros2_ws_dev/install/py_pubsub/lib/python3.10/site-packages:${PYTHONPATH} /usr/bin/python3 setup.py egg_info --egg-base ../../build/py_pubsub build --build-base /home/martin/ros2_workspaces/ros2_ws_dev/build/py_pubsub/build install --prefix /home/martin/ros2_workspaces/ros2_ws_dev/install/py_pubsub --record /home/martin/ros2_workspaces/ros2_ws_dev/build/py_pubsub/install.log --single-version-externally-managed
[1.731s] /usr/lib/python3/dist-packages/setuptools/command/install.py:34: SetuptoolsDeprecationWarning: setup.py install is deprecated. Use build and pip and other standards-based tools.
[1.731s]   warnings.warn(
[1.731s] running egg_info
[1.731s] writing ../../build/py_pubsub/py_pubsub.egg-info/PKG-INFO
[1.731s] writing dependency_links to ../../build/py_pubsub/py_pubsub.egg-info/dependency_links.txt
[1.731s] writing entry points to ../../build/py_pubsub/py_pubsub.egg-info/entry_points.txt
[1.731s] writing requirements to ../../build/py_pubsub/py_pubsub.egg-info/requires.txt
[1.731s] writing top-level names to ../../build/py_pubsub/py_pubsub.egg-info/top_level.txt
[1.732s] reading manifest file '../../build/py_pubsub/py_pubsub.egg-info/SOURCES.txt'
[1.732s] writing manifest file '../../build/py_pubsub/py_pubsub.egg-info/SOURCES.txt'
[1.732s] running build
[1.733s] running build_py
[1.733s] running install
[1.733s] running install_lib
[1.733s] running install_data
[1.733s] running install_egg_info
[1.738s] removing '/home/martin/ros2_workspaces/ros2_ws_dev/install/py_pubsub/lib/python3.10/site-packages/py_pubsub-0.0.0-py3.10.egg-info' (and everything under it)
[1.740s] Copying ../../build/py_pubsub/py_pubsub.egg-info to /home/martin/ros2_workspaces/ros2_ws_dev/install/py_pubsub/lib/python3.10/site-packages/py_pubsub-0.0.0-py3.10.egg-info
[1.742s] running install_scripts
[1.777s] Installing listener script to /home/martin/ros2_workspaces/ros2_ws_dev/install/py_pubsub/lib/py_pubsub
[1.779s] Installing talker script to /home/martin/ros2_workspaces/ros2_ws_dev/install/py_pubsub/lib/py_pubsub
[1.780s] writing list of installed files to '/home/martin/ros2_workspaces/ros2_ws_dev/build/py_pubsub/install.log'
[1.823s] Invoked command in '/home/martin/ros2_workspaces/ros2_ws_dev/src/py_pubsub' returned '0': PYTHONPATH=/home/martin/ros2_workspaces/ros2_ws_dev/install/py_pubsub/lib/python3.10/site-packages:${PYTHONPATH} /usr/bin/python3 setup.py egg_info --egg-base ../../build/py_pubsub build --build-base /home/martin/ros2_workspaces/ros2_ws_dev/build/py_pubsub/build install --prefix /home/martin/ros2_workspaces/ros2_ws_dev/install/py_pubsub --record /home/martin/ros2_workspaces/ros2_ws_dev/build/py_pubsub/install.log --single-version-externally-managed
