[0.053s] Invoking command in '/home/martin/ros2_workspaces/ros2_ws_dev/build/cpp_parameters': CMAKE_PREFIX_PATH=${CMAKE_PREFIX_PATH}:/home/martin/ros2_workspaces/ros2_ws_dev/install/py_srvcli:/home/martin/ros2_workspaces/ros2_ws_dev/install/py_pubsub:/home/martin/ros2_workspaces/ros2_ws_dev/install/python_parameters:/home/martin/ros2_workspaces/ros2_ws_dev/install/my_package:/home/martin/ros2_workspaces/ros2_ws_dev/install/head:/opt/ros/humble PS1=(venv) \[\e]0;\u@\h: \w\a\]${debian_chroot:+($debian_chroot)}\[\033[01;32m\]\u@\h\[\033[00m\]:\[\033[01;34m\]\w\[\033[00m\]\$ VIRTUAL_ENV_PROMPT=(venv) /usr/bin/cmake --build /home/martin/ros2_workspaces/ros2_ws_dev/build/cpp_parameters -- -j2 -l2
[0.234s] [100%] Built target minimal_param_node
[0.255s] Invoked command in '/home/martin/ros2_workspaces/ros2_ws_dev/build/cpp_parameters' returned '0': CMAKE_PREFIX_PATH=${CMAKE_PREFIX_PATH}:/home/martin/ros2_workspaces/ros2_ws_dev/install/py_srvcli:/home/martin/ros2_workspaces/ros2_ws_dev/install/py_pubsub:/home/martin/ros2_workspaces/ros2_ws_dev/install/python_parameters:/home/martin/ros2_workspaces/ros2_ws_dev/install/my_package:/home/martin/ros2_workspaces/ros2_ws_dev/install/head:/opt/ros/humble PS1=(venv) \[\e]0;\u@\h: \w\a\]${debian_chroot:+($debian_chroot)}\[\033[01;32m\]\u@\h\[\033[00m\]:\[\033[01;34m\]\w\[\033[00m\]\$ VIRTUAL_ENV_PROMPT=(venv) /usr/bin/cmake --build /home/martin/ros2_workspaces/ros2_ws_dev/build/cpp_parameters -- -j2 -l2
[0.339s] Invoking command in '/home/martin/ros2_workspaces/ros2_ws_dev/build/cpp_parameters': CMAKE_PREFIX_PATH=${CMAKE_PREFIX_PATH}:/home/martin/ros2_workspaces/ros2_ws_dev/install/py_srvcli:/home/martin/ros2_workspaces/ros2_ws_dev/install/py_pubsub:/home/martin/ros2_workspaces/ros2_ws_dev/install/python_parameters:/home/martin/ros2_workspaces/ros2_ws_dev/install/my_package:/home/martin/ros2_workspaces/ros2_ws_dev/install/head:/opt/ros/humble PS1=(venv) \[\e]0;\u@\h: \w\a\]${debian_chroot:+($debian_chroot)}\[\033[01;32m\]\u@\h\[\033[00m\]:\[\033[01;34m\]\w\[\033[00m\]\$ VIRTUAL_ENV_PROMPT=(venv) /usr/bin/cmake --install /home/martin/ros2_workspaces/ros2_ws_dev/build/cpp_parameters
[0.355s] -- Install configuration: ""
[0.356s] -- Up-to-date: /home/martin/ros2_workspaces/ros2_ws_dev/install/cpp_parameters/lib/cpp_parameters/minimal_param_node
[0.357s] -- Up-to-date: /home/martin/ros2_workspaces/ros2_ws_dev/install/cpp_parameters/share/cpp_parameters/launch
[0.357s] -- Up-to-date: /home/martin/ros2_workspaces/ros2_ws_dev/install/cpp_parameters/share/cpp_parameters/launch/cpp_parameters_launch.py
[0.357s] -- Up-to-date: /home/martin/ros2_workspaces/ros2_ws_dev/install/cpp_parameters/share/ament_index/resource_index/package_run_dependencies/cpp_parameters
[0.358s] -- Up-to-date: /home/martin/ros2_workspaces/ros2_ws_dev/install/cpp_parameters/share/ament_index/resource_index/parent_prefix_path/cpp_parameters
[0.358s] -- Up-to-date: /home/martin/ros2_workspaces/ros2_ws_dev/install/cpp_parameters/share/cpp_parameters/environment/ament_prefix_path.sh
[0.358s] -- Up-to-date: /home/martin/ros2_workspaces/ros2_ws_dev/install/cpp_parameters/share/cpp_parameters/environment/ament_prefix_path.dsv
[0.359s] -- Up-to-date: /home/martin/ros2_workspaces/ros2_ws_dev/install/cpp_parameters/share/cpp_parameters/environment/path.sh
[0.359s] -- Up-to-date: /home/martin/ros2_workspaces/ros2_ws_dev/install/cpp_parameters/share/cpp_parameters/environment/path.dsv
[0.360s] -- Up-to-date: /home/martin/ros2_workspaces/ros2_ws_dev/install/cpp_parameters/share/cpp_parameters/local_setup.bash
[0.360s] -- Up-to-date: /home/martin/ros2_workspaces/ros2_ws_dev/install/cpp_parameters/share/cpp_parameters/local_setup.sh
[0.360s] -- Up-to-date: /home/martin/ros2_workspaces/ros2_ws_dev/install/cpp_parameters/share/cpp_parameters/local_setup.zsh
[0.360s] -- Up-to-date: /home/martin/ros2_workspaces/ros2_ws_dev/install/cpp_parameters/share/cpp_parameters/local_setup.dsv
[0.361s] -- Installing: /home/martin/ros2_workspaces/ros2_ws_dev/install/cpp_parameters/share/cpp_parameters/package.dsv
[0.362s] -- Up-to-date: /home/martin/ros2_workspaces/ros2_ws_dev/install/cpp_parameters/share/ament_index/resource_index/packages/cpp_parameters
[0.362s] -- Up-to-date: /home/martin/ros2_workspaces/ros2_ws_dev/install/cpp_parameters/share/cpp_parameters/cmake/cpp_parametersConfig.cmake
[0.362s] -- Up-to-date: /home/martin/ros2_workspaces/ros2_ws_dev/install/cpp_parameters/share/cpp_parameters/cmake/cpp_parametersConfig-version.cmake
[0.363s] -- Up-to-date: /home/martin/ros2_workspaces/ros2_ws_dev/install/cpp_parameters/share/cpp_parameters/package.xml
[0.369s] Invoked command in '/home/martin/ros2_workspaces/ros2_ws_dev/build/cpp_parameters' returned '0': CMAKE_PREFIX_PATH=${CMAKE_PREFIX_PATH}:/home/martin/ros2_workspaces/ros2_ws_dev/install/py_srvcli:/home/martin/ros2_workspaces/ros2_ws_dev/install/py_pubsub:/home/martin/ros2_workspaces/ros2_ws_dev/install/python_parameters:/home/martin/ros2_workspaces/ros2_ws_dev/install/my_package:/home/martin/ros2_workspaces/ros2_ws_dev/install/head:/opt/ros/humble PS1=(venv) \[\e]0;\u@\h: \w\a\]${debian_chroot:+($debian_chroot)}\[\033[01;32m\]\u@\h\[\033[00m\]:\[\033[01;34m\]\w\[\033[00m\]\$ VIRTUAL_ENV_PROMPT=(venv) /usr/bin/cmake --install /home/martin/ros2_workspaces/ros2_ws_dev/build/cpp_parameters
