[0.066s] Invoking command in '/home/martin/ros2_workspaces/ros2_ws_dev/build/cpp_pubsub': CMAKE_PREFIX_PATH=/opt/ros/humble /usr/bin/cmake /home/martin/ros2_workspaces/ros2_ws_dev/src/cpp_pubsub -DCMAKE_INSTALL_PREFIX=/home/martin/ros2_workspaces/ros2_ws_dev/install/cpp_pubsub
[0.098s] -- Found ament_cmake: 1.3.2 (/opt/ros/humble/share/ament_cmake/cmake)
[0.333s] -- Found rclcpp: 16.0.1 (/opt/ros/humble/share/rclcpp/cmake)
[0.387s] -- Found rosidl_generator_c: 3.1.3 (/opt/ros/humble/share/rosidl_generator_c/cmake)
[0.392s] -- Found rosidl_adapter: 3.1.3 (/opt/ros/humble/share/rosidl_adapter/cmake)
[0.404s] -- Found rosidl_generator_cpp: 3.1.3 (/opt/ros/humble/share/rosidl_generator_cpp/cmake)
[0.426s] -- Using all available rosidl_typesupport_c: rosidl_typesupport_fastrtps_c;rosidl_typesupport_introspection_c
[0.455s] -- Using all available rosidl_typesupport_cpp: rosidl_typesupport_fastrtps_cpp;rosidl_typesupport_introspection_cpp
[0.569s] -- Found rmw_implementation_cmake: 6.1.0 (/opt/ros/humble/share/rmw_implementation_cmake/cmake)
[0.573s] -- Found rmw_fastrtps_cpp: 6.2.1 (/opt/ros/humble/share/rmw_fastrtps_cpp/cmake)
[0.764s] -- Using RMW implementation 'rmw_fastrtps_cpp' as default
[1.237s] -- Configuring done
[1.258s] -- Generating done
[1.262s] -- Build files have been written to: /home/martin/ros2_workspaces/ros2_ws_dev/build/cpp_pubsub
[1.276s] Invoked command in '/home/martin/ros2_workspaces/ros2_ws_dev/build/cpp_pubsub' returned '0': CMAKE_PREFIX_PATH=/opt/ros/humble /usr/bin/cmake /home/martin/ros2_workspaces/ros2_ws_dev/src/cpp_pubsub -DCMAKE_INSTALL_PREFIX=/home/martin/ros2_workspaces/ros2_ws_dev/install/cpp_pubsub
[1.276s] Invoking command in '/home/martin/ros2_workspaces/ros2_ws_dev/build/cpp_pubsub': CMAKE_PREFIX_PATH=/opt/ros/humble /usr/bin/cmake --build /home/martin/ros2_workspaces/ros2_ws_dev/build/cpp_pubsub -- -j2 -l2
[1.382s] [ 25%] [32mBuilding CXX object CMakeFiles/talker.dir/src/publisher_member_function.cpp.o[0m
[1.497s] [ 50%] [32mBuilding CXX object CMakeFiles/listener.dir/src/subscriber_member_function.cpp.o[0m
[8.655s] [ 75%] [32m[1mLinking CXX executable talker[0m
[8.990s] [ 75%] Built target talker
[14.956s] [100%] [32m[1mLinking CXX executable listener[0m
[15.616s] [100%] Built target listener
[15.653s] Invoked command in '/home/martin/ros2_workspaces/ros2_ws_dev/build/cpp_pubsub' returned '0': CMAKE_PREFIX_PATH=/opt/ros/humble /usr/bin/cmake --build /home/martin/ros2_workspaces/ros2_ws_dev/build/cpp_pubsub -- -j2 -l2
[15.836s] Invoking command in '/home/martin/ros2_workspaces/ros2_ws_dev/build/cpp_pubsub': CMAKE_PREFIX_PATH=/opt/ros/humble /usr/bin/cmake --install /home/martin/ros2_workspaces/ros2_ws_dev/build/cpp_pubsub
[15.865s] -- Install configuration: ""
[15.866s] -- Installing: /home/martin/ros2_workspaces/ros2_ws_dev/install/cpp_pubsub/lib/cpp_pubsub/talker
[15.871s] -- Set runtime path of "/home/martin/ros2_workspaces/ros2_ws_dev/install/cpp_pubsub/lib/cpp_pubsub/talker" to ""
[15.871s] -- Installing: /home/martin/ros2_workspaces/ros2_ws_dev/install/cpp_pubsub/lib/cpp_pubsub/listener
[15.881s] -- Set runtime path of "/home/martin/ros2_workspaces/ros2_ws_dev/install/cpp_pubsub/lib/cpp_pubsub/listener" to ""
[15.881s] -- Installing: /home/martin/ros2_workspaces/ros2_ws_dev/install/cpp_pubsub/share/ament_index/resource_index/package_run_dependencies/cpp_pubsub
[15.882s] -- Installing: /home/martin/ros2_workspaces/ros2_ws_dev/install/cpp_pubsub/share/ament_index/resource_index/parent_prefix_path/cpp_pubsub
[15.883s] -- Installing: /home/martin/ros2_workspaces/ros2_ws_dev/install/cpp_pubsub/share/cpp_pubsub/environment/ament_prefix_path.sh
[15.884s] -- Installing: /home/martin/ros2_workspaces/ros2_ws_dev/install/cpp_pubsub/share/cpp_pubsub/environment/ament_prefix_path.dsv
[15.885s] -- Installing: /home/martin/ros2_workspaces/ros2_ws_dev/install/cpp_pubsub/share/cpp_pubsub/environment/path.sh
[15.886s] -- Installing: /home/martin/ros2_workspaces/ros2_ws_dev/install/cpp_pubsub/share/cpp_pubsub/environment/path.dsv
[15.886s] -- Installing: /home/martin/ros2_workspaces/ros2_ws_dev/install/cpp_pubsub/share/cpp_pubsub/local_setup.bash
[15.887s] -- Installing: /home/martin/ros2_workspaces/ros2_ws_dev/install/cpp_pubsub/share/cpp_pubsub/local_setup.sh
[15.888s] -- Installing: /home/martin/ros2_workspaces/ros2_ws_dev/install/cpp_pubsub/share/cpp_pubsub/local_setup.zsh
[15.889s] -- Installing: /home/martin/ros2_workspaces/ros2_ws_dev/install/cpp_pubsub/share/cpp_pubsub/local_setup.dsv
[15.889s] -- Installing: /home/martin/ros2_workspaces/ros2_ws_dev/install/cpp_pubsub/share/cpp_pubsub/package.dsv
[15.891s] -- Installing: /home/martin/ros2_workspaces/ros2_ws_dev/install/cpp_pubsub/share/ament_index/resource_index/packages/cpp_pubsub
[15.892s] -- Installing: /home/martin/ros2_workspaces/ros2_ws_dev/install/cpp_pubsub/share/cpp_pubsub/cmake/cpp_pubsubConfig.cmake
[15.892s] -- Installing: /home/martin/ros2_workspaces/ros2_ws_dev/install/cpp_pubsub/share/cpp_pubsub/cmake/cpp_pubsubConfig-version.cmake
[15.893s] -- Installing: /home/martin/ros2_workspaces/ros2_ws_dev/install/cpp_pubsub/share/cpp_pubsub/package.xml
[15.908s] Invoked command in '/home/martin/ros2_workspaces/ros2_ws_dev/build/cpp_pubsub' returned '0': CMAKE_PREFIX_PATH=/opt/ros/humble /usr/bin/cmake --install /home/martin/ros2_workspaces/ros2_ws_dev/build/cpp_pubsub
