-- Found ament_cmake: 1.3.2 (/opt/ros/humble/share/ament_cmake/cmake)
-- Found pluginlib: 5.1.0 (/opt/ros/humble/share/pluginlib/cmake)
-- Configuring done
-- Generating done
-- Build files have been written to: /home/martin/ros2_workspaces/ros2_ws_dev/build/polygon_base
[35m[1mConsolidate compiler generated dependencies of target area_node[0m
[ 50%] [32mBuilding CXX object CMakeFiles/area_node.dir/src/area_node.cpp.o[0m
[100%] [32m[1mLinking CXX executable area_node[0m
[100%] Built target area_node
-- Install configuration: ""
-- Installing: /home/martin/ros2_workspaces/ros2_ws_dev/install/polygon_base/lib/polygon_base/area_node
-- Set runtime path of "/home/martin/ros2_workspaces/ros2_ws_dev/install/polygon_base/lib/polygon_base/area_node" to ""
-- Up-to-date: /home/martin/ros2_workspaces/ros2_ws_dev/install/polygon_base/include
-- Up-to-date: /home/martin/ros2_workspaces/ros2_ws_dev/install/polygon_base/include/polygon_base
-- Up-to-date: /home/martin/ros2_workspaces/ros2_ws_dev/install/polygon_base/include/polygon_base/regular_polygon.hpp
-- Up-to-date: /home/martin/ros2_workspaces/ros2_ws_dev/install/polygon_base/share/ament_index/resource_index/package_run_dependencies/polygon_base
-- Installing: /home/martin/ros2_workspaces/ros2_ws_dev/install/polygon_base/share/ament_index/resource_index/parent_prefix_path/polygon_base
-- Up-to-date: /home/martin/ros2_workspaces/ros2_ws_dev/install/polygon_base/share/polygon_base/environment/ament_prefix_path.sh
-- Installing: /home/martin/ros2_workspaces/ros2_ws_dev/install/polygon_base/share/polygon_base/environment/ament_prefix_path.dsv
-- Up-to-date: /home/martin/ros2_workspaces/ros2_ws_dev/install/polygon_base/share/polygon_base/environment/path.sh
-- Installing: /home/martin/ros2_workspaces/ros2_ws_dev/install/polygon_base/share/polygon_base/environment/path.dsv
-- Up-to-date: /home/martin/ros2_workspaces/ros2_ws_dev/install/polygon_base/share/polygon_base/local_setup.bash
-- Up-to-date: /home/martin/ros2_workspaces/ros2_ws_dev/install/polygon_base/share/polygon_base/local_setup.sh
-- Up-to-date: /home/martin/ros2_workspaces/ros2_ws_dev/install/polygon_base/share/polygon_base/local_setup.zsh
-- Installing: /home/martin/ros2_workspaces/ros2_ws_dev/install/polygon_base/share/polygon_base/local_setup.dsv
-- Installing: /home/martin/ros2_workspaces/ros2_ws_dev/install/polygon_base/share/polygon_base/package.dsv
-- Up-to-date: /home/martin/ros2_workspaces/ros2_ws_dev/install/polygon_base/share/ament_index/resource_index/packages/polygon_base
-- Up-to-date: /home/martin/ros2_workspaces/ros2_ws_dev/install/polygon_base/share/polygon_base/cmake/ament_cmake_export_include_directories-extras.cmake
-- Up-to-date: /home/martin/ros2_workspaces/ros2_ws_dev/install/polygon_base/share/polygon_base/cmake/polygon_baseConfig.cmake
-- Up-to-date: /home/martin/ros2_workspaces/ros2_ws_dev/install/polygon_base/share/polygon_base/cmake/polygon_baseConfig-version.cmake
-- Installing: /home/martin/ros2_workspaces/ros2_ws_dev/install/polygon_base/share/polygon_base/package.xml
