[0.677s] DEBUG:colcon:Command line arguments: ['/usr/bin/colcon', 'build', '--packages-select', 'cpp_parameters']
[0.678s] DEBUG:colcon:Parsed command line arguments: Namespace(log_base=None, log_level=None, verb_name='build', build_base='build', install_base='install', merge_install=False, symlink_install=False, test_result_base=None, continue_on_error=False, executor='parallel', parallel_workers=2, event_handlers=None, ignore_user_meta=False, metas=['./colcon.meta'], base_paths=['.'], packages_ignore=None, packages_ignore_regex=None, paths=None, packages_up_to=None, packages_up_to_regex=None, packages_above=None, packages_above_and_dependencies=None, packages_above_depth=None, packages_select_by_dep=None, packages_skip_by_dep=None, packages_skip_up_to=None, packages_select_build_failed=False, packages_skip_build_finished=False, packages_select_test_failures=False, packages_skip_test_passed=False, packages_select=['cpp_parameters'], packages_skip=None, packages_select_regex=None, packages_skip_regex=None, packages_start=None, packages_end=None, allow_overriding=[], cmake_args=None, cmake_target=None, cmake_target_skip_unavailable=False, cmake_clean_cache=False, cmake_clean_first=False, cmake_force_configure=False, ament_cmake_args=None, catkin_cmake_args=None, catkin_skip_building_tests=False, verb_parser=<colcon_defaults.argument_parser.defaults.DefaultArgumentsDecorator object at 0x7f4f8dab4df0>, verb_extension=<colcon_core.verb.build.BuildVerb object at 0x7f4f8e3f9db0>, main=<bound method BuildVerb.main of <colcon_core.verb.build.BuildVerb object at 0x7f4f8e3f9db0>>)
[0.808s] Level 1:colcon.colcon_core.package_discovery:discover_packages(colcon_meta) check parameters
[0.808s] Level 1:colcon.colcon_core.package_discovery:discover_packages(recursive) check parameters
[0.808s] Level 1:colcon.colcon_core.package_discovery:discover_packages(ignore) check parameters
[0.808s] Level 1:colcon.colcon_core.package_discovery:discover_packages(path) check parameters
[0.808s] Level 1:colcon.colcon_core.package_discovery:discover_packages(colcon_meta) discover
[0.808s] Level 1:colcon.colcon_core.package_discovery:discover_packages(recursive) discover
[0.808s] INFO:colcon.colcon_core.package_discovery:Crawling recursively for packages in '/home/martin/ros2_workspaces/ros2_ws_dev'
[0.808s] Level 1:colcon.colcon_core.package_identification:_identify(.) by extensions ['ignore', 'ignore_ament_install']
[0.808s] Level 1:colcon.colcon_core.package_identification:_identify(.) by extension 'ignore'
[0.808s] Level 1:colcon.colcon_core.package_identification:_identify(.) by extension 'ignore_ament_install'
[0.808s] Level 1:colcon.colcon_core.package_identification:_identify(.) by extensions ['colcon_pkg']
[0.808s] Level 1:colcon.colcon_core.package_identification:_identify(.) by extension 'colcon_pkg'
[0.808s] Level 1:colcon.colcon_core.package_identification:_identify(.) by extensions ['colcon_meta']
[0.808s] Level 1:colcon.colcon_core.package_identification:_identify(.) by extension 'colcon_meta'
[0.809s] Level 1:colcon.colcon_core.package_identification:_identify(.) by extensions ['ros']
[0.809s] Level 1:colcon.colcon_core.package_identification:_identify(.) by extension 'ros'
[0.841s] Level 1:colcon.colcon_core.package_identification:_identify(.) by extensions ['cmake', 'python']
[0.841s] Level 1:colcon.colcon_core.package_identification:_identify(.) by extension 'cmake'
[0.841s] Level 1:colcon.colcon_core.package_identification:_identify(.) by extension 'python'
[0.841s] Level 1:colcon.colcon_core.package_identification:_identify(.) by extensions ['python_setup_py']
[0.841s] Level 1:colcon.colcon_core.package_identification:_identify(.) by extension 'python_setup_py'
[0.841s] Level 1:colcon.colcon_core.package_identification:_identify(build) by extensions ['ignore', 'ignore_ament_install']
[0.841s] Level 1:colcon.colcon_core.package_identification:_identify(build) by extension 'ignore'
[0.841s] Level 1:colcon.colcon_core.package_identification:_identify(build) ignored
[0.842s] Level 1:colcon.colcon_core.package_identification:_identify(install) by extensions ['ignore', 'ignore_ament_install']
[0.842s] Level 1:colcon.colcon_core.package_identification:_identify(install) by extension 'ignore'
[0.842s] Level 1:colcon.colcon_core.package_identification:_identify(install) ignored
[0.842s] Level 1:colcon.colcon_core.package_identification:_identify(log) by extensions ['ignore', 'ignore_ament_install']
[0.842s] Level 1:colcon.colcon_core.package_identification:_identify(log) by extension 'ignore'
[0.842s] Level 1:colcon.colcon_core.package_identification:_identify(log) ignored
[0.842s] Level 1:colcon.colcon_core.package_identification:_identify(src) by extensions ['ignore', 'ignore_ament_install']
[0.842s] Level 1:colcon.colcon_core.package_identification:_identify(src) by extension 'ignore'
[0.842s] Level 1:colcon.colcon_core.package_identification:_identify(src) by extension 'ignore_ament_install'
[0.842s] Level 1:colcon.colcon_core.package_identification:_identify(src) by extensions ['colcon_pkg']
[0.842s] Level 1:colcon.colcon_core.package_identification:_identify(src) by extension 'colcon_pkg'
[0.842s] Level 1:colcon.colcon_core.package_identification:_identify(src) by extensions ['colcon_meta']
[0.842s] Level 1:colcon.colcon_core.package_identification:_identify(src) by extension 'colcon_meta'
[0.842s] Level 1:colcon.colcon_core.package_identification:_identify(src) by extensions ['ros']
[0.842s] Level 1:colcon.colcon_core.package_identification:_identify(src) by extension 'ros'
[0.843s] Level 1:colcon.colcon_core.package_identification:_identify(src) by extensions ['cmake', 'python']
[0.843s] Level 1:colcon.colcon_core.package_identification:_identify(src) by extension 'cmake'
[0.843s] Level 1:colcon.colcon_core.package_identification:_identify(src) by extension 'python'
[0.843s] Level 1:colcon.colcon_core.package_identification:_identify(src) by extensions ['python_setup_py']
[0.843s] Level 1:colcon.colcon_core.package_identification:_identify(src) by extension 'python_setup_py'
[0.843s] Level 1:colcon.colcon_core.package_identification:_identify(src/cpp_parameters) by extensions ['ignore', 'ignore_ament_install']
[0.843s] Level 1:colcon.colcon_core.package_identification:_identify(src/cpp_parameters) by extension 'ignore'
[0.843s] Level 1:colcon.colcon_core.package_identification:_identify(src/cpp_parameters) by extension 'ignore_ament_install'
[0.843s] Level 1:colcon.colcon_core.package_identification:_identify(src/cpp_parameters) by extensions ['colcon_pkg']
[0.843s] Level 1:colcon.colcon_core.package_identification:_identify(src/cpp_parameters) by extension 'colcon_pkg'
[0.843s] Level 1:colcon.colcon_core.package_identification:_identify(src/cpp_parameters) by extensions ['colcon_meta']
[0.843s] Level 1:colcon.colcon_core.package_identification:_identify(src/cpp_parameters) by extension 'colcon_meta'
[0.843s] Level 1:colcon.colcon_core.package_identification:_identify(src/cpp_parameters) by extensions ['ros']
[0.843s] Level 1:colcon.colcon_core.package_identification:_identify(src/cpp_parameters) by extension 'ros'
[0.846s] DEBUG:colcon.colcon_core.package_identification:Package 'src/cpp_parameters' with type 'ros.ament_cmake' and name 'cpp_parameters'
[0.847s] Level 1:colcon.colcon_core.package_identification:_identify(src/cpp_pubsub) by extensions ['ignore', 'ignore_ament_install']
[0.847s] Level 1:colcon.colcon_core.package_identification:_identify(src/cpp_pubsub) by extension 'ignore'
[0.847s] Level 1:colcon.colcon_core.package_identification:_identify(src/cpp_pubsub) by extension 'ignore_ament_install'
[0.847s] Level 1:colcon.colcon_core.package_identification:_identify(src/cpp_pubsub) by extensions ['colcon_pkg']
[0.847s] Level 1:colcon.colcon_core.package_identification:_identify(src/cpp_pubsub) by extension 'colcon_pkg'
[0.847s] Level 1:colcon.colcon_core.package_identification:_identify(src/cpp_pubsub) by extensions ['colcon_meta']
[0.847s] Level 1:colcon.colcon_core.package_identification:_identify(src/cpp_pubsub) by extension 'colcon_meta'
[0.847s] Level 1:colcon.colcon_core.package_identification:_identify(src/cpp_pubsub) by extensions ['ros']
[0.847s] Level 1:colcon.colcon_core.package_identification:_identify(src/cpp_pubsub) by extension 'ros'
[0.848s] DEBUG:colcon.colcon_core.package_identification:Package 'src/cpp_pubsub' with type 'ros.ament_cmake' and name 'cpp_pubsub'
[0.848s] Level 1:colcon.colcon_core.package_identification:_identify(src/cpp_srvcli) by extensions ['ignore', 'ignore_ament_install']
[0.848s] Level 1:colcon.colcon_core.package_identification:_identify(src/cpp_srvcli) by extension 'ignore'
[0.848s] Level 1:colcon.colcon_core.package_identification:_identify(src/cpp_srvcli) by extension 'ignore_ament_install'
[0.848s] Level 1:colcon.colcon_core.package_identification:_identify(src/cpp_srvcli) by extensions ['colcon_pkg']
[0.848s] Level 1:colcon.colcon_core.package_identification:_identify(src/cpp_srvcli) by extension 'colcon_pkg'
[0.848s] Level 1:colcon.colcon_core.package_identification:_identify(src/cpp_srvcli) by extensions ['colcon_meta']
[0.848s] Level 1:colcon.colcon_core.package_identification:_identify(src/cpp_srvcli) by extension 'colcon_meta'
[0.848s] Level 1:colcon.colcon_core.package_identification:_identify(src/cpp_srvcli) by extensions ['ros']
[0.848s] Level 1:colcon.colcon_core.package_identification:_identify(src/cpp_srvcli) by extension 'ros'
[0.849s] DEBUG:colcon.colcon_core.package_identification:Package 'src/cpp_srvcli' with type 'ros.ament_cmake' and name 'cpp_srvcli'
[0.849s] Level 1:colcon.colcon_core.package_identification:_identify(src/more_interfaces) by extensions ['ignore', 'ignore_ament_install']
[0.849s] Level 1:colcon.colcon_core.package_identification:_identify(src/more_interfaces) by extension 'ignore'
[0.849s] Level 1:colcon.colcon_core.package_identification:_identify(src/more_interfaces) by extension 'ignore_ament_install'
[0.849s] Level 1:colcon.colcon_core.package_identification:_identify(src/more_interfaces) by extensions ['colcon_pkg']
[0.850s] Level 1:colcon.colcon_core.package_identification:_identify(src/more_interfaces) by extension 'colcon_pkg'
[0.850s] Level 1:colcon.colcon_core.package_identification:_identify(src/more_interfaces) by extensions ['colcon_meta']
[0.850s] Level 1:colcon.colcon_core.package_identification:_identify(src/more_interfaces) by extension 'colcon_meta'
[0.850s] Level 1:colcon.colcon_core.package_identification:_identify(src/more_interfaces) by extensions ['ros']
[0.850s] Level 1:colcon.colcon_core.package_identification:_identify(src/more_interfaces) by extension 'ros'
[0.850s] DEBUG:colcon.colcon_core.package_identification:Package 'src/more_interfaces' with type 'ros.ament_cmake' and name 'more_interfaces'
[0.850s] Level 1:colcon.colcon_core.package_identification:_identify(src/my_package) by extensions ['ignore', 'ignore_ament_install']
[0.850s] Level 1:colcon.colcon_core.package_identification:_identify(src/my_package) by extension 'ignore'
[0.850s] Level 1:colcon.colcon_core.package_identification:_identify(src/my_package) by extension 'ignore_ament_install'
[0.851s] Level 1:colcon.colcon_core.package_identification:_identify(src/my_package) by extensions ['colcon_pkg']
[0.851s] Level 1:colcon.colcon_core.package_identification:_identify(src/my_package) by extension 'colcon_pkg'
[0.851s] Level 1:colcon.colcon_core.package_identification:_identify(src/my_package) by extensions ['colcon_meta']
[0.851s] Level 1:colcon.colcon_core.package_identification:_identify(src/my_package) by extension 'colcon_meta'
[0.851s] Level 1:colcon.colcon_core.package_identification:_identify(src/my_package) by extensions ['ros']
[0.851s] Level 1:colcon.colcon_core.package_identification:_identify(src/my_package) by extension 'ros'
[0.851s] DEBUG:colcon.colcon_core.package_identification:Package 'src/my_package' with type 'ros.ament_python' and name 'my_package'
[0.851s] Level 1:colcon.colcon_core.package_identification:_identify(src/py_pubsub) by extensions ['ignore', 'ignore_ament_install']
[0.851s] Level 1:colcon.colcon_core.package_identification:_identify(src/py_pubsub) by extension 'ignore'
[0.851s] Level 1:colcon.colcon_core.package_identification:_identify(src/py_pubsub) by extension 'ignore_ament_install'
[0.852s] Level 1:colcon.colcon_core.package_identification:_identify(src/py_pubsub) by extensions ['colcon_pkg']
[0.852s] Level 1:colcon.colcon_core.package_identification:_identify(src/py_pubsub) by extension 'colcon_pkg'
[0.852s] Level 1:colcon.colcon_core.package_identification:_identify(src/py_pubsub) by extensions ['colcon_meta']
[0.852s] Level 1:colcon.colcon_core.package_identification:_identify(src/py_pubsub) by extension 'colcon_meta'
[0.852s] Level 1:colcon.colcon_core.package_identification:_identify(src/py_pubsub) by extensions ['ros']
[0.852s] Level 1:colcon.colcon_core.package_identification:_identify(src/py_pubsub) by extension 'ros'
[0.852s] DEBUG:colcon.colcon_core.package_identification:Package 'src/py_pubsub' with type 'ros.ament_python' and name 'py_pubsub'
[0.852s] Level 1:colcon.colcon_core.package_identification:_identify(src/py_srvcli) by extensions ['ignore', 'ignore_ament_install']
[0.852s] Level 1:colcon.colcon_core.package_identification:_identify(src/py_srvcli) by extension 'ignore'
[0.853s] Level 1:colcon.colcon_core.package_identification:_identify(src/py_srvcli) by extension 'ignore_ament_install'
[0.853s] Level 1:colcon.colcon_core.package_identification:_identify(src/py_srvcli) by extensions ['colcon_pkg']
[0.853s] Level 1:colcon.colcon_core.package_identification:_identify(src/py_srvcli) by extension 'colcon_pkg'
[0.853s] Level 1:colcon.colcon_core.package_identification:_identify(src/py_srvcli) by extensions ['colcon_meta']
[0.853s] Level 1:colcon.colcon_core.package_identification:_identify(src/py_srvcli) by extension 'colcon_meta'
[0.853s] Level 1:colcon.colcon_core.package_identification:_identify(src/py_srvcli) by extensions ['ros']
[0.853s] Level 1:colcon.colcon_core.package_identification:_identify(src/py_srvcli) by extension 'ros'
[0.854s] DEBUG:colcon.colcon_core.package_identification:Package 'src/py_srvcli' with type 'ros.ament_python' and name 'py_srvcli'
[0.854s] Level 1:colcon.colcon_core.package_identification:_identify(src/tutorial_interfaces) by extensions ['ignore', 'ignore_ament_install']
[0.854s] Level 1:colcon.colcon_core.package_identification:_identify(src/tutorial_interfaces) by extension 'ignore'
[0.854s] Level 1:colcon.colcon_core.package_identification:_identify(src/tutorial_interfaces) by extension 'ignore_ament_install'
[0.854s] Level 1:colcon.colcon_core.package_identification:_identify(src/tutorial_interfaces) by extensions ['colcon_pkg']
[0.854s] Level 1:colcon.colcon_core.package_identification:_identify(src/tutorial_interfaces) by extension 'colcon_pkg'
[0.854s] Level 1:colcon.colcon_core.package_identification:_identify(src/tutorial_interfaces) by extensions ['colcon_meta']
[0.854s] Level 1:colcon.colcon_core.package_identification:_identify(src/tutorial_interfaces) by extension 'colcon_meta'
[0.854s] Level 1:colcon.colcon_core.package_identification:_identify(src/tutorial_interfaces) by extensions ['ros']
[0.854s] Level 1:colcon.colcon_core.package_identification:_identify(src/tutorial_interfaces) by extension 'ros'
[0.855s] DEBUG:colcon.colcon_core.package_identification:Package 'src/tutorial_interfaces' with type 'ros.ament_cmake' and name 'tutorial_interfaces'
[0.855s] Level 1:colcon.colcon_core.package_discovery:discover_packages(recursive) using defaults
[0.855s] Level 1:colcon.colcon_core.package_discovery:discover_packages(ignore) discover
[0.855s] Level 1:colcon.colcon_core.package_discovery:discover_packages(ignore) using defaults
[0.855s] Level 1:colcon.colcon_core.package_discovery:discover_packages(path) discover
[0.855s] Level 1:colcon.colcon_core.package_discovery:discover_packages(path) using defaults
[0.929s] INFO:colcon.colcon_core.package_selection:Skipping not selected package 'cpp_pubsub' in 'src/cpp_pubsub'
[0.929s] INFO:colcon.colcon_core.package_selection:Skipping not selected package 'cpp_srvcli' in 'src/cpp_srvcli'
[0.929s] INFO:colcon.colcon_core.package_selection:Skipping not selected package 'more_interfaces' in 'src/more_interfaces'
[0.929s] INFO:colcon.colcon_core.package_selection:Skipping not selected package 'my_package' in 'src/my_package'
[0.929s] INFO:colcon.colcon_core.package_selection:Skipping not selected package 'tutorial_interfaces' in 'src/tutorial_interfaces'
[0.929s] INFO:colcon.colcon_core.package_selection:Skipping not selected package 'py_pubsub' in 'src/py_pubsub'
[0.929s] INFO:colcon.colcon_core.package_selection:Skipping not selected package 'py_srvcli' in 'src/py_srvcli'
[0.931s] Level 1:colcon.colcon_core.package_discovery:discover_packages(prefix_path) check parameters
[0.931s] Level 1:colcon.colcon_core.package_discovery:discover_packages(prefix_path) discover
[0.942s] DEBUG:colcon.colcon_installed_package_information.package_discovery:Found 283 installed packages in /opt/ros/humble
[0.944s] Level 1:colcon.colcon_core.package_discovery:discover_packages(prefix_path) using defaults
[1.022s] Level 5:colcon.colcon_core.verb:set package 'cpp_parameters' build argument 'cmake_args' from command line to 'None'
[1.022s] Level 5:colcon.colcon_core.verb:set package 'cpp_parameters' build argument 'cmake_target' from command line to 'None'
[1.022s] Level 5:colcon.colcon_core.verb:set package 'cpp_parameters' build argument 'cmake_target_skip_unavailable' from command line to 'False'
[1.022s] Level 5:colcon.colcon_core.verb:set package 'cpp_parameters' build argument 'cmake_clean_cache' from command line to 'False'
[1.022s] Level 5:colcon.colcon_core.verb:set package 'cpp_parameters' build argument 'cmake_clean_first' from command line to 'False'
[1.022s] Level 5:colcon.colcon_core.verb:set package 'cpp_parameters' build argument 'cmake_force_configure' from command line to 'False'
[1.022s] Level 5:colcon.colcon_core.verb:set package 'cpp_parameters' build argument 'ament_cmake_args' from command line to 'None'
[1.022s] Level 5:colcon.colcon_core.verb:set package 'cpp_parameters' build argument 'catkin_cmake_args' from command line to 'None'
[1.023s] Level 5:colcon.colcon_core.verb:set package 'cpp_parameters' build argument 'catkin_skip_building_tests' from command line to 'False'
[1.023s] DEBUG:colcon.colcon_core.verb:Building package 'cpp_parameters' with the following arguments: {'ament_cmake_args': None, 'build_base': '/home/martin/ros2_workspaces/ros2_ws_dev/build/cpp_parameters', 'catkin_cmake_args': None, 'catkin_skip_building_tests': False, 'cmake_args': None, 'cmake_clean_cache': False, 'cmake_clean_first': False, 'cmake_force_configure': False, 'cmake_target': None, 'cmake_target_skip_unavailable': False, 'install_base': '/home/martin/ros2_workspaces/ros2_ws_dev/install/cpp_parameters', 'merge_install': False, 'path': '/home/martin/ros2_workspaces/ros2_ws_dev/src/cpp_parameters', 'symlink_install': False, 'test_result_base': None}
[1.023s] INFO:colcon.colcon_core.executor:Executing jobs using 'parallel' executor
[1.028s] DEBUG:colcon.colcon_parallel_executor.executor.parallel:run_until_complete
[1.029s] INFO:colcon.colcon_ros.task.ament_cmake.build:Building ROS package in '/home/martin/ros2_workspaces/ros2_ws_dev/src/cpp_parameters' with build type 'ament_cmake'
[1.029s] INFO:colcon.colcon_cmake.task.cmake.build:Building CMake package in '/home/martin/ros2_workspaces/ros2_ws_dev/src/cpp_parameters'
[1.055s] INFO:colcon.colcon_core.plugin_system:Skipping extension 'colcon_core.shell.bat': Not used on non-Windows systems
[1.056s] INFO:colcon.colcon_core.shell:Skip shell extension 'powershell' for command environment: Not usable outside of PowerShell
[1.056s] DEBUG:colcon.colcon_core.shell:Skip shell extension 'dsv' for command environment
[1.071s] DEBUG:colcon.colcon_core.event_handler.log_command:Invoking command in '/home/martin/ros2_workspaces/ros2_ws_dev/build/cpp_parameters': CMAKE_PREFIX_PATH=/opt/ros/humble /usr/bin/cmake /home/martin/ros2_workspaces/ros2_ws_dev/src/cpp_parameters -DCMAKE_INSTALL_PREFIX=/home/martin/ros2_workspaces/ros2_ws_dev/install/cpp_parameters
[4.259s] DEBUG:colcon.colcon_core.event_handler.log_command:Invoked command in '/home/martin/ros2_workspaces/ros2_ws_dev/build/cpp_parameters' returned '0': CMAKE_PREFIX_PATH=/opt/ros/humble /usr/bin/cmake /home/martin/ros2_workspaces/ros2_ws_dev/src/cpp_parameters -DCMAKE_INSTALL_PREFIX=/home/martin/ros2_workspaces/ros2_ws_dev/install/cpp_parameters
[4.259s] DEBUG:colcon.colcon_core.event_handler.log_command:Invoking command in '/home/martin/ros2_workspaces/ros2_ws_dev/build/cpp_parameters': CMAKE_PREFIX_PATH=/opt/ros/humble /usr/bin/cmake --build /home/martin/ros2_workspaces/ros2_ws_dev/build/cpp_parameters -- -j2 -l2
[9.594s] DEBUG:colcon.colcon_core.event_handler.log_command:Invoked command in '/home/martin/ros2_workspaces/ros2_ws_dev/build/cpp_parameters' returned '0': CMAKE_PREFIX_PATH=/opt/ros/humble /usr/bin/cmake --build /home/martin/ros2_workspaces/ros2_ws_dev/build/cpp_parameters -- -j2 -l2
[9.675s] DEBUG:colcon.colcon_core.event_handler.log_command:Invoking command in '/home/martin/ros2_workspaces/ros2_ws_dev/build/cpp_parameters': CMAKE_PREFIX_PATH=/opt/ros/humble /usr/bin/cmake --install /home/martin/ros2_workspaces/ros2_ws_dev/build/cpp_parameters
[9.693s] Level 1:colcon.colcon_core.environment:create_environment_scripts_only(cpp_parameters)
[9.695s] DEBUG:colcon.colcon_core.event_handler.log_command:Invoked command in '/home/martin/ros2_workspaces/ros2_ws_dev/build/cpp_parameters' returned '0': CMAKE_PREFIX_PATH=/opt/ros/humble /usr/bin/cmake --install /home/martin/ros2_workspaces/ros2_ws_dev/build/cpp_parameters
[9.723s] Level 1:colcon.colcon_core.environment:checking '/home/martin/ros2_workspaces/ros2_ws_dev/install/cpp_parameters' for CMake module files
[9.724s] Level 1:colcon.colcon_core.environment:checking '/home/martin/ros2_workspaces/ros2_ws_dev/install/cpp_parameters' for CMake config files
[9.724s] Level 1:colcon.colcon_core.shell:create_environment_hook('cpp_parameters', 'cmake_prefix_path')
[9.726s] INFO:colcon.colcon_core.shell:Creating environment hook '/home/martin/ros2_workspaces/ros2_ws_dev/install/cpp_parameters/share/cpp_parameters/hook/cmake_prefix_path.ps1'
[9.729s] INFO:colcon.colcon_core.shell:Creating environment descriptor '/home/martin/ros2_workspaces/ros2_ws_dev/install/cpp_parameters/share/cpp_parameters/hook/cmake_prefix_path.dsv'
[9.731s] INFO:colcon.colcon_core.shell:Creating environment hook '/home/martin/ros2_workspaces/ros2_ws_dev/install/cpp_parameters/share/cpp_parameters/hook/cmake_prefix_path.sh'
[9.733s] Level 1:colcon.colcon_core.environment:checking '/home/martin/ros2_workspaces/ros2_ws_dev/install/cpp_parameters/lib'
[9.733s] Level 1:colcon.colcon_core.environment:checking '/home/martin/ros2_workspaces/ros2_ws_dev/install/cpp_parameters/bin'
[9.733s] Level 1:colcon.colcon_core.environment:checking '/home/martin/ros2_workspaces/ros2_ws_dev/install/cpp_parameters/lib/pkgconfig/cpp_parameters.pc'
[9.733s] Level 1:colcon.colcon_core.environment:checking '/home/martin/ros2_workspaces/ros2_ws_dev/install/cpp_parameters/lib/python3.10/site-packages'
[9.733s] Level 1:colcon.colcon_core.environment:checking '/home/martin/ros2_workspaces/ros2_ws_dev/install/cpp_parameters/bin'
[9.735s] INFO:colcon.colcon_core.shell:Creating package script '/home/martin/ros2_workspaces/ros2_ws_dev/install/cpp_parameters/share/cpp_parameters/package.ps1'
[9.737s] INFO:colcon.colcon_core.shell:Creating package descriptor '/home/martin/ros2_workspaces/ros2_ws_dev/install/cpp_parameters/share/cpp_parameters/package.dsv'
[9.739s] INFO:colcon.colcon_core.shell:Creating package script '/home/martin/ros2_workspaces/ros2_ws_dev/install/cpp_parameters/share/cpp_parameters/package.sh'
[9.741s] INFO:colcon.colcon_core.shell:Creating package script '/home/martin/ros2_workspaces/ros2_ws_dev/install/cpp_parameters/share/cpp_parameters/package.bash'
[9.744s] INFO:colcon.colcon_core.shell:Creating package script '/home/martin/ros2_workspaces/ros2_ws_dev/install/cpp_parameters/share/cpp_parameters/package.zsh'
[9.746s] Level 1:colcon.colcon_core.environment:create_file_with_runtime_dependencies(/home/martin/ros2_workspaces/ros2_ws_dev/install/cpp_parameters/share/colcon-core/packages/cpp_parameters)
[9.803s] Level 1:colcon.colcon_core.environment:create_environment_scripts_only(cpp_parameters)
[9.805s] Level 1:colcon.colcon_core.environment:checking '/home/martin/ros2_workspaces/ros2_ws_dev/install/cpp_parameters' for CMake module files
[9.806s] Level 1:colcon.colcon_core.environment:checking '/home/martin/ros2_workspaces/ros2_ws_dev/install/cpp_parameters' for CMake config files
[9.806s] Level 1:colcon.colcon_core.shell:create_environment_hook('cpp_parameters', 'cmake_prefix_path')
[9.808s] INFO:colcon.colcon_core.shell:Creating environment hook '/home/martin/ros2_workspaces/ros2_ws_dev/install/cpp_parameters/share/cpp_parameters/hook/cmake_prefix_path.ps1'
[9.809s] INFO:colcon.colcon_core.shell:Creating environment descriptor '/home/martin/ros2_workspaces/ros2_ws_dev/install/cpp_parameters/share/cpp_parameters/hook/cmake_prefix_path.dsv'
[9.810s] INFO:colcon.colcon_core.shell:Creating environment hook '/home/martin/ros2_workspaces/ros2_ws_dev/install/cpp_parameters/share/cpp_parameters/hook/cmake_prefix_path.sh'
[9.812s] Level 1:colcon.colcon_core.environment:checking '/home/martin/ros2_workspaces/ros2_ws_dev/install/cpp_parameters/lib'
[9.812s] Level 1:colcon.colcon_core.environment:checking '/home/martin/ros2_workspaces/ros2_ws_dev/install/cpp_parameters/bin'
[9.812s] Level 1:colcon.colcon_core.environment:checking '/home/martin/ros2_workspaces/ros2_ws_dev/install/cpp_parameters/lib/pkgconfig/cpp_parameters.pc'
[9.813s] Level 1:colcon.colcon_core.environment:checking '/home/martin/ros2_workspaces/ros2_ws_dev/install/cpp_parameters/lib/python3.10/site-packages'
[9.813s] Level 1:colcon.colcon_core.environment:checking '/home/martin/ros2_workspaces/ros2_ws_dev/install/cpp_parameters/bin'
[9.815s] INFO:colcon.colcon_core.shell:Creating package script '/home/martin/ros2_workspaces/ros2_ws_dev/install/cpp_parameters/share/cpp_parameters/package.ps1'
[9.816s] INFO:colcon.colcon_core.shell:Creating package descriptor '/home/martin/ros2_workspaces/ros2_ws_dev/install/cpp_parameters/share/cpp_parameters/package.dsv'
[9.817s] INFO:colcon.colcon_core.shell:Creating package script '/home/martin/ros2_workspaces/ros2_ws_dev/install/cpp_parameters/share/cpp_parameters/package.sh'
[9.819s] INFO:colcon.colcon_core.shell:Creating package script '/home/martin/ros2_workspaces/ros2_ws_dev/install/cpp_parameters/share/cpp_parameters/package.bash'
[9.820s] INFO:colcon.colcon_core.shell:Creating package script '/home/martin/ros2_workspaces/ros2_ws_dev/install/cpp_parameters/share/cpp_parameters/package.zsh'
[9.821s] Level 1:colcon.colcon_core.environment:create_file_with_runtime_dependencies(/home/martin/ros2_workspaces/ros2_ws_dev/install/cpp_parameters/share/colcon-core/packages/cpp_parameters)
[9.823s] DEBUG:colcon.colcon_parallel_executor.executor.parallel:closing loop
[9.823s] DEBUG:colcon.colcon_parallel_executor.executor.parallel:loop closed
[9.824s] DEBUG:colcon.colcon_parallel_executor.executor.parallel:run_until_complete finished with '0'
[9.824s] DEBUG:colcon.colcon_core.event_reactor:joining thread
[9.846s] INFO:colcon.colcon_core.plugin_system:Skipping extension 'colcon_notification.desktop_notification.terminal_notifier': Not used on non-Darwin systems
[9.846s] INFO:colcon.colcon_core.plugin_system:Skipping extension 'colcon_notification.desktop_notification.win32': Not used on non-Windows systems
[9.846s] INFO:colcon.colcon_notification.desktop_notification:Sending desktop notification using 'notify2'
[9.889s] DEBUG:colcon.colcon_core.event_reactor:joined thread
[9.891s] INFO:colcon.colcon_core.shell:Creating prefix script '/home/martin/ros2_workspaces/ros2_ws_dev/install/local_setup.ps1'
[9.894s] INFO:colcon.colcon_core.shell:Creating prefix util module '/home/martin/ros2_workspaces/ros2_ws_dev/install/_local_setup_util_ps1.py'
[9.897s] INFO:colcon.colcon_core.shell:Creating prefix chain script '/home/martin/ros2_workspaces/ros2_ws_dev/install/setup.ps1'
[9.937s] INFO:colcon.colcon_core.shell:Creating prefix script '/home/martin/ros2_workspaces/ros2_ws_dev/install/local_setup.sh'
[10.008s] INFO:colcon.colcon_core.shell:Creating prefix util module '/home/martin/ros2_workspaces/ros2_ws_dev/install/_local_setup_util_sh.py'
[10.011s] INFO:colcon.colcon_core.shell:Creating prefix chain script '/home/martin/ros2_workspaces/ros2_ws_dev/install/setup.sh'
[10.017s] INFO:colcon.colcon_core.shell:Creating prefix script '/home/martin/ros2_workspaces/ros2_ws_dev/install/local_setup.bash'
[10.025s] INFO:colcon.colcon_core.shell:Creating prefix chain script '/home/martin/ros2_workspaces/ros2_ws_dev/install/setup.bash'
[10.029s] INFO:colcon.colcon_core.shell:Creating prefix script '/home/martin/ros2_workspaces/ros2_ws_dev/install/local_setup.zsh'
[10.031s] INFO:colcon.colcon_core.shell:Creating prefix chain script '/home/martin/ros2_workspaces/ros2_ws_dev/install/setup.zsh'
