[1.523s] Invoking command in '/home/martin/ros2_workspaces/ros2_ws_dev/src/python_parameters': PYTHONPATH=/home/martin/ros2_workspaces/ros2_ws_dev/install/python_parameters/lib/python3.10/site-packages:${PYTHONPATH} /usr/bin/python3 setup.py egg_info --egg-base ../../build/python_parameters build --build-base /home/martin/ros2_workspaces/ros2_ws_dev/build/python_parameters/build install --prefix /home/martin/ros2_workspaces/ros2_ws_dev/install/python_parameters --record /home/martin/ros2_workspaces/ros2_ws_dev/build/python_parameters/install.log --single-version-externally-managed
[1.943s] running egg_info
[1.945s] writing ../../build/python_parameters/python_parameters.egg-info/PKG-INFO
[1.947s] writing dependency_links to ../../build/python_parameters/python_parameters.egg-info/dependency_links.txt
[1.948s] writing entry points to ../../build/python_parameters/python_parameters.egg-info/entry_points.txt
[1.950s] writing requirements to ../../build/python_parameters/python_parameters.egg-info/requires.txt
[1.951s] writing top-level names to ../../build/python_parameters/python_parameters.egg-info/top_level.txt
[1.955s] reading manifest file '../../build/python_parameters/python_parameters.egg-info/SOURCES.txt'
[1.957s] writing manifest file '../../build/python_parameters/python_parameters.egg-info/SOURCES.txt'
[1.959s] running build
[1.959s] running build_py
[1.960s] running install
[1.961s] /usr/lib/python3/dist-packages/setuptools/command/install.py:34: SetuptoolsDeprecationWarning: setup.py install is deprecated. Use build and pip and other standards-based tools.
[1.961s]   warnings.warn(
[1.962s] running install_lib
[1.964s] running install_data
[1.966s] running install_egg_info
[1.969s] removing '/home/martin/ros2_workspaces/ros2_ws_dev/install/python_parameters/lib/python3.10/site-packages/python_parameters-0.0.0-py3.10.egg-info' (and everything under it)
[1.971s] Copying ../../build/python_parameters/python_parameters.egg-info to /home/martin/ros2_workspaces/ros2_ws_dev/install/python_parameters/lib/python3.10/site-packages/python_parameters-0.0.0-py3.10.egg-info
[1.972s] running install_scripts
[2.012s] Installing minimal_param_node script to /home/martin/ros2_workspaces/ros2_ws_dev/install/python_parameters/lib/python_parameters
[2.015s] writing list of installed files to '/home/martin/ros2_workspaces/ros2_ws_dev/build/python_parameters/install.log'
[2.060s] Invoked command in '/home/martin/ros2_workspaces/ros2_ws_dev/src/python_parameters' returned '0': PYTHONPATH=/home/martin/ros2_workspaces/ros2_ws_dev/install/python_parameters/lib/python3.10/site-packages:${PYTHONPATH} /usr/bin/python3 setup.py egg_info --egg-base ../../build/python_parameters build --build-base /home/martin/ros2_workspaces/ros2_ws_dev/build/python_parameters/build install --prefix /home/martin/ros2_workspaces/ros2_ws_dev/install/python_parameters --record /home/martin/ros2_workspaces/ros2_ws_dev/build/python_parameters/install.log --single-version-externally-managed
