[1.576s] Invoking command in '/home/martin/ros2_workspaces/ros2_ws_dev/src/my_package': PYTHONPATH=/home/martin/ros2_workspaces/ros2_ws_dev/install/my_package/lib/python3.10/site-packages:${PYTHONPATH} /usr/bin/python3 setup.py egg_info --egg-base ../../build/my_package build --build-base /home/martin/ros2_workspaces/ros2_ws_dev/build/my_package/build install --prefix /home/martin/ros2_workspaces/ros2_ws_dev/install/my_package --record /home/martin/ros2_workspaces/ros2_ws_dev/build/my_package/install.log --single-version-externally-managed
[2.032s] running egg_info
[2.032s] writing ../../build/my_package/my_package.egg-info/PKG-INFO
[2.035s] writing dependency_links to ../../build/my_package/my_package.egg-info/dependency_links.txt
[2.035s] writing entry points to ../../build/my_package/my_package.egg-info/entry_points.txt
[2.036s] writing requirements to ../../build/my_package/my_package.egg-info/requires.txt
[2.036s] writing top-level names to ../../build/my_package/my_package.egg-info/top_level.txt
[2.055s] reading manifest file '../../build/my_package/my_package.egg-info/SOURCES.txt'
[2.058s] writing manifest file '../../build/my_package/my_package.egg-info/SOURCES.txt'
[2.059s] running build
[2.059s] running build_py
[2.063s] running install
[2.065s] /usr/lib/python3/dist-packages/setuptools/command/install.py:34: SetuptoolsDeprecationWarning: setup.py install is deprecated. Use build and pip and other standards-based tools.
[2.065s]   warnings.warn(
[2.065s] running install_lib
[2.070s] running install_data
[2.074s] running install_egg_info
[2.077s] removing '/home/martin/ros2_workspaces/ros2_ws_dev/install/my_package/lib/python3.10/site-packages/my_package-0.0.0-py3.10.egg-info' (and everything under it)
[2.077s] Copying ../../build/my_package/my_package.egg-info to /home/martin/ros2_workspaces/ros2_ws_dev/install/my_package/lib/python3.10/site-packages/my_package-0.0.0-py3.10.egg-info
[2.080s] running install_scripts
[2.150s] Installing my_node script to /home/martin/ros2_workspaces/ros2_ws_dev/install/my_package/lib/my_package
[2.153s] writing list of installed files to '/home/martin/ros2_workspaces/ros2_ws_dev/build/my_package/install.log'
[2.195s] Invoked command in '/home/martin/ros2_workspaces/ros2_ws_dev/src/my_package' returned '0': PYTHONPATH=/home/martin/ros2_workspaces/ros2_ws_dev/install/my_package/lib/python3.10/site-packages:${PYTHONPATH} /usr/bin/python3 setup.py egg_info --egg-base ../../build/my_package build --build-base /home/martin/ros2_workspaces/ros2_ws_dev/build/my_package/build install --prefix /home/martin/ros2_workspaces/ros2_ws_dev/install/my_package --record /home/martin/ros2_workspaces/ros2_ws_dev/build/my_package/install.log --single-version-externally-managed
