[0.435s] Invoking command in '/home/martin/ros2_workspaces/ros2_ws_dev/build/mbit_interfaces': CMAKE_PREFIX_PATH=/opt/ros/humble /usr/bin/cmake --build /home/martin/ros2_workspaces/ros2_ws_dev/build/mbit_interfaces -- -j2 -l2
[0.572s] [ 12%] Built target mbit_interfaces__cpp
[0.572s] [ 12%] Built target mbit_interfaces__rosidl_generator_c
[0.665s] [ 22%] Built target mbit_interfaces__rosidl_typesupport_c
[0.688s] [ 22%] Built target ament_cmake_python_copy_mbit_interfaces
[0.743s] [ 32%] Built target mbit_interfaces__rosidl_typesupport_fastrtps_cpp
[0.747s] [ 41%] Built target mbit_interfaces__rosidl_typesupport_introspection_cpp
[0.804s] [ 51%] Built target mbit_interfaces__rosidl_typesupport_fastrtps_c
[0.860s] [ 61%] Built target mbit_interfaces__rosidl_typesupport_introspection_c
[0.862s] [ 70%] Built target mbit_interfaces__rosidl_typesupport_cpp
[0.912s] [ 70%] Built target mbit_interfaces
[1.303s] running egg_info
[1.306s] writing mbit_interfaces.egg-info/PKG-INFO
[1.313s] writing dependency_links to mbit_interfaces.egg-info/dependency_links.txt
[1.313s] writing top-level names to mbit_interfaces.egg-info/top_level.txt
[1.318s] reading manifest file 'mbit_interfaces.egg-info/SOURCES.txt'
[1.331s] writing manifest file 'mbit_interfaces.egg-info/SOURCES.txt'
[1.346s] [ 74%] Built target mbit_interfaces__py
[1.411s] [ 74%] Built target ament_cmake_python_build_mbit_interfaces_egg
[1.430s] [ 80%] Built target mbit_interfaces__rosidl_generator_py
[1.506s] [ 87%] Built target mbit_interfaces__rosidl_typesupport_introspection_c__pyext
[1.514s] [ 93%] Built target mbit_interfaces__rosidl_typesupport_fastrtps_c__pyext
[1.556s] [100%] Built target mbit_interfaces__rosidl_typesupport_c__pyext
[1.578s] Invoked command in '/home/martin/ros2_workspaces/ros2_ws_dev/build/mbit_interfaces' returned '0': CMAKE_PREFIX_PATH=/opt/ros/humble /usr/bin/cmake --build /home/martin/ros2_workspaces/ros2_ws_dev/build/mbit_interfaces -- -j2 -l2
[1.866s] Invoking command in '/home/martin/ros2_workspaces/ros2_ws_dev/build/mbit_interfaces': CMAKE_PREFIX_PATH=/opt/ros/humble /usr/bin/cmake --install /home/martin/ros2_workspaces/ros2_ws_dev/build/mbit_interfaces
[1.884s] -- Install configuration: ""
[1.885s] -- Up-to-date: /home/martin/ros2_workspaces/ros2_ws_dev/install/mbit_interfaces/share/ament_index/resource_index/rosidl_interfaces/mbit_interfaces
[1.887s] -- Up-to-date: /home/martin/ros2_workspaces/ros2_ws_dev/install/mbit_interfaces/include/mbit_interfaces/mbit_interfaces
[1.887s] -- Up-to-date: /home/martin/ros2_workspaces/ros2_ws_dev/install/mbit_interfaces/include/mbit_interfaces/mbit_interfaces/srv
[1.888s] -- Up-to-date: /home/martin/ros2_workspaces/ros2_ws_dev/install/mbit_interfaces/include/mbit_interfaces/mbit_interfaces/srv/detail
[1.888s] -- Up-to-date: /home/martin/ros2_workspaces/ros2_ws_dev/install/mbit_interfaces/include/mbit_interfaces/mbit_interfaces/srv/detail/head_state__functions.c
[1.888s] -- Up-to-date: /home/martin/ros2_workspaces/ros2_ws_dev/install/mbit_interfaces/include/mbit_interfaces/mbit_interfaces/srv/detail/head_state__type_support.h
[1.889s] -- Up-to-date: /home/martin/ros2_workspaces/ros2_ws_dev/install/mbit_interfaces/include/mbit_interfaces/mbit_interfaces/srv/detail/head_state__struct.h
[1.889s] -- Up-to-date: /home/martin/ros2_workspaces/ros2_ws_dev/install/mbit_interfaces/include/mbit_interfaces/mbit_interfaces/srv/detail/head_state__functions.h
[1.889s] -- Up-to-date: /home/martin/ros2_workspaces/ros2_ws_dev/install/mbit_interfaces/include/mbit_interfaces/mbit_interfaces/srv/head_state.h
[1.889s] -- Up-to-date: /home/martin/ros2_workspaces/ros2_ws_dev/install/mbit_interfaces/include/mbit_interfaces/mbit_interfaces/msg
[1.890s] -- Up-to-date: /home/martin/ros2_workspaces/ros2_ws_dev/install/mbit_interfaces/include/mbit_interfaces/mbit_interfaces/msg/rosidl_generator_c__visibility_control.h
[1.890s] -- Up-to-date: /home/martin/ros2_workspaces/ros2_ws_dev/install/mbit_interfaces/share/mbit_interfaces/environment/library_path.sh
[1.891s] -- Up-to-date: /home/martin/ros2_workspaces/ros2_ws_dev/install/mbit_interfaces/share/mbit_interfaces/environment/library_path.dsv
[1.891s] -- Up-to-date: /home/martin/ros2_workspaces/ros2_ws_dev/install/mbit_interfaces/lib/libmbit_interfaces__rosidl_generator_c.so
[1.891s] -- Up-to-date: /home/martin/ros2_workspaces/ros2_ws_dev/install/mbit_interfaces/include/mbit_interfaces/mbit_interfaces
[1.892s] -- Up-to-date: /home/martin/ros2_workspaces/ros2_ws_dev/install/mbit_interfaces/include/mbit_interfaces/mbit_interfaces/srv
[1.892s] -- Up-to-date: /home/martin/ros2_workspaces/ros2_ws_dev/install/mbit_interfaces/include/mbit_interfaces/mbit_interfaces/srv/detail
[1.892s] -- Up-to-date: /home/martin/ros2_workspaces/ros2_ws_dev/install/mbit_interfaces/include/mbit_interfaces/mbit_interfaces/srv/detail/head_state__rosidl_typesupport_fastrtps_c.h
[1.892s] -- Up-to-date: /home/martin/ros2_workspaces/ros2_ws_dev/install/mbit_interfaces/include/mbit_interfaces/mbit_interfaces/msg
[1.893s] -- Up-to-date: /home/martin/ros2_workspaces/ros2_ws_dev/install/mbit_interfaces/include/mbit_interfaces/mbit_interfaces/msg/rosidl_typesupport_fastrtps_c__visibility_control.h
[1.893s] -- Up-to-date: /home/martin/ros2_workspaces/ros2_ws_dev/install/mbit_interfaces/lib/libmbit_interfaces__rosidl_typesupport_fastrtps_c.so
[1.893s] -- Up-to-date: /home/martin/ros2_workspaces/ros2_ws_dev/install/mbit_interfaces/include/mbit_interfaces/mbit_interfaces
[1.893s] -- Up-to-date: /home/martin/ros2_workspaces/ros2_ws_dev/install/mbit_interfaces/include/mbit_interfaces/mbit_interfaces/srv
[1.894s] -- Up-to-date: /home/martin/ros2_workspaces/ros2_ws_dev/install/mbit_interfaces/include/mbit_interfaces/mbit_interfaces/srv/detail
[1.894s] -- Up-to-date: /home/martin/ros2_workspaces/ros2_ws_dev/install/mbit_interfaces/include/mbit_interfaces/mbit_interfaces/srv/detail/head_state__rosidl_typesupport_introspection_c.h
[1.894s] -- Up-to-date: /home/martin/ros2_workspaces/ros2_ws_dev/install/mbit_interfaces/include/mbit_interfaces/mbit_interfaces/srv/detail/head_state__type_support.c
[1.894s] -- Up-to-date: /home/martin/ros2_workspaces/ros2_ws_dev/install/mbit_interfaces/include/mbit_interfaces/mbit_interfaces/msg
[1.895s] -- Up-to-date: /home/martin/ros2_workspaces/ros2_ws_dev/install/mbit_interfaces/include/mbit_interfaces/mbit_interfaces/msg/rosidl_typesupport_introspection_c__visibility_control.h
[1.895s] -- Up-to-date: /home/martin/ros2_workspaces/ros2_ws_dev/install/mbit_interfaces/lib/libmbit_interfaces__rosidl_typesupport_introspection_c.so
[1.896s] -- Up-to-date: /home/martin/ros2_workspaces/ros2_ws_dev/install/mbit_interfaces/lib/libmbit_interfaces__rosidl_typesupport_c.so
[1.896s] -- Up-to-date: /home/martin/ros2_workspaces/ros2_ws_dev/install/mbit_interfaces/include/mbit_interfaces/mbit_interfaces
[1.896s] -- Up-to-date: /home/martin/ros2_workspaces/ros2_ws_dev/install/mbit_interfaces/include/mbit_interfaces/mbit_interfaces/srv
[1.896s] -- Up-to-date: /home/martin/ros2_workspaces/ros2_ws_dev/install/mbit_interfaces/include/mbit_interfaces/mbit_interfaces/srv/head_state.hpp
[1.897s] -- Up-to-date: /home/martin/ros2_workspaces/ros2_ws_dev/install/mbit_interfaces/include/mbit_interfaces/mbit_interfaces/srv/detail
[1.897s] -- Up-to-date: /home/martin/ros2_workspaces/ros2_ws_dev/install/mbit_interfaces/include/mbit_interfaces/mbit_interfaces/srv/detail/head_state__traits.hpp
[1.897s] -- Up-to-date: /home/martin/ros2_workspaces/ros2_ws_dev/install/mbit_interfaces/include/mbit_interfaces/mbit_interfaces/srv/detail/head_state__builder.hpp
[1.898s] -- Up-to-date: /home/martin/ros2_workspaces/ros2_ws_dev/install/mbit_interfaces/include/mbit_interfaces/mbit_interfaces/srv/detail/head_state__struct.hpp
[1.899s] -- Up-to-date: /home/martin/ros2_workspaces/ros2_ws_dev/install/mbit_interfaces/include/mbit_interfaces/mbit_interfaces
[1.899s] -- Up-to-date: /home/martin/ros2_workspaces/ros2_ws_dev/install/mbit_interfaces/include/mbit_interfaces/mbit_interfaces/srv
[1.899s] -- Up-to-date: /home/martin/ros2_workspaces/ros2_ws_dev/install/mbit_interfaces/include/mbit_interfaces/mbit_interfaces/srv/detail
[1.899s] -- Up-to-date: /home/martin/ros2_workspaces/ros2_ws_dev/install/mbit_interfaces/include/mbit_interfaces/mbit_interfaces/srv/detail/dds_fastrtps
[1.899s] -- Up-to-date: /home/martin/ros2_workspaces/ros2_ws_dev/install/mbit_interfaces/include/mbit_interfaces/mbit_interfaces/srv/detail/head_state__rosidl_typesupport_fastrtps_cpp.hpp
[1.900s] -- Up-to-date: /home/martin/ros2_workspaces/ros2_ws_dev/install/mbit_interfaces/include/mbit_interfaces/mbit_interfaces/msg
[1.900s] -- Up-to-date: /home/martin/ros2_workspaces/ros2_ws_dev/install/mbit_interfaces/include/mbit_interfaces/mbit_interfaces/msg/rosidl_typesupport_fastrtps_cpp__visibility_control.h
[1.901s] -- Up-to-date: /home/martin/ros2_workspaces/ros2_ws_dev/install/mbit_interfaces/lib/libmbit_interfaces__rosidl_typesupport_fastrtps_cpp.so
[1.902s] -- Up-to-date: /home/martin/ros2_workspaces/ros2_ws_dev/install/mbit_interfaces/include/mbit_interfaces/mbit_interfaces
[1.902s] -- Up-to-date: /home/martin/ros2_workspaces/ros2_ws_dev/install/mbit_interfaces/include/mbit_interfaces/mbit_interfaces/srv
[1.902s] -- Up-to-date: /home/martin/ros2_workspaces/ros2_ws_dev/install/mbit_interfaces/include/mbit_interfaces/mbit_interfaces/srv/detail
[1.903s] -- Up-to-date: /home/martin/ros2_workspaces/ros2_ws_dev/install/mbit_interfaces/include/mbit_interfaces/mbit_interfaces/srv/detail/head_state__rosidl_typesupport_introspection_cpp.hpp
[1.904s] -- Up-to-date: /home/martin/ros2_workspaces/ros2_ws_dev/install/mbit_interfaces/include/mbit_interfaces/mbit_interfaces/srv/detail/head_state__type_support.cpp
[1.904s] -- Up-to-date: /home/martin/ros2_workspaces/ros2_ws_dev/install/mbit_interfaces/lib/libmbit_interfaces__rosidl_typesupport_introspection_cpp.so
[1.905s] -- Up-to-date: /home/martin/ros2_workspaces/ros2_ws_dev/install/mbit_interfaces/lib/libmbit_interfaces__rosidl_typesupport_cpp.so
[1.905s] -- Up-to-date: /home/martin/ros2_workspaces/ros2_ws_dev/install/mbit_interfaces/share/mbit_interfaces/environment/pythonpath.sh
[1.906s] -- Up-to-date: /home/martin/ros2_workspaces/ros2_ws_dev/install/mbit_interfaces/share/mbit_interfaces/environment/pythonpath.dsv
[1.906s] -- Up-to-date: /home/martin/ros2_workspaces/ros2_ws_dev/install/mbit_interfaces/local/lib/python3.10/dist-packages/mbit_interfaces-0.0.0-py3.10.egg-info
[1.906s] -- Installing: /home/martin/ros2_workspaces/ros2_ws_dev/install/mbit_interfaces/local/lib/python3.10/dist-packages/mbit_interfaces-0.0.0-py3.10.egg-info/dependency_links.txt
[1.907s] -- Installing: /home/martin/ros2_workspaces/ros2_ws_dev/install/mbit_interfaces/local/lib/python3.10/dist-packages/mbit_interfaces-0.0.0-py3.10.egg-info/SOURCES.txt
[1.907s] -- Installing: /home/martin/ros2_workspaces/ros2_ws_dev/install/mbit_interfaces/local/lib/python3.10/dist-packages/mbit_interfaces-0.0.0-py3.10.egg-info/PKG-INFO
[1.908s] -- Installing: /home/martin/ros2_workspaces/ros2_ws_dev/install/mbit_interfaces/local/lib/python3.10/dist-packages/mbit_interfaces-0.0.0-py3.10.egg-info/top_level.txt
[1.909s] -- Up-to-date: /home/martin/ros2_workspaces/ros2_ws_dev/install/mbit_interfaces/local/lib/python3.10/dist-packages/mbit_interfaces
[1.909s] -- Up-to-date: /home/martin/ros2_workspaces/ros2_ws_dev/install/mbit_interfaces/local/lib/python3.10/dist-packages/mbit_interfaces/srv
[1.910s] -- Up-to-date: /home/martin/ros2_workspaces/ros2_ws_dev/install/mbit_interfaces/local/lib/python3.10/dist-packages/mbit_interfaces/srv/_head_state.py
[1.910s] -- Up-to-date: /home/martin/ros2_workspaces/ros2_ws_dev/install/mbit_interfaces/local/lib/python3.10/dist-packages/mbit_interfaces/srv/_head_state_s.c
[1.911s] -- Up-to-date: /home/martin/ros2_workspaces/ros2_ws_dev/install/mbit_interfaces/local/lib/python3.10/dist-packages/mbit_interfaces/srv/__init__.py
[1.911s] -- Up-to-date: /home/martin/ros2_workspaces/ros2_ws_dev/install/mbit_interfaces/local/lib/python3.10/dist-packages/mbit_interfaces/mbit_interfaces_s__rosidl_typesupport_introspection_c.cpython-310-x86_64-linux-gnu.so
[1.911s] -- Up-to-date: /home/martin/ros2_workspaces/ros2_ws_dev/install/mbit_interfaces/local/lib/python3.10/dist-packages/mbit_interfaces/mbit_interfaces_s__rosidl_typesupport_fastrtps_c.cpython-310-x86_64-linux-gnu.so
[1.911s] -- Up-to-date: /home/martin/ros2_workspaces/ros2_ws_dev/install/mbit_interfaces/local/lib/python3.10/dist-packages/mbit_interfaces/libmbit_interfaces__rosidl_generator_py.so
[1.911s] -- Up-to-date: /home/martin/ros2_workspaces/ros2_ws_dev/install/mbit_interfaces/local/lib/python3.10/dist-packages/mbit_interfaces/mbit_interfaces_s__rosidl_typesupport_c.cpython-310-x86_64-linux-gnu.so
[1.911s] -- Up-to-date: /home/martin/ros2_workspaces/ros2_ws_dev/install/mbit_interfaces/local/lib/python3.10/dist-packages/mbit_interfaces/_mbit_interfaces_s.ep.rosidl_typesupport_fastrtps_c.c
[1.911s] -- Up-to-date: /home/martin/ros2_workspaces/ros2_ws_dev/install/mbit_interfaces/local/lib/python3.10/dist-packages/mbit_interfaces/_mbit_interfaces_s.ep.rosidl_typesupport_c.c
[1.911s] -- Up-to-date: /home/martin/ros2_workspaces/ros2_ws_dev/install/mbit_interfaces/local/lib/python3.10/dist-packages/mbit_interfaces/_mbit_interfaces_s.ep.rosidl_typesupport_introspection_c.c
[1.912s] -- Up-to-date: /home/martin/ros2_workspaces/ros2_ws_dev/install/mbit_interfaces/local/lib/python3.10/dist-packages/mbit_interfaces/__init__.py
[1.972s] Listing '/home/martin/ros2_workspaces/ros2_ws_dev/install/mbit_interfaces/local/lib/python3.10/dist-packages/mbit_interfaces'...
[1.972s] Listing '/home/martin/ros2_workspaces/ros2_ws_dev/install/mbit_interfaces/local/lib/python3.10/dist-packages/mbit_interfaces/srv'...
[1.978s] -- Up-to-date: /home/martin/ros2_workspaces/ros2_ws_dev/install/mbit_interfaces/local/lib/python3.10/dist-packages/mbit_interfaces/mbit_interfaces_s__rosidl_typesupport_fastrtps_c.cpython-310-x86_64-linux-gnu.so
[1.979s] -- Up-to-date: /home/martin/ros2_workspaces/ros2_ws_dev/install/mbit_interfaces/local/lib/python3.10/dist-packages/mbit_interfaces/mbit_interfaces_s__rosidl_typesupport_introspection_c.cpython-310-x86_64-linux-gnu.so
[1.979s] -- Up-to-date: /home/martin/ros2_workspaces/ros2_ws_dev/install/mbit_interfaces/local/lib/python3.10/dist-packages/mbit_interfaces/mbit_interfaces_s__rosidl_typesupport_c.cpython-310-x86_64-linux-gnu.so
[1.979s] -- Up-to-date: /home/martin/ros2_workspaces/ros2_ws_dev/install/mbit_interfaces/lib/libmbit_interfaces__rosidl_generator_py.so
[1.981s] -- Up-to-date: /home/martin/ros2_workspaces/ros2_ws_dev/install/mbit_interfaces/share/mbit_interfaces/srv/HeadState.idl
[1.982s] -- Up-to-date: /home/martin/ros2_workspaces/ros2_ws_dev/install/mbit_interfaces/share/mbit_interfaces/srv/HeadState.srv
[1.982s] -- Up-to-date: /home/martin/ros2_workspaces/ros2_ws_dev/install/mbit_interfaces/share/mbit_interfaces/srv/HeadState_Request.msg
[1.982s] -- Up-to-date: /home/martin/ros2_workspaces/ros2_ws_dev/install/mbit_interfaces/share/mbit_interfaces/srv/HeadState_Response.msg
[1.983s] -- Up-to-date: /home/martin/ros2_workspaces/ros2_ws_dev/install/mbit_interfaces/share/ament_index/resource_index/package_run_dependencies/mbit_interfaces
[1.984s] -- Up-to-date: /home/martin/ros2_workspaces/ros2_ws_dev/install/mbit_interfaces/share/ament_index/resource_index/parent_prefix_path/mbit_interfaces
[1.984s] -- Up-to-date: /home/martin/ros2_workspaces/ros2_ws_dev/install/mbit_interfaces/share/mbit_interfaces/environment/ament_prefix_path.sh
[1.984s] -- Up-to-date: /home/martin/ros2_workspaces/ros2_ws_dev/install/mbit_interfaces/share/mbit_interfaces/environment/ament_prefix_path.dsv
[1.984s] -- Up-to-date: /home/martin/ros2_workspaces/ros2_ws_dev/install/mbit_interfaces/share/mbit_interfaces/environment/path.sh
[1.985s] -- Up-to-date: /home/martin/ros2_workspaces/ros2_ws_dev/install/mbit_interfaces/share/mbit_interfaces/environment/path.dsv
[1.986s] -- Up-to-date: /home/martin/ros2_workspaces/ros2_ws_dev/install/mbit_interfaces/share/mbit_interfaces/local_setup.bash
[1.986s] -- Up-to-date: /home/martin/ros2_workspaces/ros2_ws_dev/install/mbit_interfaces/share/mbit_interfaces/local_setup.sh
[1.987s] -- Up-to-date: /home/martin/ros2_workspaces/ros2_ws_dev/install/mbit_interfaces/share/mbit_interfaces/local_setup.zsh
[1.987s] -- Up-to-date: /home/martin/ros2_workspaces/ros2_ws_dev/install/mbit_interfaces/share/mbit_interfaces/local_setup.dsv
[1.988s] -- Installing: /home/martin/ros2_workspaces/ros2_ws_dev/install/mbit_interfaces/share/mbit_interfaces/package.dsv
[1.988s] -- Up-to-date: /home/martin/ros2_workspaces/ros2_ws_dev/install/mbit_interfaces/share/ament_index/resource_index/packages/mbit_interfaces
[1.988s] -- Up-to-date: /home/martin/ros2_workspaces/ros2_ws_dev/install/mbit_interfaces/share/mbit_interfaces/cmake/export_mbit_interfaces__rosidl_generator_cExport.cmake
[1.989s] -- Up-to-date: /home/martin/ros2_workspaces/ros2_ws_dev/install/mbit_interfaces/share/mbit_interfaces/cmake/export_mbit_interfaces__rosidl_generator_cExport-noconfig.cmake
[1.989s] -- Up-to-date: /home/martin/ros2_workspaces/ros2_ws_dev/install/mbit_interfaces/share/mbit_interfaces/cmake/export_mbit_interfaces__rosidl_typesupport_fastrtps_cExport.cmake
[1.989s] -- Up-to-date: /home/martin/ros2_workspaces/ros2_ws_dev/install/mbit_interfaces/share/mbit_interfaces/cmake/export_mbit_interfaces__rosidl_typesupport_fastrtps_cExport-noconfig.cmake
[1.990s] -- Up-to-date: /home/martin/ros2_workspaces/ros2_ws_dev/install/mbit_interfaces/share/mbit_interfaces/cmake/mbit_interfaces__rosidl_typesupport_introspection_cExport.cmake
[1.990s] -- Up-to-date: /home/martin/ros2_workspaces/ros2_ws_dev/install/mbit_interfaces/share/mbit_interfaces/cmake/mbit_interfaces__rosidl_typesupport_introspection_cExport-noconfig.cmake
[1.991s] -- Up-to-date: /home/martin/ros2_workspaces/ros2_ws_dev/install/mbit_interfaces/share/mbit_interfaces/cmake/mbit_interfaces__rosidl_typesupport_cExport.cmake
[1.991s] -- Up-to-date: /home/martin/ros2_workspaces/ros2_ws_dev/install/mbit_interfaces/share/mbit_interfaces/cmake/mbit_interfaces__rosidl_typesupport_cExport-noconfig.cmake
[1.991s] -- Up-to-date: /home/martin/ros2_workspaces/ros2_ws_dev/install/mbit_interfaces/share/mbit_interfaces/cmake/export_mbit_interfaces__rosidl_generator_cppExport.cmake
[1.992s] -- Up-to-date: /home/martin/ros2_workspaces/ros2_ws_dev/install/mbit_interfaces/share/mbit_interfaces/cmake/export_mbit_interfaces__rosidl_typesupport_fastrtps_cppExport.cmake
[1.992s] -- Up-to-date: /home/martin/ros2_workspaces/ros2_ws_dev/install/mbit_interfaces/share/mbit_interfaces/cmake/export_mbit_interfaces__rosidl_typesupport_fastrtps_cppExport-noconfig.cmake
[1.993s] -- Up-to-date: /home/martin/ros2_workspaces/ros2_ws_dev/install/mbit_interfaces/share/mbit_interfaces/cmake/mbit_interfaces__rosidl_typesupport_introspection_cppExport.cmake
[1.993s] -- Up-to-date: /home/martin/ros2_workspaces/ros2_ws_dev/install/mbit_interfaces/share/mbit_interfaces/cmake/mbit_interfaces__rosidl_typesupport_introspection_cppExport-noconfig.cmake
[1.993s] -- Up-to-date: /home/martin/ros2_workspaces/ros2_ws_dev/install/mbit_interfaces/share/mbit_interfaces/cmake/mbit_interfaces__rosidl_typesupport_cppExport.cmake
[1.994s] -- Up-to-date: /home/martin/ros2_workspaces/ros2_ws_dev/install/mbit_interfaces/share/mbit_interfaces/cmake/mbit_interfaces__rosidl_typesupport_cppExport-noconfig.cmake
[1.994s] -- Up-to-date: /home/martin/ros2_workspaces/ros2_ws_dev/install/mbit_interfaces/share/mbit_interfaces/cmake/export_mbit_interfaces__rosidl_generator_pyExport.cmake
[1.995s] -- Up-to-date: /home/martin/ros2_workspaces/ros2_ws_dev/install/mbit_interfaces/share/mbit_interfaces/cmake/export_mbit_interfaces__rosidl_generator_pyExport-noconfig.cmake
[1.995s] -- Up-to-date: /home/martin/ros2_workspaces/ros2_ws_dev/install/mbit_interfaces/share/mbit_interfaces/cmake/rosidl_cmake-extras.cmake
[1.995s] -- Up-to-date: /home/martin/ros2_workspaces/ros2_ws_dev/install/mbit_interfaces/share/mbit_interfaces/cmake/ament_cmake_export_include_directories-extras.cmake
[1.996s] -- Up-to-date: /home/martin/ros2_workspaces/ros2_ws_dev/install/mbit_interfaces/share/mbit_interfaces/cmake/ament_cmake_export_libraries-extras.cmake
[1.996s] -- Up-to-date: /home/martin/ros2_workspaces/ros2_ws_dev/install/mbit_interfaces/share/mbit_interfaces/cmake/ament_cmake_export_targets-extras.cmake
[1.996s] -- Up-to-date: /home/martin/ros2_workspaces/ros2_ws_dev/install/mbit_interfaces/share/mbit_interfaces/cmake/rosidl_cmake_export_typesupport_targets-extras.cmake
[1.997s] -- Up-to-date: /home/martin/ros2_workspaces/ros2_ws_dev/install/mbit_interfaces/share/mbit_interfaces/cmake/ament_cmake_export_dependencies-extras.cmake
[1.997s] -- Up-to-date: /home/martin/ros2_workspaces/ros2_ws_dev/install/mbit_interfaces/share/mbit_interfaces/cmake/rosidl_cmake_export_typesupport_libraries-extras.cmake
[1.997s] -- Up-to-date: /home/martin/ros2_workspaces/ros2_ws_dev/install/mbit_interfaces/share/mbit_interfaces/cmake/mbit_interfacesConfig.cmake
[1.998s] -- Up-to-date: /home/martin/ros2_workspaces/ros2_ws_dev/install/mbit_interfaces/share/mbit_interfaces/cmake/mbit_interfacesConfig-version.cmake
[1.999s] -- Up-to-date: /home/martin/ros2_workspaces/ros2_ws_dev/install/mbit_interfaces/share/mbit_interfaces/package.xml
[2.008s] Invoked command in '/home/martin/ros2_workspaces/ros2_ws_dev/build/mbit_interfaces' returned '0': CMAKE_PREFIX_PATH=/opt/ros/humble /usr/bin/cmake --install /home/martin/ros2_workspaces/ros2_ws_dev/build/mbit_interfaces
