[0.015s] Invoking command in '/home/martin/ros2_workspaces/ros2_ws_dev/build/more_interfaces': CMAKE_PREFIX_PATH=${CMAKE_PREFIX_PATH}:/home/martin/ros2_workspaces/ros2_ws_dev/install/py_srvcli:/home/martin/ros2_workspaces/ros2_ws_dev/install/py_pubsub:/home/martin/ros2_workspaces/ros2_ws_dev/install/python_parameters:/home/martin/ros2_workspaces/ros2_ws_dev/install/my_package:/home/martin/ros2_workspaces/ros2_ws_dev/install/head:/opt/ros/humble PS1=(venv) \[\e]0;\u@\h: \w\a\]${debian_chroot:+($debian_chroot)}\[\033[01;32m\]\u@\h\[\033[00m\]:\[\033[01;34m\]\w\[\033[00m\]\$ VIRTUAL_ENV_PROMPT=(venv) /usr/bin/cmake --build /home/martin/ros2_workspaces/ros2_ws_dev/build/more_interfaces -- -j2 -l2
[0.122s] [  8%] Built target more_interfaces__rosidl_generator_c
[0.125s] [ 11%] Built target more_interfaces__cpp
[0.203s] [ 20%] Built target more_interfaces__rosidl_typesupport_cpp
[0.208s] [ 20%] Built target ament_cmake_python_copy_more_interfaces
[0.261s] [ 28%] Built target more_interfaces__rosidl_typesupport_fastrtps_c
[0.265s] [ 37%] Built target more_interfaces__rosidl_typesupport_fastrtps_cpp
[0.309s] [ 45%] Built target more_interfaces__rosidl_typesupport_introspection_c
[0.323s] [ 54%] Built target more_interfaces__rosidl_typesupport_c
[0.369s] [ 62%] Built target more_interfaces__rosidl_typesupport_introspection_cpp
[0.409s] [ 68%] Built target publish_address_book
[0.451s] [ 74%] Built target subscribe_address_book
[0.486s] [ 74%] Built target more_interfaces
[0.523s] [ 77%] Built target more_interfaces__py
[0.559s] [ 82%] Built target more_interfaces__rosidl_generator_py
[0.597s] [ 88%] Built target more_interfaces__rosidl_typesupport_fastrtps_c__pyext
[0.637s] [ 94%] Built target more_interfaces__rosidl_typesupport_introspection_c__pyext
[0.674s] [100%] Built target more_interfaces__rosidl_typesupport_c__pyext
[0.798s] running egg_info
[0.799s] writing more_interfaces.egg-info/PKG-INFO
[0.802s] writing dependency_links to more_interfaces.egg-info/dependency_links.txt
[0.802s] writing top-level names to more_interfaces.egg-info/top_level.txt
[0.805s] reading manifest file 'more_interfaces.egg-info/SOURCES.txt'
[0.806s] writing manifest file 'more_interfaces.egg-info/SOURCES.txt'
[0.844s] [100%] Built target ament_cmake_python_build_more_interfaces_egg
[0.861s] Invoked command in '/home/martin/ros2_workspaces/ros2_ws_dev/build/more_interfaces' returned '0': CMAKE_PREFIX_PATH=${CMAKE_PREFIX_PATH}:/home/martin/ros2_workspaces/ros2_ws_dev/install/py_srvcli:/home/martin/ros2_workspaces/ros2_ws_dev/install/py_pubsub:/home/martin/ros2_workspaces/ros2_ws_dev/install/python_parameters:/home/martin/ros2_workspaces/ros2_ws_dev/install/my_package:/home/martin/ros2_workspaces/ros2_ws_dev/install/head:/opt/ros/humble PS1=(venv) \[\e]0;\u@\h: \w\a\]${debian_chroot:+($debian_chroot)}\[\033[01;32m\]\u@\h\[\033[00m\]:\[\033[01;34m\]\w\[\033[00m\]\$ VIRTUAL_ENV_PROMPT=(venv) /usr/bin/cmake --build /home/martin/ros2_workspaces/ros2_ws_dev/build/more_interfaces -- -j2 -l2
[1.049s] Invoking command in '/home/martin/ros2_workspaces/ros2_ws_dev/build/more_interfaces': CMAKE_PREFIX_PATH=${CMAKE_PREFIX_PATH}:/home/martin/ros2_workspaces/ros2_ws_dev/install/py_srvcli:/home/martin/ros2_workspaces/ros2_ws_dev/install/py_pubsub:/home/martin/ros2_workspaces/ros2_ws_dev/install/python_parameters:/home/martin/ros2_workspaces/ros2_ws_dev/install/my_package:/home/martin/ros2_workspaces/ros2_ws_dev/install/head:/opt/ros/humble PS1=(venv) \[\e]0;\u@\h: \w\a\]${debian_chroot:+($debian_chroot)}\[\033[01;32m\]\u@\h\[\033[00m\]:\[\033[01;34m\]\w\[\033[00m\]\$ VIRTUAL_ENV_PROMPT=(venv) /usr/bin/cmake --install /home/martin/ros2_workspaces/ros2_ws_dev/build/more_interfaces
[1.061s] -- Install configuration: ""
[1.062s] -- Up-to-date: /home/martin/ros2_workspaces/ros2_ws_dev/install/more_interfaces/share/ament_index/resource_index/rosidl_interfaces/more_interfaces
[1.062s] -- Up-to-date: /home/martin/ros2_workspaces/ros2_ws_dev/install/more_interfaces/include/more_interfaces/more_interfaces
[1.062s] -- Up-to-date: /home/martin/ros2_workspaces/ros2_ws_dev/install/more_interfaces/include/more_interfaces/more_interfaces/msg
[1.062s] -- Up-to-date: /home/martin/ros2_workspaces/ros2_ws_dev/install/more_interfaces/include/more_interfaces/more_interfaces/msg/rosidl_generator_c__visibility_control.h
[1.062s] -- Up-to-date: /home/martin/ros2_workspaces/ros2_ws_dev/install/more_interfaces/include/more_interfaces/more_interfaces/msg/address_book.h
[1.063s] -- Up-to-date: /home/martin/ros2_workspaces/ros2_ws_dev/install/more_interfaces/include/more_interfaces/more_interfaces/msg/detail
[1.063s] -- Up-to-date: /home/martin/ros2_workspaces/ros2_ws_dev/install/more_interfaces/include/more_interfaces/more_interfaces/msg/detail/address_book__functions.h
[1.063s] -- Up-to-date: /home/martin/ros2_workspaces/ros2_ws_dev/install/more_interfaces/include/more_interfaces/more_interfaces/msg/detail/address_book__type_support.h
[1.064s] -- Up-to-date: /home/martin/ros2_workspaces/ros2_ws_dev/install/more_interfaces/include/more_interfaces/more_interfaces/msg/detail/address_book__struct.h
[1.064s] -- Up-to-date: /home/martin/ros2_workspaces/ros2_ws_dev/install/more_interfaces/include/more_interfaces/more_interfaces/msg/detail/address_book__functions.c
[1.064s] -- Up-to-date: /home/martin/ros2_workspaces/ros2_ws_dev/install/more_interfaces/share/more_interfaces/environment/library_path.sh
[1.064s] -- Up-to-date: /home/martin/ros2_workspaces/ros2_ws_dev/install/more_interfaces/share/more_interfaces/environment/library_path.dsv
[1.065s] -- Up-to-date: /home/martin/ros2_workspaces/ros2_ws_dev/install/more_interfaces/lib/libmore_interfaces__rosidl_generator_c.so
[1.065s] -- Up-to-date: /home/martin/ros2_workspaces/ros2_ws_dev/install/more_interfaces/include/more_interfaces/more_interfaces
[1.066s] -- Up-to-date: /home/martin/ros2_workspaces/ros2_ws_dev/install/more_interfaces/include/more_interfaces/more_interfaces/msg
[1.066s] -- Up-to-date: /home/martin/ros2_workspaces/ros2_ws_dev/install/more_interfaces/include/more_interfaces/more_interfaces/msg/rosidl_typesupport_fastrtps_c__visibility_control.h
[1.066s] -- Up-to-date: /home/martin/ros2_workspaces/ros2_ws_dev/install/more_interfaces/include/more_interfaces/more_interfaces/msg/detail
[1.067s] -- Up-to-date: /home/martin/ros2_workspaces/ros2_ws_dev/install/more_interfaces/include/more_interfaces/more_interfaces/msg/detail/address_book__rosidl_typesupport_fastrtps_c.h
[1.067s] -- Up-to-date: /home/martin/ros2_workspaces/ros2_ws_dev/install/more_interfaces/lib/libmore_interfaces__rosidl_typesupport_fastrtps_c.so
[1.068s] -- Up-to-date: /home/martin/ros2_workspaces/ros2_ws_dev/install/more_interfaces/include/more_interfaces/more_interfaces
[1.068s] -- Up-to-date: /home/martin/ros2_workspaces/ros2_ws_dev/install/more_interfaces/include/more_interfaces/more_interfaces/msg
[1.068s] -- Up-to-date: /home/martin/ros2_workspaces/ros2_ws_dev/install/more_interfaces/include/more_interfaces/more_interfaces/msg/detail
[1.068s] -- Up-to-date: /home/martin/ros2_workspaces/ros2_ws_dev/install/more_interfaces/include/more_interfaces/more_interfaces/msg/detail/address_book__builder.hpp
[1.069s] -- Up-to-date: /home/martin/ros2_workspaces/ros2_ws_dev/install/more_interfaces/include/more_interfaces/more_interfaces/msg/detail/address_book__traits.hpp
[1.070s] -- Up-to-date: /home/martin/ros2_workspaces/ros2_ws_dev/install/more_interfaces/include/more_interfaces/more_interfaces/msg/detail/address_book__struct.hpp
[1.070s] -- Up-to-date: /home/martin/ros2_workspaces/ros2_ws_dev/install/more_interfaces/include/more_interfaces/more_interfaces/msg/address_book.hpp
[1.070s] -- Up-to-date: /home/martin/ros2_workspaces/ros2_ws_dev/install/more_interfaces/include/more_interfaces/more_interfaces
[1.070s] -- Up-to-date: /home/martin/ros2_workspaces/ros2_ws_dev/install/more_interfaces/include/more_interfaces/more_interfaces/msg
[1.070s] -- Up-to-date: /home/martin/ros2_workspaces/ros2_ws_dev/install/more_interfaces/include/more_interfaces/more_interfaces/msg/detail
[1.071s] -- Up-to-date: /home/martin/ros2_workspaces/ros2_ws_dev/install/more_interfaces/include/more_interfaces/more_interfaces/msg/detail/dds_fastrtps
[1.071s] -- Up-to-date: /home/martin/ros2_workspaces/ros2_ws_dev/install/more_interfaces/include/more_interfaces/more_interfaces/msg/detail/address_book__rosidl_typesupport_fastrtps_cpp.hpp
[1.071s] -- Up-to-date: /home/martin/ros2_workspaces/ros2_ws_dev/install/more_interfaces/include/more_interfaces/more_interfaces/msg/rosidl_typesupport_fastrtps_cpp__visibility_control.h
[1.071s] -- Up-to-date: /home/martin/ros2_workspaces/ros2_ws_dev/install/more_interfaces/lib/libmore_interfaces__rosidl_typesupport_fastrtps_cpp.so
[1.072s] -- Up-to-date: /home/martin/ros2_workspaces/ros2_ws_dev/install/more_interfaces/include/more_interfaces/more_interfaces
[1.072s] -- Up-to-date: /home/martin/ros2_workspaces/ros2_ws_dev/install/more_interfaces/include/more_interfaces/more_interfaces/msg
[1.073s] -- Up-to-date: /home/martin/ros2_workspaces/ros2_ws_dev/install/more_interfaces/include/more_interfaces/more_interfaces/msg/rosidl_typesupport_introspection_c__visibility_control.h
[1.073s] -- Up-to-date: /home/martin/ros2_workspaces/ros2_ws_dev/install/more_interfaces/include/more_interfaces/more_interfaces/msg/detail
[1.078s] -- Up-to-date: /home/martin/ros2_workspaces/ros2_ws_dev/install/more_interfaces/include/more_interfaces/more_interfaces/msg/detail/address_book__rosidl_typesupport_introspection_c.h
[1.078s] -- Up-to-date: /home/martin/ros2_workspaces/ros2_ws_dev/install/more_interfaces/include/more_interfaces/more_interfaces/msg/detail/address_book__type_support.c
[1.078s] -- Up-to-date: /home/martin/ros2_workspaces/ros2_ws_dev/install/more_interfaces/lib/libmore_interfaces__rosidl_typesupport_introspection_c.so
[1.078s] -- Up-to-date: /home/martin/ros2_workspaces/ros2_ws_dev/install/more_interfaces/lib/libmore_interfaces__rosidl_typesupport_c.so
[1.078s] -- Up-to-date: /home/martin/ros2_workspaces/ros2_ws_dev/install/more_interfaces/include/more_interfaces/more_interfaces
[1.078s] -- Up-to-date: /home/martin/ros2_workspaces/ros2_ws_dev/install/more_interfaces/include/more_interfaces/more_interfaces/msg
[1.078s] -- Up-to-date: /home/martin/ros2_workspaces/ros2_ws_dev/install/more_interfaces/include/more_interfaces/more_interfaces/msg/detail
[1.078s] -- Up-to-date: /home/martin/ros2_workspaces/ros2_ws_dev/install/more_interfaces/include/more_interfaces/more_interfaces/msg/detail/address_book__type_support.cpp
[1.078s] -- Up-to-date: /home/martin/ros2_workspaces/ros2_ws_dev/install/more_interfaces/include/more_interfaces/more_interfaces/msg/detail/address_book__rosidl_typesupport_introspection_cpp.hpp
[1.078s] -- Up-to-date: /home/martin/ros2_workspaces/ros2_ws_dev/install/more_interfaces/lib/libmore_interfaces__rosidl_typesupport_introspection_cpp.so
[1.078s] -- Up-to-date: /home/martin/ros2_workspaces/ros2_ws_dev/install/more_interfaces/lib/libmore_interfaces__rosidl_typesupport_cpp.so
[1.079s] -- Up-to-date: /home/martin/ros2_workspaces/ros2_ws_dev/install/more_interfaces/share/more_interfaces/environment/pythonpath.sh
[1.079s] -- Up-to-date: /home/martin/ros2_workspaces/ros2_ws_dev/install/more_interfaces/share/more_interfaces/environment/pythonpath.dsv
[1.079s] -- Up-to-date: /home/martin/ros2_workspaces/ros2_ws_dev/install/more_interfaces/local/lib/python3.10/dist-packages/more_interfaces-0.0.0-py3.10.egg-info
[1.079s] -- Installing: /home/martin/ros2_workspaces/ros2_ws_dev/install/more_interfaces/local/lib/python3.10/dist-packages/more_interfaces-0.0.0-py3.10.egg-info/dependency_links.txt
[1.079s] -- Installing: /home/martin/ros2_workspaces/ros2_ws_dev/install/more_interfaces/local/lib/python3.10/dist-packages/more_interfaces-0.0.0-py3.10.egg-info/SOURCES.txt
[1.079s] -- Installing: /home/martin/ros2_workspaces/ros2_ws_dev/install/more_interfaces/local/lib/python3.10/dist-packages/more_interfaces-0.0.0-py3.10.egg-info/PKG-INFO
[1.079s] -- Installing: /home/martin/ros2_workspaces/ros2_ws_dev/install/more_interfaces/local/lib/python3.10/dist-packages/more_interfaces-0.0.0-py3.10.egg-info/top_level.txt
[1.079s] -- Up-to-date: /home/martin/ros2_workspaces/ros2_ws_dev/install/more_interfaces/local/lib/python3.10/dist-packages/more_interfaces
[1.079s] -- Up-to-date: /home/martin/ros2_workspaces/ros2_ws_dev/install/more_interfaces/local/lib/python3.10/dist-packages/more_interfaces/msg
[1.079s] -- Up-to-date: /home/martin/ros2_workspaces/ros2_ws_dev/install/more_interfaces/local/lib/python3.10/dist-packages/more_interfaces/msg/_address_book.py
[1.079s] -- Up-to-date: /home/martin/ros2_workspaces/ros2_ws_dev/install/more_interfaces/local/lib/python3.10/dist-packages/more_interfaces/msg/_address_book_s.c
[1.079s] -- Up-to-date: /home/martin/ros2_workspaces/ros2_ws_dev/install/more_interfaces/local/lib/python3.10/dist-packages/more_interfaces/msg/__init__.py
[1.079s] -- Up-to-date: /home/martin/ros2_workspaces/ros2_ws_dev/install/more_interfaces/local/lib/python3.10/dist-packages/more_interfaces/more_interfaces_s__rosidl_typesupport_c.cpython-310-x86_64-linux-gnu.so
[1.079s] -- Up-to-date: /home/martin/ros2_workspaces/ros2_ws_dev/install/more_interfaces/local/lib/python3.10/dist-packages/more_interfaces/more_interfaces_s__rosidl_typesupport_introspection_c.cpython-310-x86_64-linux-gnu.so
[1.080s] -- Up-to-date: /home/martin/ros2_workspaces/ros2_ws_dev/install/more_interfaces/local/lib/python3.10/dist-packages/more_interfaces/libmore_interfaces__rosidl_generator_py.so
[1.080s] -- Up-to-date: /home/martin/ros2_workspaces/ros2_ws_dev/install/more_interfaces/local/lib/python3.10/dist-packages/more_interfaces/more_interfaces_s__rosidl_typesupport_fastrtps_c.cpython-310-x86_64-linux-gnu.so
[1.080s] -- Up-to-date: /home/martin/ros2_workspaces/ros2_ws_dev/install/more_interfaces/local/lib/python3.10/dist-packages/more_interfaces/_more_interfaces_s.ep.rosidl_typesupport_fastrtps_c.c
[1.080s] -- Up-to-date: /home/martin/ros2_workspaces/ros2_ws_dev/install/more_interfaces/local/lib/python3.10/dist-packages/more_interfaces/_more_interfaces_s.ep.rosidl_typesupport_introspection_c.c
[1.080s] -- Up-to-date: /home/martin/ros2_workspaces/ros2_ws_dev/install/more_interfaces/local/lib/python3.10/dist-packages/more_interfaces/_more_interfaces_s.ep.rosidl_typesupport_c.c
[1.080s] -- Up-to-date: /home/martin/ros2_workspaces/ros2_ws_dev/install/more_interfaces/local/lib/python3.10/dist-packages/more_interfaces/__init__.py
[1.119s] Listing '/home/martin/ros2_workspaces/ros2_ws_dev/install/more_interfaces/local/lib/python3.10/dist-packages/more_interfaces'...
[1.120s] Listing '/home/martin/ros2_workspaces/ros2_ws_dev/install/more_interfaces/local/lib/python3.10/dist-packages/more_interfaces/msg'...
[1.125s] -- Up-to-date: /home/martin/ros2_workspaces/ros2_ws_dev/install/more_interfaces/local/lib/python3.10/dist-packages/more_interfaces/more_interfaces_s__rosidl_typesupport_fastrtps_c.cpython-310-x86_64-linux-gnu.so
[1.126s] -- Up-to-date: /home/martin/ros2_workspaces/ros2_ws_dev/install/more_interfaces/local/lib/python3.10/dist-packages/more_interfaces/more_interfaces_s__rosidl_typesupport_introspection_c.cpython-310-x86_64-linux-gnu.so
[1.126s] -- Up-to-date: /home/martin/ros2_workspaces/ros2_ws_dev/install/more_interfaces/local/lib/python3.10/dist-packages/more_interfaces/more_interfaces_s__rosidl_typesupport_c.cpython-310-x86_64-linux-gnu.so
[1.127s] -- Up-to-date: /home/martin/ros2_workspaces/ros2_ws_dev/install/more_interfaces/lib/libmore_interfaces__rosidl_generator_py.so
[1.127s] -- Up-to-date: /home/martin/ros2_workspaces/ros2_ws_dev/install/more_interfaces/share/more_interfaces/msg/AddressBook.idl
[1.127s] -- Up-to-date: /home/martin/ros2_workspaces/ros2_ws_dev/install/more_interfaces/share/more_interfaces/msg/AddressBook.msg
[1.128s] -- Up-to-date: /home/martin/ros2_workspaces/ros2_ws_dev/install/more_interfaces/lib/more_interfaces/publish_address_book
[1.128s] -- Up-to-date: /home/martin/ros2_workspaces/ros2_ws_dev/install/more_interfaces/lib/more_interfaces/subscribe_address_book
[1.129s] -- Up-to-date: /home/martin/ros2_workspaces/ros2_ws_dev/install/more_interfaces/share/ament_index/resource_index/package_run_dependencies/more_interfaces
[1.129s] -- Up-to-date: /home/martin/ros2_workspaces/ros2_ws_dev/install/more_interfaces/share/ament_index/resource_index/parent_prefix_path/more_interfaces
[1.129s] -- Up-to-date: /home/martin/ros2_workspaces/ros2_ws_dev/install/more_interfaces/share/more_interfaces/environment/ament_prefix_path.sh
[1.130s] -- Up-to-date: /home/martin/ros2_workspaces/ros2_ws_dev/install/more_interfaces/share/more_interfaces/environment/ament_prefix_path.dsv
[1.130s] -- Up-to-date: /home/martin/ros2_workspaces/ros2_ws_dev/install/more_interfaces/share/more_interfaces/environment/path.sh
[1.130s] -- Up-to-date: /home/martin/ros2_workspaces/ros2_ws_dev/install/more_interfaces/share/more_interfaces/environment/path.dsv
[1.130s] -- Up-to-date: /home/martin/ros2_workspaces/ros2_ws_dev/install/more_interfaces/share/more_interfaces/local_setup.bash
[1.130s] -- Up-to-date: /home/martin/ros2_workspaces/ros2_ws_dev/install/more_interfaces/share/more_interfaces/local_setup.sh
[1.131s] -- Up-to-date: /home/martin/ros2_workspaces/ros2_ws_dev/install/more_interfaces/share/more_interfaces/local_setup.zsh
[1.131s] -- Up-to-date: /home/martin/ros2_workspaces/ros2_ws_dev/install/more_interfaces/share/more_interfaces/local_setup.dsv
[1.131s] -- Installing: /home/martin/ros2_workspaces/ros2_ws_dev/install/more_interfaces/share/more_interfaces/package.dsv
[1.131s] -- Up-to-date: /home/martin/ros2_workspaces/ros2_ws_dev/install/more_interfaces/share/ament_index/resource_index/packages/more_interfaces
[1.132s] -- Up-to-date: /home/martin/ros2_workspaces/ros2_ws_dev/install/more_interfaces/share/more_interfaces/cmake/export_more_interfaces__rosidl_generator_cExport.cmake
[1.132s] -- Up-to-date: /home/martin/ros2_workspaces/ros2_ws_dev/install/more_interfaces/share/more_interfaces/cmake/export_more_interfaces__rosidl_generator_cExport-noconfig.cmake
[1.133s] -- Up-to-date: /home/martin/ros2_workspaces/ros2_ws_dev/install/more_interfaces/share/more_interfaces/cmake/export_more_interfaces__rosidl_typesupport_fastrtps_cExport.cmake
[1.133s] -- Up-to-date: /home/martin/ros2_workspaces/ros2_ws_dev/install/more_interfaces/share/more_interfaces/cmake/export_more_interfaces__rosidl_typesupport_fastrtps_cExport-noconfig.cmake
[1.133s] -- Up-to-date: /home/martin/ros2_workspaces/ros2_ws_dev/install/more_interfaces/share/more_interfaces/cmake/export_more_interfaces__rosidl_generator_cppExport.cmake
[1.134s] -- Up-to-date: /home/martin/ros2_workspaces/ros2_ws_dev/install/more_interfaces/share/more_interfaces/cmake/export_more_interfaces__rosidl_typesupport_fastrtps_cppExport.cmake
[1.134s] -- Up-to-date: /home/martin/ros2_workspaces/ros2_ws_dev/install/more_interfaces/share/more_interfaces/cmake/export_more_interfaces__rosidl_typesupport_fastrtps_cppExport-noconfig.cmake
[1.134s] -- Up-to-date: /home/martin/ros2_workspaces/ros2_ws_dev/install/more_interfaces/share/more_interfaces/cmake/more_interfaces__rosidl_typesupport_introspection_cExport.cmake
[1.135s] -- Up-to-date: /home/martin/ros2_workspaces/ros2_ws_dev/install/more_interfaces/share/more_interfaces/cmake/more_interfaces__rosidl_typesupport_introspection_cExport-noconfig.cmake
[1.135s] -- Up-to-date: /home/martin/ros2_workspaces/ros2_ws_dev/install/more_interfaces/share/more_interfaces/cmake/more_interfaces__rosidl_typesupport_cExport.cmake
[1.135s] -- Up-to-date: /home/martin/ros2_workspaces/ros2_ws_dev/install/more_interfaces/share/more_interfaces/cmake/more_interfaces__rosidl_typesupport_cExport-noconfig.cmake
[1.136s] -- Up-to-date: /home/martin/ros2_workspaces/ros2_ws_dev/install/more_interfaces/share/more_interfaces/cmake/more_interfaces__rosidl_typesupport_introspection_cppExport.cmake
[1.136s] -- Up-to-date: /home/martin/ros2_workspaces/ros2_ws_dev/install/more_interfaces/share/more_interfaces/cmake/more_interfaces__rosidl_typesupport_introspection_cppExport-noconfig.cmake
[1.137s] -- Up-to-date: /home/martin/ros2_workspaces/ros2_ws_dev/install/more_interfaces/share/more_interfaces/cmake/more_interfaces__rosidl_typesupport_cppExport.cmake
[1.137s] -- Up-to-date: /home/martin/ros2_workspaces/ros2_ws_dev/install/more_interfaces/share/more_interfaces/cmake/more_interfaces__rosidl_typesupport_cppExport-noconfig.cmake
[1.138s] -- Up-to-date: /home/martin/ros2_workspaces/ros2_ws_dev/install/more_interfaces/share/more_interfaces/cmake/export_more_interfaces__rosidl_generator_pyExport.cmake
[1.138s] -- Up-to-date: /home/martin/ros2_workspaces/ros2_ws_dev/install/more_interfaces/share/more_interfaces/cmake/export_more_interfaces__rosidl_generator_pyExport-noconfig.cmake
[1.138s] -- Up-to-date: /home/martin/ros2_workspaces/ros2_ws_dev/install/more_interfaces/share/more_interfaces/cmake/rosidl_cmake-extras.cmake
[1.138s] -- Up-to-date: /home/martin/ros2_workspaces/ros2_ws_dev/install/more_interfaces/share/more_interfaces/cmake/ament_cmake_export_include_directories-extras.cmake
[1.139s] -- Up-to-date: /home/martin/ros2_workspaces/ros2_ws_dev/install/more_interfaces/share/more_interfaces/cmake/ament_cmake_export_libraries-extras.cmake
[1.139s] -- Up-to-date: /home/martin/ros2_workspaces/ros2_ws_dev/install/more_interfaces/share/more_interfaces/cmake/ament_cmake_export_targets-extras.cmake
[1.139s] -- Up-to-date: /home/martin/ros2_workspaces/ros2_ws_dev/install/more_interfaces/share/more_interfaces/cmake/rosidl_cmake_export_typesupport_targets-extras.cmake
[1.139s] -- Up-to-date: /home/martin/ros2_workspaces/ros2_ws_dev/install/more_interfaces/share/more_interfaces/cmake/ament_cmake_export_dependencies-extras.cmake
[1.140s] -- Up-to-date: /home/martin/ros2_workspaces/ros2_ws_dev/install/more_interfaces/share/more_interfaces/cmake/rosidl_cmake_export_typesupport_libraries-extras.cmake
[1.140s] -- Up-to-date: /home/martin/ros2_workspaces/ros2_ws_dev/install/more_interfaces/share/more_interfaces/cmake/more_interfacesConfig.cmake
[1.140s] -- Up-to-date: /home/martin/ros2_workspaces/ros2_ws_dev/install/more_interfaces/share/more_interfaces/cmake/more_interfacesConfig-version.cmake
[1.140s] -- Up-to-date: /home/martin/ros2_workspaces/ros2_ws_dev/install/more_interfaces/share/more_interfaces/package.xml
[1.153s] Invoked command in '/home/martin/ros2_workspaces/ros2_ws_dev/build/more_interfaces' returned '0': CMAKE_PREFIX_PATH=${CMAKE_PREFIX_PATH}:/home/martin/ros2_workspaces/ros2_ws_dev/install/py_srvcli:/home/martin/ros2_workspaces/ros2_ws_dev/install/py_pubsub:/home/martin/ros2_workspaces/ros2_ws_dev/install/python_parameters:/home/martin/ros2_workspaces/ros2_ws_dev/install/my_package:/home/martin/ros2_workspaces/ros2_ws_dev/install/head:/opt/ros/humble PS1=(venv) \[\e]0;\u@\h: \w\a\]${debian_chroot:+($debian_chroot)}\[\033[01;32m\]\u@\h\[\033[00m\]:\[\033[01;34m\]\w\[\033[00m\]\$ VIRTUAL_ENV_PROMPT=(venv) /usr/bin/cmake --install /home/martin/ros2_workspaces/ros2_ws_dev/build/more_interfaces
