[0.026s] Invoking command in '/home/martin/ros2_workspaces/ros2_ws_dev/build/cpp_parameters': CMAKE_PREFIX_PATH=${CMAKE_PREFIX_PATH}:/home/martin/ros2_workspaces/ros2_ws_dev/install/py_srvcli:/home/martin/ros2_workspaces/ros2_ws_dev/install/py_pubsub:/home/martin/ros2_workspaces/ros2_ws_dev/install/my_package:/opt/ros/humble /usr/bin/cmake --build /home/martin/ros2_workspaces/ros2_ws_dev/build/cpp_parameters -- -j2 -l2
[0.068s] -- Found ament_cmake: 1.3.2 (/opt/ros/humble/share/ament_cmake/cmake)
[0.264s] -- Found rclcpp: 16.0.1 (/opt/ros/humble/share/rclcpp/cmake)
[0.314s] -- Found rosidl_generator_c: 3.1.3 (/opt/ros/humble/share/rosidl_generator_c/cmake)
[0.320s] -- Found rosidl_adapter: 3.1.3 (/opt/ros/humble/share/rosidl_adapter/cmake)
[0.328s] -- Found rosidl_generator_cpp: 3.1.3 (/opt/ros/humble/share/rosidl_generator_cpp/cmake)
[0.343s] -- Using all available rosidl_typesupport_c: rosidl_typesupport_fastrtps_c;rosidl_typesupport_introspection_c
[0.367s] -- Using all available rosidl_typesupport_cpp: rosidl_typesupport_fastrtps_cpp;rosidl_typesupport_introspection_cpp
[0.451s] -- Found rmw_implementation_cmake: 6.1.0 (/opt/ros/humble/share/rmw_implementation_cmake/cmake)
[0.453s] -- Found rmw_fastrtps_cpp: 6.2.1 (/opt/ros/humble/share/rmw_fastrtps_cpp/cmake)
[0.616s] -- Using RMW implementation 'rmw_fastrtps_cpp' as default
[0.922s] -- Configuring done
[0.940s] -- Generating done
[0.951s] -- Build files have been written to: /home/martin/ros2_workspaces/ros2_ws_dev/build/cpp_parameters
[0.997s] [35m[1mConsolidate compiler generated dependencies of target minimal_param_node[0m
[1.025s] [100%] Built target minimal_param_node
[1.042s] Invoked command in '/home/martin/ros2_workspaces/ros2_ws_dev/build/cpp_parameters' returned '0': CMAKE_PREFIX_PATH=${CMAKE_PREFIX_PATH}:/home/martin/ros2_workspaces/ros2_ws_dev/install/py_srvcli:/home/martin/ros2_workspaces/ros2_ws_dev/install/py_pubsub:/home/martin/ros2_workspaces/ros2_ws_dev/install/my_package:/opt/ros/humble /usr/bin/cmake --build /home/martin/ros2_workspaces/ros2_ws_dev/build/cpp_parameters -- -j2 -l2
[1.118s] Invoking command in '/home/martin/ros2_workspaces/ros2_ws_dev/build/cpp_parameters': CMAKE_PREFIX_PATH=${CMAKE_PREFIX_PATH}:/home/martin/ros2_workspaces/ros2_ws_dev/install/py_srvcli:/home/martin/ros2_workspaces/ros2_ws_dev/install/py_pubsub:/home/martin/ros2_workspaces/ros2_ws_dev/install/my_package:/opt/ros/humble /usr/bin/cmake --install /home/martin/ros2_workspaces/ros2_ws_dev/build/cpp_parameters
[1.131s] -- Install configuration: ""
[1.132s] -- Up-to-date: /home/martin/ros2_workspaces/ros2_ws_dev/install/cpp_parameters/lib/cpp_parameters/minimal_param_node
[1.132s] -- Installing: /home/martin/ros2_workspaces/ros2_ws_dev/install/cpp_parameters/share/cpp_parameters/launch
[1.133s] -- Installing: /home/martin/ros2_workspaces/ros2_ws_dev/install/cpp_parameters/share/cpp_parameters/launch/cpp_parameters_launch.py
[1.133s] -- Up-to-date: /home/martin/ros2_workspaces/ros2_ws_dev/install/cpp_parameters/share/ament_index/resource_index/package_run_dependencies/cpp_parameters
[1.133s] -- Installing: /home/martin/ros2_workspaces/ros2_ws_dev/install/cpp_parameters/share/ament_index/resource_index/parent_prefix_path/cpp_parameters
[1.134s] -- Up-to-date: /home/martin/ros2_workspaces/ros2_ws_dev/install/cpp_parameters/share/cpp_parameters/environment/ament_prefix_path.sh
[1.134s] -- Installing: /home/martin/ros2_workspaces/ros2_ws_dev/install/cpp_parameters/share/cpp_parameters/environment/ament_prefix_path.dsv
[1.134s] -- Up-to-date: /home/martin/ros2_workspaces/ros2_ws_dev/install/cpp_parameters/share/cpp_parameters/environment/path.sh
[1.134s] -- Installing: /home/martin/ros2_workspaces/ros2_ws_dev/install/cpp_parameters/share/cpp_parameters/environment/path.dsv
[1.134s] -- Up-to-date: /home/martin/ros2_workspaces/ros2_ws_dev/install/cpp_parameters/share/cpp_parameters/local_setup.bash
[1.134s] -- Up-to-date: /home/martin/ros2_workspaces/ros2_ws_dev/install/cpp_parameters/share/cpp_parameters/local_setup.sh
[1.134s] -- Up-to-date: /home/martin/ros2_workspaces/ros2_ws_dev/install/cpp_parameters/share/cpp_parameters/local_setup.zsh
[1.134s] -- Installing: /home/martin/ros2_workspaces/ros2_ws_dev/install/cpp_parameters/share/cpp_parameters/local_setup.dsv
[1.135s] -- Installing: /home/martin/ros2_workspaces/ros2_ws_dev/install/cpp_parameters/share/cpp_parameters/package.dsv
[1.135s] -- Up-to-date: /home/martin/ros2_workspaces/ros2_ws_dev/install/cpp_parameters/share/ament_index/resource_index/packages/cpp_parameters
[1.135s] -- Up-to-date: /home/martin/ros2_workspaces/ros2_ws_dev/install/cpp_parameters/share/cpp_parameters/cmake/cpp_parametersConfig.cmake
[1.135s] -- Up-to-date: /home/martin/ros2_workspaces/ros2_ws_dev/install/cpp_parameters/share/cpp_parameters/cmake/cpp_parametersConfig-version.cmake
[1.135s] -- Up-to-date: /home/martin/ros2_workspaces/ros2_ws_dev/install/cpp_parameters/share/cpp_parameters/package.xml
[1.139s] Invoked command in '/home/martin/ros2_workspaces/ros2_ws_dev/build/cpp_parameters' returned '0': CMAKE_PREFIX_PATH=${CMAKE_PREFIX_PATH}:/home/martin/ros2_workspaces/ros2_ws_dev/install/py_srvcli:/home/martin/ros2_workspaces/ros2_ws_dev/install/py_pubsub:/home/martin/ros2_workspaces/ros2_ws_dev/install/my_package:/opt/ros/humble /usr/bin/cmake --install /home/martin/ros2_workspaces/ros2_ws_dev/build/cpp_parameters
