[0.018s] Invoking command in '/home/martin/ros2_workspaces/ros2_ws_dev/build/polygon_plugins': CMAKE_PREFIX_PATH=/home/martin/ros2_workspaces/ros2_ws_dev/install/polygon_base:/home/martin/ros2_workspaces/ros2_ws_dev/install/tutorial_interfaces:/home/martin/ros2_workspaces/ros2_ws_dev/install/polygon_plugins:/home/martin/ros2_workspaces/ros2_ws_dev/install/more_interfaces:/home/martin/ros2_workspaces/ros2_ws_dev/install/mbit_interfaces:/home/martin/ros2_workspaces/ros2_ws_dev/install/cpp_srvcli:/home/martin/ros2_workspaces/ros2_ws_dev/install/cpp_pubsub:/home/martin/ros2_workspaces/ros2_ws_dev/install/cpp_parameters:/home/martin/ros2_workspaces/ros2_ws_dev/install/py_srvcli:/home/martin/ros2_workspaces/ros2_ws_dev/install/py_pubsub:/home/martin/ros2_workspaces/ros2_ws_dev/install/python_parameters:/home/martin/ros2_workspaces/ros2_ws_dev/install/my_package:/home/martin/ros2_workspaces/ros2_ws_dev/install/head:/opt/ros/humble PS1=(venv) \[\e]0;\u@\h: \w\a\]${debian_chroot:+($debian_chroot)}\[\033[01;32m\]\u@\h\[\033[00m\]:\[\033[01;34m\]\w\[\033[00m\]\$ VIRTUAL_ENV_PROMPT=(venv) /usr/bin/cmake --build /home/martin/ros2_workspaces/ros2_ws_dev/build/polygon_plugins -- -j2 -l2
[0.115s] [100%] Built target polygon_plugins
[0.131s] Invoked command in '/home/martin/ros2_workspaces/ros2_ws_dev/build/polygon_plugins' returned '0': CMAKE_PREFIX_PATH=/home/martin/ros2_workspaces/ros2_ws_dev/install/polygon_base:/home/martin/ros2_workspaces/ros2_ws_dev/install/tutorial_interfaces:/home/martin/ros2_workspaces/ros2_ws_dev/install/polygon_plugins:/home/martin/ros2_workspaces/ros2_ws_dev/install/more_interfaces:/home/martin/ros2_workspaces/ros2_ws_dev/install/mbit_interfaces:/home/martin/ros2_workspaces/ros2_ws_dev/install/cpp_srvcli:/home/martin/ros2_workspaces/ros2_ws_dev/install/cpp_pubsub:/home/martin/ros2_workspaces/ros2_ws_dev/install/cpp_parameters:/home/martin/ros2_workspaces/ros2_ws_dev/install/py_srvcli:/home/martin/ros2_workspaces/ros2_ws_dev/install/py_pubsub:/home/martin/ros2_workspaces/ros2_ws_dev/install/python_parameters:/home/martin/ros2_workspaces/ros2_ws_dev/install/my_package:/home/martin/ros2_workspaces/ros2_ws_dev/install/head:/opt/ros/humble PS1=(venv) \[\e]0;\u@\h: \w\a\]${debian_chroot:+($debian_chroot)}\[\033[01;32m\]\u@\h\[\033[00m\]:\[\033[01;34m\]\w\[\033[00m\]\$ VIRTUAL_ENV_PROMPT=(venv) /usr/bin/cmake --build /home/martin/ros2_workspaces/ros2_ws_dev/build/polygon_plugins -- -j2 -l2
[0.193s] Invoking command in '/home/martin/ros2_workspaces/ros2_ws_dev/build/polygon_plugins': CMAKE_PREFIX_PATH=/home/martin/ros2_workspaces/ros2_ws_dev/install/polygon_base:/home/martin/ros2_workspaces/ros2_ws_dev/install/tutorial_interfaces:/home/martin/ros2_workspaces/ros2_ws_dev/install/polygon_plugins:/home/martin/ros2_workspaces/ros2_ws_dev/install/more_interfaces:/home/martin/ros2_workspaces/ros2_ws_dev/install/mbit_interfaces:/home/martin/ros2_workspaces/ros2_ws_dev/install/cpp_srvcli:/home/martin/ros2_workspaces/ros2_ws_dev/install/cpp_pubsub:/home/martin/ros2_workspaces/ros2_ws_dev/install/cpp_parameters:/home/martin/ros2_workspaces/ros2_ws_dev/install/py_srvcli:/home/martin/ros2_workspaces/ros2_ws_dev/install/py_pubsub:/home/martin/ros2_workspaces/ros2_ws_dev/install/python_parameters:/home/martin/ros2_workspaces/ros2_ws_dev/install/my_package:/home/martin/ros2_workspaces/ros2_ws_dev/install/head:/opt/ros/humble PS1=(venv) \[\e]0;\u@\h: \w\a\]${debian_chroot:+($debian_chroot)}\[\033[01;32m\]\u@\h\[\033[00m\]:\[\033[01;34m\]\w\[\033[00m\]\$ VIRTUAL_ENV_PROMPT=(venv) /usr/bin/cmake --install /home/martin/ros2_workspaces/ros2_ws_dev/build/polygon_plugins
[0.206s] -- Install configuration: ""
[0.207s] -- Up-to-date: /home/martin/ros2_workspaces/ros2_ws_dev/install/polygon_plugins/share/polygon_plugins/plugins.xml
[0.207s] -- Up-to-date: /home/martin/ros2_workspaces/ros2_ws_dev/install/polygon_plugins/include
[0.207s] -- Up-to-date: /home/martin/ros2_workspaces/ros2_ws_dev/install/polygon_plugins/include/polygon_plugins
[0.207s] -- Up-to-date: /home/martin/ros2_workspaces/ros2_ws_dev/install/polygon_plugins/include/polygon_plugins/visibility_control.h
[0.208s] -- Up-to-date: /home/martin/ros2_workspaces/ros2_ws_dev/install/polygon_plugins/include/polygon_plugins/polygon_plugins.hpp
[0.208s] -- Up-to-date: /home/martin/ros2_workspaces/ros2_ws_dev/install/polygon_plugins/lib/libpolygon_plugins.so
[0.209s] -- Up-to-date: /home/martin/ros2_workspaces/ros2_ws_dev/install/polygon_plugins/share/polygon_plugins/environment/library_path.sh
[0.209s] -- Up-to-date: /home/martin/ros2_workspaces/ros2_ws_dev/install/polygon_plugins/share/polygon_plugins/environment/library_path.dsv
[0.209s] -- Up-to-date: /home/martin/ros2_workspaces/ros2_ws_dev/install/polygon_plugins/share/ament_index/resource_index/package_run_dependencies/polygon_plugins
[0.210s] -- Up-to-date: /home/martin/ros2_workspaces/ros2_ws_dev/install/polygon_plugins/share/ament_index/resource_index/parent_prefix_path/polygon_plugins
[0.210s] -- Up-to-date: /home/martin/ros2_workspaces/ros2_ws_dev/install/polygon_plugins/share/polygon_plugins/environment/ament_prefix_path.sh
[0.210s] -- Up-to-date: /home/martin/ros2_workspaces/ros2_ws_dev/install/polygon_plugins/share/polygon_plugins/environment/ament_prefix_path.dsv
[0.211s] -- Up-to-date: /home/martin/ros2_workspaces/ros2_ws_dev/install/polygon_plugins/share/polygon_plugins/environment/path.sh
[0.211s] -- Up-to-date: /home/martin/ros2_workspaces/ros2_ws_dev/install/polygon_plugins/share/polygon_plugins/environment/path.dsv
[0.211s] -- Up-to-date: /home/martin/ros2_workspaces/ros2_ws_dev/install/polygon_plugins/share/polygon_plugins/local_setup.bash
[0.211s] -- Up-to-date: /home/martin/ros2_workspaces/ros2_ws_dev/install/polygon_plugins/share/polygon_plugins/local_setup.sh
[0.211s] -- Up-to-date: /home/martin/ros2_workspaces/ros2_ws_dev/install/polygon_plugins/share/polygon_plugins/local_setup.zsh
[0.211s] -- Up-to-date: /home/martin/ros2_workspaces/ros2_ws_dev/install/polygon_plugins/share/polygon_plugins/local_setup.dsv
[0.212s] -- Installing: /home/martin/ros2_workspaces/ros2_ws_dev/install/polygon_plugins/share/polygon_plugins/package.dsv
[0.213s] -- Up-to-date: /home/martin/ros2_workspaces/ros2_ws_dev/install/polygon_plugins/share/ament_index/resource_index/packages/polygon_plugins
[0.213s] -- Up-to-date: /home/martin/ros2_workspaces/ros2_ws_dev/install/polygon_plugins/share/ament_index/resource_index/polygon_base__pluginlib__plugin/polygon_plugins
[0.214s] -- Up-to-date: /home/martin/ros2_workspaces/ros2_ws_dev/install/polygon_plugins/share/polygon_plugins/cmake/export_polygon_pluginsExport.cmake
[0.214s] -- Up-to-date: /home/martin/ros2_workspaces/ros2_ws_dev/install/polygon_plugins/share/polygon_plugins/cmake/export_polygon_pluginsExport-noconfig.cmake
[0.214s] -- Up-to-date: /home/martin/ros2_workspaces/ros2_ws_dev/install/polygon_plugins/share/polygon_plugins/cmake/ament_cmake_export_include_directories-extras.cmake
[0.214s] -- Up-to-date: /home/martin/ros2_workspaces/ros2_ws_dev/install/polygon_plugins/share/polygon_plugins/cmake/ament_cmake_export_libraries-extras.cmake
[0.214s] -- Up-to-date: /home/martin/ros2_workspaces/ros2_ws_dev/install/polygon_plugins/share/polygon_plugins/cmake/ament_cmake_export_targets-extras.cmake
[0.214s] -- Up-to-date: /home/martin/ros2_workspaces/ros2_ws_dev/install/polygon_plugins/share/polygon_plugins/cmake/polygon_pluginsConfig.cmake
[0.214s] -- Up-to-date: /home/martin/ros2_workspaces/ros2_ws_dev/install/polygon_plugins/share/polygon_plugins/cmake/polygon_pluginsConfig-version.cmake
[0.215s] -- Up-to-date: /home/martin/ros2_workspaces/ros2_ws_dev/install/polygon_plugins/share/polygon_plugins/package.xml
[0.224s] Invoked command in '/home/martin/ros2_workspaces/ros2_ws_dev/build/polygon_plugins' returned '0': CMAKE_PREFIX_PATH=/home/martin/ros2_workspaces/ros2_ws_dev/install/polygon_base:/home/martin/ros2_workspaces/ros2_ws_dev/install/tutorial_interfaces:/home/martin/ros2_workspaces/ros2_ws_dev/install/polygon_plugins:/home/martin/ros2_workspaces/ros2_ws_dev/install/more_interfaces:/home/martin/ros2_workspaces/ros2_ws_dev/install/mbit_interfaces:/home/martin/ros2_workspaces/ros2_ws_dev/install/cpp_srvcli:/home/martin/ros2_workspaces/ros2_ws_dev/install/cpp_pubsub:/home/martin/ros2_workspaces/ros2_ws_dev/install/cpp_parameters:/home/martin/ros2_workspaces/ros2_ws_dev/install/py_srvcli:/home/martin/ros2_workspaces/ros2_ws_dev/install/py_pubsub:/home/martin/ros2_workspaces/ros2_ws_dev/install/python_parameters:/home/martin/ros2_workspaces/ros2_ws_dev/install/my_package:/home/martin/ros2_workspaces/ros2_ws_dev/install/head:/opt/ros/humble PS1=(venv) \[\e]0;\u@\h: \w\a\]${debian_chroot:+($debian_chroot)}\[\033[01;32m\]\u@\h\[\033[00m\]:\[\033[01;34m\]\w\[\033[00m\]\$ VIRTUAL_ENV_PROMPT=(venv) /usr/bin/cmake --install /home/martin/ros2_workspaces/ros2_ws_dev/build/polygon_plugins
