[0.768s] Invoking command in '/home/martin/ros2_workspaces/ros2_ws_dev/src/python_parameters': PYTHONPATH=/home/martin/ros2_workspaces/ros2_ws_dev/install/python_parameters/lib/python3.10/site-packages:${PYTHONPATH} /usr/bin/python3 setup.py egg_info --egg-base ../../build/python_parameters build --build-base /home/martin/ros2_workspaces/ros2_ws_dev/build/python_parameters/build install --prefix /home/martin/ros2_workspaces/ros2_ws_dev/install/python_parameters --record /home/martin/ros2_workspaces/ros2_ws_dev/build/python_parameters/install.log --single-version-externally-managed
[1.106s] running egg_info
[1.108s] writing ../../build/python_parameters/python_parameters.egg-info/PKG-INFO
[1.109s] writing dependency_links to ../../build/python_parameters/python_parameters.egg-info/dependency_links.txt
[1.111s] writing entry points to ../../build/python_parameters/python_parameters.egg-info/entry_points.txt
[1.113s] writing requirements to ../../build/python_parameters/python_parameters.egg-info/requires.txt
[1.113s] writing top-level names to ../../build/python_parameters/python_parameters.egg-info/top_level.txt
[1.117s] reading manifest file '../../build/python_parameters/python_parameters.egg-info/SOURCES.txt'
[1.119s] writing manifest file '../../build/python_parameters/python_parameters.egg-info/SOURCES.txt'
[1.119s] running build
[1.120s] running build_py
[1.121s] running install
[1.121s] /usr/lib/python3/dist-packages/setuptools/command/install.py:34: SetuptoolsDeprecationWarning: setup.py install is deprecated. Use build and pip and other standards-based tools.
[1.122s]   warnings.warn(
[1.122s] running install_lib
[1.125s] running install_data
[1.126s] copying launch/python_parameters_launch.py -> /home/martin/ros2_workspaces/ros2_ws_dev/install/python_parameters/share/python_parameters
[1.126s] running install_egg_info
[1.129s] removing '/home/martin/ros2_workspaces/ros2_ws_dev/install/python_parameters/lib/python3.10/site-packages/python_parameters-0.0.0-py3.10.egg-info' (and everything under it)
[1.129s] Copying ../../build/python_parameters/python_parameters.egg-info to /home/martin/ros2_workspaces/ros2_ws_dev/install/python_parameters/lib/python3.10/site-packages/python_parameters-0.0.0-py3.10.egg-info
[1.131s] running install_scripts
[1.159s] Installing minimal_param_node script to /home/martin/ros2_workspaces/ros2_ws_dev/install/python_parameters/lib/python_parameters
[1.161s] writing list of installed files to '/home/martin/ros2_workspaces/ros2_ws_dev/build/python_parameters/install.log'
[1.196s] Invoked command in '/home/martin/ros2_workspaces/ros2_ws_dev/src/python_parameters' returned '0': PYTHONPATH=/home/martin/ros2_workspaces/ros2_ws_dev/install/python_parameters/lib/python3.10/site-packages:${PYTHONPATH} /usr/bin/python3 setup.py egg_info --egg-base ../../build/python_parameters build --build-base /home/martin/ros2_workspaces/ros2_ws_dev/build/python_parameters/build install --prefix /home/martin/ros2_workspaces/ros2_ws_dev/install/python_parameters --record /home/martin/ros2_workspaces/ros2_ws_dev/build/python_parameters/install.log --single-version-externally-managed
