[0.024s] Invoking command in '/home/martin/ros2_workspaces/ros2_ws_dev/build/more_interfaces': CMAKE_PREFIX_PATH=/opt/ros/humble /usr/bin/cmake --build /home/martin/ros2_workspaces/ros2_ws_dev/build/more_interfaces -- -j2 -l2
[0.112s] [  2%] Built target more_interfaces__cpp
[0.114s] [ 11%] Built target more_interfaces__rosidl_generator_c
[0.166s] [ 20%] Built target more_interfaces__rosidl_typesupport_cpp
[0.184s] [ 20%] Built target ament_cmake_python_copy_more_interfaces
[0.214s] [ 28%] Built target more_interfaces__rosidl_typesupport_fastrtps_c
[0.228s] [ 37%] Built target more_interfaces__rosidl_typesupport_fastrtps_cpp
[0.255s] [ 45%] Built target more_interfaces__rosidl_typesupport_introspection_c
[0.292s] [ 54%] Built target more_interfaces__rosidl_typesupport_c
[0.371s] [ 62%] Built target more_interfaces__rosidl_typesupport_introspection_cpp
[0.464s] [ 68%] Built target publish_address_book
[0.499s] [35m[1mConsolidate compiler generated dependencies of target subscribe_address_book[0m
[0.542s] [ 71%] [32mBuilding CXX object CMakeFiles/subscribe_address_book.dir/src/subscribe_address_book.cpp.o[0m
[1.093s] running egg_info
[1.094s] writing more_interfaces.egg-info/PKG-INFO
[1.168s] writing dependency_links to more_interfaces.egg-info/dependency_links.txt
[1.170s] writing top-level names to more_interfaces.egg-info/top_level.txt
[1.171s] reading manifest file 'more_interfaces.egg-info/SOURCES.txt'
[1.172s] writing manifest file 'more_interfaces.egg-info/SOURCES.txt'
[1.931s] [ 71%] Built target ament_cmake_python_build_more_interfaces_egg
[1.972s] [ 71%] Built target more_interfaces
[2.011s] [ 74%] Built target more_interfaces__py
[2.055s] [ 80%] Built target more_interfaces__rosidl_generator_py
[2.092s] [ 85%] Built target more_interfaces__rosidl_typesupport_fastrtps_c__pyext
[2.135s] [ 91%] Built target more_interfaces__rosidl_typesupport_introspection_c__pyext
[2.181s] [ 97%] Built target more_interfaces__rosidl_typesupport_c__pyext
[4.185s] [01m[K/home/martin/ros2_workspaces/ros2_ws_dev/src/more_interfaces/src/subscribe_address_book.cpp:[m[K In constructor ‘[01m[KAddressBookSubscriber::AddressBookSubscriber()[m[K’:
[4.187s] [01m[K/home/martin/ros2_workspaces/ros2_ws_dev/src/more_interfaces/src/subscribe_address_book.cpp:16:116:[m[K [01;31m[Kerror: [m[K‘[01m[K_1[m[K’ was not declared in this scope; did you mean ‘[01m[Kstd::placeholders::_1[m[K’?
[4.187s]    16 |                                 "address_book", 10, std::bind(&AddressBookSubscriber::address_book_callback, this, [01;31m[K_1[m[K));
[4.187s]       |                                                                                                                    [01;31m[K^~[m[K
[4.187s]       |                                                                                                                    [32m[Kstd::placeholders::_1[m[K
[4.187s] In file included from [01m[K/home/martin/ros2_workspaces/ros2_ws_dev/src/more_interfaces/src/subscribe_address_book.cpp:1[m[K:
[4.187s] [01m[K/usr/include/c++/11/functional:225:34:[m[K [01;36m[Knote: [m[K‘[01m[Kstd::placeholders::_1[m[K’ declared here
[4.187s]   225 |     extern const _Placeholder<1> [01;36m[K_1[m[K;
[4.187s]       |                                  [01;36m[K^~[m[K
[4.199s] In file included from [01m[K/opt/ros/humble/include/rclcpp/rclcpp/logging.hpp:24[m[K,
[4.199s]                  from [01m[K/opt/ros/humble/include/rclcpp/rclcpp/client.hpp:40[m[K,
[4.199s]                  from [01m[K/opt/ros/humble/include/rclcpp/rclcpp/callback_group.hpp:23[m[K,
[4.199s]                  from [01m[K/opt/ros/humble/include/rclcpp/rclcpp/any_executable.hpp:20[m[K,
[4.199s]                  from [01m[K/opt/ros/humble/include/rclcpp/rclcpp/memory_strategy.hpp:25[m[K,
[4.199s]                  from [01m[K/opt/ros/humble/include/rclcpp/rclcpp/memory_strategies.hpp:18[m[K,
[4.200s]                  from [01m[K/opt/ros/humble/include/rclcpp/rclcpp/executor_options.hpp:20[m[K,
[4.200s]                  from [01m[K/opt/ros/humble/include/rclcpp/rclcpp/executor.hpp:37[m[K,
[4.200s]                  from [01m[K/opt/ros/humble/include/rclcpp/rclcpp/executors/multi_threaded_executor.hpp:25[m[K,
[4.200s]                  from [01m[K/opt/ros/humble/include/rclcpp/rclcpp/executors.hpp:21[m[K,
[4.200s]                  from [01m[K/opt/ros/humble/include/rclcpp/rclcpp/rclcpp.hpp:155[m[K,
[4.200s]                  from [01m[K/home/martin/ros2_workspaces/ros2_ws_dev/src/more_interfaces/src/subscribe_address_book.cpp:4[m[K:
[4.200s] [01m[K/home/martin/ros2_workspaces/ros2_ws_dev/src/more_interfaces/src/subscribe_address_book.cpp:[m[K In member function ‘[01m[Kvoid AddressBookSubscriber::address_book_callback(const AddressBook&) const[m[K’:
[4.200s] [01m[K/home/martin/ros2_workspaces/ros2_ws_dev/src/more_interfaces/src/subscribe_address_book.cpp:22:65:[m[K [01;35m[Kwarning: [m[Kformat ‘[01m[K%s[m[K’ expects argument of type ‘[01m[Kchar*[m[K’, but argument 5 has type ‘[01m[Kconst _first_name_type[m[K’ {aka ‘[01m[Kconst std::__cxx11::basic_string<char>[m[K’} [[01;35m[K]8;;https://gcc.gnu.org/onlinedocs/gcc/Warning-Options.html#index-Wformat=-Wformat=]8;;[m[K]
[4.200s]    22 |                                 RCLCPP_INFO(this->get_logger(), [01;35m[K"I heard: '%s' '%s'"[m[K, msg.first_name, msg.last_name);
[4.200s]       |                                                                 [01;35m[K^~~~~~~~~~~~~~~~~~~~[m[K
[4.200s] [01m[K/home/martin/ros2_workspaces/ros2_ws_dev/src/more_interfaces/src/subscribe_address_book.cpp:22:77:[m[K [01;36m[Knote: [m[Kformat string is defined here
[4.200s]    22 |                                 RCLCPP_INFO(this->get_logger(), "I heard: '[01;36m[K%s[m[K' '%s'", msg.first_name, msg.last_name);
[4.201s]       |                                                                            [01;36m[K~^[m[K
[4.201s]       |                                                                             [01;36m[K|[m[K
[4.201s]       |                                                                             [01;36m[Kchar*[m[K
[4.201s] In file included from [01m[K/opt/ros/humble/include/rclcpp/rclcpp/logging.hpp:24[m[K,
[4.201s]                  from [01m[K/opt/ros/humble/include/rclcpp/rclcpp/client.hpp:40[m[K,
[4.201s]                  from [01m[K/opt/ros/humble/include/rclcpp/rclcpp/callback_group.hpp:23[m[K,
[4.201s]                  from [01m[K/opt/ros/humble/include/rclcpp/rclcpp/any_executable.hpp:20[m[K,
[4.201s]                  from [01m[K/opt/ros/humble/include/rclcpp/rclcpp/memory_strategy.hpp:25[m[K,
[4.201s]                  from [01m[K/opt/ros/humble/include/rclcpp/rclcpp/memory_strategies.hpp:18[m[K,
[4.201s]                  from [01m[K/opt/ros/humble/include/rclcpp/rclcpp/executor_options.hpp:20[m[K,
[4.202s]                  from [01m[K/opt/ros/humble/include/rclcpp/rclcpp/executor.hpp:37[m[K,
[4.202s]                  from [01m[K/opt/ros/humble/include/rclcpp/rclcpp/executors/multi_threaded_executor.hpp:25[m[K,
[4.202s]                  from [01m[K/opt/ros/humble/include/rclcpp/rclcpp/executors.hpp:21[m[K,
[4.202s]                  from [01m[K/opt/ros/humble/include/rclcpp/rclcpp/rclcpp.hpp:155[m[K,
[4.202s]                  from [01m[K/home/martin/ros2_workspaces/ros2_ws_dev/src/more_interfaces/src/subscribe_address_book.cpp:4[m[K:
[4.202s] [01m[K/home/martin/ros2_workspaces/ros2_ws_dev/src/more_interfaces/src/subscribe_address_book.cpp:22:65:[m[K [01;35m[Kwarning: [m[Kformat ‘[01m[K%s[m[K’ expects argument of type ‘[01m[Kchar*[m[K’, but argument 6 has type ‘[01m[Kconst _last_name_type[m[K’ {aka ‘[01m[Kconst std::__cxx11::basic_string<char>[m[K’} [[01;35m[K]8;;https://gcc.gnu.org/onlinedocs/gcc/Warning-Options.html#index-Wformat=-Wformat=]8;;[m[K]
[4.202s]    22 |                                 RCLCPP_INFO(this->get_logger(), [01;35m[K"I heard: '%s' '%s'"[m[K, msg.first_name, msg.last_name);
[4.202s]       |                                                                 [01;35m[K^~~~~~~~~~~~~~~~~~~~[m[K
[4.202s] [01m[K/home/martin/ros2_workspaces/ros2_ws_dev/src/more_interfaces/src/subscribe_address_book.cpp:22:82:[m[K [01;36m[Knote: [m[Kformat string is defined here
[4.202s]    22 |                                 RCLCPP_INFO(this->get_logger(), "I heard: '%s' '[01;36m[K%s[m[K'", msg.first_name, msg.last_name);
[4.202s]       |                                                                                 [01;36m[K~^[m[K
[4.202s]       |                                                                                  [01;36m[K|[m[K
[4.202s]       |                                                                                  [01;36m[Kchar*[m[K
[5.006s] gmake[2]: *** [CMakeFiles/subscribe_address_book.dir/build.make:76: CMakeFiles/subscribe_address_book.dir/src/subscribe_address_book.cpp.o] Error 1
[5.007s] gmake[1]: *** [CMakeFiles/Makefile2:622: CMakeFiles/subscribe_address_book.dir/all] Error 2
[5.007s] gmake: *** [Makefile:146: all] Error 2
[5.019s] Invoked command in '/home/martin/ros2_workspaces/ros2_ws_dev/build/more_interfaces' returned '2': CMAKE_PREFIX_PATH=/opt/ros/humble /usr/bin/cmake --build /home/martin/ros2_workspaces/ros2_ws_dev/build/more_interfaces -- -j2 -l2
