[0.052s] Invoking command in '/home/martin/ros2_workspaces/ros2_ws_dev/build/tutorial_interfaces': CMAKE_PREFIX_PATH=/opt/ros/humble PS1=(venv) \[\e]0;\u@\h: \w\a\]${debian_chroot:+($debian_chroot)}\[\033[01;32m\]\u@\h\[\033[00m\]:\[\033[01;34m\]\w\[\033[00m\]\$ VIRTUAL_ENV_PROMPT=(venv) /usr/bin/cmake --build /home/martin/ros2_workspaces/ros2_ws_dev/build/tutorial_interfaces -- -j2 -l2
[0.418s] [  2%] Built target tutorial_interfaces__cpp
[0.467s] [ 12%] Built target tutorial_interfaces__rosidl_generator_c
[0.550s] [ 12%] Built target ament_cmake_python_copy_tutorial_interfaces
[0.680s] [ 23%] Built target tutorial_interfaces__rosidl_typesupport_cpp
[0.697s] [ 34%] Built target tutorial_interfaces__rosidl_typesupport_fastrtps_c
[0.809s] [ 44%] Built target tutorial_interfaces__rosidl_typesupport_introspection_c
[0.829s] [ 55%] Built target tutorial_interfaces__rosidl_typesupport_fastrtps_cpp
[0.896s] [ 65%] Built target tutorial_interfaces__rosidl_typesupport_c
[0.931s] [ 76%] Built target tutorial_interfaces__rosidl_typesupport_introspection_cpp
[1.032s] [ 76%] Built target tutorial_interfaces
[1.292s] [ 78%] Built target tutorial_interfaces__py
[1.315s] running egg_info
[1.319s] writing tutorial_interfaces.egg-info/PKG-INFO
[1.320s] writing dependency_links to tutorial_interfaces.egg-info/dependency_links.txt
[1.321s] writing top-level names to tutorial_interfaces.egg-info/top_level.txt
[1.325s] reading manifest file 'tutorial_interfaces.egg-info/SOURCES.txt'
[1.330s] writing manifest file 'tutorial_interfaces.egg-info/SOURCES.txt'
[1.411s] [ 78%] Built target ament_cmake_python_build_tutorial_interfaces_egg
[1.422s] [ 87%] Built target tutorial_interfaces__rosidl_generator_py
[1.497s] [ 91%] Built target tutorial_interfaces__rosidl_typesupport_introspection_c__pyext
[1.519s] [ 95%] Built target tutorial_interfaces__rosidl_typesupport_fastrtps_c__pyext
[1.554s] [100%] Built target tutorial_interfaces__rosidl_typesupport_c__pyext
[1.569s] Invoked command in '/home/martin/ros2_workspaces/ros2_ws_dev/build/tutorial_interfaces' returned '0': CMAKE_PREFIX_PATH=/opt/ros/humble PS1=(venv) \[\e]0;\u@\h: \w\a\]${debian_chroot:+($debian_chroot)}\[\033[01;32m\]\u@\h\[\033[00m\]:\[\033[01;34m\]\w\[\033[00m\]\$ VIRTUAL_ENV_PROMPT=(venv) /usr/bin/cmake --build /home/martin/ros2_workspaces/ros2_ws_dev/build/tutorial_interfaces -- -j2 -l2
[2.029s] Invoking command in '/home/martin/ros2_workspaces/ros2_ws_dev/build/tutorial_interfaces': CMAKE_PREFIX_PATH=/opt/ros/humble PS1=(venv) \[\e]0;\u@\h: \w\a\]${debian_chroot:+($debian_chroot)}\[\033[01;32m\]\u@\h\[\033[00m\]:\[\033[01;34m\]\w\[\033[00m\]\$ VIRTUAL_ENV_PROMPT=(venv) /usr/bin/cmake --install /home/martin/ros2_workspaces/ros2_ws_dev/build/tutorial_interfaces
[2.045s] -- Install configuration: ""
[2.049s] -- Up-to-date: /home/martin/ros2_workspaces/ros2_ws_dev/install/tutorial_interfaces/share/ament_index/resource_index/rosidl_interfaces/tutorial_interfaces
[2.051s] -- Up-to-date: /home/martin/ros2_workspaces/ros2_ws_dev/install/tutorial_interfaces/include/tutorial_interfaces/tutorial_interfaces
[2.051s] -- Up-to-date: /home/martin/ros2_workspaces/ros2_ws_dev/install/tutorial_interfaces/include/tutorial_interfaces/tutorial_interfaces/srv
[2.053s] -- Up-to-date: /home/martin/ros2_workspaces/ros2_ws_dev/install/tutorial_interfaces/include/tutorial_interfaces/tutorial_interfaces/srv/detail
[2.054s] -- Up-to-date: /home/martin/ros2_workspaces/ros2_ws_dev/install/tutorial_interfaces/include/tutorial_interfaces/tutorial_interfaces/srv/detail/add_three_ints__functions.h
[2.054s] -- Up-to-date: /home/martin/ros2_workspaces/ros2_ws_dev/install/tutorial_interfaces/include/tutorial_interfaces/tutorial_interfaces/srv/detail/add_three_ints__functions.c
[2.054s] -- Up-to-date: /home/martin/ros2_workspaces/ros2_ws_dev/install/tutorial_interfaces/include/tutorial_interfaces/tutorial_interfaces/srv/detail/add_three_ints__struct.h
[2.054s] -- Up-to-date: /home/martin/ros2_workspaces/ros2_ws_dev/install/tutorial_interfaces/include/tutorial_interfaces/tutorial_interfaces/srv/detail/add_three_ints__type_support.h
[2.055s] -- Up-to-date: /home/martin/ros2_workspaces/ros2_ws_dev/install/tutorial_interfaces/include/tutorial_interfaces/tutorial_interfaces/srv/add_three_ints.h
[2.055s] -- Up-to-date: /home/martin/ros2_workspaces/ros2_ws_dev/install/tutorial_interfaces/include/tutorial_interfaces/tutorial_interfaces/msg
[2.056s] -- Up-to-date: /home/martin/ros2_workspaces/ros2_ws_dev/install/tutorial_interfaces/include/tutorial_interfaces/tutorial_interfaces/msg/num.h
[2.057s] -- Up-to-date: /home/martin/ros2_workspaces/ros2_ws_dev/install/tutorial_interfaces/include/tutorial_interfaces/tutorial_interfaces/msg/sphere.h
[2.057s] -- Up-to-date: /home/martin/ros2_workspaces/ros2_ws_dev/install/tutorial_interfaces/include/tutorial_interfaces/tutorial_interfaces/msg/rosidl_generator_c__visibility_control.h
[2.057s] -- Up-to-date: /home/martin/ros2_workspaces/ros2_ws_dev/install/tutorial_interfaces/include/tutorial_interfaces/tutorial_interfaces/msg/detail
[2.059s] -- Up-to-date: /home/martin/ros2_workspaces/ros2_ws_dev/install/tutorial_interfaces/include/tutorial_interfaces/tutorial_interfaces/msg/detail/sphere__type_support.h
[2.059s] -- Up-to-date: /home/martin/ros2_workspaces/ros2_ws_dev/install/tutorial_interfaces/include/tutorial_interfaces/tutorial_interfaces/msg/detail/num__struct.h
[2.060s] -- Up-to-date: /home/martin/ros2_workspaces/ros2_ws_dev/install/tutorial_interfaces/include/tutorial_interfaces/tutorial_interfaces/msg/detail/sphere__struct.h
[2.060s] -- Up-to-date: /home/martin/ros2_workspaces/ros2_ws_dev/install/tutorial_interfaces/include/tutorial_interfaces/tutorial_interfaces/msg/detail/sphere__functions.c
[2.060s] -- Up-to-date: /home/martin/ros2_workspaces/ros2_ws_dev/install/tutorial_interfaces/include/tutorial_interfaces/tutorial_interfaces/msg/detail/sphere__functions.h
[2.061s] -- Up-to-date: /home/martin/ros2_workspaces/ros2_ws_dev/install/tutorial_interfaces/include/tutorial_interfaces/tutorial_interfaces/msg/detail/num__functions.c
[2.061s] -- Up-to-date: /home/martin/ros2_workspaces/ros2_ws_dev/install/tutorial_interfaces/include/tutorial_interfaces/tutorial_interfaces/msg/detail/num__type_support.h
[2.061s] -- Up-to-date: /home/martin/ros2_workspaces/ros2_ws_dev/install/tutorial_interfaces/include/tutorial_interfaces/tutorial_interfaces/msg/detail/num__functions.h
[2.063s] -- Up-to-date: /home/martin/ros2_workspaces/ros2_ws_dev/install/tutorial_interfaces/share/tutorial_interfaces/environment/library_path.sh
[2.063s] -- Up-to-date: /home/martin/ros2_workspaces/ros2_ws_dev/install/tutorial_interfaces/share/tutorial_interfaces/environment/library_path.dsv
[2.067s] -- Up-to-date: /home/martin/ros2_workspaces/ros2_ws_dev/install/tutorial_interfaces/lib/libtutorial_interfaces__rosidl_generator_c.so
[2.067s] -- Up-to-date: /home/martin/ros2_workspaces/ros2_ws_dev/install/tutorial_interfaces/include/tutorial_interfaces/tutorial_interfaces
[2.068s] -- Up-to-date: /home/martin/ros2_workspaces/ros2_ws_dev/install/tutorial_interfaces/include/tutorial_interfaces/tutorial_interfaces/srv
[2.068s] -- Up-to-date: /home/martin/ros2_workspaces/ros2_ws_dev/install/tutorial_interfaces/include/tutorial_interfaces/tutorial_interfaces/srv/detail
[2.068s] -- Up-to-date: /home/martin/ros2_workspaces/ros2_ws_dev/install/tutorial_interfaces/include/tutorial_interfaces/tutorial_interfaces/srv/detail/add_three_ints__rosidl_typesupport_fastrtps_c.h
[2.068s] -- Up-to-date: /home/martin/ros2_workspaces/ros2_ws_dev/install/tutorial_interfaces/include/tutorial_interfaces/tutorial_interfaces/msg
[2.068s] -- Up-to-date: /home/martin/ros2_workspaces/ros2_ws_dev/install/tutorial_interfaces/include/tutorial_interfaces/tutorial_interfaces/msg/rosidl_typesupport_fastrtps_c__visibility_control.h
[2.069s] -- Up-to-date: /home/martin/ros2_workspaces/ros2_ws_dev/install/tutorial_interfaces/include/tutorial_interfaces/tutorial_interfaces/msg/detail
[2.069s] -- Up-to-date: /home/martin/ros2_workspaces/ros2_ws_dev/install/tutorial_interfaces/include/tutorial_interfaces/tutorial_interfaces/msg/detail/num__rosidl_typesupport_fastrtps_c.h
[2.069s] -- Up-to-date: /home/martin/ros2_workspaces/ros2_ws_dev/install/tutorial_interfaces/include/tutorial_interfaces/tutorial_interfaces/msg/detail/sphere__rosidl_typesupport_fastrtps_c.h
[2.072s] -- Up-to-date: /home/martin/ros2_workspaces/ros2_ws_dev/install/tutorial_interfaces/lib/libtutorial_interfaces__rosidl_typesupport_fastrtps_c.so
[2.072s] -- Up-to-date: /home/martin/ros2_workspaces/ros2_ws_dev/install/tutorial_interfaces/include/tutorial_interfaces/tutorial_interfaces
[2.072s] -- Up-to-date: /home/martin/ros2_workspaces/ros2_ws_dev/install/tutorial_interfaces/include/tutorial_interfaces/tutorial_interfaces/srv
[2.073s] -- Up-to-date: /home/martin/ros2_workspaces/ros2_ws_dev/install/tutorial_interfaces/include/tutorial_interfaces/tutorial_interfaces/srv/add_three_ints.hpp
[2.073s] -- Up-to-date: /home/martin/ros2_workspaces/ros2_ws_dev/install/tutorial_interfaces/include/tutorial_interfaces/tutorial_interfaces/srv/detail
[2.073s] -- Up-to-date: /home/martin/ros2_workspaces/ros2_ws_dev/install/tutorial_interfaces/include/tutorial_interfaces/tutorial_interfaces/srv/detail/add_three_ints__builder.hpp
[2.073s] -- Up-to-date: /home/martin/ros2_workspaces/ros2_ws_dev/install/tutorial_interfaces/include/tutorial_interfaces/tutorial_interfaces/srv/detail/add_three_ints__traits.hpp
[2.073s] -- Up-to-date: /home/martin/ros2_workspaces/ros2_ws_dev/install/tutorial_interfaces/include/tutorial_interfaces/tutorial_interfaces/srv/detail/add_three_ints__struct.hpp
[2.074s] -- Up-to-date: /home/martin/ros2_workspaces/ros2_ws_dev/install/tutorial_interfaces/include/tutorial_interfaces/tutorial_interfaces/msg
[2.074s] -- Up-to-date: /home/martin/ros2_workspaces/ros2_ws_dev/install/tutorial_interfaces/include/tutorial_interfaces/tutorial_interfaces/msg/num.hpp
[2.074s] -- Up-to-date: /home/martin/ros2_workspaces/ros2_ws_dev/install/tutorial_interfaces/include/tutorial_interfaces/tutorial_interfaces/msg/detail
[2.075s] -- Up-to-date: /home/martin/ros2_workspaces/ros2_ws_dev/install/tutorial_interfaces/include/tutorial_interfaces/tutorial_interfaces/msg/detail/num__struct.hpp
[2.075s] -- Up-to-date: /home/martin/ros2_workspaces/ros2_ws_dev/install/tutorial_interfaces/include/tutorial_interfaces/tutorial_interfaces/msg/detail/sphere__struct.hpp
[2.075s] -- Up-to-date: /home/martin/ros2_workspaces/ros2_ws_dev/install/tutorial_interfaces/include/tutorial_interfaces/tutorial_interfaces/msg/detail/num__builder.hpp
[2.075s] -- Up-to-date: /home/martin/ros2_workspaces/ros2_ws_dev/install/tutorial_interfaces/include/tutorial_interfaces/tutorial_interfaces/msg/detail/num__traits.hpp
[2.076s] -- Up-to-date: /home/martin/ros2_workspaces/ros2_ws_dev/install/tutorial_interfaces/include/tutorial_interfaces/tutorial_interfaces/msg/detail/sphere__builder.hpp
[2.076s] -- Up-to-date: /home/martin/ros2_workspaces/ros2_ws_dev/install/tutorial_interfaces/include/tutorial_interfaces/tutorial_interfaces/msg/detail/sphere__traits.hpp
[2.076s] -- Up-to-date: /home/martin/ros2_workspaces/ros2_ws_dev/install/tutorial_interfaces/include/tutorial_interfaces/tutorial_interfaces/msg/sphere.hpp
[2.076s] -- Up-to-date: /home/martin/ros2_workspaces/ros2_ws_dev/install/tutorial_interfaces/include/tutorial_interfaces/tutorial_interfaces
[2.077s] -- Up-to-date: /home/martin/ros2_workspaces/ros2_ws_dev/install/tutorial_interfaces/include/tutorial_interfaces/tutorial_interfaces/srv
[2.077s] -- Up-to-date: /home/martin/ros2_workspaces/ros2_ws_dev/install/tutorial_interfaces/include/tutorial_interfaces/tutorial_interfaces/srv/detail
[2.077s] -- Up-to-date: /home/martin/ros2_workspaces/ros2_ws_dev/install/tutorial_interfaces/include/tutorial_interfaces/tutorial_interfaces/srv/detail/dds_fastrtps
[2.078s] -- Up-to-date: /home/martin/ros2_workspaces/ros2_ws_dev/install/tutorial_interfaces/include/tutorial_interfaces/tutorial_interfaces/srv/detail/add_three_ints__rosidl_typesupport_fastrtps_cpp.hpp
[2.078s] -- Up-to-date: /home/martin/ros2_workspaces/ros2_ws_dev/install/tutorial_interfaces/include/tutorial_interfaces/tutorial_interfaces/msg
[2.078s] -- Up-to-date: /home/martin/ros2_workspaces/ros2_ws_dev/install/tutorial_interfaces/include/tutorial_interfaces/tutorial_interfaces/msg/detail
[2.079s] -- Up-to-date: /home/martin/ros2_workspaces/ros2_ws_dev/install/tutorial_interfaces/include/tutorial_interfaces/tutorial_interfaces/msg/detail/dds_fastrtps
[2.079s] -- Up-to-date: /home/martin/ros2_workspaces/ros2_ws_dev/install/tutorial_interfaces/include/tutorial_interfaces/tutorial_interfaces/msg/detail/sphere__rosidl_typesupport_fastrtps_cpp.hpp
[2.080s] -- Up-to-date: /home/martin/ros2_workspaces/ros2_ws_dev/install/tutorial_interfaces/include/tutorial_interfaces/tutorial_interfaces/msg/detail/num__rosidl_typesupport_fastrtps_cpp.hpp
[2.080s] -- Up-to-date: /home/martin/ros2_workspaces/ros2_ws_dev/install/tutorial_interfaces/include/tutorial_interfaces/tutorial_interfaces/msg/rosidl_typesupport_fastrtps_cpp__visibility_control.h
[2.083s] -- Up-to-date: /home/martin/ros2_workspaces/ros2_ws_dev/install/tutorial_interfaces/lib/libtutorial_interfaces__rosidl_typesupport_fastrtps_cpp.so
[2.084s] -- Up-to-date: /home/martin/ros2_workspaces/ros2_ws_dev/install/tutorial_interfaces/include/tutorial_interfaces/tutorial_interfaces
[2.084s] -- Up-to-date: /home/martin/ros2_workspaces/ros2_ws_dev/install/tutorial_interfaces/include/tutorial_interfaces/tutorial_interfaces/srv
[2.084s] -- Up-to-date: /home/martin/ros2_workspaces/ros2_ws_dev/install/tutorial_interfaces/include/tutorial_interfaces/tutorial_interfaces/srv/detail
[2.084s] -- Up-to-date: /home/martin/ros2_workspaces/ros2_ws_dev/install/tutorial_interfaces/include/tutorial_interfaces/tutorial_interfaces/srv/detail/add_three_ints__type_support.c
[2.085s] -- Up-to-date: /home/martin/ros2_workspaces/ros2_ws_dev/install/tutorial_interfaces/include/tutorial_interfaces/tutorial_interfaces/srv/detail/add_three_ints__rosidl_typesupport_introspection_c.h
[2.085s] -- Up-to-date: /home/martin/ros2_workspaces/ros2_ws_dev/install/tutorial_interfaces/include/tutorial_interfaces/tutorial_interfaces/msg
[2.085s] -- Up-to-date: /home/martin/ros2_workspaces/ros2_ws_dev/install/tutorial_interfaces/include/tutorial_interfaces/tutorial_interfaces/msg/rosidl_typesupport_introspection_c__visibility_control.h
[2.085s] -- Up-to-date: /home/martin/ros2_workspaces/ros2_ws_dev/install/tutorial_interfaces/include/tutorial_interfaces/tutorial_interfaces/msg/detail
[2.086s] -- Up-to-date: /home/martin/ros2_workspaces/ros2_ws_dev/install/tutorial_interfaces/include/tutorial_interfaces/tutorial_interfaces/msg/detail/sphere__type_support.c
[2.086s] -- Up-to-date: /home/martin/ros2_workspaces/ros2_ws_dev/install/tutorial_interfaces/include/tutorial_interfaces/tutorial_interfaces/msg/detail/num__rosidl_typesupport_introspection_c.h
[2.086s] -- Up-to-date: /home/martin/ros2_workspaces/ros2_ws_dev/install/tutorial_interfaces/include/tutorial_interfaces/tutorial_interfaces/msg/detail/num__type_support.c
[2.086s] -- Up-to-date: /home/martin/ros2_workspaces/ros2_ws_dev/install/tutorial_interfaces/include/tutorial_interfaces/tutorial_interfaces/msg/detail/sphere__rosidl_typesupport_introspection_c.h
[2.088s] -- Up-to-date: /home/martin/ros2_workspaces/ros2_ws_dev/install/tutorial_interfaces/lib/libtutorial_interfaces__rosidl_typesupport_introspection_c.so
[2.091s] -- Up-to-date: /home/martin/ros2_workspaces/ros2_ws_dev/install/tutorial_interfaces/lib/libtutorial_interfaces__rosidl_typesupport_c.so
[2.091s] -- Up-to-date: /home/martin/ros2_workspaces/ros2_ws_dev/install/tutorial_interfaces/include/tutorial_interfaces/tutorial_interfaces
[2.092s] -- Up-to-date: /home/martin/ros2_workspaces/ros2_ws_dev/install/tutorial_interfaces/include/tutorial_interfaces/tutorial_interfaces/srv
[2.092s] -- Up-to-date: /home/martin/ros2_workspaces/ros2_ws_dev/install/tutorial_interfaces/include/tutorial_interfaces/tutorial_interfaces/srv/detail
[2.092s] -- Up-to-date: /home/martin/ros2_workspaces/ros2_ws_dev/install/tutorial_interfaces/include/tutorial_interfaces/tutorial_interfaces/srv/detail/add_three_ints__type_support.cpp
[2.092s] -- Up-to-date: /home/martin/ros2_workspaces/ros2_ws_dev/install/tutorial_interfaces/include/tutorial_interfaces/tutorial_interfaces/srv/detail/add_three_ints__rosidl_typesupport_introspection_cpp.hpp
[2.093s] -- Up-to-date: /home/martin/ros2_workspaces/ros2_ws_dev/install/tutorial_interfaces/include/tutorial_interfaces/tutorial_interfaces/msg
[2.093s] -- Up-to-date: /home/martin/ros2_workspaces/ros2_ws_dev/install/tutorial_interfaces/include/tutorial_interfaces/tutorial_interfaces/msg/detail
[2.093s] -- Up-to-date: /home/martin/ros2_workspaces/ros2_ws_dev/install/tutorial_interfaces/include/tutorial_interfaces/tutorial_interfaces/msg/detail/sphere__rosidl_typesupport_introspection_cpp.hpp
[2.093s] -- Up-to-date: /home/martin/ros2_workspaces/ros2_ws_dev/install/tutorial_interfaces/include/tutorial_interfaces/tutorial_interfaces/msg/detail/sphere__type_support.cpp
[2.094s] -- Up-to-date: /home/martin/ros2_workspaces/ros2_ws_dev/install/tutorial_interfaces/include/tutorial_interfaces/tutorial_interfaces/msg/detail/num__rosidl_typesupport_introspection_cpp.hpp
[2.094s] -- Up-to-date: /home/martin/ros2_workspaces/ros2_ws_dev/install/tutorial_interfaces/include/tutorial_interfaces/tutorial_interfaces/msg/detail/num__type_support.cpp
[2.096s] -- Up-to-date: /home/martin/ros2_workspaces/ros2_ws_dev/install/tutorial_interfaces/lib/libtutorial_interfaces__rosidl_typesupport_introspection_cpp.so
[2.099s] -- Up-to-date: /home/martin/ros2_workspaces/ros2_ws_dev/install/tutorial_interfaces/lib/libtutorial_interfaces__rosidl_typesupport_cpp.so
[2.100s] -- Up-to-date: /home/martin/ros2_workspaces/ros2_ws_dev/install/tutorial_interfaces/share/tutorial_interfaces/environment/pythonpath.sh
[2.100s] -- Up-to-date: /home/martin/ros2_workspaces/ros2_ws_dev/install/tutorial_interfaces/share/tutorial_interfaces/environment/pythonpath.dsv
[2.105s] -- Up-to-date: /home/martin/ros2_workspaces/ros2_ws_dev/install/tutorial_interfaces/local/lib/python3.10/dist-packages/tutorial_interfaces-0.0.0-py3.10.egg-info
[2.106s] -- Installing: /home/martin/ros2_workspaces/ros2_ws_dev/install/tutorial_interfaces/local/lib/python3.10/dist-packages/tutorial_interfaces-0.0.0-py3.10.egg-info/dependency_links.txt
[2.107s] -- Installing: /home/martin/ros2_workspaces/ros2_ws_dev/install/tutorial_interfaces/local/lib/python3.10/dist-packages/tutorial_interfaces-0.0.0-py3.10.egg-info/SOURCES.txt
[2.107s] -- Installing: /home/martin/ros2_workspaces/ros2_ws_dev/install/tutorial_interfaces/local/lib/python3.10/dist-packages/tutorial_interfaces-0.0.0-py3.10.egg-info/PKG-INFO
[2.107s] -- Installing: /home/martin/ros2_workspaces/ros2_ws_dev/install/tutorial_interfaces/local/lib/python3.10/dist-packages/tutorial_interfaces-0.0.0-py3.10.egg-info/top_level.txt
[2.108s] -- Up-to-date: /home/martin/ros2_workspaces/ros2_ws_dev/install/tutorial_interfaces/local/lib/python3.10/dist-packages/tutorial_interfaces
[2.110s] -- Up-to-date: /home/martin/ros2_workspaces/ros2_ws_dev/install/tutorial_interfaces/local/lib/python3.10/dist-packages/tutorial_interfaces/srv
[2.111s] -- Up-to-date: /home/martin/ros2_workspaces/ros2_ws_dev/install/tutorial_interfaces/local/lib/python3.10/dist-packages/tutorial_interfaces/srv/_add_three_ints.py
[2.112s] -- Up-to-date: /home/martin/ros2_workspaces/ros2_ws_dev/install/tutorial_interfaces/local/lib/python3.10/dist-packages/tutorial_interfaces/srv/_add_three_ints_s.c
[2.112s] -- Up-to-date: /home/martin/ros2_workspaces/ros2_ws_dev/install/tutorial_interfaces/local/lib/python3.10/dist-packages/tutorial_interfaces/srv/__init__.py
[2.112s] -- Up-to-date: /home/martin/ros2_workspaces/ros2_ws_dev/install/tutorial_interfaces/local/lib/python3.10/dist-packages/tutorial_interfaces/_tutorial_interfaces_s.ep.rosidl_typesupport_c.c
[2.112s] -- Up-to-date: /home/martin/ros2_workspaces/ros2_ws_dev/install/tutorial_interfaces/local/lib/python3.10/dist-packages/tutorial_interfaces/libtutorial_interfaces__rosidl_generator_py.so
[2.113s] -- Up-to-date: /home/martin/ros2_workspaces/ros2_ws_dev/install/tutorial_interfaces/local/lib/python3.10/dist-packages/tutorial_interfaces/msg
[2.114s] -- Up-to-date: /home/martin/ros2_workspaces/ros2_ws_dev/install/tutorial_interfaces/local/lib/python3.10/dist-packages/tutorial_interfaces/msg/_num.py
[2.114s] -- Up-to-date: /home/martin/ros2_workspaces/ros2_ws_dev/install/tutorial_interfaces/local/lib/python3.10/dist-packages/tutorial_interfaces/msg/_num_s.c
[2.114s] -- Up-to-date: /home/martin/ros2_workspaces/ros2_ws_dev/install/tutorial_interfaces/local/lib/python3.10/dist-packages/tutorial_interfaces/msg/_sphere_s.c
[2.114s] -- Up-to-date: /home/martin/ros2_workspaces/ros2_ws_dev/install/tutorial_interfaces/local/lib/python3.10/dist-packages/tutorial_interfaces/msg/_sphere.py
[2.115s] -- Up-to-date: /home/martin/ros2_workspaces/ros2_ws_dev/install/tutorial_interfaces/local/lib/python3.10/dist-packages/tutorial_interfaces/msg/__init__.py
[2.115s] -- Up-to-date: /home/martin/ros2_workspaces/ros2_ws_dev/install/tutorial_interfaces/local/lib/python3.10/dist-packages/tutorial_interfaces/tutorial_interfaces_s__rosidl_typesupport_c.cpython-310-x86_64-linux-gnu.so
[2.115s] -- Up-to-date: /home/martin/ros2_workspaces/ros2_ws_dev/install/tutorial_interfaces/local/lib/python3.10/dist-packages/tutorial_interfaces/_tutorial_interfaces_s.ep.rosidl_typesupport_introspection_c.c
[2.116s] -- Up-to-date: /home/martin/ros2_workspaces/ros2_ws_dev/install/tutorial_interfaces/local/lib/python3.10/dist-packages/tutorial_interfaces/tutorial_interfaces_s__rosidl_typesupport_introspection_c.cpython-310-x86_64-linux-gnu.so
[2.116s] -- Up-to-date: /home/martin/ros2_workspaces/ros2_ws_dev/install/tutorial_interfaces/local/lib/python3.10/dist-packages/tutorial_interfaces/_tutorial_interfaces_s.ep.rosidl_typesupport_fastrtps_c.c
[2.116s] -- Up-to-date: /home/martin/ros2_workspaces/ros2_ws_dev/install/tutorial_interfaces/local/lib/python3.10/dist-packages/tutorial_interfaces/tutorial_interfaces_s__rosidl_typesupport_fastrtps_c.cpython-310-x86_64-linux-gnu.so
[2.116s] -- Up-to-date: /home/martin/ros2_workspaces/ros2_ws_dev/install/tutorial_interfaces/local/lib/python3.10/dist-packages/tutorial_interfaces/__init__.py
[2.184s] Listing '/home/martin/ros2_workspaces/ros2_ws_dev/install/tutorial_interfaces/local/lib/python3.10/dist-packages/tutorial_interfaces'...
[2.184s] Listing '/home/martin/ros2_workspaces/ros2_ws_dev/install/tutorial_interfaces/local/lib/python3.10/dist-packages/tutorial_interfaces/msg'...
[2.184s] Listing '/home/martin/ros2_workspaces/ros2_ws_dev/install/tutorial_interfaces/local/lib/python3.10/dist-packages/tutorial_interfaces/srv'...
[2.192s] -- Up-to-date: /home/martin/ros2_workspaces/ros2_ws_dev/install/tutorial_interfaces/local/lib/python3.10/dist-packages/tutorial_interfaces/tutorial_interfaces_s__rosidl_typesupport_fastrtps_c.cpython-310-x86_64-linux-gnu.so
[2.195s] -- Up-to-date: /home/martin/ros2_workspaces/ros2_ws_dev/install/tutorial_interfaces/local/lib/python3.10/dist-packages/tutorial_interfaces/tutorial_interfaces_s__rosidl_typesupport_introspection_c.cpython-310-x86_64-linux-gnu.so
[2.198s] -- Up-to-date: /home/martin/ros2_workspaces/ros2_ws_dev/install/tutorial_interfaces/local/lib/python3.10/dist-packages/tutorial_interfaces/tutorial_interfaces_s__rosidl_typesupport_c.cpython-310-x86_64-linux-gnu.so
[2.200s] -- Up-to-date: /home/martin/ros2_workspaces/ros2_ws_dev/install/tutorial_interfaces/lib/libtutorial_interfaces__rosidl_generator_py.so
[2.202s] -- Up-to-date: /home/martin/ros2_workspaces/ros2_ws_dev/install/tutorial_interfaces/share/tutorial_interfaces/msg/Num.idl
[2.202s] -- Up-to-date: /home/martin/ros2_workspaces/ros2_ws_dev/install/tutorial_interfaces/share/tutorial_interfaces/msg/Sphere.idl
[2.203s] -- Up-to-date: /home/martin/ros2_workspaces/ros2_ws_dev/install/tutorial_interfaces/share/tutorial_interfaces/srv/AddThreeInts.idl
[2.203s] -- Up-to-date: /home/martin/ros2_workspaces/ros2_ws_dev/install/tutorial_interfaces/share/tutorial_interfaces/msg/Num.msg
[2.204s] -- Up-to-date: /home/martin/ros2_workspaces/ros2_ws_dev/install/tutorial_interfaces/share/tutorial_interfaces/msg/Sphere.msg
[2.204s] -- Up-to-date: /home/martin/ros2_workspaces/ros2_ws_dev/install/tutorial_interfaces/share/tutorial_interfaces/srv/AddThreeInts.srv
[2.204s] -- Up-to-date: /home/martin/ros2_workspaces/ros2_ws_dev/install/tutorial_interfaces/share/tutorial_interfaces/srv/AddThreeInts_Request.msg
[2.205s] -- Up-to-date: /home/martin/ros2_workspaces/ros2_ws_dev/install/tutorial_interfaces/share/tutorial_interfaces/srv/AddThreeInts_Response.msg
[2.206s] -- Up-to-date: /home/martin/ros2_workspaces/ros2_ws_dev/install/tutorial_interfaces/share/ament_index/resource_index/package_run_dependencies/tutorial_interfaces
[2.208s] -- Up-to-date: /home/martin/ros2_workspaces/ros2_ws_dev/install/tutorial_interfaces/share/ament_index/resource_index/parent_prefix_path/tutorial_interfaces
[2.208s] -- Up-to-date: /home/martin/ros2_workspaces/ros2_ws_dev/install/tutorial_interfaces/share/tutorial_interfaces/environment/ament_prefix_path.sh
[2.208s] -- Up-to-date: /home/martin/ros2_workspaces/ros2_ws_dev/install/tutorial_interfaces/share/tutorial_interfaces/environment/ament_prefix_path.dsv
[2.208s] -- Up-to-date: /home/martin/ros2_workspaces/ros2_ws_dev/install/tutorial_interfaces/share/tutorial_interfaces/environment/path.sh
[2.208s] -- Up-to-date: /home/martin/ros2_workspaces/ros2_ws_dev/install/tutorial_interfaces/share/tutorial_interfaces/environment/path.dsv
[2.209s] -- Up-to-date: /home/martin/ros2_workspaces/ros2_ws_dev/install/tutorial_interfaces/share/tutorial_interfaces/local_setup.bash
[2.209s] -- Up-to-date: /home/martin/ros2_workspaces/ros2_ws_dev/install/tutorial_interfaces/share/tutorial_interfaces/local_setup.sh
[2.209s] -- Up-to-date: /home/martin/ros2_workspaces/ros2_ws_dev/install/tutorial_interfaces/share/tutorial_interfaces/local_setup.zsh
[2.210s] -- Up-to-date: /home/martin/ros2_workspaces/ros2_ws_dev/install/tutorial_interfaces/share/tutorial_interfaces/local_setup.dsv
[2.210s] -- Installing: /home/martin/ros2_workspaces/ros2_ws_dev/install/tutorial_interfaces/share/tutorial_interfaces/package.dsv
[2.213s] -- Up-to-date: /home/martin/ros2_workspaces/ros2_ws_dev/install/tutorial_interfaces/share/ament_index/resource_index/packages/tutorial_interfaces
[2.220s] -- Up-to-date: /home/martin/ros2_workspaces/ros2_ws_dev/install/tutorial_interfaces/share/tutorial_interfaces/cmake/export_tutorial_interfaces__rosidl_generator_cExport.cmake
[2.221s] -- Up-to-date: /home/martin/ros2_workspaces/ros2_ws_dev/install/tutorial_interfaces/share/tutorial_interfaces/cmake/export_tutorial_interfaces__rosidl_generator_cExport-noconfig.cmake
[2.223s] -- Up-to-date: /home/martin/ros2_workspaces/ros2_ws_dev/install/tutorial_interfaces/share/tutorial_interfaces/cmake/export_tutorial_interfaces__rosidl_typesupport_fastrtps_cExport.cmake
[2.224s] -- Up-to-date: /home/martin/ros2_workspaces/ros2_ws_dev/install/tutorial_interfaces/share/tutorial_interfaces/cmake/export_tutorial_interfaces__rosidl_typesupport_fastrtps_cExport-noconfig.cmake
[2.226s] -- Up-to-date: /home/martin/ros2_workspaces/ros2_ws_dev/install/tutorial_interfaces/share/tutorial_interfaces/cmake/export_tutorial_interfaces__rosidl_generator_cppExport.cmake
[2.229s] -- Up-to-date: /home/martin/ros2_workspaces/ros2_ws_dev/install/tutorial_interfaces/share/tutorial_interfaces/cmake/export_tutorial_interfaces__rosidl_typesupport_fastrtps_cppExport.cmake
[2.229s] -- Up-to-date: /home/martin/ros2_workspaces/ros2_ws_dev/install/tutorial_interfaces/share/tutorial_interfaces/cmake/export_tutorial_interfaces__rosidl_typesupport_fastrtps_cppExport-noconfig.cmake
[2.231s] -- Up-to-date: /home/martin/ros2_workspaces/ros2_ws_dev/install/tutorial_interfaces/share/tutorial_interfaces/cmake/tutorial_interfaces__rosidl_typesupport_introspection_cExport.cmake
[2.231s] -- Up-to-date: /home/martin/ros2_workspaces/ros2_ws_dev/install/tutorial_interfaces/share/tutorial_interfaces/cmake/tutorial_interfaces__rosidl_typesupport_introspection_cExport-noconfig.cmake
[2.234s] -- Up-to-date: /home/martin/ros2_workspaces/ros2_ws_dev/install/tutorial_interfaces/share/tutorial_interfaces/cmake/tutorial_interfaces__rosidl_typesupport_cExport.cmake
[2.234s] -- Up-to-date: /home/martin/ros2_workspaces/ros2_ws_dev/install/tutorial_interfaces/share/tutorial_interfaces/cmake/tutorial_interfaces__rosidl_typesupport_cExport-noconfig.cmake
[2.236s] -- Up-to-date: /home/martin/ros2_workspaces/ros2_ws_dev/install/tutorial_interfaces/share/tutorial_interfaces/cmake/tutorial_interfaces__rosidl_typesupport_introspection_cppExport.cmake
[2.236s] -- Up-to-date: /home/martin/ros2_workspaces/ros2_ws_dev/install/tutorial_interfaces/share/tutorial_interfaces/cmake/tutorial_interfaces__rosidl_typesupport_introspection_cppExport-noconfig.cmake
[2.239s] -- Up-to-date: /home/martin/ros2_workspaces/ros2_ws_dev/install/tutorial_interfaces/share/tutorial_interfaces/cmake/tutorial_interfaces__rosidl_typesupport_cppExport.cmake
[2.239s] -- Up-to-date: /home/martin/ros2_workspaces/ros2_ws_dev/install/tutorial_interfaces/share/tutorial_interfaces/cmake/tutorial_interfaces__rosidl_typesupport_cppExport-noconfig.cmake
[2.241s] -- Up-to-date: /home/martin/ros2_workspaces/ros2_ws_dev/install/tutorial_interfaces/share/tutorial_interfaces/cmake/export_tutorial_interfaces__rosidl_generator_pyExport.cmake
[2.242s] -- Up-to-date: /home/martin/ros2_workspaces/ros2_ws_dev/install/tutorial_interfaces/share/tutorial_interfaces/cmake/export_tutorial_interfaces__rosidl_generator_pyExport-noconfig.cmake
[2.242s] -- Up-to-date: /home/martin/ros2_workspaces/ros2_ws_dev/install/tutorial_interfaces/share/tutorial_interfaces/cmake/rosidl_cmake-extras.cmake
[2.242s] -- Up-to-date: /home/martin/ros2_workspaces/ros2_ws_dev/install/tutorial_interfaces/share/tutorial_interfaces/cmake/ament_cmake_export_dependencies-extras.cmake
[2.243s] -- Up-to-date: /home/martin/ros2_workspaces/ros2_ws_dev/install/tutorial_interfaces/share/tutorial_interfaces/cmake/ament_cmake_export_include_directories-extras.cmake
[2.251s] -- Up-to-date: /home/martin/ros2_workspaces/ros2_ws_dev/install/tutorial_interfaces/share/tutorial_interfaces/cmake/ament_cmake_export_libraries-extras.cmake
[2.252s] -- Up-to-date: /home/martin/ros2_workspaces/ros2_ws_dev/install/tutorial_interfaces/share/tutorial_interfaces/cmake/ament_cmake_export_targets-extras.cmake
[2.252s] -- Up-to-date: /home/martin/ros2_workspaces/ros2_ws_dev/install/tutorial_interfaces/share/tutorial_interfaces/cmake/rosidl_cmake_export_typesupport_targets-extras.cmake
[2.252s] -- Up-to-date: /home/martin/ros2_workspaces/ros2_ws_dev/install/tutorial_interfaces/share/tutorial_interfaces/cmake/rosidl_cmake_export_typesupport_libraries-extras.cmake
[2.252s] -- Up-to-date: /home/martin/ros2_workspaces/ros2_ws_dev/install/tutorial_interfaces/share/tutorial_interfaces/cmake/tutorial_interfacesConfig.cmake
[2.252s] -- Up-to-date: /home/martin/ros2_workspaces/ros2_ws_dev/install/tutorial_interfaces/share/tutorial_interfaces/cmake/tutorial_interfacesConfig-version.cmake
[2.253s] -- Up-to-date: /home/martin/ros2_workspaces/ros2_ws_dev/install/tutorial_interfaces/share/tutorial_interfaces/package.xml
[2.286s] Invoked command in '/home/martin/ros2_workspaces/ros2_ws_dev/build/tutorial_interfaces' returned '0': CMAKE_PREFIX_PATH=/opt/ros/humble PS1=(venv) \[\e]0;\u@\h: \w\a\]${debian_chroot:+($debian_chroot)}\[\033[01;32m\]\u@\h\[\033[00m\]:\[\033[01;34m\]\w\[\033[00m\]\$ VIRTUAL_ENV_PROMPT=(venv) /usr/bin/cmake --install /home/martin/ros2_workspaces/ros2_ws_dev/build/tutorial_interfaces
