-- The C compiler identification is GNU 11.3.0
-- The CXX compiler identification is GNU 11.3.0
-- Detecting C compiler ABI info
-- Detecting C compiler ABI info - done
-- Check for working C compiler: /usr/bin/cc - skipped
-- Detecting C compile features
-- Detecting C compile features - done
-- Detecting CXX compiler ABI info
-- Detecting CXX compiler ABI info - done
-- Check for working CXX compiler: /usr/bin/c++ - skipped
-- Detecting CXX compile features
-- Detecting CXX compile features - done
-- Found ament_cmake: 1.3.2 (/opt/ros/humble/share/ament_cmake/cmake)
-- Found Python3: /usr/bin/python3.10 (found version "3.10.6") found components: Interpreter 
-- Found ament_cmake_ros: 0.10.0 (/opt/ros/humble/share/ament_cmake_ros/cmake)
-- Found polygon_base: 0.0.0 (/home/martin/ros2_workspaces/ros2_ws_dev/install/polygon_base/share/polygon_base/cmake)
-- Found pluginlib: 5.1.0 (/opt/ros/humble/share/pluginlib/cmake)
-- Configuring done
-- Generating done
-- Build files have been written to: /home/martin/ros2_workspaces/ros2_ws_dev/build/polygon_plugins
[ 50%] [32mBuilding CXX object CMakeFiles/polygon_plugins.dir/src/polygon_plugins.cpp.o[0m
[100%] [32m[1mLinking CXX shared library libpolygon_plugins.so[0m
[100%] Built target polygon_plugins
-- Install configuration: ""
-- Installing: /home/martin/ros2_workspaces/ros2_ws_dev/install/polygon_plugins/share/polygon_plugins/plugins.xml
-- Installing: /home/martin/ros2_workspaces/ros2_ws_dev/install/polygon_plugins/include
-- Installing: /home/martin/ros2_workspaces/ros2_ws_dev/install/polygon_plugins/include/polygon_plugins
-- Installing: /home/martin/ros2_workspaces/ros2_ws_dev/install/polygon_plugins/include/polygon_plugins/visibility_control.h
-- Installing: /home/martin/ros2_workspaces/ros2_ws_dev/install/polygon_plugins/include/polygon_plugins/polygon_plugins.hpp
-- Installing: /home/martin/ros2_workspaces/ros2_ws_dev/install/polygon_plugins/lib/libpolygon_plugins.so
-- Set runtime path of "/home/martin/ros2_workspaces/ros2_ws_dev/install/polygon_plugins/lib/libpolygon_plugins.so" to ""
-- Installing: /home/martin/ros2_workspaces/ros2_ws_dev/install/polygon_plugins/share/polygon_plugins/environment/library_path.sh
-- Installing: /home/martin/ros2_workspaces/ros2_ws_dev/install/polygon_plugins/share/polygon_plugins/environment/library_path.dsv
-- Installing: /home/martin/ros2_workspaces/ros2_ws_dev/install/polygon_plugins/share/ament_index/resource_index/package_run_dependencies/polygon_plugins
-- Installing: /home/martin/ros2_workspaces/ros2_ws_dev/install/polygon_plugins/share/ament_index/resource_index/parent_prefix_path/polygon_plugins
-- Installing: /home/martin/ros2_workspaces/ros2_ws_dev/install/polygon_plugins/share/polygon_plugins/environment/ament_prefix_path.sh
-- Installing: /home/martin/ros2_workspaces/ros2_ws_dev/install/polygon_plugins/share/polygon_plugins/environment/ament_prefix_path.dsv
-- Installing: /home/martin/ros2_workspaces/ros2_ws_dev/install/polygon_plugins/share/polygon_plugins/environment/path.sh
-- Installing: /home/martin/ros2_workspaces/ros2_ws_dev/install/polygon_plugins/share/polygon_plugins/environment/path.dsv
-- Installing: /home/martin/ros2_workspaces/ros2_ws_dev/install/polygon_plugins/share/polygon_plugins/local_setup.bash
-- Installing: /home/martin/ros2_workspaces/ros2_ws_dev/install/polygon_plugins/share/polygon_plugins/local_setup.sh
-- Installing: /home/martin/ros2_workspaces/ros2_ws_dev/install/polygon_plugins/share/polygon_plugins/local_setup.zsh
-- Installing: /home/martin/ros2_workspaces/ros2_ws_dev/install/polygon_plugins/share/polygon_plugins/local_setup.dsv
-- Installing: /home/martin/ros2_workspaces/ros2_ws_dev/install/polygon_plugins/share/polygon_plugins/package.dsv
-- Installing: /home/martin/ros2_workspaces/ros2_ws_dev/install/polygon_plugins/share/ament_index/resource_index/packages/polygon_plugins
-- Installing: /home/martin/ros2_workspaces/ros2_ws_dev/install/polygon_plugins/share/ament_index/resource_index/polygon_base__pluginlib__plugin/polygon_plugins
-- Installing: /home/martin/ros2_workspaces/ros2_ws_dev/install/polygon_plugins/share/polygon_plugins/cmake/export_polygon_pluginsExport.cmake
-- Installing: /home/martin/ros2_workspaces/ros2_ws_dev/install/polygon_plugins/share/polygon_plugins/cmake/export_polygon_pluginsExport-noconfig.cmake
-- Installing: /home/martin/ros2_workspaces/ros2_ws_dev/install/polygon_plugins/share/polygon_plugins/cmake/ament_cmake_export_include_directories-extras.cmake
-- Installing: /home/martin/ros2_workspaces/ros2_ws_dev/install/polygon_plugins/share/polygon_plugins/cmake/ament_cmake_export_libraries-extras.cmake
-- Installing: /home/martin/ros2_workspaces/ros2_ws_dev/install/polygon_plugins/share/polygon_plugins/cmake/ament_cmake_export_targets-extras.cmake
-- Installing: /home/martin/ros2_workspaces/ros2_ws_dev/install/polygon_plugins/share/polygon_plugins/cmake/polygon_pluginsConfig.cmake
-- Installing: /home/martin/ros2_workspaces/ros2_ws_dev/install/polygon_plugins/share/polygon_plugins/cmake/polygon_pluginsConfig-version.cmake
-- Installing: /home/martin/ros2_workspaces/ros2_ws_dev/install/polygon_plugins/share/polygon_plugins/package.xml
