[0.123s] Invoking command in '/home/martin/ros2_workspaces/ros2_ws_dev/build/cpp_srvcli': CMAKE_PREFIX_PATH=/opt/ros/humble /usr/bin/cmake /home/martin/ros2_workspaces/ros2_ws_dev/src/cpp_srvcli -DCMAKE_INSTALL_PREFIX=/home/martin/ros2_workspaces/ros2_ws_dev/install/cpp_srvcli
[1.334s] -- The C compiler identification is GNU 11.3.0
[2.351s] -- The CXX compiler identification is GNU 11.3.0
[2.425s] -- Detecting C compiler ABI info
[2.765s] -- Detecting C compiler ABI info - done
[2.795s] -- Check for working C compiler: /usr/bin/cc - skipped
[2.798s] -- Detecting C compile features
[2.802s] -- Detecting C compile features - done
[2.813s] -- Detecting CXX compiler ABI info
[3.015s] -- Detecting CXX compiler ABI info - done
[3.033s] -- Check for working CXX compiler: /usr/bin/c++ - skipped
[3.034s] -- Detecting CXX compile features
[3.036s] -- Detecting CXX compile features - done
[3.069s] -- Found ament_cmake: 1.3.2 (/opt/ros/humble/share/ament_cmake/cmake)
[3.641s] -- Found Python3: /usr/bin/python3.10 (found version "3.10.6") found components: Interpreter 
[4.198s] -- Found rclcpp: 16.0.1 (/opt/ros/humble/share/rclcpp/cmake)
[4.474s] -- Found rosidl_generator_c: 3.1.3 (/opt/ros/humble/share/rosidl_generator_c/cmake)
[4.552s] -- Found rosidl_adapter: 3.1.3 (/opt/ros/humble/share/rosidl_adapter/cmake)
[4.617s] -- Found rosidl_generator_cpp: 3.1.3 (/opt/ros/humble/share/rosidl_generator_cpp/cmake)
[4.822s] -- Using all available rosidl_typesupport_c: rosidl_typesupport_fastrtps_c;rosidl_typesupport_introspection_c
[4.998s] -- Using all available rosidl_typesupport_cpp: rosidl_typesupport_fastrtps_cpp;rosidl_typesupport_introspection_cpp
[5.642s] -- Found rmw_implementation_cmake: 6.1.0 (/opt/ros/humble/share/rmw_implementation_cmake/cmake)
[5.667s] -- Found rmw_fastrtps_cpp: 6.2.1 (/opt/ros/humble/share/rmw_fastrtps_cpp/cmake)
[6.683s] -- Found OpenSSL: /usr/lib/x86_64-linux-gnu/libcrypto.so (found version "3.0.2")  
[6.745s] -- Found FastRTPS: /opt/ros/humble/include  
[6.894s] -- Using RMW implementation 'rmw_fastrtps_cpp' as default
[7.786s] -- Found example_interfaces: 0.9.3 (/opt/ros/humble/share/example_interfaces/cmake)
[8.645s] -- Configuring done
[8.714s] -- Generating done
[8.726s] -- Build files have been written to: /home/martin/ros2_workspaces/ros2_ws_dev/build/cpp_srvcli
[8.763s] Invoked command in '/home/martin/ros2_workspaces/ros2_ws_dev/build/cpp_srvcli' returned '0': CMAKE_PREFIX_PATH=/opt/ros/humble /usr/bin/cmake /home/martin/ros2_workspaces/ros2_ws_dev/src/cpp_srvcli -DCMAKE_INSTALL_PREFIX=/home/martin/ros2_workspaces/ros2_ws_dev/install/cpp_srvcli
[8.765s] Invoking command in '/home/martin/ros2_workspaces/ros2_ws_dev/build/cpp_srvcli': CMAKE_PREFIX_PATH=/opt/ros/humble /usr/bin/cmake --build /home/martin/ros2_workspaces/ros2_ws_dev/build/cpp_srvcli -- -j2 -l2
[8.959s] [ 25%] [32mBuilding CXX object CMakeFiles/server.dir/src/add_two_ints_server.cpp.o[0m
[8.970s] [ 50%] [32mBuilding CXX object CMakeFiles/client.dir/src/add_two_ints_client.cpp.o[0m
[31.691s] [ 75%] [32m[1mLinking CXX executable server[0m
[32.361s] [ 75%] Built target server
[32.460s] [100%] [32m[1mLinking CXX executable client[0m
[32.852s] [100%] Built target client
[32.878s] Invoked command in '/home/martin/ros2_workspaces/ros2_ws_dev/build/cpp_srvcli' returned '0': CMAKE_PREFIX_PATH=/opt/ros/humble /usr/bin/cmake --build /home/martin/ros2_workspaces/ros2_ws_dev/build/cpp_srvcli -- -j2 -l2
[33.037s] Invoking command in '/home/martin/ros2_workspaces/ros2_ws_dev/build/cpp_srvcli': CMAKE_PREFIX_PATH=/opt/ros/humble /usr/bin/cmake --install /home/martin/ros2_workspaces/ros2_ws_dev/build/cpp_srvcli
[33.057s] -- Install configuration: ""
[33.057s] -- Installing: /home/martin/ros2_workspaces/ros2_ws_dev/install/cpp_srvcli/lib/cpp_srvcli/server
[33.058s] -- Set runtime path of "/home/martin/ros2_workspaces/ros2_ws_dev/install/cpp_srvcli/lib/cpp_srvcli/server" to ""
[33.058s] -- Installing: /home/martin/ros2_workspaces/ros2_ws_dev/install/cpp_srvcli/lib/cpp_srvcli/client
[33.061s] -- Set runtime path of "/home/martin/ros2_workspaces/ros2_ws_dev/install/cpp_srvcli/lib/cpp_srvcli/client" to ""
[33.061s] -- Installing: /home/martin/ros2_workspaces/ros2_ws_dev/install/cpp_srvcli/share/ament_index/resource_index/package_run_dependencies/cpp_srvcli
[33.062s] -- Installing: /home/martin/ros2_workspaces/ros2_ws_dev/install/cpp_srvcli/share/ament_index/resource_index/parent_prefix_path/cpp_srvcli
[33.062s] -- Installing: /home/martin/ros2_workspaces/ros2_ws_dev/install/cpp_srvcli/share/cpp_srvcli/environment/ament_prefix_path.sh
[33.063s] -- Installing: /home/martin/ros2_workspaces/ros2_ws_dev/install/cpp_srvcli/share/cpp_srvcli/environment/ament_prefix_path.dsv
[33.063s] -- Installing: /home/martin/ros2_workspaces/ros2_ws_dev/install/cpp_srvcli/share/cpp_srvcli/environment/path.sh
[33.064s] -- Installing: /home/martin/ros2_workspaces/ros2_ws_dev/install/cpp_srvcli/share/cpp_srvcli/environment/path.dsv
[33.065s] -- Installing: /home/martin/ros2_workspaces/ros2_ws_dev/install/cpp_srvcli/share/cpp_srvcli/local_setup.bash
[33.066s] -- Installing: /home/martin/ros2_workspaces/ros2_ws_dev/install/cpp_srvcli/share/cpp_srvcli/local_setup.sh
[33.066s] -- Installing: /home/martin/ros2_workspaces/ros2_ws_dev/install/cpp_srvcli/share/cpp_srvcli/local_setup.zsh
[33.066s] -- Installing: /home/martin/ros2_workspaces/ros2_ws_dev/install/cpp_srvcli/share/cpp_srvcli/local_setup.dsv
[33.066s] -- Installing: /home/martin/ros2_workspaces/ros2_ws_dev/install/cpp_srvcli/share/cpp_srvcli/package.dsv
[33.066s] -- Installing: /home/martin/ros2_workspaces/ros2_ws_dev/install/cpp_srvcli/share/ament_index/resource_index/packages/cpp_srvcli
[33.066s] -- Installing: /home/martin/ros2_workspaces/ros2_ws_dev/install/cpp_srvcli/share/cpp_srvcli/cmake/cpp_srvcliConfig.cmake
[33.066s] -- Installing: /home/martin/ros2_workspaces/ros2_ws_dev/install/cpp_srvcli/share/cpp_srvcli/cmake/cpp_srvcliConfig-version.cmake
[33.066s] -- Installing: /home/martin/ros2_workspaces/ros2_ws_dev/install/cpp_srvcli/share/cpp_srvcli/package.xml
[33.070s] Invoked command in '/home/martin/ros2_workspaces/ros2_ws_dev/build/cpp_srvcli' returned '0': CMAKE_PREFIX_PATH=/opt/ros/humble /usr/bin/cmake --install /home/martin/ros2_workspaces/ros2_ws_dev/build/cpp_srvcli
