[0.050s] Invoking command in '/home/martin/ros2_workspaces/ros2_ws_dev/build/tutorial_interfaces': CMAKE_PREFIX_PATH=${CMAKE_PREFIX_PATH}:/home/martin/ros2_workspaces/ros2_ws_dev/install/py_srvcli:/home/martin/ros2_workspaces/ros2_ws_dev/install/py_pubsub:/home/martin/ros2_workspaces/ros2_ws_dev/install/my_package:/opt/ros/humble /usr/bin/cmake --build /home/martin/ros2_workspaces/ros2_ws_dev/build/tutorial_interfaces -- -j2 -l2
[0.219s] [  2%] Built target tutorial_interfaces__cpp
[0.227s] [ 12%] Built target tutorial_interfaces__rosidl_generator_c
[0.306s] [ 23%] Built target tutorial_interfaces__rosidl_typesupport_cpp
[0.331s] [ 23%] Built target ament_cmake_python_copy_tutorial_interfaces
[0.387s] [ 34%] Built target tutorial_interfaces__rosidl_typesupport_fastrtps_c
[0.416s] [ 44%] Built target tutorial_interfaces__rosidl_typesupport_fastrtps_cpp
[0.485s] [ 55%] Built target tutorial_interfaces__rosidl_typesupport_introspection_c
[0.514s] [ 65%] Built target tutorial_interfaces__rosidl_typesupport_c
[0.560s] [ 76%] Built target tutorial_interfaces__rosidl_typesupport_introspection_cpp
[0.605s] [ 76%] Built target tutorial_interfaces
[0.669s] [ 78%] Built target tutorial_interfaces__py
[0.715s] [ 87%] Built target tutorial_interfaces__rosidl_generator_py
[0.781s] [ 91%] Built target tutorial_interfaces__rosidl_typesupport_fastrtps_c__pyext
[0.845s] [ 95%] Built target tutorial_interfaces__rosidl_typesupport_introspection_c__pyext
[0.886s] [100%] Built target tutorial_interfaces__rosidl_typesupport_c__pyext
[1.002s] running egg_info
[1.007s] writing tutorial_interfaces.egg-info/PKG-INFO
[1.007s] writing dependency_links to tutorial_interfaces.egg-info/dependency_links.txt
[1.007s] writing top-level names to tutorial_interfaces.egg-info/top_level.txt
[1.012s] reading manifest file 'tutorial_interfaces.egg-info/SOURCES.txt'
[1.013s] writing manifest file 'tutorial_interfaces.egg-info/SOURCES.txt'
[1.077s] [100%] Built target ament_cmake_python_build_tutorial_interfaces_egg
[1.113s] Invoked command in '/home/martin/ros2_workspaces/ros2_ws_dev/build/tutorial_interfaces' returned '0': CMAKE_PREFIX_PATH=${CMAKE_PREFIX_PATH}:/home/martin/ros2_workspaces/ros2_ws_dev/install/py_srvcli:/home/martin/ros2_workspaces/ros2_ws_dev/install/py_pubsub:/home/martin/ros2_workspaces/ros2_ws_dev/install/my_package:/opt/ros/humble /usr/bin/cmake --build /home/martin/ros2_workspaces/ros2_ws_dev/build/tutorial_interfaces -- -j2 -l2
[1.925s] Invoking command in '/home/martin/ros2_workspaces/ros2_ws_dev/build/tutorial_interfaces': CMAKE_PREFIX_PATH=${CMAKE_PREFIX_PATH}:/home/martin/ros2_workspaces/ros2_ws_dev/install/py_srvcli:/home/martin/ros2_workspaces/ros2_ws_dev/install/py_pubsub:/home/martin/ros2_workspaces/ros2_ws_dev/install/my_package:/opt/ros/humble /usr/bin/cmake --install /home/martin/ros2_workspaces/ros2_ws_dev/build/tutorial_interfaces
[1.946s] -- Install configuration: ""
[1.947s] -- Up-to-date: /home/martin/ros2_workspaces/ros2_ws_dev/install/tutorial_interfaces/share/ament_index/resource_index/rosidl_interfaces/tutorial_interfaces
[1.947s] -- Up-to-date: /home/martin/ros2_workspaces/ros2_ws_dev/install/tutorial_interfaces/include/tutorial_interfaces/tutorial_interfaces
[1.947s] -- Up-to-date: /home/martin/ros2_workspaces/ros2_ws_dev/install/tutorial_interfaces/include/tutorial_interfaces/tutorial_interfaces/srv
[1.947s] -- Up-to-date: /home/martin/ros2_workspaces/ros2_ws_dev/install/tutorial_interfaces/include/tutorial_interfaces/tutorial_interfaces/srv/detail
[1.947s] -- Up-to-date: /home/martin/ros2_workspaces/ros2_ws_dev/install/tutorial_interfaces/include/tutorial_interfaces/tutorial_interfaces/srv/detail/add_three_ints__functions.h
[1.947s] -- Up-to-date: /home/martin/ros2_workspaces/ros2_ws_dev/install/tutorial_interfaces/include/tutorial_interfaces/tutorial_interfaces/srv/detail/add_three_ints__functions.c
[1.948s] -- Up-to-date: /home/martin/ros2_workspaces/ros2_ws_dev/install/tutorial_interfaces/include/tutorial_interfaces/tutorial_interfaces/srv/detail/add_three_ints__struct.h
[1.948s] -- Up-to-date: /home/martin/ros2_workspaces/ros2_ws_dev/install/tutorial_interfaces/include/tutorial_interfaces/tutorial_interfaces/srv/detail/add_three_ints__type_support.h
[1.948s] -- Up-to-date: /home/martin/ros2_workspaces/ros2_ws_dev/install/tutorial_interfaces/include/tutorial_interfaces/tutorial_interfaces/srv/add_three_ints.h
[1.948s] -- Up-to-date: /home/martin/ros2_workspaces/ros2_ws_dev/install/tutorial_interfaces/include/tutorial_interfaces/tutorial_interfaces/msg
[1.948s] -- Up-to-date: /home/martin/ros2_workspaces/ros2_ws_dev/install/tutorial_interfaces/include/tutorial_interfaces/tutorial_interfaces/msg/num.h
[1.948s] -- Up-to-date: /home/martin/ros2_workspaces/ros2_ws_dev/install/tutorial_interfaces/include/tutorial_interfaces/tutorial_interfaces/msg/sphere.h
[1.948s] -- Up-to-date: /home/martin/ros2_workspaces/ros2_ws_dev/install/tutorial_interfaces/include/tutorial_interfaces/tutorial_interfaces/msg/rosidl_generator_c__visibility_control.h
[1.948s] -- Up-to-date: /home/martin/ros2_workspaces/ros2_ws_dev/install/tutorial_interfaces/include/tutorial_interfaces/tutorial_interfaces/msg/detail
[1.948s] -- Up-to-date: /home/martin/ros2_workspaces/ros2_ws_dev/install/tutorial_interfaces/include/tutorial_interfaces/tutorial_interfaces/msg/detail/sphere__type_support.h
[1.948s] -- Up-to-date: /home/martin/ros2_workspaces/ros2_ws_dev/install/tutorial_interfaces/include/tutorial_interfaces/tutorial_interfaces/msg/detail/num__struct.h
[1.948s] -- Up-to-date: /home/martin/ros2_workspaces/ros2_ws_dev/install/tutorial_interfaces/include/tutorial_interfaces/tutorial_interfaces/msg/detail/sphere__struct.h
[1.949s] -- Up-to-date: /home/martin/ros2_workspaces/ros2_ws_dev/install/tutorial_interfaces/include/tutorial_interfaces/tutorial_interfaces/msg/detail/sphere__functions.c
[1.949s] -- Up-to-date: /home/martin/ros2_workspaces/ros2_ws_dev/install/tutorial_interfaces/include/tutorial_interfaces/tutorial_interfaces/msg/detail/sphere__functions.h
[1.950s] -- Up-to-date: /home/martin/ros2_workspaces/ros2_ws_dev/install/tutorial_interfaces/include/tutorial_interfaces/tutorial_interfaces/msg/detail/num__functions.c
[1.950s] -- Up-to-date: /home/martin/ros2_workspaces/ros2_ws_dev/install/tutorial_interfaces/include/tutorial_interfaces/tutorial_interfaces/msg/detail/num__type_support.h
[1.950s] -- Up-to-date: /home/martin/ros2_workspaces/ros2_ws_dev/install/tutorial_interfaces/include/tutorial_interfaces/tutorial_interfaces/msg/detail/num__functions.h
[1.950s] -- Up-to-date: /home/martin/ros2_workspaces/ros2_ws_dev/install/tutorial_interfaces/share/tutorial_interfaces/environment/library_path.sh
[1.952s] -- Up-to-date: /home/martin/ros2_workspaces/ros2_ws_dev/install/tutorial_interfaces/share/tutorial_interfaces/environment/library_path.dsv
[1.953s] -- Up-to-date: /home/martin/ros2_workspaces/ros2_ws_dev/install/tutorial_interfaces/lib/libtutorial_interfaces__rosidl_generator_c.so
[1.954s] -- Up-to-date: /home/martin/ros2_workspaces/ros2_ws_dev/install/tutorial_interfaces/include/tutorial_interfaces/tutorial_interfaces
[1.954s] -- Up-to-date: /home/martin/ros2_workspaces/ros2_ws_dev/install/tutorial_interfaces/include/tutorial_interfaces/tutorial_interfaces/srv
[1.954s] -- Up-to-date: /home/martin/ros2_workspaces/ros2_ws_dev/install/tutorial_interfaces/include/tutorial_interfaces/tutorial_interfaces/srv/detail
[1.955s] -- Up-to-date: /home/martin/ros2_workspaces/ros2_ws_dev/install/tutorial_interfaces/include/tutorial_interfaces/tutorial_interfaces/srv/detail/add_three_ints__rosidl_typesupport_fastrtps_c.h
[1.955s] -- Up-to-date: /home/martin/ros2_workspaces/ros2_ws_dev/install/tutorial_interfaces/include/tutorial_interfaces/tutorial_interfaces/msg
[1.955s] -- Up-to-date: /home/martin/ros2_workspaces/ros2_ws_dev/install/tutorial_interfaces/include/tutorial_interfaces/tutorial_interfaces/msg/rosidl_typesupport_fastrtps_c__visibility_control.h
[1.955s] -- Up-to-date: /home/martin/ros2_workspaces/ros2_ws_dev/install/tutorial_interfaces/include/tutorial_interfaces/tutorial_interfaces/msg/detail
[1.956s] -- Up-to-date: /home/martin/ros2_workspaces/ros2_ws_dev/install/tutorial_interfaces/include/tutorial_interfaces/tutorial_interfaces/msg/detail/num__rosidl_typesupport_fastrtps_c.h
[1.956s] -- Up-to-date: /home/martin/ros2_workspaces/ros2_ws_dev/install/tutorial_interfaces/include/tutorial_interfaces/tutorial_interfaces/msg/detail/sphere__rosidl_typesupport_fastrtps_c.h
[1.957s] -- Up-to-date: /home/martin/ros2_workspaces/ros2_ws_dev/install/tutorial_interfaces/lib/libtutorial_interfaces__rosidl_typesupport_fastrtps_c.so
[1.958s] -- Up-to-date: /home/martin/ros2_workspaces/ros2_ws_dev/install/tutorial_interfaces/include/tutorial_interfaces/tutorial_interfaces
[1.958s] -- Up-to-date: /home/martin/ros2_workspaces/ros2_ws_dev/install/tutorial_interfaces/include/tutorial_interfaces/tutorial_interfaces/srv
[1.958s] -- Up-to-date: /home/martin/ros2_workspaces/ros2_ws_dev/install/tutorial_interfaces/include/tutorial_interfaces/tutorial_interfaces/srv/add_three_ints.hpp
[1.958s] -- Up-to-date: /home/martin/ros2_workspaces/ros2_ws_dev/install/tutorial_interfaces/include/tutorial_interfaces/tutorial_interfaces/srv/detail
[1.959s] -- Up-to-date: /home/martin/ros2_workspaces/ros2_ws_dev/install/tutorial_interfaces/include/tutorial_interfaces/tutorial_interfaces/srv/detail/add_three_ints__builder.hpp
[1.959s] -- Up-to-date: /home/martin/ros2_workspaces/ros2_ws_dev/install/tutorial_interfaces/include/tutorial_interfaces/tutorial_interfaces/srv/detail/add_three_ints__traits.hpp
[1.959s] -- Up-to-date: /home/martin/ros2_workspaces/ros2_ws_dev/install/tutorial_interfaces/include/tutorial_interfaces/tutorial_interfaces/srv/detail/add_three_ints__struct.hpp
[1.959s] -- Up-to-date: /home/martin/ros2_workspaces/ros2_ws_dev/install/tutorial_interfaces/include/tutorial_interfaces/tutorial_interfaces/msg
[1.960s] -- Up-to-date: /home/martin/ros2_workspaces/ros2_ws_dev/install/tutorial_interfaces/include/tutorial_interfaces/tutorial_interfaces/msg/num.hpp
[1.960s] -- Up-to-date: /home/martin/ros2_workspaces/ros2_ws_dev/install/tutorial_interfaces/include/tutorial_interfaces/tutorial_interfaces/msg/detail
[1.960s] -- Up-to-date: /home/martin/ros2_workspaces/ros2_ws_dev/install/tutorial_interfaces/include/tutorial_interfaces/tutorial_interfaces/msg/detail/num__struct.hpp
[1.961s] -- Up-to-date: /home/martin/ros2_workspaces/ros2_ws_dev/install/tutorial_interfaces/include/tutorial_interfaces/tutorial_interfaces/msg/detail/sphere__struct.hpp
[1.961s] -- Up-to-date: /home/martin/ros2_workspaces/ros2_ws_dev/install/tutorial_interfaces/include/tutorial_interfaces/tutorial_interfaces/msg/detail/num__builder.hpp
[1.961s] -- Up-to-date: /home/martin/ros2_workspaces/ros2_ws_dev/install/tutorial_interfaces/include/tutorial_interfaces/tutorial_interfaces/msg/detail/num__traits.hpp
[1.961s] -- Up-to-date: /home/martin/ros2_workspaces/ros2_ws_dev/install/tutorial_interfaces/include/tutorial_interfaces/tutorial_interfaces/msg/detail/sphere__builder.hpp
[1.962s] -- Up-to-date: /home/martin/ros2_workspaces/ros2_ws_dev/install/tutorial_interfaces/include/tutorial_interfaces/tutorial_interfaces/msg/detail/sphere__traits.hpp
[1.962s] -- Up-to-date: /home/martin/ros2_workspaces/ros2_ws_dev/install/tutorial_interfaces/include/tutorial_interfaces/tutorial_interfaces/msg/sphere.hpp
[1.962s] -- Up-to-date: /home/martin/ros2_workspaces/ros2_ws_dev/install/tutorial_interfaces/include/tutorial_interfaces/tutorial_interfaces
[1.962s] -- Up-to-date: /home/martin/ros2_workspaces/ros2_ws_dev/install/tutorial_interfaces/include/tutorial_interfaces/tutorial_interfaces/srv
[1.963s] -- Up-to-date: /home/martin/ros2_workspaces/ros2_ws_dev/install/tutorial_interfaces/include/tutorial_interfaces/tutorial_interfaces/srv/detail
[1.963s] -- Up-to-date: /home/martin/ros2_workspaces/ros2_ws_dev/install/tutorial_interfaces/include/tutorial_interfaces/tutorial_interfaces/srv/detail/dds_fastrtps
[1.964s] -- Up-to-date: /home/martin/ros2_workspaces/ros2_ws_dev/install/tutorial_interfaces/include/tutorial_interfaces/tutorial_interfaces/srv/detail/add_three_ints__rosidl_typesupport_fastrtps_cpp.hpp
[1.964s] -- Up-to-date: /home/martin/ros2_workspaces/ros2_ws_dev/install/tutorial_interfaces/include/tutorial_interfaces/tutorial_interfaces/msg
[1.964s] -- Up-to-date: /home/martin/ros2_workspaces/ros2_ws_dev/install/tutorial_interfaces/include/tutorial_interfaces/tutorial_interfaces/msg/detail
[1.964s] -- Up-to-date: /home/martin/ros2_workspaces/ros2_ws_dev/install/tutorial_interfaces/include/tutorial_interfaces/tutorial_interfaces/msg/detail/dds_fastrtps
[1.965s] -- Up-to-date: /home/martin/ros2_workspaces/ros2_ws_dev/install/tutorial_interfaces/include/tutorial_interfaces/tutorial_interfaces/msg/detail/sphere__rosidl_typesupport_fastrtps_cpp.hpp
[1.965s] -- Up-to-date: /home/martin/ros2_workspaces/ros2_ws_dev/install/tutorial_interfaces/include/tutorial_interfaces/tutorial_interfaces/msg/detail/num__rosidl_typesupport_fastrtps_cpp.hpp
[1.965s] -- Up-to-date: /home/martin/ros2_workspaces/ros2_ws_dev/install/tutorial_interfaces/include/tutorial_interfaces/tutorial_interfaces/msg/rosidl_typesupport_fastrtps_cpp__visibility_control.h
[1.966s] -- Up-to-date: /home/martin/ros2_workspaces/ros2_ws_dev/install/tutorial_interfaces/lib/libtutorial_interfaces__rosidl_typesupport_fastrtps_cpp.so
[1.967s] -- Up-to-date: /home/martin/ros2_workspaces/ros2_ws_dev/install/tutorial_interfaces/include/tutorial_interfaces/tutorial_interfaces
[1.967s] -- Up-to-date: /home/martin/ros2_workspaces/ros2_ws_dev/install/tutorial_interfaces/include/tutorial_interfaces/tutorial_interfaces/srv
[1.967s] -- Up-to-date: /home/martin/ros2_workspaces/ros2_ws_dev/install/tutorial_interfaces/include/tutorial_interfaces/tutorial_interfaces/srv/detail
[1.967s] -- Up-to-date: /home/martin/ros2_workspaces/ros2_ws_dev/install/tutorial_interfaces/include/tutorial_interfaces/tutorial_interfaces/srv/detail/add_three_ints__type_support.c
[1.968s] -- Up-to-date: /home/martin/ros2_workspaces/ros2_ws_dev/install/tutorial_interfaces/include/tutorial_interfaces/tutorial_interfaces/srv/detail/add_three_ints__rosidl_typesupport_introspection_c.h
[1.968s] -- Up-to-date: /home/martin/ros2_workspaces/ros2_ws_dev/install/tutorial_interfaces/include/tutorial_interfaces/tutorial_interfaces/msg
[1.969s] -- Up-to-date: /home/martin/ros2_workspaces/ros2_ws_dev/install/tutorial_interfaces/include/tutorial_interfaces/tutorial_interfaces/msg/rosidl_typesupport_introspection_c__visibility_control.h
[1.969s] -- Up-to-date: /home/martin/ros2_workspaces/ros2_ws_dev/install/tutorial_interfaces/include/tutorial_interfaces/tutorial_interfaces/msg/detail
[1.969s] -- Up-to-date: /home/martin/ros2_workspaces/ros2_ws_dev/install/tutorial_interfaces/include/tutorial_interfaces/tutorial_interfaces/msg/detail/sphere__type_support.c
[1.970s] -- Up-to-date: /home/martin/ros2_workspaces/ros2_ws_dev/install/tutorial_interfaces/include/tutorial_interfaces/tutorial_interfaces/msg/detail/num__rosidl_typesupport_introspection_c.h
[1.970s] -- Up-to-date: /home/martin/ros2_workspaces/ros2_ws_dev/install/tutorial_interfaces/include/tutorial_interfaces/tutorial_interfaces/msg/detail/num__type_support.c
[1.970s] -- Up-to-date: /home/martin/ros2_workspaces/ros2_ws_dev/install/tutorial_interfaces/include/tutorial_interfaces/tutorial_interfaces/msg/detail/sphere__rosidl_typesupport_introspection_c.h
[1.971s] -- Up-to-date: /home/martin/ros2_workspaces/ros2_ws_dev/install/tutorial_interfaces/lib/libtutorial_interfaces__rosidl_typesupport_introspection_c.so
[1.974s] -- Up-to-date: /home/martin/ros2_workspaces/ros2_ws_dev/install/tutorial_interfaces/lib/libtutorial_interfaces__rosidl_typesupport_c.so
[1.975s] -- Up-to-date: /home/martin/ros2_workspaces/ros2_ws_dev/install/tutorial_interfaces/include/tutorial_interfaces/tutorial_interfaces
[1.975s] -- Up-to-date: /home/martin/ros2_workspaces/ros2_ws_dev/install/tutorial_interfaces/include/tutorial_interfaces/tutorial_interfaces/srv
[1.975s] -- Up-to-date: /home/martin/ros2_workspaces/ros2_ws_dev/install/tutorial_interfaces/include/tutorial_interfaces/tutorial_interfaces/srv/detail
[1.975s] -- Up-to-date: /home/martin/ros2_workspaces/ros2_ws_dev/install/tutorial_interfaces/include/tutorial_interfaces/tutorial_interfaces/srv/detail/add_three_ints__type_support.cpp
[1.976s] -- Up-to-date: /home/martin/ros2_workspaces/ros2_ws_dev/install/tutorial_interfaces/include/tutorial_interfaces/tutorial_interfaces/srv/detail/add_three_ints__rosidl_typesupport_introspection_cpp.hpp
[1.976s] -- Up-to-date: /home/martin/ros2_workspaces/ros2_ws_dev/install/tutorial_interfaces/include/tutorial_interfaces/tutorial_interfaces/msg
[1.978s] -- Up-to-date: /home/martin/ros2_workspaces/ros2_ws_dev/install/tutorial_interfaces/include/tutorial_interfaces/tutorial_interfaces/msg/detail
[1.978s] -- Up-to-date: /home/martin/ros2_workspaces/ros2_ws_dev/install/tutorial_interfaces/include/tutorial_interfaces/tutorial_interfaces/msg/detail/sphere__rosidl_typesupport_introspection_cpp.hpp
[1.978s] -- Up-to-date: /home/martin/ros2_workspaces/ros2_ws_dev/install/tutorial_interfaces/include/tutorial_interfaces/tutorial_interfaces/msg/detail/sphere__type_support.cpp
[1.979s] -- Up-to-date: /home/martin/ros2_workspaces/ros2_ws_dev/install/tutorial_interfaces/include/tutorial_interfaces/tutorial_interfaces/msg/detail/num__rosidl_typesupport_introspection_cpp.hpp
[1.979s] -- Up-to-date: /home/martin/ros2_workspaces/ros2_ws_dev/install/tutorial_interfaces/include/tutorial_interfaces/tutorial_interfaces/msg/detail/num__type_support.cpp
[1.981s] -- Up-to-date: /home/martin/ros2_workspaces/ros2_ws_dev/install/tutorial_interfaces/lib/libtutorial_interfaces__rosidl_typesupport_introspection_cpp.so
[1.982s] -- Up-to-date: /home/martin/ros2_workspaces/ros2_ws_dev/install/tutorial_interfaces/lib/libtutorial_interfaces__rosidl_typesupport_cpp.so
[1.982s] -- Up-to-date: /home/martin/ros2_workspaces/ros2_ws_dev/install/tutorial_interfaces/share/tutorial_interfaces/environment/pythonpath.sh
[1.982s] -- Up-to-date: /home/martin/ros2_workspaces/ros2_ws_dev/install/tutorial_interfaces/share/tutorial_interfaces/environment/pythonpath.dsv
[1.983s] -- Up-to-date: /home/martin/ros2_workspaces/ros2_ws_dev/install/tutorial_interfaces/local/lib/python3.10/dist-packages/tutorial_interfaces-0.0.0-py3.10.egg-info
[1.983s] -- Installing: /home/martin/ros2_workspaces/ros2_ws_dev/install/tutorial_interfaces/local/lib/python3.10/dist-packages/tutorial_interfaces-0.0.0-py3.10.egg-info/dependency_links.txt
[1.985s] -- Installing: /home/martin/ros2_workspaces/ros2_ws_dev/install/tutorial_interfaces/local/lib/python3.10/dist-packages/tutorial_interfaces-0.0.0-py3.10.egg-info/SOURCES.txt
[1.985s] -- Installing: /home/martin/ros2_workspaces/ros2_ws_dev/install/tutorial_interfaces/local/lib/python3.10/dist-packages/tutorial_interfaces-0.0.0-py3.10.egg-info/PKG-INFO
[1.986s] -- Installing: /home/martin/ros2_workspaces/ros2_ws_dev/install/tutorial_interfaces/local/lib/python3.10/dist-packages/tutorial_interfaces-0.0.0-py3.10.egg-info/top_level.txt
[1.987s] -- Up-to-date: /home/martin/ros2_workspaces/ros2_ws_dev/install/tutorial_interfaces/local/lib/python3.10/dist-packages/tutorial_interfaces
[1.987s] -- Up-to-date: /home/martin/ros2_workspaces/ros2_ws_dev/install/tutorial_interfaces/local/lib/python3.10/dist-packages/tutorial_interfaces/srv
[1.987s] -- Up-to-date: /home/martin/ros2_workspaces/ros2_ws_dev/install/tutorial_interfaces/local/lib/python3.10/dist-packages/tutorial_interfaces/srv/_add_three_ints.py
[1.987s] -- Up-to-date: /home/martin/ros2_workspaces/ros2_ws_dev/install/tutorial_interfaces/local/lib/python3.10/dist-packages/tutorial_interfaces/srv/_add_three_ints_s.c
[1.989s] -- Up-to-date: /home/martin/ros2_workspaces/ros2_ws_dev/install/tutorial_interfaces/local/lib/python3.10/dist-packages/tutorial_interfaces/srv/__init__.py
[1.989s] -- Up-to-date: /home/martin/ros2_workspaces/ros2_ws_dev/install/tutorial_interfaces/local/lib/python3.10/dist-packages/tutorial_interfaces/_tutorial_interfaces_s.ep.rosidl_typesupport_c.c
[1.989s] -- Up-to-date: /home/martin/ros2_workspaces/ros2_ws_dev/install/tutorial_interfaces/local/lib/python3.10/dist-packages/tutorial_interfaces/libtutorial_interfaces__rosidl_generator_py.so
[1.989s] -- Up-to-date: /home/martin/ros2_workspaces/ros2_ws_dev/install/tutorial_interfaces/local/lib/python3.10/dist-packages/tutorial_interfaces/msg
[1.989s] -- Up-to-date: /home/martin/ros2_workspaces/ros2_ws_dev/install/tutorial_interfaces/local/lib/python3.10/dist-packages/tutorial_interfaces/msg/_num.py
[1.989s] -- Up-to-date: /home/martin/ros2_workspaces/ros2_ws_dev/install/tutorial_interfaces/local/lib/python3.10/dist-packages/tutorial_interfaces/msg/_num_s.c
[1.989s] -- Up-to-date: /home/martin/ros2_workspaces/ros2_ws_dev/install/tutorial_interfaces/local/lib/python3.10/dist-packages/tutorial_interfaces/msg/_sphere_s.c
[1.990s] -- Up-to-date: /home/martin/ros2_workspaces/ros2_ws_dev/install/tutorial_interfaces/local/lib/python3.10/dist-packages/tutorial_interfaces/msg/_sphere.py
[1.990s] -- Up-to-date: /home/martin/ros2_workspaces/ros2_ws_dev/install/tutorial_interfaces/local/lib/python3.10/dist-packages/tutorial_interfaces/msg/__init__.py
[1.990s] -- Up-to-date: /home/martin/ros2_workspaces/ros2_ws_dev/install/tutorial_interfaces/local/lib/python3.10/dist-packages/tutorial_interfaces/tutorial_interfaces_s__rosidl_typesupport_c.cpython-310-x86_64-linux-gnu.so
[1.990s] -- Up-to-date: /home/martin/ros2_workspaces/ros2_ws_dev/install/tutorial_interfaces/local/lib/python3.10/dist-packages/tutorial_interfaces/_tutorial_interfaces_s.ep.rosidl_typesupport_introspection_c.c
[1.990s] -- Up-to-date: /home/martin/ros2_workspaces/ros2_ws_dev/install/tutorial_interfaces/local/lib/python3.10/dist-packages/tutorial_interfaces/tutorial_interfaces_s__rosidl_typesupport_introspection_c.cpython-310-x86_64-linux-gnu.so
[1.991s] -- Up-to-date: /home/martin/ros2_workspaces/ros2_ws_dev/install/tutorial_interfaces/local/lib/python3.10/dist-packages/tutorial_interfaces/_tutorial_interfaces_s.ep.rosidl_typesupport_fastrtps_c.c
[1.991s] -- Up-to-date: /home/martin/ros2_workspaces/ros2_ws_dev/install/tutorial_interfaces/local/lib/python3.10/dist-packages/tutorial_interfaces/tutorial_interfaces_s__rosidl_typesupport_fastrtps_c.cpython-310-x86_64-linux-gnu.so
[1.991s] -- Up-to-date: /home/martin/ros2_workspaces/ros2_ws_dev/install/tutorial_interfaces/local/lib/python3.10/dist-packages/tutorial_interfaces/__init__.py
[2.045s] Listing '/home/martin/ros2_workspaces/ros2_ws_dev/install/tutorial_interfaces/local/lib/python3.10/dist-packages/tutorial_interfaces'...
[2.045s] Listing '/home/martin/ros2_workspaces/ros2_ws_dev/install/tutorial_interfaces/local/lib/python3.10/dist-packages/tutorial_interfaces/msg'...
[2.045s] Listing '/home/martin/ros2_workspaces/ros2_ws_dev/install/tutorial_interfaces/local/lib/python3.10/dist-packages/tutorial_interfaces/srv'...
[2.057s] -- Up-to-date: /home/martin/ros2_workspaces/ros2_ws_dev/install/tutorial_interfaces/local/lib/python3.10/dist-packages/tutorial_interfaces/tutorial_interfaces_s__rosidl_typesupport_fastrtps_c.cpython-310-x86_64-linux-gnu.so
[2.058s] -- Up-to-date: /home/martin/ros2_workspaces/ros2_ws_dev/install/tutorial_interfaces/local/lib/python3.10/dist-packages/tutorial_interfaces/tutorial_interfaces_s__rosidl_typesupport_introspection_c.cpython-310-x86_64-linux-gnu.so
[2.059s] -- Up-to-date: /home/martin/ros2_workspaces/ros2_ws_dev/install/tutorial_interfaces/local/lib/python3.10/dist-packages/tutorial_interfaces/tutorial_interfaces_s__rosidl_typesupport_c.cpython-310-x86_64-linux-gnu.so
[2.060s] -- Up-to-date: /home/martin/ros2_workspaces/ros2_ws_dev/install/tutorial_interfaces/lib/libtutorial_interfaces__rosidl_generator_py.so
[2.061s] -- Up-to-date: /home/martin/ros2_workspaces/ros2_ws_dev/install/tutorial_interfaces/share/tutorial_interfaces/msg/Num.idl
[2.062s] -- Up-to-date: /home/martin/ros2_workspaces/ros2_ws_dev/install/tutorial_interfaces/share/tutorial_interfaces/msg/Sphere.idl
[2.062s] -- Up-to-date: /home/martin/ros2_workspaces/ros2_ws_dev/install/tutorial_interfaces/share/tutorial_interfaces/srv/AddThreeInts.idl
[2.062s] -- Up-to-date: /home/martin/ros2_workspaces/ros2_ws_dev/install/tutorial_interfaces/share/tutorial_interfaces/msg/Num.msg
[2.063s] -- Up-to-date: /home/martin/ros2_workspaces/ros2_ws_dev/install/tutorial_interfaces/share/tutorial_interfaces/msg/Sphere.msg
[2.063s] -- Up-to-date: /home/martin/ros2_workspaces/ros2_ws_dev/install/tutorial_interfaces/share/tutorial_interfaces/srv/AddThreeInts.srv
[2.063s] -- Up-to-date: /home/martin/ros2_workspaces/ros2_ws_dev/install/tutorial_interfaces/share/tutorial_interfaces/srv/AddThreeInts_Request.msg
[2.064s] -- Up-to-date: /home/martin/ros2_workspaces/ros2_ws_dev/install/tutorial_interfaces/share/tutorial_interfaces/srv/AddThreeInts_Response.msg
[2.064s] -- Up-to-date: /home/martin/ros2_workspaces/ros2_ws_dev/install/tutorial_interfaces/share/ament_index/resource_index/package_run_dependencies/tutorial_interfaces
[2.065s] -- Up-to-date: /home/martin/ros2_workspaces/ros2_ws_dev/install/tutorial_interfaces/share/ament_index/resource_index/parent_prefix_path/tutorial_interfaces
[2.065s] -- Up-to-date: /home/martin/ros2_workspaces/ros2_ws_dev/install/tutorial_interfaces/share/tutorial_interfaces/environment/ament_prefix_path.sh
[2.066s] -- Up-to-date: /home/martin/ros2_workspaces/ros2_ws_dev/install/tutorial_interfaces/share/tutorial_interfaces/environment/ament_prefix_path.dsv
[2.066s] -- Up-to-date: /home/martin/ros2_workspaces/ros2_ws_dev/install/tutorial_interfaces/share/tutorial_interfaces/environment/path.sh
[2.066s] -- Up-to-date: /home/martin/ros2_workspaces/ros2_ws_dev/install/tutorial_interfaces/share/tutorial_interfaces/environment/path.dsv
[2.067s] -- Up-to-date: /home/martin/ros2_workspaces/ros2_ws_dev/install/tutorial_interfaces/share/tutorial_interfaces/local_setup.bash
[2.067s] -- Up-to-date: /home/martin/ros2_workspaces/ros2_ws_dev/install/tutorial_interfaces/share/tutorial_interfaces/local_setup.sh
[2.067s] -- Up-to-date: /home/martin/ros2_workspaces/ros2_ws_dev/install/tutorial_interfaces/share/tutorial_interfaces/local_setup.zsh
[2.068s] -- Up-to-date: /home/martin/ros2_workspaces/ros2_ws_dev/install/tutorial_interfaces/share/tutorial_interfaces/local_setup.dsv
[2.068s] -- Installing: /home/martin/ros2_workspaces/ros2_ws_dev/install/tutorial_interfaces/share/tutorial_interfaces/package.dsv
[2.069s] -- Up-to-date: /home/martin/ros2_workspaces/ros2_ws_dev/install/tutorial_interfaces/share/ament_index/resource_index/packages/tutorial_interfaces
[2.070s] -- Up-to-date: /home/martin/ros2_workspaces/ros2_ws_dev/install/tutorial_interfaces/share/tutorial_interfaces/cmake/export_tutorial_interfaces__rosidl_generator_cExport.cmake
[2.070s] -- Up-to-date: /home/martin/ros2_workspaces/ros2_ws_dev/install/tutorial_interfaces/share/tutorial_interfaces/cmake/export_tutorial_interfaces__rosidl_generator_cExport-noconfig.cmake
[2.071s] -- Up-to-date: /home/martin/ros2_workspaces/ros2_ws_dev/install/tutorial_interfaces/share/tutorial_interfaces/cmake/export_tutorial_interfaces__rosidl_typesupport_fastrtps_cExport.cmake
[2.072s] -- Up-to-date: /home/martin/ros2_workspaces/ros2_ws_dev/install/tutorial_interfaces/share/tutorial_interfaces/cmake/export_tutorial_interfaces__rosidl_typesupport_fastrtps_cExport-noconfig.cmake
[2.074s] -- Up-to-date: /home/martin/ros2_workspaces/ros2_ws_dev/install/tutorial_interfaces/share/tutorial_interfaces/cmake/export_tutorial_interfaces__rosidl_generator_cppExport.cmake
[2.074s] -- Up-to-date: /home/martin/ros2_workspaces/ros2_ws_dev/install/tutorial_interfaces/share/tutorial_interfaces/cmake/export_tutorial_interfaces__rosidl_typesupport_fastrtps_cppExport.cmake
[2.074s] -- Up-to-date: /home/martin/ros2_workspaces/ros2_ws_dev/install/tutorial_interfaces/share/tutorial_interfaces/cmake/export_tutorial_interfaces__rosidl_typesupport_fastrtps_cppExport-noconfig.cmake
[2.076s] -- Up-to-date: /home/martin/ros2_workspaces/ros2_ws_dev/install/tutorial_interfaces/share/tutorial_interfaces/cmake/tutorial_interfaces__rosidl_typesupport_introspection_cExport.cmake
[2.077s] -- Up-to-date: /home/martin/ros2_workspaces/ros2_ws_dev/install/tutorial_interfaces/share/tutorial_interfaces/cmake/tutorial_interfaces__rosidl_typesupport_introspection_cExport-noconfig.cmake
[2.077s] -- Up-to-date: /home/martin/ros2_workspaces/ros2_ws_dev/install/tutorial_interfaces/share/tutorial_interfaces/cmake/tutorial_interfaces__rosidl_typesupport_cExport.cmake
[2.078s] -- Up-to-date: /home/martin/ros2_workspaces/ros2_ws_dev/install/tutorial_interfaces/share/tutorial_interfaces/cmake/tutorial_interfaces__rosidl_typesupport_cExport-noconfig.cmake
[2.078s] -- Up-to-date: /home/martin/ros2_workspaces/ros2_ws_dev/install/tutorial_interfaces/share/tutorial_interfaces/cmake/tutorial_interfaces__rosidl_typesupport_introspection_cppExport.cmake
[2.079s] -- Up-to-date: /home/martin/ros2_workspaces/ros2_ws_dev/install/tutorial_interfaces/share/tutorial_interfaces/cmake/tutorial_interfaces__rosidl_typesupport_introspection_cppExport-noconfig.cmake
[2.080s] -- Up-to-date: /home/martin/ros2_workspaces/ros2_ws_dev/install/tutorial_interfaces/share/tutorial_interfaces/cmake/tutorial_interfaces__rosidl_typesupport_cppExport.cmake
[2.080s] -- Up-to-date: /home/martin/ros2_workspaces/ros2_ws_dev/install/tutorial_interfaces/share/tutorial_interfaces/cmake/tutorial_interfaces__rosidl_typesupport_cppExport-noconfig.cmake
[2.081s] -- Up-to-date: /home/martin/ros2_workspaces/ros2_ws_dev/install/tutorial_interfaces/share/tutorial_interfaces/cmake/export_tutorial_interfaces__rosidl_generator_pyExport.cmake
[2.081s] -- Up-to-date: /home/martin/ros2_workspaces/ros2_ws_dev/install/tutorial_interfaces/share/tutorial_interfaces/cmake/export_tutorial_interfaces__rosidl_generator_pyExport-noconfig.cmake
[2.081s] -- Up-to-date: /home/martin/ros2_workspaces/ros2_ws_dev/install/tutorial_interfaces/share/tutorial_interfaces/cmake/rosidl_cmake-extras.cmake
[2.081s] -- Up-to-date: /home/martin/ros2_workspaces/ros2_ws_dev/install/tutorial_interfaces/share/tutorial_interfaces/cmake/ament_cmake_export_dependencies-extras.cmake
[2.082s] -- Up-to-date: /home/martin/ros2_workspaces/ros2_ws_dev/install/tutorial_interfaces/share/tutorial_interfaces/cmake/ament_cmake_export_include_directories-extras.cmake
[2.083s] -- Up-to-date: /home/martin/ros2_workspaces/ros2_ws_dev/install/tutorial_interfaces/share/tutorial_interfaces/cmake/ament_cmake_export_libraries-extras.cmake
[2.083s] -- Up-to-date: /home/martin/ros2_workspaces/ros2_ws_dev/install/tutorial_interfaces/share/tutorial_interfaces/cmake/ament_cmake_export_targets-extras.cmake
[2.084s] -- Up-to-date: /home/martin/ros2_workspaces/ros2_ws_dev/install/tutorial_interfaces/share/tutorial_interfaces/cmake/rosidl_cmake_export_typesupport_targets-extras.cmake
[2.084s] -- Up-to-date: /home/martin/ros2_workspaces/ros2_ws_dev/install/tutorial_interfaces/share/tutorial_interfaces/cmake/rosidl_cmake_export_typesupport_libraries-extras.cmake
[2.084s] -- Up-to-date: /home/martin/ros2_workspaces/ros2_ws_dev/install/tutorial_interfaces/share/tutorial_interfaces/cmake/tutorial_interfacesConfig.cmake
[2.084s] -- Up-to-date: /home/martin/ros2_workspaces/ros2_ws_dev/install/tutorial_interfaces/share/tutorial_interfaces/cmake/tutorial_interfacesConfig-version.cmake
[2.085s] -- Up-to-date: /home/martin/ros2_workspaces/ros2_ws_dev/install/tutorial_interfaces/share/tutorial_interfaces/package.xml
[2.098s] Invoked command in '/home/martin/ros2_workspaces/ros2_ws_dev/build/tutorial_interfaces' returned '0': CMAKE_PREFIX_PATH=${CMAKE_PREFIX_PATH}:/home/martin/ros2_workspaces/ros2_ws_dev/install/py_srvcli:/home/martin/ros2_workspaces/ros2_ws_dev/install/py_pubsub:/home/martin/ros2_workspaces/ros2_ws_dev/install/my_package:/opt/ros/humble /usr/bin/cmake --install /home/martin/ros2_workspaces/ros2_ws_dev/build/tutorial_interfaces
