[0.815s] Invoking command in '/home/martin/ros2_workspaces/ros2_ws_dev/src/head': CMAKE_PREFIX_PATH=/home/martin/ros2_workspaces/ros2_ws_dev/install/mbit_interfaces:/home/martin/ros2_workspaces/ros2_ws_dev/install/tutorial_interfaces:/home/martin/ros2_workspaces/ros2_ws_dev/install/polygon_plugins:/home/martin/ros2_workspaces/ros2_ws_dev/install/polygon_base:/home/martin/ros2_workspaces/ros2_ws_dev/install/more_interfaces:/home/martin/ros2_workspaces/ros2_ws_dev/install/cpp_srvcli:/home/martin/ros2_workspaces/ros2_ws_dev/install/cpp_pubsub:/home/martin/ros2_workspaces/ros2_ws_dev/install/cpp_parameters LD_LIBRARY_PATH=/home/martin/ros2_workspaces/ros2_ws_dev/install/mbit_interfaces/lib:/home/martin/ros2_workspaces/ros2_ws_dev/install/tutorial_interfaces/lib:/home/martin/ros2_workspaces/ros2_ws_dev/install/polygon_plugins/lib:/home/martin/ros2_workspaces/ros2_ws_dev/install/more_interfaces/lib:/opt/ros/humble/opt/rviz_ogre_vendor/lib:/opt/ros/humble/lib/x86_64-linux-gnu:/opt/ros/humble/lib PS1=(venv) \[\e]0;\u@\h: \w\a\]${debian_chroot:+($debian_chroot)}\[\033[01;32m\]\u@\h\[\033[00m\]:\[\033[01;34m\]\w\[\033[00m\]\$ PYTHONPATH=/home/martin/ros2_workspaces/ros2_ws_dev/install/head/lib/python3.10/site-packages:${PYTHONPATH} VIRTUAL_ENV_PROMPT=(venv) /usr/bin/python3 setup.py egg_info --egg-base ../../build/head build --build-base /home/martin/ros2_workspaces/ros2_ws_dev/build/head/build install --prefix /home/martin/ros2_workspaces/ros2_ws_dev/install/head --record /home/martin/ros2_workspaces/ros2_ws_dev/build/head/install.log --single-version-externally-managed
[1.165s] running egg_info
[1.165s] writing ../../build/head/head.egg-info/PKG-INFO
[1.165s] writing dependency_links to ../../build/head/head.egg-info/dependency_links.txt
[1.165s] writing entry points to ../../build/head/head.egg-info/entry_points.txt
[1.166s] writing requirements to ../../build/head/head.egg-info/requires.txt
[1.166s] writing top-level names to ../../build/head/head.egg-info/top_level.txt
[1.170s] reading manifest file '../../build/head/head.egg-info/SOURCES.txt'
[1.171s] writing manifest file '../../build/head/head.egg-info/SOURCES.txt'
[1.172s] running build
[1.172s] running build_py
[1.173s] copying head/head_move_sub.py -> /home/martin/ros2_workspaces/ros2_ws_dev/build/head/build/lib/head
[1.174s] running install
[1.174s] /usr/lib/python3/dist-packages/setuptools/command/install.py:34: SetuptoolsDeprecationWarning: setup.py install is deprecated. Use build and pip and other standards-based tools.
[1.174s]   warnings.warn(
[1.175s] running install_lib
[1.176s] copying /home/martin/ros2_workspaces/ros2_ws_dev/build/head/build/lib/head/head_move_sub.py -> /home/martin/ros2_workspaces/ros2_ws_dev/install/head/lib/python3.10/site-packages/head
[1.177s] byte-compiling /home/martin/ros2_workspaces/ros2_ws_dev/install/head/lib/python3.10/site-packages/head/head_move_sub.py to head_move_sub.cpython-310.pyc
[1.180s] running install_data
[1.181s] running install_egg_info
[1.183s] removing '/home/martin/ros2_workspaces/ros2_ws_dev/install/head/lib/python3.10/site-packages/head-0.0.0-py3.10.egg-info' (and everything under it)
[1.183s] Copying ../../build/head/head.egg-info to /home/martin/ros2_workspaces/ros2_ws_dev/install/head/lib/python3.10/site-packages/head-0.0.0-py3.10.egg-info
[1.184s] running install_scripts
[1.210s] Installing head_move_sub script to /home/martin/ros2_workspaces/ros2_ws_dev/install/head/lib/head
[1.211s] Installing head_state_service script to /home/martin/ros2_workspaces/ros2_ws_dev/install/head/lib/head
[1.212s] Installing head_tf_move_sub script to /home/martin/ros2_workspaces/ros2_ws_dev/install/head/lib/head
[1.214s] writing list of installed files to '/home/martin/ros2_workspaces/ros2_ws_dev/build/head/install.log'
[1.470s] Invoked command in '/home/martin/ros2_workspaces/ros2_ws_dev/src/head' returned '0': CMAKE_PREFIX_PATH=/home/martin/ros2_workspaces/ros2_ws_dev/install/mbit_interfaces:/home/martin/ros2_workspaces/ros2_ws_dev/install/tutorial_interfaces:/home/martin/ros2_workspaces/ros2_ws_dev/install/polygon_plugins:/home/martin/ros2_workspaces/ros2_ws_dev/install/polygon_base:/home/martin/ros2_workspaces/ros2_ws_dev/install/more_interfaces:/home/martin/ros2_workspaces/ros2_ws_dev/install/cpp_srvcli:/home/martin/ros2_workspaces/ros2_ws_dev/install/cpp_pubsub:/home/martin/ros2_workspaces/ros2_ws_dev/install/cpp_parameters LD_LIBRARY_PATH=/home/martin/ros2_workspaces/ros2_ws_dev/install/mbit_interfaces/lib:/home/martin/ros2_workspaces/ros2_ws_dev/install/tutorial_interfaces/lib:/home/martin/ros2_workspaces/ros2_ws_dev/install/polygon_plugins/lib:/home/martin/ros2_workspaces/ros2_ws_dev/install/more_interfaces/lib:/opt/ros/humble/opt/rviz_ogre_vendor/lib:/opt/ros/humble/lib/x86_64-linux-gnu:/opt/ros/humble/lib PS1=(venv) \[\e]0;\u@\h: \w\a\]${debian_chroot:+($debian_chroot)}\[\033[01;32m\]\u@\h\[\033[00m\]:\[\033[01;34m\]\w\[\033[00m\]\$ PYTHONPATH=/home/martin/ros2_workspaces/ros2_ws_dev/install/head/lib/python3.10/site-packages:${PYTHONPATH} VIRTUAL_ENV_PROMPT=(venv) /usr/bin/python3 setup.py egg_info --egg-base ../../build/head build --build-base /home/martin/ros2_workspaces/ros2_ws_dev/build/head/build install --prefix /home/martin/ros2_workspaces/ros2_ws_dev/install/head --record /home/martin/ros2_workspaces/ros2_ws_dev/build/head/install.log --single-version-externally-managed
