[0.045s] Invoking command in '/home/martin/ros2_workspaces/ros2_ws_dev/build/more_interfaces': CMAKE_PREFIX_PATH=/opt/ros/humble /usr/bin/cmake --build /home/martin/ros2_workspaces/ros2_ws_dev/build/more_interfaces -- -j2 -l2
[0.176s] [  2%] Built target more_interfaces__cpp
[0.187s] [ 11%] Built target more_interfaces__rosidl_generator_c
[0.250s] [ 11%] Built target ament_cmake_python_copy_more_interfaces
[0.251s] [ 20%] Built target more_interfaces__rosidl_typesupport_cpp
[0.314s] [ 28%] Built target more_interfaces__rosidl_typesupport_fastrtps_c
[0.315s] [ 37%] Built target more_interfaces__rosidl_typesupport_fastrtps_cpp
[0.362s] [ 51%] Built target more_interfaces__rosidl_typesupport_c
[0.362s] [ 54%] Built target more_interfaces__rosidl_typesupport_introspection_c
[0.431s] [ 62%] Built target more_interfaces__rosidl_typesupport_introspection_cpp
[0.755s] running egg_info
[0.765s] writing more_interfaces.egg-info/PKG-INFO
[0.768s] writing dependency_links to more_interfaces.egg-info/dependency_links.txt
[0.768s] writing top-level names to more_interfaces.egg-info/top_level.txt
[0.773s] reading manifest file 'more_interfaces.egg-info/SOURCES.txt'
[0.776s] writing manifest file 'more_interfaces.egg-info/SOURCES.txt'
[0.817s] [ 68%] Built target publish_address_book
[0.828s] [ 68%] Built target ament_cmake_python_build_more_interfaces_egg
[0.846s] [35m[1mConsolidate compiler generated dependencies of target subscribe_address_book[0m
[0.876s] [ 68%] Built target more_interfaces
[0.884s] [ 71%] [32mBuilding CXX object CMakeFiles/subscribe_address_book.dir/src/subscribe_address_book.cpp.o[0m
[0.926s] [ 74%] Built target more_interfaces__py
[0.977s] [ 80%] Built target more_interfaces__rosidl_generator_py
[1.022s] [ 85%] Built target more_interfaces__rosidl_typesupport_fastrtps_c__pyext
[1.067s] [ 91%] Built target more_interfaces__rosidl_typesupport_introspection_c__pyext
[1.162s] [ 97%] Built target more_interfaces__rosidl_typesupport_c__pyext
[4.794s] In file included from [01m[K/opt/ros/humble/include/rclcpp/rclcpp/logging.hpp:24[m[K,
[4.797s]                  from [01m[K/opt/ros/humble/include/rclcpp/rclcpp/client.hpp:40[m[K,
[4.797s]                  from [01m[K/opt/ros/humble/include/rclcpp/rclcpp/callback_group.hpp:23[m[K,
[4.798s]                  from [01m[K/opt/ros/humble/include/rclcpp/rclcpp/any_executable.hpp:20[m[K,
[4.799s]                  from [01m[K/opt/ros/humble/include/rclcpp/rclcpp/memory_strategy.hpp:25[m[K,
[4.799s]                  from [01m[K/opt/ros/humble/include/rclcpp/rclcpp/memory_strategies.hpp:18[m[K,
[4.799s]                  from [01m[K/opt/ros/humble/include/rclcpp/rclcpp/executor_options.hpp:20[m[K,
[4.800s]                  from [01m[K/opt/ros/humble/include/rclcpp/rclcpp/executor.hpp:37[m[K,
[4.800s]                  from [01m[K/opt/ros/humble/include/rclcpp/rclcpp/executors/multi_threaded_executor.hpp:25[m[K,
[4.800s]                  from [01m[K/opt/ros/humble/include/rclcpp/rclcpp/executors.hpp:21[m[K,
[4.800s]                  from [01m[K/opt/ros/humble/include/rclcpp/rclcpp/rclcpp.hpp:155[m[K,
[4.800s]                  from [01m[K/home/martin/ros2_workspaces/ros2_ws_dev/src/more_interfaces/src/subscribe_address_book.cpp:4[m[K:
[4.801s] [01m[K/home/martin/ros2_workspaces/ros2_ws_dev/src/more_interfaces/src/subscribe_address_book.cpp:[m[K In member function ‘[01m[Kvoid AddressBookSubscriber::address_book_callback(const AddressBook&) const[m[K’:
[4.801s] [01m[K/home/martin/ros2_workspaces/ros2_ws_dev/src/more_interfaces/src/subscribe_address_book.cpp:22:65:[m[K [01;35m[Kwarning: [m[Kformat ‘[01m[K%s[m[K’ expects argument of type ‘[01m[Kchar*[m[K’, but argument 5 has type ‘[01m[Kconst _first_name_type[m[K’ {aka ‘[01m[Kconst std::__cxx11::basic_string<char>[m[K’} [[01;35m[K]8;;https://gcc.gnu.org/onlinedocs/gcc/Warning-Options.html#index-Wformat=-Wformat=]8;;[m[K]
[4.801s]    22 |                                 RCLCPP_INFO(this->get_logger(), [01;35m[K"I heard: '%s' '%s'"[m[K, msg.first_name, msg.last_name);
[4.801s]       |                                                                 [01;35m[K^~~~~~~~~~~~~~~~~~~~[m[K
[4.801s] [01m[K/home/martin/ros2_workspaces/ros2_ws_dev/src/more_interfaces/src/subscribe_address_book.cpp:22:77:[m[K [01;36m[Knote: [m[Kformat string is defined here
[4.801s]    22 |                                 RCLCPP_INFO(this->get_logger(), "I heard: '[01;36m[K%s[m[K' '%s'", msg.first_name, msg.last_name);
[4.802s]       |                                                                            [01;36m[K~^[m[K
[4.802s]       |                                                                             [01;36m[K|[m[K
[4.802s]       |                                                                             [01;36m[Kchar*[m[K
[4.802s] In file included from [01m[K/opt/ros/humble/include/rclcpp/rclcpp/logging.hpp:24[m[K,
[4.802s]                  from [01m[K/opt/ros/humble/include/rclcpp/rclcpp/client.hpp:40[m[K,
[4.802s]                  from [01m[K/opt/ros/humble/include/rclcpp/rclcpp/callback_group.hpp:23[m[K,
[4.803s]                  from [01m[K/opt/ros/humble/include/rclcpp/rclcpp/any_executable.hpp:20[m[K,
[4.803s]                  from [01m[K/opt/ros/humble/include/rclcpp/rclcpp/memory_strategy.hpp:25[m[K,
[4.803s]                  from [01m[K/opt/ros/humble/include/rclcpp/rclcpp/memory_strategies.hpp:18[m[K,
[4.803s]                  from [01m[K/opt/ros/humble/include/rclcpp/rclcpp/executor_options.hpp:20[m[K,
[4.803s]                  from [01m[K/opt/ros/humble/include/rclcpp/rclcpp/executor.hpp:37[m[K,
[4.803s]                  from [01m[K/opt/ros/humble/include/rclcpp/rclcpp/executors/multi_threaded_executor.hpp:25[m[K,
[4.804s]                  from [01m[K/opt/ros/humble/include/rclcpp/rclcpp/executors.hpp:21[m[K,
[4.804s]                  from [01m[K/opt/ros/humble/include/rclcpp/rclcpp/rclcpp.hpp:155[m[K,
[4.804s]                  from [01m[K/home/martin/ros2_workspaces/ros2_ws_dev/src/more_interfaces/src/subscribe_address_book.cpp:4[m[K:
[4.804s] [01m[K/home/martin/ros2_workspaces/ros2_ws_dev/src/more_interfaces/src/subscribe_address_book.cpp:22:65:[m[K [01;35m[Kwarning: [m[Kformat ‘[01m[K%s[m[K’ expects argument of type ‘[01m[Kchar*[m[K’, but argument 6 has type ‘[01m[Kconst _last_name_type[m[K’ {aka ‘[01m[Kconst std::__cxx11::basic_string<char>[m[K’} [[01;35m[K]8;;https://gcc.gnu.org/onlinedocs/gcc/Warning-Options.html#index-Wformat=-Wformat=]8;;[m[K]
[4.804s]    22 |                                 RCLCPP_INFO(this->get_logger(), [01;35m[K"I heard: '%s' '%s'"[m[K, msg.first_name, msg.last_name);
[4.804s]       |                                                                 [01;35m[K^~~~~~~~~~~~~~~~~~~~[m[K
[4.804s] [01m[K/home/martin/ros2_workspaces/ros2_ws_dev/src/more_interfaces/src/subscribe_address_book.cpp:22:82:[m[K [01;36m[Knote: [m[Kformat string is defined here
[4.805s]    22 |                                 RCLCPP_INFO(this->get_logger(), "I heard: '%s' '[01;36m[K%s[m[K'", msg.first_name, msg.last_name);
[4.805s]       |                                                                                 [01;36m[K~^[m[K
[4.805s]       |                                                                                  [01;36m[K|[m[K
[4.805s]       |                                                                                  [01;36m[Kchar*[m[K
[19.625s] [100%] [32m[1mLinking CXX executable subscribe_address_book[0m
[21.051s] [100%] Built target subscribe_address_book
[21.079s] Invoked command in '/home/martin/ros2_workspaces/ros2_ws_dev/build/more_interfaces' returned '0': CMAKE_PREFIX_PATH=/opt/ros/humble /usr/bin/cmake --build /home/martin/ros2_workspaces/ros2_ws_dev/build/more_interfaces -- -j2 -l2
[21.391s] Invoking command in '/home/martin/ros2_workspaces/ros2_ws_dev/build/more_interfaces': CMAKE_PREFIX_PATH=/opt/ros/humble /usr/bin/cmake --install /home/martin/ros2_workspaces/ros2_ws_dev/build/more_interfaces
[21.431s] -- Install configuration: ""
[21.433s] -- Up-to-date: /home/martin/ros2_workspaces/ros2_ws_dev/install/more_interfaces/share/ament_index/resource_index/rosidl_interfaces/more_interfaces
[21.437s] -- Up-to-date: /home/martin/ros2_workspaces/ros2_ws_dev/install/more_interfaces/include/more_interfaces/more_interfaces
[21.439s] -- Up-to-date: /home/martin/ros2_workspaces/ros2_ws_dev/install/more_interfaces/include/more_interfaces/more_interfaces/msg
[21.441s] -- Up-to-date: /home/martin/ros2_workspaces/ros2_ws_dev/install/more_interfaces/include/more_interfaces/more_interfaces/msg/rosidl_generator_c__visibility_control.h
[21.442s] -- Up-to-date: /home/martin/ros2_workspaces/ros2_ws_dev/install/more_interfaces/include/more_interfaces/more_interfaces/msg/address_book.h
[21.442s] -- Up-to-date: /home/martin/ros2_workspaces/ros2_ws_dev/install/more_interfaces/include/more_interfaces/more_interfaces/msg/detail
[21.444s] -- Up-to-date: /home/martin/ros2_workspaces/ros2_ws_dev/install/more_interfaces/include/more_interfaces/more_interfaces/msg/detail/address_book__functions.h
[21.444s] -- Up-to-date: /home/martin/ros2_workspaces/ros2_ws_dev/install/more_interfaces/include/more_interfaces/more_interfaces/msg/detail/address_book__type_support.h
[21.445s] -- Up-to-date: /home/martin/ros2_workspaces/ros2_ws_dev/install/more_interfaces/include/more_interfaces/more_interfaces/msg/detail/address_book__struct.h
[21.445s] -- Up-to-date: /home/martin/ros2_workspaces/ros2_ws_dev/install/more_interfaces/include/more_interfaces/more_interfaces/msg/detail/address_book__functions.c
[21.447s] -- Up-to-date: /home/martin/ros2_workspaces/ros2_ws_dev/install/more_interfaces/share/more_interfaces/environment/library_path.sh
[21.448s] -- Installing: /home/martin/ros2_workspaces/ros2_ws_dev/install/more_interfaces/share/more_interfaces/environment/library_path.dsv
[21.456s] -- Up-to-date: /home/martin/ros2_workspaces/ros2_ws_dev/install/more_interfaces/lib/libmore_interfaces__rosidl_generator_c.so
[21.458s] -- Up-to-date: /home/martin/ros2_workspaces/ros2_ws_dev/install/more_interfaces/include/more_interfaces/more_interfaces
[21.458s] -- Up-to-date: /home/martin/ros2_workspaces/ros2_ws_dev/install/more_interfaces/include/more_interfaces/more_interfaces/msg
[21.458s] -- Up-to-date: /home/martin/ros2_workspaces/ros2_ws_dev/install/more_interfaces/include/more_interfaces/more_interfaces/msg/rosidl_typesupport_fastrtps_c__visibility_control.h
[21.458s] -- Up-to-date: /home/martin/ros2_workspaces/ros2_ws_dev/install/more_interfaces/include/more_interfaces/more_interfaces/msg/detail
[21.459s] -- Up-to-date: /home/martin/ros2_workspaces/ros2_ws_dev/install/more_interfaces/include/more_interfaces/more_interfaces/msg/detail/address_book__rosidl_typesupport_fastrtps_c.h
[21.462s] -- Up-to-date: /home/martin/ros2_workspaces/ros2_ws_dev/install/more_interfaces/lib/libmore_interfaces__rosidl_typesupport_fastrtps_c.so
[21.463s] -- Up-to-date: /home/martin/ros2_workspaces/ros2_ws_dev/install/more_interfaces/include/more_interfaces/more_interfaces
[21.464s] -- Up-to-date: /home/martin/ros2_workspaces/ros2_ws_dev/install/more_interfaces/include/more_interfaces/more_interfaces/msg
[21.464s] -- Up-to-date: /home/martin/ros2_workspaces/ros2_ws_dev/install/more_interfaces/include/more_interfaces/more_interfaces/msg/detail
[21.464s] -- Up-to-date: /home/martin/ros2_workspaces/ros2_ws_dev/install/more_interfaces/include/more_interfaces/more_interfaces/msg/detail/address_book__builder.hpp
[21.465s] -- Up-to-date: /home/martin/ros2_workspaces/ros2_ws_dev/install/more_interfaces/include/more_interfaces/more_interfaces/msg/detail/address_book__traits.hpp
[21.465s] -- Up-to-date: /home/martin/ros2_workspaces/ros2_ws_dev/install/more_interfaces/include/more_interfaces/more_interfaces/msg/detail/address_book__struct.hpp
[21.465s] -- Up-to-date: /home/martin/ros2_workspaces/ros2_ws_dev/install/more_interfaces/include/more_interfaces/more_interfaces/msg/address_book.hpp
[21.465s] -- Up-to-date: /home/martin/ros2_workspaces/ros2_ws_dev/install/more_interfaces/include/more_interfaces/more_interfaces
[21.466s] -- Up-to-date: /home/martin/ros2_workspaces/ros2_ws_dev/install/more_interfaces/include/more_interfaces/more_interfaces/msg
[21.466s] -- Up-to-date: /home/martin/ros2_workspaces/ros2_ws_dev/install/more_interfaces/include/more_interfaces/more_interfaces/msg/detail
[21.466s] -- Up-to-date: /home/martin/ros2_workspaces/ros2_ws_dev/install/more_interfaces/include/more_interfaces/more_interfaces/msg/detail/dds_fastrtps
[21.466s] -- Up-to-date: /home/martin/ros2_workspaces/ros2_ws_dev/install/more_interfaces/include/more_interfaces/more_interfaces/msg/detail/address_book__rosidl_typesupport_fastrtps_cpp.hpp
[21.466s] -- Up-to-date: /home/martin/ros2_workspaces/ros2_ws_dev/install/more_interfaces/include/more_interfaces/more_interfaces/msg/rosidl_typesupport_fastrtps_cpp__visibility_control.h
[21.471s] -- Up-to-date: /home/martin/ros2_workspaces/ros2_ws_dev/install/more_interfaces/lib/libmore_interfaces__rosidl_typesupport_fastrtps_cpp.so
[21.474s] -- Up-to-date: /home/martin/ros2_workspaces/ros2_ws_dev/install/more_interfaces/include/more_interfaces/more_interfaces
[21.474s] -- Up-to-date: /home/martin/ros2_workspaces/ros2_ws_dev/install/more_interfaces/include/more_interfaces/more_interfaces/msg
[21.474s] -- Up-to-date: /home/martin/ros2_workspaces/ros2_ws_dev/install/more_interfaces/include/more_interfaces/more_interfaces/msg/rosidl_typesupport_introspection_c__visibility_control.h
[21.475s] -- Up-to-date: /home/martin/ros2_workspaces/ros2_ws_dev/install/more_interfaces/include/more_interfaces/more_interfaces/msg/detail
[21.476s] -- Up-to-date: /home/martin/ros2_workspaces/ros2_ws_dev/install/more_interfaces/include/more_interfaces/more_interfaces/msg/detail/address_book__rosidl_typesupport_introspection_c.h
[21.477s] -- Up-to-date: /home/martin/ros2_workspaces/ros2_ws_dev/install/more_interfaces/include/more_interfaces/more_interfaces/msg/detail/address_book__type_support.c
[21.482s] -- Up-to-date: /home/martin/ros2_workspaces/ros2_ws_dev/install/more_interfaces/lib/libmore_interfaces__rosidl_typesupport_introspection_c.so
[21.488s] -- Up-to-date: /home/martin/ros2_workspaces/ros2_ws_dev/install/more_interfaces/lib/libmore_interfaces__rosidl_typesupport_c.so
[21.490s] -- Up-to-date: /home/martin/ros2_workspaces/ros2_ws_dev/install/more_interfaces/include/more_interfaces/more_interfaces
[21.491s] -- Up-to-date: /home/martin/ros2_workspaces/ros2_ws_dev/install/more_interfaces/include/more_interfaces/more_interfaces/msg
[21.492s] -- Up-to-date: /home/martin/ros2_workspaces/ros2_ws_dev/install/more_interfaces/include/more_interfaces/more_interfaces/msg/detail
[21.494s] -- Up-to-date: /home/martin/ros2_workspaces/ros2_ws_dev/install/more_interfaces/include/more_interfaces/more_interfaces/msg/detail/address_book__type_support.cpp
[21.494s] -- Up-to-date: /home/martin/ros2_workspaces/ros2_ws_dev/install/more_interfaces/include/more_interfaces/more_interfaces/msg/detail/address_book__rosidl_typesupport_introspection_cpp.hpp
[21.496s] -- Up-to-date: /home/martin/ros2_workspaces/ros2_ws_dev/install/more_interfaces/lib/libmore_interfaces__rosidl_typesupport_introspection_cpp.so
[21.501s] -- Up-to-date: /home/martin/ros2_workspaces/ros2_ws_dev/install/more_interfaces/lib/libmore_interfaces__rosidl_typesupport_cpp.so
[21.504s] -- Up-to-date: /home/martin/ros2_workspaces/ros2_ws_dev/install/more_interfaces/share/more_interfaces/environment/pythonpath.sh
[21.504s] -- Installing: /home/martin/ros2_workspaces/ros2_ws_dev/install/more_interfaces/share/more_interfaces/environment/pythonpath.dsv
[21.513s] -- Up-to-date: /home/martin/ros2_workspaces/ros2_ws_dev/install/more_interfaces/local/lib/python3.10/dist-packages/more_interfaces-0.0.0-py3.10.egg-info
[21.514s] -- Installing: /home/martin/ros2_workspaces/ros2_ws_dev/install/more_interfaces/local/lib/python3.10/dist-packages/more_interfaces-0.0.0-py3.10.egg-info/dependency_links.txt
[21.514s] -- Installing: /home/martin/ros2_workspaces/ros2_ws_dev/install/more_interfaces/local/lib/python3.10/dist-packages/more_interfaces-0.0.0-py3.10.egg-info/SOURCES.txt
[21.515s] -- Installing: /home/martin/ros2_workspaces/ros2_ws_dev/install/more_interfaces/local/lib/python3.10/dist-packages/more_interfaces-0.0.0-py3.10.egg-info/PKG-INFO
[21.517s] -- Installing: /home/martin/ros2_workspaces/ros2_ws_dev/install/more_interfaces/local/lib/python3.10/dist-packages/more_interfaces-0.0.0-py3.10.egg-info/top_level.txt
[21.517s] -- Up-to-date: /home/martin/ros2_workspaces/ros2_ws_dev/install/more_interfaces/local/lib/python3.10/dist-packages/more_interfaces
[21.518s] -- Up-to-date: /home/martin/ros2_workspaces/ros2_ws_dev/install/more_interfaces/local/lib/python3.10/dist-packages/more_interfaces/msg
[21.523s] -- Up-to-date: /home/martin/ros2_workspaces/ros2_ws_dev/install/more_interfaces/local/lib/python3.10/dist-packages/more_interfaces/msg/_address_book.py
[21.523s] -- Up-to-date: /home/martin/ros2_workspaces/ros2_ws_dev/install/more_interfaces/local/lib/python3.10/dist-packages/more_interfaces/msg/_address_book_s.c
[21.524s] -- Up-to-date: /home/martin/ros2_workspaces/ros2_ws_dev/install/more_interfaces/local/lib/python3.10/dist-packages/more_interfaces/msg/__init__.py
[21.524s] -- Up-to-date: /home/martin/ros2_workspaces/ros2_ws_dev/install/more_interfaces/local/lib/python3.10/dist-packages/more_interfaces/more_interfaces_s__rosidl_typesupport_c.cpython-310-x86_64-linux-gnu.so
[21.524s] -- Up-to-date: /home/martin/ros2_workspaces/ros2_ws_dev/install/more_interfaces/local/lib/python3.10/dist-packages/more_interfaces/more_interfaces_s__rosidl_typesupport_introspection_c.cpython-310-x86_64-linux-gnu.so
[21.524s] -- Up-to-date: /home/martin/ros2_workspaces/ros2_ws_dev/install/more_interfaces/local/lib/python3.10/dist-packages/more_interfaces/libmore_interfaces__rosidl_generator_py.so
[21.524s] -- Up-to-date: /home/martin/ros2_workspaces/ros2_ws_dev/install/more_interfaces/local/lib/python3.10/dist-packages/more_interfaces/more_interfaces_s__rosidl_typesupport_fastrtps_c.cpython-310-x86_64-linux-gnu.so
[21.524s] -- Up-to-date: /home/martin/ros2_workspaces/ros2_ws_dev/install/more_interfaces/local/lib/python3.10/dist-packages/more_interfaces/_more_interfaces_s.ep.rosidl_typesupport_fastrtps_c.c
[21.524s] -- Up-to-date: /home/martin/ros2_workspaces/ros2_ws_dev/install/more_interfaces/local/lib/python3.10/dist-packages/more_interfaces/_more_interfaces_s.ep.rosidl_typesupport_introspection_c.c
[21.524s] -- Up-to-date: /home/martin/ros2_workspaces/ros2_ws_dev/install/more_interfaces/local/lib/python3.10/dist-packages/more_interfaces/_more_interfaces_s.ep.rosidl_typesupport_c.c
[21.525s] -- Installing: /home/martin/ros2_workspaces/ros2_ws_dev/install/more_interfaces/local/lib/python3.10/dist-packages/more_interfaces/__init__.py
[21.592s] Listing '/home/martin/ros2_workspaces/ros2_ws_dev/install/more_interfaces/local/lib/python3.10/dist-packages/more_interfaces'...
[21.592s] Compiling '/home/martin/ros2_workspaces/ros2_ws_dev/install/more_interfaces/local/lib/python3.10/dist-packages/more_interfaces/__init__.py'...
[21.592s] Listing '/home/martin/ros2_workspaces/ros2_ws_dev/install/more_interfaces/local/lib/python3.10/dist-packages/more_interfaces/msg'...
[21.603s] -- Up-to-date: /home/martin/ros2_workspaces/ros2_ws_dev/install/more_interfaces/local/lib/python3.10/dist-packages/more_interfaces/more_interfaces_s__rosidl_typesupport_fastrtps_c.cpython-310-x86_64-linux-gnu.so
[21.606s] -- Up-to-date: /home/martin/ros2_workspaces/ros2_ws_dev/install/more_interfaces/local/lib/python3.10/dist-packages/more_interfaces/more_interfaces_s__rosidl_typesupport_introspection_c.cpython-310-x86_64-linux-gnu.so
[21.610s] -- Up-to-date: /home/martin/ros2_workspaces/ros2_ws_dev/install/more_interfaces/local/lib/python3.10/dist-packages/more_interfaces/more_interfaces_s__rosidl_typesupport_c.cpython-310-x86_64-linux-gnu.so
[21.612s] -- Up-to-date: /home/martin/ros2_workspaces/ros2_ws_dev/install/more_interfaces/lib/libmore_interfaces__rosidl_generator_py.so
[21.612s] -- Up-to-date: /home/martin/ros2_workspaces/ros2_ws_dev/install/more_interfaces/share/more_interfaces/msg/AddressBook.idl
[21.613s] -- Up-to-date: /home/martin/ros2_workspaces/ros2_ws_dev/install/more_interfaces/share/more_interfaces/msg/AddressBook.msg
[21.619s] -- Up-to-date: /home/martin/ros2_workspaces/ros2_ws_dev/install/more_interfaces/lib/more_interfaces/publish_address_book
[21.619s] -- Installing: /home/martin/ros2_workspaces/ros2_ws_dev/install/more_interfaces/lib/more_interfaces/subscribe_address_book
[21.625s] -- Set runtime path of "/home/martin/ros2_workspaces/ros2_ws_dev/install/more_interfaces/lib/more_interfaces/subscribe_address_book" to ""
[21.626s] -- Up-to-date: /home/martin/ros2_workspaces/ros2_ws_dev/install/more_interfaces/share/ament_index/resource_index/package_run_dependencies/more_interfaces
[21.626s] -- Installing: /home/martin/ros2_workspaces/ros2_ws_dev/install/more_interfaces/share/ament_index/resource_index/parent_prefix_path/more_interfaces
[21.627s] -- Up-to-date: /home/martin/ros2_workspaces/ros2_ws_dev/install/more_interfaces/share/more_interfaces/environment/ament_prefix_path.sh
[21.627s] -- Installing: /home/martin/ros2_workspaces/ros2_ws_dev/install/more_interfaces/share/more_interfaces/environment/ament_prefix_path.dsv
[21.628s] -- Up-to-date: /home/martin/ros2_workspaces/ros2_ws_dev/install/more_interfaces/share/more_interfaces/environment/path.sh
[21.629s] -- Installing: /home/martin/ros2_workspaces/ros2_ws_dev/install/more_interfaces/share/more_interfaces/environment/path.dsv
[21.630s] -- Up-to-date: /home/martin/ros2_workspaces/ros2_ws_dev/install/more_interfaces/share/more_interfaces/local_setup.bash
[21.631s] -- Up-to-date: /home/martin/ros2_workspaces/ros2_ws_dev/install/more_interfaces/share/more_interfaces/local_setup.sh
[21.631s] -- Up-to-date: /home/martin/ros2_workspaces/ros2_ws_dev/install/more_interfaces/share/more_interfaces/local_setup.zsh
[21.631s] -- Installing: /home/martin/ros2_workspaces/ros2_ws_dev/install/more_interfaces/share/more_interfaces/local_setup.dsv
[21.632s] -- Installing: /home/martin/ros2_workspaces/ros2_ws_dev/install/more_interfaces/share/more_interfaces/package.dsv
[21.634s] -- Up-to-date: /home/martin/ros2_workspaces/ros2_ws_dev/install/more_interfaces/share/ament_index/resource_index/packages/more_interfaces
[21.639s] -- Up-to-date: /home/martin/ros2_workspaces/ros2_ws_dev/install/more_interfaces/share/more_interfaces/cmake/export_more_interfaces__rosidl_generator_cExport.cmake
[21.640s] -- Up-to-date: /home/martin/ros2_workspaces/ros2_ws_dev/install/more_interfaces/share/more_interfaces/cmake/export_more_interfaces__rosidl_generator_cExport-noconfig.cmake
[21.642s] -- Up-to-date: /home/martin/ros2_workspaces/ros2_ws_dev/install/more_interfaces/share/more_interfaces/cmake/export_more_interfaces__rosidl_typesupport_fastrtps_cExport.cmake
[21.642s] -- Up-to-date: /home/martin/ros2_workspaces/ros2_ws_dev/install/more_interfaces/share/more_interfaces/cmake/export_more_interfaces__rosidl_typesupport_fastrtps_cExport-noconfig.cmake
[21.644s] -- Up-to-date: /home/martin/ros2_workspaces/ros2_ws_dev/install/more_interfaces/share/more_interfaces/cmake/export_more_interfaces__rosidl_generator_cppExport.cmake
[21.647s] -- Up-to-date: /home/martin/ros2_workspaces/ros2_ws_dev/install/more_interfaces/share/more_interfaces/cmake/export_more_interfaces__rosidl_typesupport_fastrtps_cppExport.cmake
[21.647s] -- Up-to-date: /home/martin/ros2_workspaces/ros2_ws_dev/install/more_interfaces/share/more_interfaces/cmake/export_more_interfaces__rosidl_typesupport_fastrtps_cppExport-noconfig.cmake
[21.649s] -- Up-to-date: /home/martin/ros2_workspaces/ros2_ws_dev/install/more_interfaces/share/more_interfaces/cmake/more_interfaces__rosidl_typesupport_introspection_cExport.cmake
[21.649s] -- Up-to-date: /home/martin/ros2_workspaces/ros2_ws_dev/install/more_interfaces/share/more_interfaces/cmake/more_interfaces__rosidl_typesupport_introspection_cExport-noconfig.cmake
[21.652s] -- Up-to-date: /home/martin/ros2_workspaces/ros2_ws_dev/install/more_interfaces/share/more_interfaces/cmake/more_interfaces__rosidl_typesupport_cExport.cmake
[21.652s] -- Up-to-date: /home/martin/ros2_workspaces/ros2_ws_dev/install/more_interfaces/share/more_interfaces/cmake/more_interfaces__rosidl_typesupport_cExport-noconfig.cmake
[21.654s] -- Up-to-date: /home/martin/ros2_workspaces/ros2_ws_dev/install/more_interfaces/share/more_interfaces/cmake/more_interfaces__rosidl_typesupport_introspection_cppExport.cmake
[21.654s] -- Up-to-date: /home/martin/ros2_workspaces/ros2_ws_dev/install/more_interfaces/share/more_interfaces/cmake/more_interfaces__rosidl_typesupport_introspection_cppExport-noconfig.cmake
[21.657s] -- Up-to-date: /home/martin/ros2_workspaces/ros2_ws_dev/install/more_interfaces/share/more_interfaces/cmake/more_interfaces__rosidl_typesupport_cppExport.cmake
[21.657s] -- Up-to-date: /home/martin/ros2_workspaces/ros2_ws_dev/install/more_interfaces/share/more_interfaces/cmake/more_interfaces__rosidl_typesupport_cppExport-noconfig.cmake
[21.660s] -- Up-to-date: /home/martin/ros2_workspaces/ros2_ws_dev/install/more_interfaces/share/more_interfaces/cmake/export_more_interfaces__rosidl_generator_pyExport.cmake
[21.660s] -- Up-to-date: /home/martin/ros2_workspaces/ros2_ws_dev/install/more_interfaces/share/more_interfaces/cmake/export_more_interfaces__rosidl_generator_pyExport-noconfig.cmake
[21.660s] -- Up-to-date: /home/martin/ros2_workspaces/ros2_ws_dev/install/more_interfaces/share/more_interfaces/cmake/rosidl_cmake-extras.cmake
[21.661s] -- Up-to-date: /home/martin/ros2_workspaces/ros2_ws_dev/install/more_interfaces/share/more_interfaces/cmake/ament_cmake_export_include_directories-extras.cmake
[21.661s] -- Up-to-date: /home/martin/ros2_workspaces/ros2_ws_dev/install/more_interfaces/share/more_interfaces/cmake/ament_cmake_export_libraries-extras.cmake
[21.661s] -- Up-to-date: /home/martin/ros2_workspaces/ros2_ws_dev/install/more_interfaces/share/more_interfaces/cmake/ament_cmake_export_targets-extras.cmake
[21.661s] -- Up-to-date: /home/martin/ros2_workspaces/ros2_ws_dev/install/more_interfaces/share/more_interfaces/cmake/rosidl_cmake_export_typesupport_targets-extras.cmake
[21.661s] -- Up-to-date: /home/martin/ros2_workspaces/ros2_ws_dev/install/more_interfaces/share/more_interfaces/cmake/ament_cmake_export_dependencies-extras.cmake
[21.661s] -- Up-to-date: /home/martin/ros2_workspaces/ros2_ws_dev/install/more_interfaces/share/more_interfaces/cmake/rosidl_cmake_export_typesupport_libraries-extras.cmake
[21.661s] -- Up-to-date: /home/martin/ros2_workspaces/ros2_ws_dev/install/more_interfaces/share/more_interfaces/cmake/more_interfacesConfig.cmake
[21.661s] -- Up-to-date: /home/martin/ros2_workspaces/ros2_ws_dev/install/more_interfaces/share/more_interfaces/cmake/more_interfacesConfig-version.cmake
[21.662s] -- Up-to-date: /home/martin/ros2_workspaces/ros2_ws_dev/install/more_interfaces/share/more_interfaces/package.xml
[21.670s] Invoked command in '/home/martin/ros2_workspaces/ros2_ws_dev/build/more_interfaces' returned '0': CMAKE_PREFIX_PATH=/opt/ros/humble /usr/bin/cmake --install /home/martin/ros2_workspaces/ros2_ws_dev/build/more_interfaces
