[0.897s] Invoking command in '/home/martin/ros2_workspaces/ros2_ws_dev/src/python_parameters': PS1=(venv) \[\e]0;\u@\h: \w\a\]${debian_chroot:+($debian_chroot)}\[\033[01;32m\]\u@\h\[\033[00m\]:\[\033[01;34m\]\w\[\033[00m\]\$ PYTHONPATH=/home/martin/ros2_workspaces/ros2_ws_dev/install/python_parameters/lib/python3.10/site-packages:${PYTHONPATH} VIRTUAL_ENV_PROMPT=(venv) /usr/bin/python3 setup.py egg_info --egg-base ../../build/python_parameters build --build-base /home/martin/ros2_workspaces/ros2_ws_dev/build/python_parameters/build install --prefix /home/martin/ros2_workspaces/ros2_ws_dev/install/python_parameters --record /home/martin/ros2_workspaces/ros2_ws_dev/build/python_parameters/install.log --single-version-externally-managed
[1.185s] running egg_info
[1.186s] writing ../../build/python_parameters/python_parameters.egg-info/PKG-INFO
[1.187s] writing dependency_links to ../../build/python_parameters/python_parameters.egg-info/dependency_links.txt
[1.188s] writing entry points to ../../build/python_parameters/python_parameters.egg-info/entry_points.txt
[1.189s] writing requirements to ../../build/python_parameters/python_parameters.egg-info/requires.txt
[1.190s] writing top-level names to ../../build/python_parameters/python_parameters.egg-info/top_level.txt
[1.193s] reading manifest file '../../build/python_parameters/python_parameters.egg-info/SOURCES.txt'
[1.195s] writing manifest file '../../build/python_parameters/python_parameters.egg-info/SOURCES.txt'
[1.196s] running build
[1.197s] running build_py
[1.197s] running install
[1.198s] /usr/lib/python3/dist-packages/setuptools/command/install.py:34: SetuptoolsDeprecationWarning: setup.py install is deprecated. Use build and pip and other standards-based tools.
[1.198s]   warnings.warn(
[1.199s] running install_lib
[1.200s] running install_data
[1.201s] running install_egg_info
[1.204s] removing '/home/martin/ros2_workspaces/ros2_ws_dev/install/python_parameters/lib/python3.10/site-packages/python_parameters-0.0.0-py3.10.egg-info' (and everything under it)
[1.204s] Copying ../../build/python_parameters/python_parameters.egg-info to /home/martin/ros2_workspaces/ros2_ws_dev/install/python_parameters/lib/python3.10/site-packages/python_parameters-0.0.0-py3.10.egg-info
[1.205s] running install_scripts
[1.232s] Installing minimal_param_node script to /home/martin/ros2_workspaces/ros2_ws_dev/install/python_parameters/lib/python_parameters
[1.233s] writing list of installed files to '/home/martin/ros2_workspaces/ros2_ws_dev/build/python_parameters/install.log'
[1.270s] Invoked command in '/home/martin/ros2_workspaces/ros2_ws_dev/src/python_parameters' returned '0': PS1=(venv) \[\e]0;\u@\h: \w\a\]${debian_chroot:+($debian_chroot)}\[\033[01;32m\]\u@\h\[\033[00m\]:\[\033[01;34m\]\w\[\033[00m\]\$ PYTHONPATH=/home/martin/ros2_workspaces/ros2_ws_dev/install/python_parameters/lib/python3.10/site-packages:${PYTHONPATH} VIRTUAL_ENV_PROMPT=(venv) /usr/bin/python3 setup.py egg_info --egg-base ../../build/python_parameters build --build-base /home/martin/ros2_workspaces/ros2_ws_dev/build/python_parameters/build install --prefix /home/martin/ros2_workspaces/ros2_ws_dev/install/python_parameters --record /home/martin/ros2_workspaces/ros2_ws_dev/build/python_parameters/install.log --single-version-externally-managed
