[0.728s] Invoking command in '/home/martin/ros2_workspaces/ros2_ws_dev/src/py_pubsub': AMENT_PREFIX_PATH=/home/martin/ros2_workspaces/ros2_ws_dev/install/tutorial_interfaces:${AMENT_PREFIX_PATH} CMAKE_PREFIX_PATH=/home/martin/ros2_workspaces/ros2_ws_dev/install/tutorial_interfaces LD_LIBRARY_PATH=/home/martin/ros2_workspaces/ros2_ws_dev/install/tutorial_interfaces/lib:${LD_LIBRARY_PATH} PS1=(venv) \[\e]0;\u@\h: \w\a\]${debian_chroot:+($debian_chroot)}\[\033[01;32m\]\u@\h\[\033[00m\]:\[\033[01;34m\]\w\[\033[00m\]\$ PYTHONPATH=/home/martin/ros2_workspaces/ros2_ws_dev/install/py_pubsub/lib/python3.10/site-packages:/home/martin/ros2_workspaces/ros2_ws_dev/install/tutorial_interfaces/local/lib/python3.10/dist-packages:${PYTHONPATH} VIRTUAL_ENV_PROMPT=(venv) /usr/bin/python3 setup.py egg_info --egg-base ../../build/py_pubsub build --build-base /home/martin/ros2_workspaces/ros2_ws_dev/build/py_pubsub/build install --prefix /home/martin/ros2_workspaces/ros2_ws_dev/install/py_pubsub --record /home/martin/ros2_workspaces/ros2_ws_dev/build/py_pubsub/install.log --single-version-externally-managed
[1.003s] running egg_info
[1.005s] writing ../../build/py_pubsub/py_pubsub.egg-info/PKG-INFO
[1.008s] writing dependency_links to ../../build/py_pubsub/py_pubsub.egg-info/dependency_links.txt
[1.009s] writing entry points to ../../build/py_pubsub/py_pubsub.egg-info/entry_points.txt
[1.010s] writing requirements to ../../build/py_pubsub/py_pubsub.egg-info/requires.txt
[1.011s] writing top-level names to ../../build/py_pubsub/py_pubsub.egg-info/top_level.txt
[1.017s] reading manifest file '../../build/py_pubsub/py_pubsub.egg-info/SOURCES.txt'
[1.020s] writing manifest file '../../build/py_pubsub/py_pubsub.egg-info/SOURCES.txt'
[1.021s] running build
[1.021s] running build_py
[1.025s] running install
[1.026s] /usr/lib/python3/dist-packages/setuptools/command/install.py:34: SetuptoolsDeprecationWarning: setup.py install is deprecated. Use build and pip and other standards-based tools.
[1.026s]   warnings.warn(
[1.026s] running install_lib
[1.030s] running install_data
[1.034s] running install_egg_info
[1.036s] removing '/home/martin/ros2_workspaces/ros2_ws_dev/install/py_pubsub/lib/python3.10/site-packages/py_pubsub-0.0.0-py3.10.egg-info' (and everything under it)
[1.036s] Copying ../../build/py_pubsub/py_pubsub.egg-info to /home/martin/ros2_workspaces/ros2_ws_dev/install/py_pubsub/lib/python3.10/site-packages/py_pubsub-0.0.0-py3.10.egg-info
[1.039s] running install_scripts
[1.070s] Installing listener script to /home/martin/ros2_workspaces/ros2_ws_dev/install/py_pubsub/lib/py_pubsub
[1.070s] Installing talker script to /home/martin/ros2_workspaces/ros2_ws_dev/install/py_pubsub/lib/py_pubsub
[1.070s] writing list of installed files to '/home/martin/ros2_workspaces/ros2_ws_dev/build/py_pubsub/install.log'
[1.105s] Invoked command in '/home/martin/ros2_workspaces/ros2_ws_dev/src/py_pubsub' returned '0': AMENT_PREFIX_PATH=/home/martin/ros2_workspaces/ros2_ws_dev/install/tutorial_interfaces:${AMENT_PREFIX_PATH} CMAKE_PREFIX_PATH=/home/martin/ros2_workspaces/ros2_ws_dev/install/tutorial_interfaces LD_LIBRARY_PATH=/home/martin/ros2_workspaces/ros2_ws_dev/install/tutorial_interfaces/lib:${LD_LIBRARY_PATH} PS1=(venv) \[\e]0;\u@\h: \w\a\]${debian_chroot:+($debian_chroot)}\[\033[01;32m\]\u@\h\[\033[00m\]:\[\033[01;34m\]\w\[\033[00m\]\$ PYTHONPATH=/home/martin/ros2_workspaces/ros2_ws_dev/install/py_pubsub/lib/python3.10/site-packages:/home/martin/ros2_workspaces/ros2_ws_dev/install/tutorial_interfaces/local/lib/python3.10/dist-packages:${PYTHONPATH} VIRTUAL_ENV_PROMPT=(venv) /usr/bin/python3 setup.py egg_info --egg-base ../../build/py_pubsub build --build-base /home/martin/ros2_workspaces/ros2_ws_dev/build/py_pubsub/build install --prefix /home/martin/ros2_workspaces/ros2_ws_dev/install/py_pubsub --record /home/martin/ros2_workspaces/ros2_ws_dev/build/py_pubsub/install.log --single-version-externally-managed
