[1.465s] Invoking command in '/home/martin/ros2_workspaces/ros2_ws_dev/src/my_package': PYTHONPATH=/home/martin/ros2_workspaces/ros2_ws_dev/install/my_package/lib/python3.10/site-packages:${PYTHONPATH} /usr/bin/python3 setup.py egg_info --egg-base ../../build/my_package build --build-base /home/martin/ros2_workspaces/ros2_ws_dev/build/my_package/build install --prefix /home/martin/ros2_workspaces/ros2_ws_dev/install/my_package --record /home/martin/ros2_workspaces/ros2_ws_dev/build/my_package/install.log --single-version-externally-managed
[1.764s] running egg_info
[1.765s] writing ../../build/my_package/my_package.egg-info/PKG-INFO
[1.772s] writing dependency_links to ../../build/my_package/my_package.egg-info/dependency_links.txt
[1.773s] writing entry points to ../../build/my_package/my_package.egg-info/entry_points.txt
[1.774s] writing requirements to ../../build/my_package/my_package.egg-info/requires.txt
[1.775s] writing top-level names to ../../build/my_package/my_package.egg-info/top_level.txt
[1.788s] reading manifest file '../../build/my_package/my_package.egg-info/SOURCES.txt'
[1.792s] writing manifest file '../../build/my_package/my_package.egg-info/SOURCES.txt'
[1.792s] running build
[1.794s] running build_py
[1.797s] running install
[1.798s] /usr/lib/python3/dist-packages/setuptools/command/install.py:34: SetuptoolsDeprecationWarning: setup.py install is deprecated. Use build and pip and other standards-based tools.
[1.798s]   warnings.warn(
[1.799s] running install_lib
[1.803s] running install_data
[1.804s] running install_egg_info
[1.808s] removing '/home/martin/ros2_workspaces/ros2_ws_dev/install/my_package/lib/python3.10/site-packages/my_package-0.0.0-py3.10.egg-info' (and everything under it)
[1.809s] Copying ../../build/my_package/my_package.egg-info to /home/martin/ros2_workspaces/ros2_ws_dev/install/my_package/lib/python3.10/site-packages/my_package-0.0.0-py3.10.egg-info
[1.811s] running install_scripts
[1.863s] Installing my_node script to /home/martin/ros2_workspaces/ros2_ws_dev/install/my_package/lib/my_package
[1.865s] writing list of installed files to '/home/martin/ros2_workspaces/ros2_ws_dev/build/my_package/install.log'
[1.908s] Invoked command in '/home/martin/ros2_workspaces/ros2_ws_dev/src/my_package' returned '0': PYTHONPATH=/home/martin/ros2_workspaces/ros2_ws_dev/install/my_package/lib/python3.10/site-packages:${PYTHONPATH} /usr/bin/python3 setup.py egg_info --egg-base ../../build/my_package build --build-base /home/martin/ros2_workspaces/ros2_ws_dev/build/my_package/build install --prefix /home/martin/ros2_workspaces/ros2_ws_dev/install/my_package --record /home/martin/ros2_workspaces/ros2_ws_dev/build/my_package/install.log --single-version-externally-managed
