[1.421s] Invoking command in '/home/martin/ros2_workspaces/ros2_ws_dev/src/head': PYTHONPATH=/home/martin/ros2_workspaces/ros2_ws_dev/install/head/lib/python3.10/site-packages:${PYTHONPATH} /usr/bin/python3 setup.py egg_info --egg-base ../../build/head build --build-base /home/martin/ros2_workspaces/ros2_ws_dev/build/head/build install --prefix /home/martin/ros2_workspaces/ros2_ws_dev/install/head --record /home/martin/ros2_workspaces/ros2_ws_dev/build/head/install.log --single-version-externally-managed
[1.848s] running egg_info
[1.848s] writing ../../build/head/head.egg-info/PKG-INFO
[1.852s] writing dependency_links to ../../build/head/head.egg-info/dependency_links.txt
[1.853s] writing entry points to ../../build/head/head.egg-info/entry_points.txt
[1.856s] writing requirements to ../../build/head/head.egg-info/requires.txt
[1.856s] writing top-level names to ../../build/head/head.egg-info/top_level.txt
[1.859s] reading manifest file '../../build/head/head.egg-info/SOURCES.txt'
[1.862s] writing manifest file '../../build/head/head.egg-info/SOURCES.txt'
[1.863s] running build
[1.864s] running build_py
[1.865s] copying head/head_tf_move_sub.py -> /home/martin/ros2_workspaces/ros2_ws_dev/build/head/build/lib/head
[1.867s] running install
[1.867s] /usr/lib/python3/dist-packages/setuptools/command/install.py:34: SetuptoolsDeprecationWarning: setup.py install is deprecated. Use build and pip and other standards-based tools.
[1.868s]   warnings.warn(
[1.869s] running install_lib
[1.871s] copying /home/martin/ros2_workspaces/ros2_ws_dev/build/head/build/lib/head/head_tf_move_sub.py -> /home/martin/ros2_workspaces/ros2_ws_dev/install/head/lib/python3.10/site-packages/head
[1.873s] byte-compiling /home/martin/ros2_workspaces/ros2_ws_dev/install/head/lib/python3.10/site-packages/head/head_tf_move_sub.py to head_tf_move_sub.cpython-310.pyc
[1.874s]   File "/home/martin/ros2_workspaces/ros2_ws_dev/install/head/lib/python3.10/site-packages/head/head_tf_move_sub.py", line 10
[1.874s]     self.subscription = self.create_subscription(String 'head_move', self.tf_move_callback, 10)
[1.875s]                                                         ^^^^^^^^^^^
[1.875s] SyntaxError: invalid syntax
[1.875s] 
[1.875s] running install_data
[1.878s] running install_egg_info
[1.892s] removing '/home/martin/ros2_workspaces/ros2_ws_dev/install/head/lib/python3.10/site-packages/head-0.0.0-py3.10.egg-info' (and everything under it)
[1.897s] Copying ../../build/head/head.egg-info to /home/martin/ros2_workspaces/ros2_ws_dev/install/head/lib/python3.10/site-packages/head-0.0.0-py3.10.egg-info
[1.900s] running install_scripts
[1.944s] Installing head_move_sub script to /home/martin/ros2_workspaces/ros2_ws_dev/install/head/lib/head
[1.945s] Installing head_state_service script to /home/martin/ros2_workspaces/ros2_ws_dev/install/head/lib/head
[1.945s] Installing head_tf_move_sub script to /home/martin/ros2_workspaces/ros2_ws_dev/install/head/lib/head
[1.945s] writing list of installed files to '/home/martin/ros2_workspaces/ros2_ws_dev/build/head/install.log'
[1.998s] Invoked command in '/home/martin/ros2_workspaces/ros2_ws_dev/src/head' returned '0': PYTHONPATH=/home/martin/ros2_workspaces/ros2_ws_dev/install/head/lib/python3.10/site-packages:${PYTHONPATH} /usr/bin/python3 setup.py egg_info --egg-base ../../build/head build --build-base /home/martin/ros2_workspaces/ros2_ws_dev/build/head/build install --prefix /home/martin/ros2_workspaces/ros2_ws_dev/install/head --record /home/martin/ros2_workspaces/ros2_ws_dev/build/head/install.log --single-version-externally-managed
