[1.251s] Invoking command in '/home/martin/ros2_workspaces/ros2_ws_dev/src/head': PYTHONPATH=/home/martin/ros2_workspaces/ros2_ws_dev/install/head/lib/python3.10/site-packages:${PYTHONPATH} /usr/bin/python3 setup.py egg_info --egg-base ../../build/head build --build-base /home/martin/ros2_workspaces/ros2_ws_dev/build/head/build install --prefix /home/martin/ros2_workspaces/ros2_ws_dev/install/head --record /home/martin/ros2_workspaces/ros2_ws_dev/build/head/install.log --single-version-externally-managed
[1.689s] running egg_info
[1.691s] writing ../../build/head/head.egg-info/PKG-INFO
[1.692s] writing dependency_links to ../../build/head/head.egg-info/dependency_links.txt
[1.695s] writing entry points to ../../build/head/head.egg-info/entry_points.txt
[1.696s] writing requirements to ../../build/head/head.egg-info/requires.txt
[1.699s] writing top-level names to ../../build/head/head.egg-info/top_level.txt
[1.703s] reading manifest file '../../build/head/head.egg-info/SOURCES.txt'
[1.706s] writing manifest file '../../build/head/head.egg-info/SOURCES.txt'
[1.707s] running build
[1.707s] running build_py
[1.709s] running install
[1.710s] /usr/lib/python3/dist-packages/setuptools/command/install.py:34: SetuptoolsDeprecationWarning: setup.py install is deprecated. Use build and pip and other standards-based tools.
[1.710s]   warnings.warn(
[1.711s] running install_lib
[1.714s] byte-compiling /home/martin/ros2_workspaces/ros2_ws_dev/install/head/lib/python3.10/site-packages/head/head_tf_move_sub.py to head_tf_move_sub.cpython-310.pyc
[1.715s]   File "/home/martin/ros2_workspaces/ros2_ws_dev/install/head/lib/python3.10/site-packages/head/head_tf_move_sub.py", line 10
[1.716s]     self.subscription = self.create_subscription(String 'head_move', self.tf_move_callback, 10)
[1.716s]                                                         ^^^^^^^^^^^
[1.716s] SyntaxError: invalid syntax
[1.716s] 
[1.716s] running install_data
[1.717s] running install_egg_info
[1.721s] removing '/home/martin/ros2_workspaces/ros2_ws_dev/install/head/lib/python3.10/site-packages/head-0.0.0-py3.10.egg-info' (and everything under it)
[1.723s] Copying ../../build/head/head.egg-info to /home/martin/ros2_workspaces/ros2_ws_dev/install/head/lib/python3.10/site-packages/head-0.0.0-py3.10.egg-info
[1.725s] running install_scripts
[1.763s] Installing head_move_sub script to /home/martin/ros2_workspaces/ros2_ws_dev/install/head/lib/head
[1.764s] Installing head_state_service script to /home/martin/ros2_workspaces/ros2_ws_dev/install/head/lib/head
[1.767s] Installing head_tf_move_sub script to /home/martin/ros2_workspaces/ros2_ws_dev/install/head/lib/head
[1.769s] writing list of installed files to '/home/martin/ros2_workspaces/ros2_ws_dev/build/head/install.log'
[1.825s] Invoked command in '/home/martin/ros2_workspaces/ros2_ws_dev/src/head' returned '0': PYTHONPATH=/home/martin/ros2_workspaces/ros2_ws_dev/install/head/lib/python3.10/site-packages:${PYTHONPATH} /usr/bin/python3 setup.py egg_info --egg-base ../../build/head build --build-base /home/martin/ros2_workspaces/ros2_ws_dev/build/head/build install --prefix /home/martin/ros2_workspaces/ros2_ws_dev/install/head --record /home/martin/ros2_workspaces/ros2_ws_dev/build/head/install.log --single-version-externally-managed
