[0.495s] Invoking command in '/home/martin/ros2_workspaces/ros2_ws_dev/build/mbit_interfaces': CMAKE_PREFIX_PATH=/opt/ros/humble /usr/bin/cmake --build /home/martin/ros2_workspaces/ros2_ws_dev/build/mbit_interfaces -- -j2 -l2
[0.592s] [  9%] Built target mbit_interfaces__rosidl_generator_c
[0.647s] [  9%] Built target ament_cmake_python_copy_mbit_interfaces
[0.686s] [ 19%] Built target mbit_interfaces__rosidl_typesupport_c
[0.728s] [ 29%] Built target mbit_interfaces__rosidl_typesupport_fastrtps_c
[0.770s] [ 38%] Built target mbit_interfaces__rosidl_typesupport_introspection_c
[0.894s] [ 41%] Built target mbit_interfaces__cpp
[0.936s] [ 51%] Built target mbit_interfaces__rosidl_typesupport_fastrtps_cpp
[0.977s] [ 61%] Built target mbit_interfaces__rosidl_typesupport_introspection_cpp
[1.020s] [ 70%] Built target mbit_interfaces__rosidl_typesupport_cpp
[1.058s] [ 70%] Built target mbit_interfaces
[1.097s] [ 74%] Built target mbit_interfaces__py
[1.140s] [ 80%] Built target mbit_interfaces__rosidl_generator_py
[1.236s] running egg_info
[1.236s] writing mbit_interfaces.egg-info/PKG-INFO
[1.236s] writing dependency_links to mbit_interfaces.egg-info/dependency_links.txt
[1.237s] writing top-level names to mbit_interfaces.egg-info/top_level.txt
[1.237s] [ 87%] Built target mbit_interfaces__rosidl_typesupport_fastrtps_c__pyext
[1.245s] reading manifest file 'mbit_interfaces.egg-info/SOURCES.txt'
[1.248s] writing manifest file 'mbit_interfaces.egg-info/SOURCES.txt'
[1.324s] [ 93%] Built target mbit_interfaces__rosidl_typesupport_introspection_c__pyext
[1.386s] [ 93%] Built target ament_cmake_python_build_mbit_interfaces_egg
[1.401s] [100%] Built target mbit_interfaces__rosidl_typesupport_c__pyext
[1.481s] Invoked command in '/home/martin/ros2_workspaces/ros2_ws_dev/build/mbit_interfaces' returned '0': CMAKE_PREFIX_PATH=/opt/ros/humble /usr/bin/cmake --build /home/martin/ros2_workspaces/ros2_ws_dev/build/mbit_interfaces -- -j2 -l2
[1.730s] Invoking command in '/home/martin/ros2_workspaces/ros2_ws_dev/build/mbit_interfaces': CMAKE_PREFIX_PATH=/opt/ros/humble /usr/bin/cmake --install /home/martin/ros2_workspaces/ros2_ws_dev/build/mbit_interfaces
[1.745s] -- Install configuration: ""
[1.745s] -- Up-to-date: /home/martin/ros2_workspaces/ros2_ws_dev/install/mbit_interfaces/share/ament_index/resource_index/rosidl_interfaces/mbit_interfaces
[1.746s] -- Up-to-date: /home/martin/ros2_workspaces/ros2_ws_dev/install/mbit_interfaces/include/mbit_interfaces/mbit_interfaces
[1.746s] -- Up-to-date: /home/martin/ros2_workspaces/ros2_ws_dev/install/mbit_interfaces/include/mbit_interfaces/mbit_interfaces/srv
[1.746s] -- Up-to-date: /home/martin/ros2_workspaces/ros2_ws_dev/install/mbit_interfaces/include/mbit_interfaces/mbit_interfaces/srv/detail
[1.746s] -- Up-to-date: /home/martin/ros2_workspaces/ros2_ws_dev/install/mbit_interfaces/include/mbit_interfaces/mbit_interfaces/srv/detail/head_state__functions.c
[1.747s] -- Up-to-date: /home/martin/ros2_workspaces/ros2_ws_dev/install/mbit_interfaces/include/mbit_interfaces/mbit_interfaces/srv/detail/head_state__type_support.h
[1.747s] -- Up-to-date: /home/martin/ros2_workspaces/ros2_ws_dev/install/mbit_interfaces/include/mbit_interfaces/mbit_interfaces/srv/detail/head_state__struct.h
[1.747s] -- Up-to-date: /home/martin/ros2_workspaces/ros2_ws_dev/install/mbit_interfaces/include/mbit_interfaces/mbit_interfaces/srv/detail/head_state__functions.h
[1.747s] -- Up-to-date: /home/martin/ros2_workspaces/ros2_ws_dev/install/mbit_interfaces/include/mbit_interfaces/mbit_interfaces/srv/head_state.h
[1.748s] -- Up-to-date: /home/martin/ros2_workspaces/ros2_ws_dev/install/mbit_interfaces/include/mbit_interfaces/mbit_interfaces/msg
[1.748s] -- Up-to-date: /home/martin/ros2_workspaces/ros2_ws_dev/install/mbit_interfaces/include/mbit_interfaces/mbit_interfaces/msg/rosidl_generator_c__visibility_control.h
[1.748s] -- Up-to-date: /home/martin/ros2_workspaces/ros2_ws_dev/install/mbit_interfaces/share/mbit_interfaces/environment/library_path.sh
[1.748s] -- Up-to-date: /home/martin/ros2_workspaces/ros2_ws_dev/install/mbit_interfaces/share/mbit_interfaces/environment/library_path.dsv
[1.749s] -- Up-to-date: /home/martin/ros2_workspaces/ros2_ws_dev/install/mbit_interfaces/lib/libmbit_interfaces__rosidl_generator_c.so
[1.750s] -- Up-to-date: /home/martin/ros2_workspaces/ros2_ws_dev/install/mbit_interfaces/include/mbit_interfaces/mbit_interfaces
[1.750s] -- Up-to-date: /home/martin/ros2_workspaces/ros2_ws_dev/install/mbit_interfaces/include/mbit_interfaces/mbit_interfaces/srv
[1.750s] -- Up-to-date: /home/martin/ros2_workspaces/ros2_ws_dev/install/mbit_interfaces/include/mbit_interfaces/mbit_interfaces/srv/detail
[1.750s] -- Up-to-date: /home/martin/ros2_workspaces/ros2_ws_dev/install/mbit_interfaces/include/mbit_interfaces/mbit_interfaces/srv/detail/head_state__rosidl_typesupport_fastrtps_c.h
[1.751s] -- Up-to-date: /home/martin/ros2_workspaces/ros2_ws_dev/install/mbit_interfaces/include/mbit_interfaces/mbit_interfaces/msg
[1.751s] -- Up-to-date: /home/martin/ros2_workspaces/ros2_ws_dev/install/mbit_interfaces/include/mbit_interfaces/mbit_interfaces/msg/rosidl_typesupport_fastrtps_c__visibility_control.h
[1.751s] -- Up-to-date: /home/martin/ros2_workspaces/ros2_ws_dev/install/mbit_interfaces/lib/libmbit_interfaces__rosidl_typesupport_fastrtps_c.so
[1.752s] -- Up-to-date: /home/martin/ros2_workspaces/ros2_ws_dev/install/mbit_interfaces/include/mbit_interfaces/mbit_interfaces
[1.752s] -- Up-to-date: /home/martin/ros2_workspaces/ros2_ws_dev/install/mbit_interfaces/include/mbit_interfaces/mbit_interfaces/srv
[1.752s] -- Up-to-date: /home/martin/ros2_workspaces/ros2_ws_dev/install/mbit_interfaces/include/mbit_interfaces/mbit_interfaces/srv/detail
[1.753s] -- Up-to-date: /home/martin/ros2_workspaces/ros2_ws_dev/install/mbit_interfaces/include/mbit_interfaces/mbit_interfaces/srv/detail/head_state__rosidl_typesupport_introspection_c.h
[1.753s] -- Up-to-date: /home/martin/ros2_workspaces/ros2_ws_dev/install/mbit_interfaces/include/mbit_interfaces/mbit_interfaces/srv/detail/head_state__type_support.c
[1.753s] -- Up-to-date: /home/martin/ros2_workspaces/ros2_ws_dev/install/mbit_interfaces/include/mbit_interfaces/mbit_interfaces/msg
[1.753s] -- Up-to-date: /home/martin/ros2_workspaces/ros2_ws_dev/install/mbit_interfaces/include/mbit_interfaces/mbit_interfaces/msg/rosidl_typesupport_introspection_c__visibility_control.h
[1.754s] -- Up-to-date: /home/martin/ros2_workspaces/ros2_ws_dev/install/mbit_interfaces/lib/libmbit_interfaces__rosidl_typesupport_introspection_c.so
[1.754s] -- Up-to-date: /home/martin/ros2_workspaces/ros2_ws_dev/install/mbit_interfaces/lib/libmbit_interfaces__rosidl_typesupport_c.so
[1.755s] -- Up-to-date: /home/martin/ros2_workspaces/ros2_ws_dev/install/mbit_interfaces/include/mbit_interfaces/mbit_interfaces
[1.755s] -- Up-to-date: /home/martin/ros2_workspaces/ros2_ws_dev/install/mbit_interfaces/include/mbit_interfaces/mbit_interfaces/srv
[1.756s] -- Up-to-date: /home/martin/ros2_workspaces/ros2_ws_dev/install/mbit_interfaces/include/mbit_interfaces/mbit_interfaces/srv/head_state.hpp
[1.756s] -- Up-to-date: /home/martin/ros2_workspaces/ros2_ws_dev/install/mbit_interfaces/include/mbit_interfaces/mbit_interfaces/srv/detail
[1.756s] -- Up-to-date: /home/martin/ros2_workspaces/ros2_ws_dev/install/mbit_interfaces/include/mbit_interfaces/mbit_interfaces/srv/detail/head_state__traits.hpp
[1.756s] -- Up-to-date: /home/martin/ros2_workspaces/ros2_ws_dev/install/mbit_interfaces/include/mbit_interfaces/mbit_interfaces/srv/detail/head_state__builder.hpp
[1.756s] -- Up-to-date: /home/martin/ros2_workspaces/ros2_ws_dev/install/mbit_interfaces/include/mbit_interfaces/mbit_interfaces/srv/detail/head_state__struct.hpp
[1.757s] -- Up-to-date: /home/martin/ros2_workspaces/ros2_ws_dev/install/mbit_interfaces/include/mbit_interfaces/mbit_interfaces
[1.757s] -- Up-to-date: /home/martin/ros2_workspaces/ros2_ws_dev/install/mbit_interfaces/include/mbit_interfaces/mbit_interfaces/srv
[1.757s] -- Up-to-date: /home/martin/ros2_workspaces/ros2_ws_dev/install/mbit_interfaces/include/mbit_interfaces/mbit_interfaces/srv/detail
[1.757s] -- Up-to-date: /home/martin/ros2_workspaces/ros2_ws_dev/install/mbit_interfaces/include/mbit_interfaces/mbit_interfaces/srv/detail/dds_fastrtps
[1.758s] -- Up-to-date: /home/martin/ros2_workspaces/ros2_ws_dev/install/mbit_interfaces/include/mbit_interfaces/mbit_interfaces/srv/detail/head_state__rosidl_typesupport_fastrtps_cpp.hpp
[1.758s] -- Up-to-date: /home/martin/ros2_workspaces/ros2_ws_dev/install/mbit_interfaces/include/mbit_interfaces/mbit_interfaces/msg
[1.758s] -- Up-to-date: /home/martin/ros2_workspaces/ros2_ws_dev/install/mbit_interfaces/include/mbit_interfaces/mbit_interfaces/msg/rosidl_typesupport_fastrtps_cpp__visibility_control.h
[1.759s] -- Up-to-date: /home/martin/ros2_workspaces/ros2_ws_dev/install/mbit_interfaces/lib/libmbit_interfaces__rosidl_typesupport_fastrtps_cpp.so
[1.759s] -- Up-to-date: /home/martin/ros2_workspaces/ros2_ws_dev/install/mbit_interfaces/include/mbit_interfaces/mbit_interfaces
[1.760s] -- Up-to-date: /home/martin/ros2_workspaces/ros2_ws_dev/install/mbit_interfaces/include/mbit_interfaces/mbit_interfaces/srv
[1.760s] -- Up-to-date: /home/martin/ros2_workspaces/ros2_ws_dev/install/mbit_interfaces/include/mbit_interfaces/mbit_interfaces/srv/detail
[1.760s] -- Up-to-date: /home/martin/ros2_workspaces/ros2_ws_dev/install/mbit_interfaces/include/mbit_interfaces/mbit_interfaces/srv/detail/head_state__rosidl_typesupport_introspection_cpp.hpp
[1.760s] -- Up-to-date: /home/martin/ros2_workspaces/ros2_ws_dev/install/mbit_interfaces/include/mbit_interfaces/mbit_interfaces/srv/detail/head_state__type_support.cpp
[1.761s] -- Up-to-date: /home/martin/ros2_workspaces/ros2_ws_dev/install/mbit_interfaces/lib/libmbit_interfaces__rosidl_typesupport_introspection_cpp.so
[1.761s] -- Up-to-date: /home/martin/ros2_workspaces/ros2_ws_dev/install/mbit_interfaces/lib/libmbit_interfaces__rosidl_typesupport_cpp.so
[1.762s] -- Up-to-date: /home/martin/ros2_workspaces/ros2_ws_dev/install/mbit_interfaces/share/mbit_interfaces/environment/pythonpath.sh
[1.762s] -- Up-to-date: /home/martin/ros2_workspaces/ros2_ws_dev/install/mbit_interfaces/share/mbit_interfaces/environment/pythonpath.dsv
[1.763s] -- Up-to-date: /home/martin/ros2_workspaces/ros2_ws_dev/install/mbit_interfaces/local/lib/python3.10/dist-packages/mbit_interfaces-0.0.0-py3.10.egg-info
[1.763s] -- Installing: /home/martin/ros2_workspaces/ros2_ws_dev/install/mbit_interfaces/local/lib/python3.10/dist-packages/mbit_interfaces-0.0.0-py3.10.egg-info/dependency_links.txt
[1.763s] -- Installing: /home/martin/ros2_workspaces/ros2_ws_dev/install/mbit_interfaces/local/lib/python3.10/dist-packages/mbit_interfaces-0.0.0-py3.10.egg-info/SOURCES.txt
[1.764s] -- Installing: /home/martin/ros2_workspaces/ros2_ws_dev/install/mbit_interfaces/local/lib/python3.10/dist-packages/mbit_interfaces-0.0.0-py3.10.egg-info/PKG-INFO
[1.764s] -- Installing: /home/martin/ros2_workspaces/ros2_ws_dev/install/mbit_interfaces/local/lib/python3.10/dist-packages/mbit_interfaces-0.0.0-py3.10.egg-info/top_level.txt
[1.765s] -- Up-to-date: /home/martin/ros2_workspaces/ros2_ws_dev/install/mbit_interfaces/local/lib/python3.10/dist-packages/mbit_interfaces
[1.765s] -- Up-to-date: /home/martin/ros2_workspaces/ros2_ws_dev/install/mbit_interfaces/local/lib/python3.10/dist-packages/mbit_interfaces/srv
[1.765s] -- Up-to-date: /home/martin/ros2_workspaces/ros2_ws_dev/install/mbit_interfaces/local/lib/python3.10/dist-packages/mbit_interfaces/srv/_head_state.py
[1.765s] -- Up-to-date: /home/martin/ros2_workspaces/ros2_ws_dev/install/mbit_interfaces/local/lib/python3.10/dist-packages/mbit_interfaces/srv/_head_state_s.c
[1.766s] -- Up-to-date: /home/martin/ros2_workspaces/ros2_ws_dev/install/mbit_interfaces/local/lib/python3.10/dist-packages/mbit_interfaces/srv/__init__.py
[1.766s] -- Up-to-date: /home/martin/ros2_workspaces/ros2_ws_dev/install/mbit_interfaces/local/lib/python3.10/dist-packages/mbit_interfaces/mbit_interfaces_s__rosidl_typesupport_introspection_c.cpython-310-x86_64-linux-gnu.so
[1.766s] -- Up-to-date: /home/martin/ros2_workspaces/ros2_ws_dev/install/mbit_interfaces/local/lib/python3.10/dist-packages/mbit_interfaces/mbit_interfaces_s__rosidl_typesupport_fastrtps_c.cpython-310-x86_64-linux-gnu.so
[1.766s] -- Up-to-date: /home/martin/ros2_workspaces/ros2_ws_dev/install/mbit_interfaces/local/lib/python3.10/dist-packages/mbit_interfaces/libmbit_interfaces__rosidl_generator_py.so
[1.767s] -- Up-to-date: /home/martin/ros2_workspaces/ros2_ws_dev/install/mbit_interfaces/local/lib/python3.10/dist-packages/mbit_interfaces/mbit_interfaces_s__rosidl_typesupport_c.cpython-310-x86_64-linux-gnu.so
[1.767s] -- Up-to-date: /home/martin/ros2_workspaces/ros2_ws_dev/install/mbit_interfaces/local/lib/python3.10/dist-packages/mbit_interfaces/_mbit_interfaces_s.ep.rosidl_typesupport_fastrtps_c.c
[1.767s] -- Up-to-date: /home/martin/ros2_workspaces/ros2_ws_dev/install/mbit_interfaces/local/lib/python3.10/dist-packages/mbit_interfaces/_mbit_interfaces_s.ep.rosidl_typesupport_c.c
[1.767s] -- Up-to-date: /home/martin/ros2_workspaces/ros2_ws_dev/install/mbit_interfaces/local/lib/python3.10/dist-packages/mbit_interfaces/_mbit_interfaces_s.ep.rosidl_typesupport_introspection_c.c
[1.768s] -- Up-to-date: /home/martin/ros2_workspaces/ros2_ws_dev/install/mbit_interfaces/local/lib/python3.10/dist-packages/mbit_interfaces/__init__.py
[1.830s] Listing '/home/martin/ros2_workspaces/ros2_ws_dev/install/mbit_interfaces/local/lib/python3.10/dist-packages/mbit_interfaces'...
[1.830s] Listing '/home/martin/ros2_workspaces/ros2_ws_dev/install/mbit_interfaces/local/lib/python3.10/dist-packages/mbit_interfaces/srv'...
[1.845s] -- Up-to-date: /home/martin/ros2_workspaces/ros2_ws_dev/install/mbit_interfaces/local/lib/python3.10/dist-packages/mbit_interfaces/mbit_interfaces_s__rosidl_typesupport_fastrtps_c.cpython-310-x86_64-linux-gnu.so
[1.845s] -- Up-to-date: /home/martin/ros2_workspaces/ros2_ws_dev/install/mbit_interfaces/local/lib/python3.10/dist-packages/mbit_interfaces/mbit_interfaces_s__rosidl_typesupport_introspection_c.cpython-310-x86_64-linux-gnu.so
[1.846s] -- Up-to-date: /home/martin/ros2_workspaces/ros2_ws_dev/install/mbit_interfaces/local/lib/python3.10/dist-packages/mbit_interfaces/mbit_interfaces_s__rosidl_typesupport_c.cpython-310-x86_64-linux-gnu.so
[1.847s] -- Up-to-date: /home/martin/ros2_workspaces/ros2_ws_dev/install/mbit_interfaces/lib/libmbit_interfaces__rosidl_generator_py.so
[1.848s] -- Up-to-date: /home/martin/ros2_workspaces/ros2_ws_dev/install/mbit_interfaces/share/mbit_interfaces/srv/HeadState.idl
[1.848s] -- Up-to-date: /home/martin/ros2_workspaces/ros2_ws_dev/install/mbit_interfaces/share/mbit_interfaces/srv/HeadState.srv
[1.849s] -- Up-to-date: /home/martin/ros2_workspaces/ros2_ws_dev/install/mbit_interfaces/share/mbit_interfaces/srv/HeadState_Request.msg
[1.849s] -- Up-to-date: /home/martin/ros2_workspaces/ros2_ws_dev/install/mbit_interfaces/share/mbit_interfaces/srv/HeadState_Response.msg
[1.849s] -- Up-to-date: /home/martin/ros2_workspaces/ros2_ws_dev/install/mbit_interfaces/share/ament_index/resource_index/package_run_dependencies/mbit_interfaces
[1.849s] -- Up-to-date: /home/martin/ros2_workspaces/ros2_ws_dev/install/mbit_interfaces/share/ament_index/resource_index/parent_prefix_path/mbit_interfaces
[1.851s] -- Up-to-date: /home/martin/ros2_workspaces/ros2_ws_dev/install/mbit_interfaces/share/mbit_interfaces/environment/ament_prefix_path.sh
[1.851s] -- Up-to-date: /home/martin/ros2_workspaces/ros2_ws_dev/install/mbit_interfaces/share/mbit_interfaces/environment/ament_prefix_path.dsv
[1.852s] -- Up-to-date: /home/martin/ros2_workspaces/ros2_ws_dev/install/mbit_interfaces/share/mbit_interfaces/environment/path.sh
[1.852s] -- Up-to-date: /home/martin/ros2_workspaces/ros2_ws_dev/install/mbit_interfaces/share/mbit_interfaces/environment/path.dsv
[1.852s] -- Up-to-date: /home/martin/ros2_workspaces/ros2_ws_dev/install/mbit_interfaces/share/mbit_interfaces/local_setup.bash
[1.853s] -- Up-to-date: /home/martin/ros2_workspaces/ros2_ws_dev/install/mbit_interfaces/share/mbit_interfaces/local_setup.sh
[1.853s] -- Up-to-date: /home/martin/ros2_workspaces/ros2_ws_dev/install/mbit_interfaces/share/mbit_interfaces/local_setup.zsh
[1.853s] -- Up-to-date: /home/martin/ros2_workspaces/ros2_ws_dev/install/mbit_interfaces/share/mbit_interfaces/local_setup.dsv
[1.854s] -- Installing: /home/martin/ros2_workspaces/ros2_ws_dev/install/mbit_interfaces/share/mbit_interfaces/package.dsv
[1.855s] -- Up-to-date: /home/martin/ros2_workspaces/ros2_ws_dev/install/mbit_interfaces/share/ament_index/resource_index/packages/mbit_interfaces
[1.855s] -- Up-to-date: /home/martin/ros2_workspaces/ros2_ws_dev/install/mbit_interfaces/share/mbit_interfaces/cmake/export_mbit_interfaces__rosidl_generator_cExport.cmake
[1.855s] -- Up-to-date: /home/martin/ros2_workspaces/ros2_ws_dev/install/mbit_interfaces/share/mbit_interfaces/cmake/export_mbit_interfaces__rosidl_generator_cExport-noconfig.cmake
[1.856s] -- Up-to-date: /home/martin/ros2_workspaces/ros2_ws_dev/install/mbit_interfaces/share/mbit_interfaces/cmake/export_mbit_interfaces__rosidl_typesupport_fastrtps_cExport.cmake
[1.856s] -- Up-to-date: /home/martin/ros2_workspaces/ros2_ws_dev/install/mbit_interfaces/share/mbit_interfaces/cmake/export_mbit_interfaces__rosidl_typesupport_fastrtps_cExport-noconfig.cmake
[1.857s] -- Up-to-date: /home/martin/ros2_workspaces/ros2_ws_dev/install/mbit_interfaces/share/mbit_interfaces/cmake/mbit_interfaces__rosidl_typesupport_introspection_cExport.cmake
[1.857s] -- Up-to-date: /home/martin/ros2_workspaces/ros2_ws_dev/install/mbit_interfaces/share/mbit_interfaces/cmake/mbit_interfaces__rosidl_typesupport_introspection_cExport-noconfig.cmake
[1.858s] -- Up-to-date: /home/martin/ros2_workspaces/ros2_ws_dev/install/mbit_interfaces/share/mbit_interfaces/cmake/mbit_interfaces__rosidl_typesupport_cExport.cmake
[1.858s] -- Up-to-date: /home/martin/ros2_workspaces/ros2_ws_dev/install/mbit_interfaces/share/mbit_interfaces/cmake/mbit_interfaces__rosidl_typesupport_cExport-noconfig.cmake
[1.859s] -- Up-to-date: /home/martin/ros2_workspaces/ros2_ws_dev/install/mbit_interfaces/share/mbit_interfaces/cmake/export_mbit_interfaces__rosidl_generator_cppExport.cmake
[1.859s] -- Up-to-date: /home/martin/ros2_workspaces/ros2_ws_dev/install/mbit_interfaces/share/mbit_interfaces/cmake/export_mbit_interfaces__rosidl_typesupport_fastrtps_cppExport.cmake
[1.861s] -- Up-to-date: /home/martin/ros2_workspaces/ros2_ws_dev/install/mbit_interfaces/share/mbit_interfaces/cmake/export_mbit_interfaces__rosidl_typesupport_fastrtps_cppExport-noconfig.cmake
[1.861s] -- Up-to-date: /home/martin/ros2_workspaces/ros2_ws_dev/install/mbit_interfaces/share/mbit_interfaces/cmake/mbit_interfaces__rosidl_typesupport_introspection_cppExport.cmake
[1.861s] -- Up-to-date: /home/martin/ros2_workspaces/ros2_ws_dev/install/mbit_interfaces/share/mbit_interfaces/cmake/mbit_interfaces__rosidl_typesupport_introspection_cppExport-noconfig.cmake
[1.863s] -- Up-to-date: /home/martin/ros2_workspaces/ros2_ws_dev/install/mbit_interfaces/share/mbit_interfaces/cmake/mbit_interfaces__rosidl_typesupport_cppExport.cmake
[1.863s] -- Up-to-date: /home/martin/ros2_workspaces/ros2_ws_dev/install/mbit_interfaces/share/mbit_interfaces/cmake/mbit_interfaces__rosidl_typesupport_cppExport-noconfig.cmake
[1.863s] -- Up-to-date: /home/martin/ros2_workspaces/ros2_ws_dev/install/mbit_interfaces/share/mbit_interfaces/cmake/export_mbit_interfaces__rosidl_generator_pyExport.cmake
[1.864s] -- Up-to-date: /home/martin/ros2_workspaces/ros2_ws_dev/install/mbit_interfaces/share/mbit_interfaces/cmake/export_mbit_interfaces__rosidl_generator_pyExport-noconfig.cmake
[1.865s] -- Up-to-date: /home/martin/ros2_workspaces/ros2_ws_dev/install/mbit_interfaces/share/mbit_interfaces/cmake/rosidl_cmake-extras.cmake
[1.865s] -- Up-to-date: /home/martin/ros2_workspaces/ros2_ws_dev/install/mbit_interfaces/share/mbit_interfaces/cmake/ament_cmake_export_include_directories-extras.cmake
[1.865s] -- Up-to-date: /home/martin/ros2_workspaces/ros2_ws_dev/install/mbit_interfaces/share/mbit_interfaces/cmake/ament_cmake_export_libraries-extras.cmake
[1.866s] -- Up-to-date: /home/martin/ros2_workspaces/ros2_ws_dev/install/mbit_interfaces/share/mbit_interfaces/cmake/ament_cmake_export_targets-extras.cmake
[1.866s] -- Up-to-date: /home/martin/ros2_workspaces/ros2_ws_dev/install/mbit_interfaces/share/mbit_interfaces/cmake/rosidl_cmake_export_typesupport_targets-extras.cmake
[1.867s] -- Up-to-date: /home/martin/ros2_workspaces/ros2_ws_dev/install/mbit_interfaces/share/mbit_interfaces/cmake/ament_cmake_export_dependencies-extras.cmake
[1.867s] -- Up-to-date: /home/martin/ros2_workspaces/ros2_ws_dev/install/mbit_interfaces/share/mbit_interfaces/cmake/rosidl_cmake_export_typesupport_libraries-extras.cmake
[1.867s] -- Up-to-date: /home/martin/ros2_workspaces/ros2_ws_dev/install/mbit_interfaces/share/mbit_interfaces/cmake/mbit_interfacesConfig.cmake
[1.867s] -- Up-to-date: /home/martin/ros2_workspaces/ros2_ws_dev/install/mbit_interfaces/share/mbit_interfaces/cmake/mbit_interfacesConfig-version.cmake
[1.868s] -- Up-to-date: /home/martin/ros2_workspaces/ros2_ws_dev/install/mbit_interfaces/share/mbit_interfaces/package.xml
[1.875s] Invoked command in '/home/martin/ros2_workspaces/ros2_ws_dev/build/mbit_interfaces' returned '0': CMAKE_PREFIX_PATH=/opt/ros/humble /usr/bin/cmake --install /home/martin/ros2_workspaces/ros2_ws_dev/build/mbit_interfaces
