[0.053s] Invoking command in '/home/martin/ros2_workspaces/ros2_ws_dev/build/polygon_base': CMAKE_PREFIX_PATH=${CMAKE_PREFIX_PATH}:/home/martin/ros2_workspaces/ros2_ws_dev/install/py_srvcli:/home/martin/ros2_workspaces/ros2_ws_dev/install/py_pubsub:/home/martin/ros2_workspaces/ros2_ws_dev/install/python_parameters:/home/martin/ros2_workspaces/ros2_ws_dev/install/my_package:/opt/ros/humble /usr/bin/cmake --build /home/martin/ros2_workspaces/ros2_ws_dev/build/polygon_base -- -j2 -l2
[0.213s] [100%] Built target area_node
[0.251s] Invoked command in '/home/martin/ros2_workspaces/ros2_ws_dev/build/polygon_base' returned '0': CMAKE_PREFIX_PATH=${CMAKE_PREFIX_PATH}:/home/martin/ros2_workspaces/ros2_ws_dev/install/py_srvcli:/home/martin/ros2_workspaces/ros2_ws_dev/install/py_pubsub:/home/martin/ros2_workspaces/ros2_ws_dev/install/python_parameters:/home/martin/ros2_workspaces/ros2_ws_dev/install/my_package:/opt/ros/humble /usr/bin/cmake --build /home/martin/ros2_workspaces/ros2_ws_dev/build/polygon_base -- -j2 -l2
[0.444s] Invoking command in '/home/martin/ros2_workspaces/ros2_ws_dev/build/polygon_base': CMAKE_PREFIX_PATH=${CMAKE_PREFIX_PATH}:/home/martin/ros2_workspaces/ros2_ws_dev/install/py_srvcli:/home/martin/ros2_workspaces/ros2_ws_dev/install/py_pubsub:/home/martin/ros2_workspaces/ros2_ws_dev/install/python_parameters:/home/martin/ros2_workspaces/ros2_ws_dev/install/my_package:/opt/ros/humble /usr/bin/cmake --install /home/martin/ros2_workspaces/ros2_ws_dev/build/polygon_base
[0.464s] -- Install configuration: ""
[0.465s] -- Up-to-date: /home/martin/ros2_workspaces/ros2_ws_dev/install/polygon_base/lib/polygon_base/area_node
[0.465s] -- Up-to-date: /home/martin/ros2_workspaces/ros2_ws_dev/install/polygon_base/include
[0.466s] -- Up-to-date: /home/martin/ros2_workspaces/ros2_ws_dev/install/polygon_base/include/polygon_base
[0.467s] -- Up-to-date: /home/martin/ros2_workspaces/ros2_ws_dev/install/polygon_base/include/polygon_base/regular_polygon.hpp
[0.467s] -- Up-to-date: /home/martin/ros2_workspaces/ros2_ws_dev/install/polygon_base/share/ament_index/resource_index/package_run_dependencies/polygon_base
[0.468s] -- Up-to-date: /home/martin/ros2_workspaces/ros2_ws_dev/install/polygon_base/share/ament_index/resource_index/parent_prefix_path/polygon_base
[0.468s] -- Up-to-date: /home/martin/ros2_workspaces/ros2_ws_dev/install/polygon_base/share/polygon_base/environment/ament_prefix_path.sh
[0.469s] -- Up-to-date: /home/martin/ros2_workspaces/ros2_ws_dev/install/polygon_base/share/polygon_base/environment/ament_prefix_path.dsv
[0.469s] -- Up-to-date: /home/martin/ros2_workspaces/ros2_ws_dev/install/polygon_base/share/polygon_base/environment/path.sh
[0.470s] -- Up-to-date: /home/martin/ros2_workspaces/ros2_ws_dev/install/polygon_base/share/polygon_base/environment/path.dsv
[0.470s] -- Up-to-date: /home/martin/ros2_workspaces/ros2_ws_dev/install/polygon_base/share/polygon_base/local_setup.bash
[0.470s] -- Up-to-date: /home/martin/ros2_workspaces/ros2_ws_dev/install/polygon_base/share/polygon_base/local_setup.sh
[0.471s] -- Up-to-date: /home/martin/ros2_workspaces/ros2_ws_dev/install/polygon_base/share/polygon_base/local_setup.zsh
[0.471s] -- Up-to-date: /home/martin/ros2_workspaces/ros2_ws_dev/install/polygon_base/share/polygon_base/local_setup.dsv
[0.472s] -- Installing: /home/martin/ros2_workspaces/ros2_ws_dev/install/polygon_base/share/polygon_base/package.dsv
[0.472s] -- Up-to-date: /home/martin/ros2_workspaces/ros2_ws_dev/install/polygon_base/share/ament_index/resource_index/packages/polygon_base
[0.472s] -- Up-to-date: /home/martin/ros2_workspaces/ros2_ws_dev/install/polygon_base/share/polygon_base/cmake/ament_cmake_export_include_directories-extras.cmake
[0.473s] -- Up-to-date: /home/martin/ros2_workspaces/ros2_ws_dev/install/polygon_base/share/polygon_base/cmake/polygon_baseConfig.cmake
[0.473s] -- Up-to-date: /home/martin/ros2_workspaces/ros2_ws_dev/install/polygon_base/share/polygon_base/cmake/polygon_baseConfig-version.cmake
[0.473s] -- Up-to-date: /home/martin/ros2_workspaces/ros2_ws_dev/install/polygon_base/share/polygon_base/package.xml
[0.478s] Invoked command in '/home/martin/ros2_workspaces/ros2_ws_dev/build/polygon_base' returned '0': CMAKE_PREFIX_PATH=${CMAKE_PREFIX_PATH}:/home/martin/ros2_workspaces/ros2_ws_dev/install/py_srvcli:/home/martin/ros2_workspaces/ros2_ws_dev/install/py_pubsub:/home/martin/ros2_workspaces/ros2_ws_dev/install/python_parameters:/home/martin/ros2_workspaces/ros2_ws_dev/install/my_package:/opt/ros/humble /usr/bin/cmake --install /home/martin/ros2_workspaces/ros2_ws_dev/build/polygon_base
