[0.178s] Invoking command in '/home/martin/ros2_workspaces/ros2_ws_dev/build/polygon_base': CMAKE_PREFIX_PATH=/opt/ros/humble /usr/bin/cmake --build /home/martin/ros2_workspaces/ros2_ws_dev/build/polygon_base -- -j2 -l2
[0.642s] [35m[1mConsolidate compiler generated dependencies of target area_node[0m
[0.779s] [100%] Built target area_node
[0.811s] Invoked command in '/home/martin/ros2_workspaces/ros2_ws_dev/build/polygon_base' returned '0': CMAKE_PREFIX_PATH=/opt/ros/humble /usr/bin/cmake --build /home/martin/ros2_workspaces/ros2_ws_dev/build/polygon_base -- -j2 -l2
[1.003s] Invoking command in '/home/martin/ros2_workspaces/ros2_ws_dev/build/polygon_base': CMAKE_PREFIX_PATH=/opt/ros/humble /usr/bin/cmake --install /home/martin/ros2_workspaces/ros2_ws_dev/build/polygon_base
[1.035s] -- Install configuration: ""
[1.049s] -- Up-to-date: /home/martin/ros2_workspaces/ros2_ws_dev/install/polygon_base/lib/polygon_base/area_node
[1.051s] -- Up-to-date: /home/martin/ros2_workspaces/ros2_ws_dev/install/polygon_base/include
[1.053s] -- Up-to-date: /home/martin/ros2_workspaces/ros2_ws_dev/install/polygon_base/include/polygon_base
[1.055s] -- Up-to-date: /home/martin/ros2_workspaces/ros2_ws_dev/install/polygon_base/include/polygon_base/regular_polygon.hpp
[1.061s] -- Up-to-date: /home/martin/ros2_workspaces/ros2_ws_dev/install/polygon_base/share/ament_index/resource_index/package_run_dependencies/polygon_base
[1.063s] -- Up-to-date: /home/martin/ros2_workspaces/ros2_ws_dev/install/polygon_base/share/ament_index/resource_index/parent_prefix_path/polygon_base
[1.067s] -- Up-to-date: /home/martin/ros2_workspaces/ros2_ws_dev/install/polygon_base/share/polygon_base/environment/ament_prefix_path.sh
[1.067s] -- Up-to-date: /home/martin/ros2_workspaces/ros2_ws_dev/install/polygon_base/share/polygon_base/environment/ament_prefix_path.dsv
[1.067s] -- Up-to-date: /home/martin/ros2_workspaces/ros2_ws_dev/install/polygon_base/share/polygon_base/environment/path.sh
[1.067s] -- Up-to-date: /home/martin/ros2_workspaces/ros2_ws_dev/install/polygon_base/share/polygon_base/environment/path.dsv
[1.067s] -- Up-to-date: /home/martin/ros2_workspaces/ros2_ws_dev/install/polygon_base/share/polygon_base/local_setup.bash
[1.067s] -- Up-to-date: /home/martin/ros2_workspaces/ros2_ws_dev/install/polygon_base/share/polygon_base/local_setup.sh
[1.067s] -- Up-to-date: /home/martin/ros2_workspaces/ros2_ws_dev/install/polygon_base/share/polygon_base/local_setup.zsh
[1.068s] -- Up-to-date: /home/martin/ros2_workspaces/ros2_ws_dev/install/polygon_base/share/polygon_base/local_setup.dsv
[1.068s] -- Installing: /home/martin/ros2_workspaces/ros2_ws_dev/install/polygon_base/share/polygon_base/package.dsv
[1.071s] -- Up-to-date: /home/martin/ros2_workspaces/ros2_ws_dev/install/polygon_base/share/ament_index/resource_index/packages/polygon_base
[1.072s] -- Up-to-date: /home/martin/ros2_workspaces/ros2_ws_dev/install/polygon_base/share/polygon_base/cmake/ament_cmake_export_include_directories-extras.cmake
[1.072s] -- Up-to-date: /home/martin/ros2_workspaces/ros2_ws_dev/install/polygon_base/share/polygon_base/cmake/polygon_baseConfig.cmake
[1.073s] -- Up-to-date: /home/martin/ros2_workspaces/ros2_ws_dev/install/polygon_base/share/polygon_base/cmake/polygon_baseConfig-version.cmake
[1.073s] -- Up-to-date: /home/martin/ros2_workspaces/ros2_ws_dev/install/polygon_base/share/polygon_base/package.xml
[1.079s] Invoked command in '/home/martin/ros2_workspaces/ros2_ws_dev/build/polygon_base' returned '0': CMAKE_PREFIX_PATH=/opt/ros/humble /usr/bin/cmake --install /home/martin/ros2_workspaces/ros2_ws_dev/build/polygon_base
