[0.052s] Invoking command in '/home/martin/ros2_workspaces/ros2_ws_dev/build/cpp_parameters': CMAKE_PREFIX_PATH=/opt/ros/humble PS1=(venv) \[\e]0;\u@\h: \w\a\]${debian_chroot:+($debian_chroot)}\[\033[01;32m\]\u@\h\[\033[00m\]:\[\033[01;34m\]\w\[\033[00m\]\$ VIRTUAL_ENV_PROMPT=(venv) /usr/bin/cmake --build /home/martin/ros2_workspaces/ros2_ws_dev/build/cpp_parameters -- -j2 -l2
[0.268s] [100%] Built target minimal_param_node
[0.288s] Invoked command in '/home/martin/ros2_workspaces/ros2_ws_dev/build/cpp_parameters' returned '0': CMAKE_PREFIX_PATH=/opt/ros/humble PS1=(venv) \[\e]0;\u@\h: \w\a\]${debian_chroot:+($debian_chroot)}\[\033[01;32m\]\u@\h\[\033[00m\]:\[\033[01;34m\]\w\[\033[00m\]\$ VIRTUAL_ENV_PROMPT=(venv) /usr/bin/cmake --build /home/martin/ros2_workspaces/ros2_ws_dev/build/cpp_parameters -- -j2 -l2
[0.352s] Invoking command in '/home/martin/ros2_workspaces/ros2_ws_dev/build/cpp_parameters': CMAKE_PREFIX_PATH=/opt/ros/humble PS1=(venv) \[\e]0;\u@\h: \w\a\]${debian_chroot:+($debian_chroot)}\[\033[01;32m\]\u@\h\[\033[00m\]:\[\033[01;34m\]\w\[\033[00m\]\$ VIRTUAL_ENV_PROMPT=(venv) /usr/bin/cmake --install /home/martin/ros2_workspaces/ros2_ws_dev/build/cpp_parameters
[0.367s] -- Install configuration: ""
[0.375s] -- Up-to-date: /home/martin/ros2_workspaces/ros2_ws_dev/install/cpp_parameters/lib/cpp_parameters/minimal_param_node
[0.376s] -- Up-to-date: /home/martin/ros2_workspaces/ros2_ws_dev/install/cpp_parameters/share/cpp_parameters/launch
[0.381s] -- Up-to-date: /home/martin/ros2_workspaces/ros2_ws_dev/install/cpp_parameters/share/cpp_parameters/launch/cpp_parameters_launch.py
[0.389s] -- Up-to-date: /home/martin/ros2_workspaces/ros2_ws_dev/install/cpp_parameters/share/ament_index/resource_index/package_run_dependencies/cpp_parameters
[0.389s] -- Up-to-date: /home/martin/ros2_workspaces/ros2_ws_dev/install/cpp_parameters/share/ament_index/resource_index/parent_prefix_path/cpp_parameters
[0.389s] -- Up-to-date: /home/martin/ros2_workspaces/ros2_ws_dev/install/cpp_parameters/share/cpp_parameters/environment/ament_prefix_path.sh
[0.389s] -- Up-to-date: /home/martin/ros2_workspaces/ros2_ws_dev/install/cpp_parameters/share/cpp_parameters/environment/ament_prefix_path.dsv
[0.390s] -- Up-to-date: /home/martin/ros2_workspaces/ros2_ws_dev/install/cpp_parameters/share/cpp_parameters/environment/path.sh
[0.390s] -- Up-to-date: /home/martin/ros2_workspaces/ros2_ws_dev/install/cpp_parameters/share/cpp_parameters/environment/path.dsv
[0.393s] -- Up-to-date: /home/martin/ros2_workspaces/ros2_ws_dev/install/cpp_parameters/share/cpp_parameters/local_setup.bash
[0.393s] -- Up-to-date: /home/martin/ros2_workspaces/ros2_ws_dev/install/cpp_parameters/share/cpp_parameters/local_setup.sh
[0.395s] -- Up-to-date: /home/martin/ros2_workspaces/ros2_ws_dev/install/cpp_parameters/share/cpp_parameters/local_setup.zsh
[0.395s] -- Up-to-date: /home/martin/ros2_workspaces/ros2_ws_dev/install/cpp_parameters/share/cpp_parameters/local_setup.dsv
[0.395s] -- Installing: /home/martin/ros2_workspaces/ros2_ws_dev/install/cpp_parameters/share/cpp_parameters/package.dsv
[0.395s] -- Up-to-date: /home/martin/ros2_workspaces/ros2_ws_dev/install/cpp_parameters/share/ament_index/resource_index/packages/cpp_parameters
[0.395s] -- Up-to-date: /home/martin/ros2_workspaces/ros2_ws_dev/install/cpp_parameters/share/cpp_parameters/cmake/cpp_parametersConfig.cmake
[0.395s] -- Up-to-date: /home/martin/ros2_workspaces/ros2_ws_dev/install/cpp_parameters/share/cpp_parameters/cmake/cpp_parametersConfig-version.cmake
[0.395s] -- Up-to-date: /home/martin/ros2_workspaces/ros2_ws_dev/install/cpp_parameters/share/cpp_parameters/package.xml
[0.399s] Invoked command in '/home/martin/ros2_workspaces/ros2_ws_dev/build/cpp_parameters' returned '0': CMAKE_PREFIX_PATH=/opt/ros/humble PS1=(venv) \[\e]0;\u@\h: \w\a\]${debian_chroot:+($debian_chroot)}\[\033[01;32m\]\u@\h\[\033[00m\]:\[\033[01;34m\]\w\[\033[00m\]\$ VIRTUAL_ENV_PROMPT=(venv) /usr/bin/cmake --install /home/martin/ros2_workspaces/ros2_ws_dev/build/cpp_parameters
