[0.038s] Invoking command in '/home/martin/ros2_workspaces/ros2_ws_dev/build/more_interfaces': CMAKE_PREFIX_PATH=/opt/ros/humble /usr/bin/cmake --build /home/martin/ros2_workspaces/ros2_ws_dev/build/more_interfaces -- -j2 -l2
[0.150s] [  2%] Built target more_interfaces__cpp
[0.157s] [ 11%] Built target more_interfaces__rosidl_generator_c
[0.204s] [ 20%] Built target more_interfaces__rosidl_typesupport_cpp
[0.220s] [ 20%] Built target ament_cmake_python_copy_more_interfaces
[0.253s] [ 28%] Built target more_interfaces__rosidl_typesupport_fastrtps_c
[0.272s] [ 37%] Built target more_interfaces__rosidl_typesupport_fastrtps_cpp
[0.305s] [ 45%] Built target more_interfaces__rosidl_typesupport_introspection_c
[0.325s] [ 54%] Built target more_interfaces__rosidl_typesupport_c
[0.354s] [ 62%] Built target more_interfaces__rosidl_typesupport_introspection_cpp
[0.409s] [ 68%] Built target publish_address_book
[0.433s] [35m[1mConsolidate compiler generated dependencies of target subscribe_address_book[0m
[0.465s] [ 71%] [32mBuilding CXX object CMakeFiles/subscribe_address_book.dir/src/subscribe_address_book.cpp.o[0m
[0.704s] running egg_info
[0.709s] writing more_interfaces.egg-info/PKG-INFO
[0.709s] writing dependency_links to more_interfaces.egg-info/dependency_links.txt
[0.709s] writing top-level names to more_interfaces.egg-info/top_level.txt
[0.727s] reading manifest file 'more_interfaces.egg-info/SOURCES.txt'
[0.727s] writing manifest file 'more_interfaces.egg-info/SOURCES.txt'
[0.778s] [ 71%] Built target ament_cmake_python_build_more_interfaces_egg
[0.822s] [ 71%] Built target more_interfaces
[0.872s] [ 74%] Built target more_interfaces__py
[0.922s] [ 80%] Built target more_interfaces__rosidl_generator_py
[0.976s] [ 85%] Built target more_interfaces__rosidl_typesupport_fastrtps_c__pyext
[1.026s] [ 91%] Built target more_interfaces__rosidl_typesupport_introspection_c__pyext
[1.076s] [ 97%] Built target more_interfaces__rosidl_typesupport_c__pyext
[4.356s] In file included from [01m[K/opt/ros/humble/include/rclcpp/rclcpp/logging.hpp:24[m[K,
[4.358s]                  from [01m[K/opt/ros/humble/include/rclcpp/rclcpp/client.hpp:40[m[K,
[4.358s]                  from [01m[K/opt/ros/humble/include/rclcpp/rclcpp/callback_group.hpp:23[m[K,
[4.358s]                  from [01m[K/opt/ros/humble/include/rclcpp/rclcpp/any_executable.hpp:20[m[K,
[4.359s]                  from [01m[K/opt/ros/humble/include/rclcpp/rclcpp/memory_strategy.hpp:25[m[K,
[4.359s]                  from [01m[K/opt/ros/humble/include/rclcpp/rclcpp/memory_strategies.hpp:18[m[K,
[4.359s]                  from [01m[K/opt/ros/humble/include/rclcpp/rclcpp/executor_options.hpp:20[m[K,
[4.359s]                  from [01m[K/opt/ros/humble/include/rclcpp/rclcpp/executor.hpp:37[m[K,
[4.359s]                  from [01m[K/opt/ros/humble/include/rclcpp/rclcpp/executors/multi_threaded_executor.hpp:25[m[K,
[4.359s]                  from [01m[K/opt/ros/humble/include/rclcpp/rclcpp/executors.hpp:21[m[K,
[4.359s]                  from [01m[K/opt/ros/humble/include/rclcpp/rclcpp/rclcpp.hpp:155[m[K,
[4.359s]                  from [01m[K/home/martin/ros2_workspaces/ros2_ws_dev/src/more_interfaces/src/subscribe_address_book.cpp:4[m[K:
[4.359s] [01m[K/home/martin/ros2_workspaces/ros2_ws_dev/src/more_interfaces/src/subscribe_address_book.cpp:[m[K In member function ‘[01m[Kvoid AddressBookSubscriber::address_book_callback(const AddressBook&) const[m[K’:
[4.359s] [01m[K/home/martin/ros2_workspaces/ros2_ws_dev/src/more_interfaces/src/subscribe_address_book.cpp:22:100:[m[K [01;31m[Kerror: [m[Kcannot convert ‘[01m[Kstd::__cxx11::basic_string<char>[m[K’ to ‘[01m[Kconst char*[m[K’
[4.359s]    22 |                                 RCLCPP_INFO(this->get_logger(), [01;31m[K"I heard: " + msg.first_name + " " + msg.last_name[m[K);
[4.360s]       |                                                                 [01;31m[K~~~~~~~~~~~~~~~~~~~~~~~~~~~~~~~~~~~^~~~~~~~~~~~~~~[m[K
[4.360s]       |                                                                                                    [01;31m[K|[m[K
[4.360s]       |                                                                                                    [01;31m[Kstd::__cxx11::basic_string<char>[m[K
[4.360s] In file included from [01m[K/opt/ros/humble/include/rmw/rmw/types.h:28[m[K,
[4.360s]                  from [01m[K/opt/ros/humble/include/rcl/rcl/types.h:20[m[K,
[4.361s]                  from [01m[K/opt/ros/humble/include/rcl/rcl/log_level.h:22[m[K,
[4.361s]                  from [01m[K/opt/ros/humble/include/rcl/rcl/arguments.h:21[m[K,
[4.361s]                  from [01m[K/opt/ros/humble/include/rcl/rcl/context.h:28[m[K,
[4.361s]                  from [01m[K/opt/ros/humble/include/rcl/rcl/guard_condition.h:26[m[K,
[4.361s]                  from [01m[K/opt/ros/humble/include/rclcpp/rclcpp/executor.hpp:30[m[K,
[4.361s]                  from [01m[K/opt/ros/humble/include/rclcpp/rclcpp/executors/multi_threaded_executor.hpp:25[m[K,
[4.361s]                  from [01m[K/opt/ros/humble/include/rclcpp/rclcpp/executors.hpp:21[m[K,
[4.361s]                  from [01m[K/opt/ros/humble/include/rclcpp/rclcpp/rclcpp.hpp:155[m[K,
[4.361s]                  from [01m[K/home/martin/ros2_workspaces/ros2_ws_dev/src/more_interfaces/src/subscribe_address_book.cpp:4[m[K:
[4.362s] [01m[K/opt/ros/humble/include/rcutils/rcutils/logging.h:479:16:[m[K [01;36m[Knote: [m[K  initializing argument 4 of ‘[01m[Kvoid rcutils_log(const rcutils_log_location_t*, int, const char*, const char*, ...)[m[K’
[4.362s]   479 |   [01;36m[Kconst char * format[m[K,
[4.362s]       |   [01;36m[K~~~~~~~~~~~~~^~~~~~[m[K
[8.334s] gmake[2]: *** [CMakeFiles/subscribe_address_book.dir/build.make:76: CMakeFiles/subscribe_address_book.dir/src/subscribe_address_book.cpp.o] Error 1
[8.336s] gmake[1]: *** [CMakeFiles/Makefile2:622: CMakeFiles/subscribe_address_book.dir/all] Error 2
[8.340s] gmake: *** [Makefile:146: all] Error 2
[8.347s] Invoked command in '/home/martin/ros2_workspaces/ros2_ws_dev/build/more_interfaces' returned '2': CMAKE_PREFIX_PATH=/opt/ros/humble /usr/bin/cmake --build /home/martin/ros2_workspaces/ros2_ws_dev/build/more_interfaces -- -j2 -l2
