[1.638s] Invoking command in '/home/martin/ros2_workspaces/ros2_ws_dev/src/py_pubsub': AMENT_PREFIX_PATH=/home/martin/ros2_workspaces/ros2_ws_dev/install/tutorial_interfaces:${AMENT_PREFIX_PATH} CMAKE_PREFIX_PATH=/home/martin/ros2_workspaces/ros2_ws_dev/install/tutorial_interfaces LD_LIBRARY_PATH=/home/martin/ros2_workspaces/ros2_ws_dev/install/tutorial_interfaces/lib:${LD_LIBRARY_PATH} PYTHONPATH=/home/martin/ros2_workspaces/ros2_ws_dev/install/py_pubsub/lib/python3.10/site-packages:/home/martin/ros2_workspaces/ros2_ws_dev/install/tutorial_interfaces/local/lib/python3.10/dist-packages:${PYTHONPATH} /usr/bin/python3 setup.py egg_info --egg-base ../../build/py_pubsub build --build-base /home/martin/ros2_workspaces/ros2_ws_dev/build/py_pubsub/build install --prefix /home/martin/ros2_workspaces/ros2_ws_dev/install/py_pubsub --record /home/martin/ros2_workspaces/ros2_ws_dev/build/py_pubsub/install.log --single-version-externally-managed
[2.016s] running egg_info
[2.021s] writing ../../build/py_pubsub/py_pubsub.egg-info/PKG-INFO
[2.041s] writing dependency_links to ../../build/py_pubsub/py_pubsub.egg-info/dependency_links.txt
[2.043s] writing entry points to ../../build/py_pubsub/py_pubsub.egg-info/entry_points.txt
[2.043s] writing requirements to ../../build/py_pubsub/py_pubsub.egg-info/requires.txt
[2.044s] writing top-level names to ../../build/py_pubsub/py_pubsub.egg-info/top_level.txt
[2.051s] reading manifest file '../../build/py_pubsub/py_pubsub.egg-info/SOURCES.txt'
[2.054s] writing manifest file '../../build/py_pubsub/py_pubsub.egg-info/SOURCES.txt'
[2.056s] running build
[2.056s] running build_py
[2.060s] running install
[2.061s] /usr/lib/python3/dist-packages/setuptools/command/install.py:34: SetuptoolsDeprecationWarning: setup.py install is deprecated. Use build and pip and other standards-based tools.
[2.061s]   warnings.warn(
[2.062s] running install_lib
[2.067s] running install_data
[2.072s] running install_egg_info
[2.075s] removing '/home/martin/ros2_workspaces/ros2_ws_dev/install/py_pubsub/lib/python3.10/site-packages/py_pubsub-0.0.0-py3.10.egg-info' (and everything under it)
[2.076s] Copying ../../build/py_pubsub/py_pubsub.egg-info to /home/martin/ros2_workspaces/ros2_ws_dev/install/py_pubsub/lib/python3.10/site-packages/py_pubsub-0.0.0-py3.10.egg-info
[2.079s] running install_scripts
[2.119s] Installing listener script to /home/martin/ros2_workspaces/ros2_ws_dev/install/py_pubsub/lib/py_pubsub
[2.122s] Installing talker script to /home/martin/ros2_workspaces/ros2_ws_dev/install/py_pubsub/lib/py_pubsub
[2.123s] writing list of installed files to '/home/martin/ros2_workspaces/ros2_ws_dev/build/py_pubsub/install.log'
[2.170s] Invoked command in '/home/martin/ros2_workspaces/ros2_ws_dev/src/py_pubsub' returned '0': AMENT_PREFIX_PATH=/home/martin/ros2_workspaces/ros2_ws_dev/install/tutorial_interfaces:${AMENT_PREFIX_PATH} CMAKE_PREFIX_PATH=/home/martin/ros2_workspaces/ros2_ws_dev/install/tutorial_interfaces LD_LIBRARY_PATH=/home/martin/ros2_workspaces/ros2_ws_dev/install/tutorial_interfaces/lib:${LD_LIBRARY_PATH} PYTHONPATH=/home/martin/ros2_workspaces/ros2_ws_dev/install/py_pubsub/lib/python3.10/site-packages:/home/martin/ros2_workspaces/ros2_ws_dev/install/tutorial_interfaces/local/lib/python3.10/dist-packages:${PYTHONPATH} /usr/bin/python3 setup.py egg_info --egg-base ../../build/py_pubsub build --build-base /home/martin/ros2_workspaces/ros2_ws_dev/build/py_pubsub/build install --prefix /home/martin/ros2_workspaces/ros2_ws_dev/install/py_pubsub --record /home/martin/ros2_workspaces/ros2_ws_dev/build/py_pubsub/install.log --single-version-externally-managed
