[0.040s] Invoking command in '/home/martin/ros2_workspaces/ros2_ws_dev/build/cpp_parameters': CMAKE_PREFIX_PATH=/opt/ros/humble /usr/bin/cmake /home/martin/ros2_workspaces/ros2_ws_dev/src/cpp_parameters -DCMAKE_INSTALL_PREFIX=/home/martin/ros2_workspaces/ros2_ws_dev/install/cpp_parameters
[0.558s] -- The C compiler identification is GNU 11.3.0
[0.888s] -- The CXX compiler identification is GNU 11.3.0
[0.926s] -- Detecting C compiler ABI info
[1.071s] -- Detecting C compiler ABI info - done
[1.080s] -- Check for working C compiler: /usr/bin/cc - skipped
[1.082s] -- Detecting C compile features
[1.084s] -- Detecting C compile features - done
[1.093s] -- Detecting CXX compiler ABI info
[1.231s] -- Detecting CXX compiler ABI info - done
[1.240s] -- Check for working CXX compiler: /usr/bin/c++ - skipped
[1.241s] -- Detecting CXX compile features
[1.241s] -- Detecting CXX compile features - done
[1.295s] -- Found ament_cmake: 1.3.2 (/opt/ros/humble/share/ament_cmake/cmake)
[1.550s] -- Found Python3: /usr/bin/python3.10 (found version "3.10.6") found components: Interpreter 
[1.794s] -- Found rclcpp: 16.0.1 (/opt/ros/humble/share/rclcpp/cmake)
[2.044s] -- Found rosidl_generator_c: 3.1.3 (/opt/ros/humble/share/rosidl_generator_c/cmake)
[2.064s] -- Found rosidl_adapter: 3.1.3 (/opt/ros/humble/share/rosidl_adapter/cmake)
[2.100s] -- Found rosidl_generator_cpp: 3.1.3 (/opt/ros/humble/share/rosidl_generator_cpp/cmake)
[2.170s] -- Using all available rosidl_typesupport_c: rosidl_typesupport_fastrtps_c;rosidl_typesupport_introspection_c
[2.235s] -- Using all available rosidl_typesupport_cpp: rosidl_typesupport_fastrtps_cpp;rosidl_typesupport_introspection_cpp
[2.409s] -- Found rmw_implementation_cmake: 6.1.0 (/opt/ros/humble/share/rmw_implementation_cmake/cmake)
[2.421s] -- Found rmw_fastrtps_cpp: 6.2.1 (/opt/ros/humble/share/rmw_fastrtps_cpp/cmake)
[2.663s] -- Found OpenSSL: /usr/lib/x86_64-linux-gnu/libcrypto.so (found version "3.0.2")  
[2.704s] -- Found FastRTPS: /opt/ros/humble/include  
[2.763s] -- Using RMW implementation 'rmw_fastrtps_cpp' as default
[3.192s] -- Configuring done
[3.209s] -- Generating done
[3.213s] -- Build files have been written to: /home/martin/ros2_workspaces/ros2_ws_dev/build/cpp_parameters
[3.228s] Invoked command in '/home/martin/ros2_workspaces/ros2_ws_dev/build/cpp_parameters' returned '0': CMAKE_PREFIX_PATH=/opt/ros/humble /usr/bin/cmake /home/martin/ros2_workspaces/ros2_ws_dev/src/cpp_parameters -DCMAKE_INSTALL_PREFIX=/home/martin/ros2_workspaces/ros2_ws_dev/install/cpp_parameters
[3.228s] Invoking command in '/home/martin/ros2_workspaces/ros2_ws_dev/build/cpp_parameters': CMAKE_PREFIX_PATH=/opt/ros/humble /usr/bin/cmake --build /home/martin/ros2_workspaces/ros2_ws_dev/build/cpp_parameters -- -j2 -l2
[3.309s] [ 50%] [32mBuilding CXX object CMakeFiles/minimal_param_node.dir/src/cpp_parameters_node.cpp.o[0m
[8.200s] [100%] [32m[1mLinking CXX executable minimal_param_node[0m
[8.546s] [100%] Built target minimal_param_node
[8.563s] Invoked command in '/home/martin/ros2_workspaces/ros2_ws_dev/build/cpp_parameters' returned '0': CMAKE_PREFIX_PATH=/opt/ros/humble /usr/bin/cmake --build /home/martin/ros2_workspaces/ros2_ws_dev/build/cpp_parameters -- -j2 -l2
[8.644s] Invoking command in '/home/martin/ros2_workspaces/ros2_ws_dev/build/cpp_parameters': CMAKE_PREFIX_PATH=/opt/ros/humble /usr/bin/cmake --install /home/martin/ros2_workspaces/ros2_ws_dev/build/cpp_parameters
[8.655s] -- Install configuration: ""
[8.655s] -- Installing: /home/martin/ros2_workspaces/ros2_ws_dev/install/cpp_parameters/lib/cpp_parameters/minimal_param_node
[8.656s] -- Set runtime path of "/home/martin/ros2_workspaces/ros2_ws_dev/install/cpp_parameters/lib/cpp_parameters/minimal_param_node" to ""
[8.656s] -- Installing: /home/martin/ros2_workspaces/ros2_ws_dev/install/cpp_parameters/share/ament_index/resource_index/package_run_dependencies/cpp_parameters
[8.657s] -- Installing: /home/martin/ros2_workspaces/ros2_ws_dev/install/cpp_parameters/share/ament_index/resource_index/parent_prefix_path/cpp_parameters
[8.657s] -- Installing: /home/martin/ros2_workspaces/ros2_ws_dev/install/cpp_parameters/share/cpp_parameters/environment/ament_prefix_path.sh
[8.657s] -- Installing: /home/martin/ros2_workspaces/ros2_ws_dev/install/cpp_parameters/share/cpp_parameters/environment/ament_prefix_path.dsv
[8.658s] -- Installing: /home/martin/ros2_workspaces/ros2_ws_dev/install/cpp_parameters/share/cpp_parameters/environment/path.sh
[8.658s] -- Installing: /home/martin/ros2_workspaces/ros2_ws_dev/install/cpp_parameters/share/cpp_parameters/environment/path.dsv
[8.658s] -- Installing: /home/martin/ros2_workspaces/ros2_ws_dev/install/cpp_parameters/share/cpp_parameters/local_setup.bash
[8.659s] -- Installing: /home/martin/ros2_workspaces/ros2_ws_dev/install/cpp_parameters/share/cpp_parameters/local_setup.sh
[8.659s] -- Installing: /home/martin/ros2_workspaces/ros2_ws_dev/install/cpp_parameters/share/cpp_parameters/local_setup.zsh
[8.659s] -- Installing: /home/martin/ros2_workspaces/ros2_ws_dev/install/cpp_parameters/share/cpp_parameters/local_setup.dsv
[8.660s] -- Installing: /home/martin/ros2_workspaces/ros2_ws_dev/install/cpp_parameters/share/cpp_parameters/package.dsv
[8.660s] -- Installing: /home/martin/ros2_workspaces/ros2_ws_dev/install/cpp_parameters/share/ament_index/resource_index/packages/cpp_parameters
[8.660s] -- Installing: /home/martin/ros2_workspaces/ros2_ws_dev/install/cpp_parameters/share/cpp_parameters/cmake/cpp_parametersConfig.cmake
[8.660s] -- Installing: /home/martin/ros2_workspaces/ros2_ws_dev/install/cpp_parameters/share/cpp_parameters/cmake/cpp_parametersConfig-version.cmake
[8.660s] -- Installing: /home/martin/ros2_workspaces/ros2_ws_dev/install/cpp_parameters/share/cpp_parameters/package.xml
[8.664s] Invoked command in '/home/martin/ros2_workspaces/ros2_ws_dev/build/cpp_parameters' returned '0': CMAKE_PREFIX_PATH=/opt/ros/humble /usr/bin/cmake --install /home/martin/ros2_workspaces/ros2_ws_dev/build/cpp_parameters
