[1.198s] Invoking command in '/home/martin/ros2_workspaces/ros2_ws_dev/src/head': PYTHONPATH=/home/martin/ros2_workspaces/ros2_ws_dev/install/head/lib/python3.10/site-packages:${PYTHONPATH} /usr/bin/python3 setup.py egg_info --egg-base ../../build/head build --build-base /home/martin/ros2_workspaces/ros2_ws_dev/build/head/build install --prefix /home/martin/ros2_workspaces/ros2_ws_dev/install/head --record /home/martin/ros2_workspaces/ros2_ws_dev/build/head/install.log --single-version-externally-managed
[1.658s] running egg_info
[1.659s] writing ../../build/head/head.egg-info/PKG-INFO
[1.664s] writing dependency_links to ../../build/head/head.egg-info/dependency_links.txt
[1.664s] writing entry points to ../../build/head/head.egg-info/entry_points.txt
[1.665s] writing requirements to ../../build/head/head.egg-info/requires.txt
[1.665s] writing top-level names to ../../build/head/head.egg-info/top_level.txt
[1.668s] reading manifest file '../../build/head/head.egg-info/SOURCES.txt'
[1.681s] writing manifest file '../../build/head/head.egg-info/SOURCES.txt'
[1.682s] running build
[1.682s] running build_py
[1.683s] copying head/head_move_sub.py -> /home/martin/ros2_workspaces/ros2_ws_dev/build/head/build/lib/head
[1.683s] copying head/__init__.py -> /home/martin/ros2_workspaces/ros2_ws_dev/build/head/build/lib/head
[1.685s] running install
[1.685s] /usr/lib/python3/dist-packages/setuptools/command/install.py:34: SetuptoolsDeprecationWarning: setup.py install is deprecated. Use build and pip and other standards-based tools.
[1.685s]   warnings.warn(
[1.686s] running install_lib
[1.688s] copying /home/martin/ros2_workspaces/ros2_ws_dev/build/head/build/lib/head/head_move_sub.py -> /home/martin/ros2_workspaces/ros2_ws_dev/install/head/lib/python3.10/site-packages/head
[1.689s] copying /home/martin/ros2_workspaces/ros2_ws_dev/build/head/build/lib/head/__init__.py -> /home/martin/ros2_workspaces/ros2_ws_dev/install/head/lib/python3.10/site-packages/head
[1.690s] byte-compiling /home/martin/ros2_workspaces/ros2_ws_dev/install/head/lib/python3.10/site-packages/head/head_move_sub.py to head_move_sub.cpython-310.pyc
[1.693s] byte-compiling /home/martin/ros2_workspaces/ros2_ws_dev/install/head/lib/python3.10/site-packages/head/__init__.py to __init__.cpython-310.pyc
[1.695s] running install_data
[1.697s] copying resource/head -> /home/martin/ros2_workspaces/ros2_ws_dev/install/head/share/ament_index/resource_index/packages
[1.698s] copying package.xml -> /home/martin/ros2_workspaces/ros2_ws_dev/install/head/share/head
[1.698s] running install_egg_info
[1.705s] removing '/home/martin/ros2_workspaces/ros2_ws_dev/install/head/lib/python3.10/site-packages/head-0.0.0-py3.10.egg-info' (and everything under it)
[1.706s] Copying ../../build/head/head.egg-info to /home/martin/ros2_workspaces/ros2_ws_dev/install/head/lib/python3.10/site-packages/head-0.0.0-py3.10.egg-info
[1.708s] running install_scripts
[1.758s] Installing head_move_sub script to /home/martin/ros2_workspaces/ros2_ws_dev/install/head/lib/head
[1.761s] Installing head_state_service script to /home/martin/ros2_workspaces/ros2_ws_dev/install/head/lib/head
[1.761s] Installing head_tf_move_sub script to /home/martin/ros2_workspaces/ros2_ws_dev/install/head/lib/head
[1.763s] writing list of installed files to '/home/martin/ros2_workspaces/ros2_ws_dev/build/head/install.log'
[1.813s] Invoked command in '/home/martin/ros2_workspaces/ros2_ws_dev/src/head' returned '0': PYTHONPATH=/home/martin/ros2_workspaces/ros2_ws_dev/install/head/lib/python3.10/site-packages:${PYTHONPATH} /usr/bin/python3 setup.py egg_info --egg-base ../../build/head build --build-base /home/martin/ros2_workspaces/ros2_ws_dev/build/head/build install --prefix /home/martin/ros2_workspaces/ros2_ws_dev/install/head --record /home/martin/ros2_workspaces/ros2_ws_dev/build/head/install.log --single-version-externally-managed
