[0.038s] Invoking command in '/home/martin/ros2_workspaces/ros2_ws_dev/build/cpp_parameters': CMAKE_PREFIX_PATH=${CMAKE_PREFIX_PATH}:/home/martin/ros2_workspaces/ros2_ws_dev/install/py_srvcli:/home/martin/ros2_workspaces/ros2_ws_dev/install/py_pubsub:/home/martin/ros2_workspaces/ros2_ws_dev/install/python_parameters:/home/martin/ros2_workspaces/ros2_ws_dev/install/my_package:/opt/ros/humble /usr/bin/cmake --build /home/martin/ros2_workspaces/ros2_ws_dev/build/cpp_parameters -- -j2 -l2
[0.282s] [100%] Built target minimal_param_node
[0.310s] Invoked command in '/home/martin/ros2_workspaces/ros2_ws_dev/build/cpp_parameters' returned '0': CMAKE_PREFIX_PATH=${CMAKE_PREFIX_PATH}:/home/martin/ros2_workspaces/ros2_ws_dev/install/py_srvcli:/home/martin/ros2_workspaces/ros2_ws_dev/install/py_pubsub:/home/martin/ros2_workspaces/ros2_ws_dev/install/python_parameters:/home/martin/ros2_workspaces/ros2_ws_dev/install/my_package:/opt/ros/humble /usr/bin/cmake --build /home/martin/ros2_workspaces/ros2_ws_dev/build/cpp_parameters -- -j2 -l2
[0.401s] Invoking command in '/home/martin/ros2_workspaces/ros2_ws_dev/build/cpp_parameters': CMAKE_PREFIX_PATH=${CMAKE_PREFIX_PATH}:/home/martin/ros2_workspaces/ros2_ws_dev/install/py_srvcli:/home/martin/ros2_workspaces/ros2_ws_dev/install/py_pubsub:/home/martin/ros2_workspaces/ros2_ws_dev/install/python_parameters:/home/martin/ros2_workspaces/ros2_ws_dev/install/my_package:/opt/ros/humble /usr/bin/cmake --install /home/martin/ros2_workspaces/ros2_ws_dev/build/cpp_parameters
[0.428s] -- Install configuration: ""
[0.438s] -- Up-to-date: /home/martin/ros2_workspaces/ros2_ws_dev/install/cpp_parameters/lib/cpp_parameters/minimal_param_node
[0.439s] -- Up-to-date: /home/martin/ros2_workspaces/ros2_ws_dev/install/cpp_parameters/share/cpp_parameters/launch
[0.441s] -- Up-to-date: /home/martin/ros2_workspaces/ros2_ws_dev/install/cpp_parameters/share/cpp_parameters/launch/cpp_parameters_launch.py
[0.442s] -- Up-to-date: /home/martin/ros2_workspaces/ros2_ws_dev/install/cpp_parameters/share/ament_index/resource_index/package_run_dependencies/cpp_parameters
[0.443s] -- Up-to-date: /home/martin/ros2_workspaces/ros2_ws_dev/install/cpp_parameters/share/ament_index/resource_index/parent_prefix_path/cpp_parameters
[0.444s] -- Up-to-date: /home/martin/ros2_workspaces/ros2_ws_dev/install/cpp_parameters/share/cpp_parameters/environment/ament_prefix_path.sh
[0.444s] -- Up-to-date: /home/martin/ros2_workspaces/ros2_ws_dev/install/cpp_parameters/share/cpp_parameters/environment/ament_prefix_path.dsv
[0.444s] -- Up-to-date: /home/martin/ros2_workspaces/ros2_ws_dev/install/cpp_parameters/share/cpp_parameters/environment/path.sh
[0.445s] -- Up-to-date: /home/martin/ros2_workspaces/ros2_ws_dev/install/cpp_parameters/share/cpp_parameters/environment/path.dsv
[0.445s] -- Up-to-date: /home/martin/ros2_workspaces/ros2_ws_dev/install/cpp_parameters/share/cpp_parameters/local_setup.bash
[0.445s] -- Up-to-date: /home/martin/ros2_workspaces/ros2_ws_dev/install/cpp_parameters/share/cpp_parameters/local_setup.sh
[0.446s] -- Up-to-date: /home/martin/ros2_workspaces/ros2_ws_dev/install/cpp_parameters/share/cpp_parameters/local_setup.zsh
[0.446s] -- Up-to-date: /home/martin/ros2_workspaces/ros2_ws_dev/install/cpp_parameters/share/cpp_parameters/local_setup.dsv
[0.446s] -- Up-to-date: /home/martin/ros2_workspaces/ros2_ws_dev/install/cpp_parameters/share/cpp_parameters/package.dsv
[0.447s] -- Up-to-date: /home/martin/ros2_workspaces/ros2_ws_dev/install/cpp_parameters/share/ament_index/resource_index/packages/cpp_parameters
[0.449s] -- Up-to-date: /home/martin/ros2_workspaces/ros2_ws_dev/install/cpp_parameters/share/cpp_parameters/cmake/cpp_parametersConfig.cmake
[0.449s] -- Up-to-date: /home/martin/ros2_workspaces/ros2_ws_dev/install/cpp_parameters/share/cpp_parameters/cmake/cpp_parametersConfig-version.cmake
[0.450s] -- Up-to-date: /home/martin/ros2_workspaces/ros2_ws_dev/install/cpp_parameters/share/cpp_parameters/package.xml
[0.458s] Invoked command in '/home/martin/ros2_workspaces/ros2_ws_dev/build/cpp_parameters' returned '0': CMAKE_PREFIX_PATH=${CMAKE_PREFIX_PATH}:/home/martin/ros2_workspaces/ros2_ws_dev/install/py_srvcli:/home/martin/ros2_workspaces/ros2_ws_dev/install/py_pubsub:/home/martin/ros2_workspaces/ros2_ws_dev/install/python_parameters:/home/martin/ros2_workspaces/ros2_ws_dev/install/my_package:/opt/ros/humble /usr/bin/cmake --install /home/martin/ros2_workspaces/ros2_ws_dev/build/cpp_parameters
