/home/martin/ros2_workspaces/ros2_ws_dev/install/head/lib/python3.10/site-packages/head/head_move_sub.py
/home/martin/ros2_workspaces/ros2_ws_dev/install/head/lib/python3.10/site-packages/head/head_state_service.py
/home/martin/ros2_workspaces/ros2_ws_dev/install/head/lib/python3.10/site-packages/head/head_tf_move_sub.py
/home/martin/ros2_workspaces/ros2_ws_dev/install/head/lib/python3.10/site-packages/head/__init__.py
/home/martin/ros2_workspaces/ros2_ws_dev/install/head/lib/python3.10/site-packages/head/__pycache__/head_move_sub.cpython-310.pyc
/home/martin/ros2_workspaces/ros2_ws_dev/install/head/lib/python3.10/site-packages/head/__pycache__/head_state_service.cpython-310.pyc
/home/martin/ros2_workspaces/ros2_ws_dev/install/head/lib/python3.10/site-packages/head/__pycache__/head_tf_move_sub.cpython-310.pyc
/home/martin/ros2_workspaces/ros2_ws_dev/install/head/lib/python3.10/site-packages/head/__pycache__/__init__.cpython-310.pyc
/home/martin/ros2_workspaces/ros2_ws_dev/install/head/share/ament_index/resource_index/packages/head
/home/martin/ros2_workspaces/ros2_ws_dev/install/head/share/head/package.xml
/home/martin/ros2_workspaces/ros2_ws_dev/install/head/lib/python3.10/site-packages/head-0.0.0-py3.10.egg-info/dependency_links.txt
/home/martin/ros2_workspaces/ros2_ws_dev/install/head/lib/python3.10/site-packages/head-0.0.0-py3.10.egg-info/entry_points.txt
/home/martin/ros2_workspaces/ros2_ws_dev/install/head/lib/python3.10/site-packages/head-0.0.0-py3.10.egg-info/SOURCES.txt
/home/martin/ros2_workspaces/ros2_ws_dev/install/head/lib/python3.10/site-packages/head-0.0.0-py3.10.egg-info/zip-safe
/home/martin/ros2_workspaces/ros2_ws_dev/install/head/lib/python3.10/site-packages/head-0.0.0-py3.10.egg-info/PKG-INFO
/home/martin/ros2_workspaces/ros2_ws_dev/install/head/lib/python3.10/site-packages/head-0.0.0-py3.10.egg-info/requires.txt
/home/martin/ros2_workspaces/ros2_ws_dev/install/head/lib/python3.10/site-packages/head-0.0.0-py3.10.egg-info/top_level.txt
/home/martin/ros2_workspaces/ros2_ws_dev/install/head/lib/head/head_move_sub
/home/martin/ros2_workspaces/ros2_ws_dev/install/head/lib/head/head_state_service
/home/martin/ros2_workspaces/ros2_ws_dev/install/head/lib/head/head_tf_move_sub
