[0.113s] Invoking command in '/home/martin/ros2_workspaces/ros2_ws_dev/build/cpp_pubsub': CMAKE_PREFIX_PATH=/opt/ros/humble /usr/bin/cmake /home/martin/ros2_workspaces/ros2_ws_dev/src/cpp_pubsub -DCMAKE_INSTALL_PREFIX=/home/martin/ros2_workspaces/ros2_ws_dev/install/cpp_pubsub
[0.711s] -- The C compiler identification is GNU 11.3.0
[1.443s] -- The CXX compiler identification is GNU 11.3.0
[1.488s] -- Detecting C compiler ABI info
[1.778s] -- Detecting C compiler ABI info - done
[1.803s] -- Check for working C compiler: /usr/bin/cc - skipped
[1.808s] -- Detecting C compile features
[1.811s] -- Detecting C compile features - done
[1.828s] -- Detecting CXX compiler ABI info
[2.098s] -- Detecting CXX compiler ABI info - done
[2.117s] -- Check for working CXX compiler: /usr/bin/c++ - skipped
[2.118s] -- Detecting CXX compile features
[2.119s] -- Detecting CXX compile features - done
[2.154s] -- Found ament_cmake: 1.3.2 (/opt/ros/humble/share/ament_cmake/cmake)
[2.504s] -- Found Python3: /usr/bin/python3.10 (found version "3.10.6") found components: Interpreter 
[2.840s] -- Found rclcpp: 16.0.1 (/opt/ros/humble/share/rclcpp/cmake)
[3.053s] -- Found rosidl_generator_c: 3.1.3 (/opt/ros/humble/share/rosidl_generator_c/cmake)
[3.074s] -- Found rosidl_adapter: 3.1.3 (/opt/ros/humble/share/rosidl_adapter/cmake)
[3.111s] -- Found rosidl_generator_cpp: 3.1.3 (/opt/ros/humble/share/rosidl_generator_cpp/cmake)
[3.178s] -- Using all available rosidl_typesupport_c: rosidl_typesupport_fastrtps_c;rosidl_typesupport_introspection_c
[3.264s] -- Using all available rosidl_typesupport_cpp: rosidl_typesupport_fastrtps_cpp;rosidl_typesupport_introspection_cpp
[3.495s] -- Found rmw_implementation_cmake: 6.1.0 (/opt/ros/humble/share/rmw_implementation_cmake/cmake)
[3.510s] -- Found rmw_fastrtps_cpp: 6.2.1 (/opt/ros/humble/share/rmw_fastrtps_cpp/cmake)
[3.971s] -- Found OpenSSL: /usr/lib/x86_64-linux-gnu/libcrypto.so (found version "3.0.2")  
[4.071s] -- Found FastRTPS: /opt/ros/humble/include  
[4.158s] -- Using RMW implementation 'rmw_fastrtps_cpp' as default
[4.766s] [31mCMake Error at CMakeLists.txt:15 (install):
[4.767s]   install TARGETS given target "listener" which does not exist.
[4.768s] 
[4.768s] [0m
[4.915s] -- Configuring incomplete, errors occurred!
[4.915s] See also "/home/martin/ros2_workspaces/ros2_ws_dev/build/cpp_pubsub/CMakeFiles/CMakeOutput.log".
[4.929s] Invoked command in '/home/martin/ros2_workspaces/ros2_ws_dev/build/cpp_pubsub' returned '1': CMAKE_PREFIX_PATH=/opt/ros/humble /usr/bin/cmake /home/martin/ros2_workspaces/ros2_ws_dev/src/cpp_pubsub -DCMAKE_INSTALL_PREFIX=/home/martin/ros2_workspaces/ros2_ws_dev/install/cpp_pubsub
